[2026-03-14T12:20:55.262+0000] {taskinstance.py:1979} INFO - Dependencies all met for dep_context=non-requeueable deps ti=<TaskInstance: lakehouse_telemetry_ingestion.run_spark_iceberg_ingestion scheduled__2026-03-14T12:15:00+00:00 [queued]>
[2026-03-14T12:20:55.265+0000] {taskinstance.py:1979} INFO - Dependencies all met for dep_context=requeueable deps ti=<TaskInstance: lakehouse_telemetry_ingestion.run_spark_iceberg_ingestion scheduled__2026-03-14T12:15:00+00:00 [queued]>
[2026-03-14T12:20:55.265+0000] {taskinstance.py:2193} INFO - Starting attempt 1 of 2
[2026-03-14T12:20:55.274+0000] {taskinstance.py:2214} INFO - Executing <Task(DockerOperator): run_spark_iceberg_ingestion> on 2026-03-14 12:15:00+00:00
[2026-03-14T12:20:55.279+0000] {standard_task_runner.py:60} INFO - Started process 233 to run task
[2026-03-14T12:20:55.281+0000] {standard_task_runner.py:87} INFO - Running: ['airflow', 'tasks', 'run', 'lakehouse_telemetry_ingestion', 'run_spark_iceberg_ingestion', 'scheduled__2026-03-14T12:15:00+00:00', '--job-id', '3', '--raw', '--subdir', 'DAGS_FOLDER/telemetry_batch.py', '--cfg-path', '/tmp/tmpzm5r2r01']
[2026-03-14T12:20:55.282+0000] {standard_task_runner.py:88} INFO - Job 3: Subtask run_spark_iceberg_ingestion
[2026-03-14T12:20:55.303+0000] {task_command.py:423} INFO - Running <TaskInstance: lakehouse_telemetry_ingestion.run_spark_iceberg_ingestion scheduled__2026-03-14T12:15:00+00:00 [running]> on host 16a23a2ce4db
[2026-03-14T12:20:55.343+0000] {taskinstance.py:2510} INFO - Exporting env vars: AIRFLOW_CTX_DAG_OWNER='enwyse-data-eng' AIRFLOW_CTX_DAG_ID='lakehouse_telemetry_ingestion' AIRFLOW_CTX_TASK_ID='run_spark_iceberg_ingestion' AIRFLOW_CTX_EXECUTION_DATE='2026-03-14T12:15:00+00:00' AIRFLOW_CTX_TRY_NUMBER='1' AIRFLOW_CTX_DAG_RUN_ID='scheduled__2026-03-14T12:15:00+00:00'
[2026-03-14T12:20:55.363+0000] {docker.py:486} INFO - Pulling docker image bitnami/spark:3.5.3
[2026-03-14T12:20:57.567+0000] {taskinstance.py:2728} ERROR - Task failed with exception
Traceback (most recent call last):
  File "/home/airflow/.local/lib/python3.8/site-packages/docker/api/client.py", line 265, in _raise_for_status
    response.raise_for_status()
  File "/home/airflow/.local/lib/python3.8/site-packages/requests/models.py", line 1021, in raise_for_status
    raise HTTPError(http_error_msg, response=self)
requests.exceptions.HTTPError: 404 Client Error: Not Found for url: http+docker://localhost/v1.51/images/create?tag=3.5.3&fromImage=bitnami%2Fspark

The above exception was the direct cause of the following exception:

Traceback (most recent call last):
  File "/home/airflow/.local/lib/python3.8/site-packages/airflow/models/taskinstance.py", line 444, in _execute_task
    result = _execute_callable(context=context, **execute_callable_kwargs)
  File "/home/airflow/.local/lib/python3.8/site-packages/airflow/models/taskinstance.py", line 414, in _execute_callable
    return execute_callable(context=context, **execute_callable_kwargs)
  File "/home/airflow/.local/lib/python3.8/site-packages/airflow/providers/docker/operators/docker.py", line 488, in execute
    for output in self.cli.pull(self.image, stream=True, decode=True):
  File "/home/airflow/.local/lib/python3.8/site-packages/docker/api/image.py", line 429, in pull
    self._raise_for_status(response)
  File "/home/airflow/.local/lib/python3.8/site-packages/docker/api/client.py", line 267, in _raise_for_status
    raise create_api_error_from_http_exception(e) from e
  File "/home/airflow/.local/lib/python3.8/site-packages/docker/errors.py", line 39, in create_api_error_from_http_exception
    raise cls(e, response=response, explanation=explanation) from e
docker.errors.NotFound: 404 Client Error for http+docker://localhost/v1.51/images/create?tag=3.5.3&fromImage=bitnami%2Fspark: Not Found ("manifest for bitnami/spark:3.5.3 not found: manifest unknown: manifest unknown")
[2026-03-14T12:20:57.572+0000] {taskinstance.py:1149} INFO - Marking task as UP_FOR_RETRY. dag_id=lakehouse_telemetry_ingestion, task_id=run_spark_iceberg_ingestion, execution_date=20260314T121500, start_date=20260314T122055, end_date=20260314T122057
[2026-03-14T12:20:57.578+0000] {standard_task_runner.py:107} ERROR - Failed to execute job 3 for task run_spark_iceberg_ingestion (404 Client Error for http+docker://localhost/v1.51/images/create?tag=3.5.3&fromImage=bitnami%2Fspark: Not Found ("manifest for bitnami/spark:3.5.3 not found: manifest unknown: manifest unknown"); 233)
[2026-03-14T12:20:57.620+0000] {local_task_job_runner.py:234} INFO - Task exited with return code 1
[2026-03-14T12:20:57.627+0000] {taskinstance.py:3309} INFO - 0 downstream tasks scheduled from follow-on schedule check
[2026-03-14T12:24:11.187+0000] {taskinstance.py:1979} INFO - Dependencies all met for dep_context=non-requeueable deps ti=<TaskInstance: lakehouse_telemetry_ingestion.run_spark_iceberg_ingestion scheduled__2026-03-14T12:15:00+00:00 [queued]>
[2026-03-14T12:24:11.191+0000] {taskinstance.py:1979} INFO - Dependencies all met for dep_context=requeueable deps ti=<TaskInstance: lakehouse_telemetry_ingestion.run_spark_iceberg_ingestion scheduled__2026-03-14T12:15:00+00:00 [queued]>
[2026-03-14T12:24:11.191+0000] {taskinstance.py:2193} INFO - Starting attempt 1 of 2
[2026-03-14T12:24:11.199+0000] {taskinstance.py:2214} INFO - Executing <Task(DockerOperator): run_spark_iceberg_ingestion> on 2026-03-14 12:15:00+00:00
[2026-03-14T12:24:11.206+0000] {standard_task_runner.py:60} INFO - Started process 127 to run task
[2026-03-14T12:24:11.208+0000] {standard_task_runner.py:87} INFO - Running: ['airflow', 'tasks', 'run', 'lakehouse_telemetry_ingestion', 'run_spark_iceberg_ingestion', 'scheduled__2026-03-14T12:15:00+00:00', '--job-id', '3', '--raw', '--subdir', 'DAGS_FOLDER/telemetry_batch.py', '--cfg-path', '/tmp/tmprzazbm2n']
[2026-03-14T12:24:11.209+0000] {standard_task_runner.py:88} INFO - Job 3: Subtask run_spark_iceberg_ingestion
[2026-03-14T12:24:11.233+0000] {task_command.py:423} INFO - Running <TaskInstance: lakehouse_telemetry_ingestion.run_spark_iceberg_ingestion scheduled__2026-03-14T12:15:00+00:00 [running]> on host a75852c6f0a8
[2026-03-14T12:24:11.274+0000] {taskinstance.py:2510} INFO - Exporting env vars: AIRFLOW_CTX_DAG_OWNER='enwyse-data-eng' AIRFLOW_CTX_DAG_ID='lakehouse_telemetry_ingestion' AIRFLOW_CTX_TASK_ID='run_spark_iceberg_ingestion' AIRFLOW_CTX_EXECUTION_DATE='2026-03-14T12:15:00+00:00' AIRFLOW_CTX_TRY_NUMBER='1' AIRFLOW_CTX_DAG_RUN_ID='scheduled__2026-03-14T12:15:00+00:00'
[2026-03-14T12:24:11.295+0000] {docker.py:359} INFO - Starting docker container from image bitnamilegacy/spark:3.5.1
[2026-03-14T12:24:11.297+0000] {docker.py:367} WARNING - Using remote engine or docker-in-docker and mounting temporary volume from host is not supported. Falling back to `mount_tmp_dir=False` mode. You can set `mount_tmp_dir` parameter to False to disable mounting and remove the warning
[2026-03-14T12:24:11.507+0000] {docker.py:429} INFO - [38;5;6mspark [38;5;5m12:24:11.50 [0m[38;5;2mINFO [0m ==>
[2026-03-14T12:24:11.509+0000] {docker.py:429} INFO - [38;5;6mspark [38;5;5m12:24:11.50 [0m[38;5;2mINFO [0m ==> [1mWelcome to the Bitnami spark container[0m
[2026-03-14T12:24:11.510+0000] {docker.py:429} INFO - [38;5;6mspark [38;5;5m12:24:11.51 [0m[38;5;2mINFO [0m ==> Subscribe to project updates by watching [1mhttps://github.com/bitnami/containers[0m
[2026-03-14T12:24:11.512+0000] {docker.py:429} INFO - [38;5;6mspark [38;5;5m12:24:11.51 [0m[38;5;2mINFO [0m ==> Submit issues and feature requests at [1mhttps://github.com/bitnami/containers/issues[0m
[2026-03-14T12:24:11.512+0000] {docker.py:429} INFO - [38;5;6mspark [38;5;5m12:24:11.51 [0m[38;5;2mINFO [0m ==> Upgrade to Tanzu Application Catalog for production environments to access custom-configured and pre-packaged software components. Gain enhanced features, including Software Bill of Materials (SBOM), CVE scan result reports, and VEX documents. To learn more, visit [1mhttps://bitnami.com/enterprise[0m
[2026-03-14T12:24:11.514+0000] {docker.py:429} INFO - [38;5;6mspark [38;5;5m12:24:11.51 [0m[38;5;2mINFO [0m ==>
[2026-03-14T12:24:11.526+0000] {docker.py:429} INFO - 
[2026-03-14T12:24:12.820+0000] {docker.py:429} INFO - :: loading settings :: url = jar:file:/opt/bitnami/spark/jars/ivy-2.5.1.jar!/org/apache/ivy/core/settings/ivysettings.xml
[2026-03-14T12:24:12.876+0000] {docker.py:429} INFO - Ivy Default Cache set to: /opt/bitnami/spark/.ivy2/cache
The jars for the packages stored in: /opt/bitnami/spark/.ivy2/jars
[2026-03-14T12:24:12.879+0000] {docker.py:429} INFO - org.apache.iceberg#iceberg-spark-runtime-3.5_2.12 added as a dependency
org.projectnessie.nessie-integrations#nessie-spark-extensions-3.5_2.12 added as a dependency
[2026-03-14T12:24:12.879+0000] {docker.py:429} INFO - org.apache.hadoop#hadoop-aws added as a dependency
[2026-03-14T12:24:12.880+0000] {docker.py:429} INFO - :: resolving dependencies :: org.apache.spark#spark-submit-parent-7c05bca5-5ea4-476d-af29-80a60bb6a326;1.0
	confs: [default]
[2026-03-14T12:24:13.324+0000] {docker.py:429} INFO - found org.apache.iceberg#iceberg-spark-runtime-3.5_2.12;1.4.3 in central
[2026-03-14T12:24:14.717+0000] {docker.py:429} INFO - found org.projectnessie.nessie-integrations#nessie-spark-extensions-3.5_2.12;0.77.1 in central
[2026-03-14T12:24:15.395+0000] {docker.py:429} INFO - found org.apache.hadoop#hadoop-aws;3.3.4 in central
[2026-03-14T12:24:16.241+0000] {docker.py:429} INFO - found com.amazonaws#aws-java-sdk-bundle;1.12.262 in central
[2026-03-14T12:24:16.842+0000] {docker.py:429} INFO - found org.wildfly.openssl#wildfly-openssl;1.0.7.Final in central
[2026-03-14T12:24:16.901+0000] {docker.py:429} INFO - downloading https://repo1.maven.org/maven2/org/apache/iceberg/iceberg-spark-runtime-3.5_2.12/1.4.3/iceberg-spark-runtime-3.5_2.12-1.4.3.jar ...
[2026-03-14T12:24:17.622+0000] {docker.py:429} INFO - [SUCCESSFUL ] org.apache.iceberg#iceberg-spark-runtime-3.5_2.12;1.4.3!iceberg-spark-runtime-3.5_2.12.jar (763ms)
[2026-03-14T12:24:17.676+0000] {docker.py:429} INFO - downloading https://repo1.maven.org/maven2/org/projectnessie/nessie-integrations/nessie-spark-extensions-3.5_2.12/0.77.1/nessie-spark-extensions-3.5_2.12-0.77.1.jar ...
[2026-03-14T12:24:17.748+0000] {docker.py:429} INFO - [SUCCESSFUL ] org.projectnessie.nessie-integrations#nessie-spark-extensions-3.5_2.12;0.77.1!nessie-spark-extensions-3.5_2.12.jar (124ms)
[2026-03-14T12:24:17.785+0000] {docker.py:429} INFO - downloading https://repo1.maven.org/maven2/org/apache/hadoop/hadoop-aws/3.3.4/hadoop-aws-3.3.4.jar ...
[2026-03-14T12:24:17.837+0000] {docker.py:429} INFO - [SUCCESSFUL ] org.apache.hadoop#hadoop-aws;3.3.4!hadoop-aws.jar (89ms)
[2026-03-14T12:24:17.877+0000] {docker.py:429} INFO - downloading https://repo1.maven.org/maven2/com/amazonaws/aws-java-sdk-bundle/1.12.262/aws-java-sdk-bundle-1.12.262.jar ...
[2026-03-14T12:24:22.364+0000] {docker.py:429} INFO - [SUCCESSFUL ] com.amazonaws#aws-java-sdk-bundle;1.12.262!aws-java-sdk-bundle.jar (4524ms)
[2026-03-14T12:24:22.403+0000] {docker.py:429} INFO - downloading https://repo1.maven.org/maven2/org/wildfly/openssl/wildfly-openssl/1.0.7.Final/wildfly-openssl-1.0.7.Final.jar ...
[2026-03-14T12:24:22.446+0000] {docker.py:429} INFO - [SUCCESSFUL ] org.wildfly.openssl#wildfly-openssl;1.0.7.Final!wildfly-openssl.jar (82ms)
[2026-03-14T12:24:22.447+0000] {docker.py:429} INFO - :: resolution report :: resolve 3977ms :: artifacts dl 5590ms
[2026-03-14T12:24:22.447+0000] {docker.py:429} INFO - :: modules in use:
[2026-03-14T12:24:22.447+0000] {docker.py:429} INFO - com.amazonaws#aws-java-sdk-bundle;1.12.262 from central in [default]
[2026-03-14T12:24:22.447+0000] {docker.py:429} INFO - org.apache.hadoop#hadoop-aws;3.3.4 from central in [default]
[2026-03-14T12:24:22.447+0000] {docker.py:429} INFO - org.apache.iceberg#iceberg-spark-runtime-3.5_2.12;1.4.3 from central in [default]
[2026-03-14T12:24:22.447+0000] {docker.py:429} INFO - org.projectnessie.nessie-integrations#nessie-spark-extensions-3.5_2.12;0.77.1 from central in [default]
[2026-03-14T12:24:22.447+0000] {docker.py:429} INFO - org.wildfly.openssl#wildfly-openssl;1.0.7.Final from central in [default]
[2026-03-14T12:24:22.448+0000] {docker.py:429} INFO - ---------------------------------------------------------------------
[2026-03-14T12:24:22.448+0000] {docker.py:429} INFO - |                  |            modules            ||   artifacts   |
[2026-03-14T12:24:22.448+0000] {docker.py:429} INFO - |       conf       | number| search|dwnlded|evicted|| number|dwnlded|
	---------------------------------------------------------------------
[2026-03-14T12:24:22.448+0000] {docker.py:429} INFO - |      default     |   5   |   5   |   5   |   0   ||   5   |   5   |
	---------------------------------------------------------------------
[2026-03-14T12:24:22.451+0000] {docker.py:429} INFO - :: retrieving :: org.apache.spark#spark-submit-parent-7c05bca5-5ea4-476d-af29-80a60bb6a326
[2026-03-14T12:24:22.451+0000] {docker.py:429} INFO - confs: [default]
[2026-03-14T12:24:22.814+0000] {docker.py:429} INFO - 5 artifacts copied, 0 already retrieved (306076kB/363ms)
[2026-03-14T12:24:22.933+0000] {docker.py:429} INFO - 26/03/14 12:24:22 WARN NativeCodeLoader: Unable to load native-hadoop library for your platform... using builtin-java classes where applicable
[2026-03-14T12:24:23.523+0000] {docker.py:429} INFO - 🚀 Initializing Spark Session for Enwyse Lakehouse...
[2026-03-14T12:24:23.601+0000] {docker.py:429} INFO - 26/03/14 12:24:23 INFO SparkContext: Running Spark version 3.5.1
[2026-03-14T12:24:23.601+0000] {docker.py:429} INFO - 26/03/14 12:24:23 INFO SparkContext: OS info Linux, 6.1.0-37-amd64, amd64
[2026-03-14T12:24:23.602+0000] {docker.py:429} INFO - 26/03/14 12:24:23 INFO SparkContext: Java version 17.0.12
[2026-03-14T12:24:23.617+0000] {docker.py:429} INFO - 26/03/14 12:24:23 INFO ResourceUtils: ==============================================================
[2026-03-14T12:24:23.617+0000] {docker.py:429} INFO - 26/03/14 12:24:23 INFO ResourceUtils: No custom resources configured for spark.driver.
[2026-03-14T12:24:23.617+0000] {docker.py:429} INFO - 26/03/14 12:24:23 INFO ResourceUtils: ==============================================================
[2026-03-14T12:24:23.617+0000] {docker.py:429} INFO - 26/03/14 12:24:23 INFO SparkContext: Submitted application: Enwyse-Batch-Ingestion
[2026-03-14T12:24:23.638+0000] {docker.py:429} INFO - 26/03/14 12:24:23 INFO ResourceProfile: Default ResourceProfile created, executor resources: Map(cores -> name: cores, amount: 1, script: , vendor: , memory -> name: memory, amount: 1024, script: , vendor: , offHeap -> name: offHeap, amount: 0, script: , vendor: ), task resources: Map(cpus -> name: cpus, amount: 1.0)
[2026-03-14T12:24:23.648+0000] {docker.py:429} INFO - 26/03/14 12:24:23 INFO ResourceProfile: Limiting resource is cpu
[2026-03-14T12:24:23.649+0000] {docker.py:429} INFO - 26/03/14 12:24:23 INFO ResourceProfileManager: Added ResourceProfile id: 0
[2026-03-14T12:24:23.691+0000] {docker.py:429} INFO - 26/03/14 12:24:23 INFO SecurityManager: Changing view acls to: spark
[2026-03-14T12:24:23.692+0000] {docker.py:429} INFO - 26/03/14 12:24:23 INFO SecurityManager: Changing modify acls to: spark
[2026-03-14T12:24:23.694+0000] {docker.py:429} INFO - 26/03/14 12:24:23 INFO SecurityManager: Changing view acls groups to:
[2026-03-14T12:24:23.695+0000] {docker.py:429} INFO - 26/03/14 12:24:23 INFO SecurityManager: Changing modify acls groups to:
[2026-03-14T12:24:23.695+0000] {docker.py:429} INFO - 26/03/14 12:24:23 INFO SecurityManager: SecurityManager: authentication disabled; ui acls disabled; users with view permissions: spark; groups with view permissions: EMPTY; users with modify permissions: spark; groups with modify permissions: EMPTY
[2026-03-14T12:24:23.882+0000] {docker.py:429} INFO - 26/03/14 12:24:23 INFO Utils: Successfully started service 'sparkDriver' on port 39377.
[2026-03-14T12:24:23.899+0000] {docker.py:429} INFO - 26/03/14 12:24:23 INFO SparkEnv: Registering MapOutputTracker
[2026-03-14T12:24:23.922+0000] {docker.py:429} INFO - 26/03/14 12:24:23 INFO SparkEnv: Registering BlockManagerMaster
[2026-03-14T12:24:23.936+0000] {docker.py:429} INFO - 26/03/14 12:24:23 INFO BlockManagerMasterEndpoint: Using org.apache.spark.storage.DefaultTopologyMapper for getting topology information
[2026-03-14T12:24:23.936+0000] {docker.py:429} INFO - 26/03/14 12:24:23 INFO BlockManagerMasterEndpoint: BlockManagerMasterEndpoint up
[2026-03-14T12:24:23.938+0000] {docker.py:429} INFO - 26/03/14 12:24:23 INFO SparkEnv: Registering BlockManagerMasterHeartbeat
[2026-03-14T12:24:23.953+0000] {docker.py:429} INFO - 26/03/14 12:24:23 INFO DiskBlockManager: Created local directory at /tmp/blockmgr-4828fdd8-f841-4463-87b9-2df047da0bac
[2026-03-14T12:24:23.960+0000] {docker.py:429} INFO - 26/03/14 12:24:23 INFO MemoryStore: MemoryStore started with capacity 434.4 MiB
[2026-03-14T12:24:23.968+0000] {docker.py:429} INFO - 26/03/14 12:24:23 INFO SparkEnv: Registering OutputCommitCoordinator
[2026-03-14T12:24:24.049+0000] {docker.py:429} INFO - 26/03/14 12:24:24 INFO JettyUtils: Start Jetty 0.0.0.0:4040 for SparkUI
[2026-03-14T12:24:24.092+0000] {docker.py:429} INFO - 26/03/14 12:24:24 INFO Utils: Successfully started service 'SparkUI' on port 4040.
[2026-03-14T12:24:24.121+0000] {docker.py:429} INFO - 26/03/14 12:24:24 INFO SparkContext: Added JAR file:///opt/bitnami/spark/.ivy2/jars/org.apache.iceberg_iceberg-spark-runtime-3.5_2.12-1.4.3.jar at spark://4ac243454a07:39377/jars/org.apache.iceberg_iceberg-spark-runtime-3.5_2.12-1.4.3.jar with timestamp 1773491063597
[2026-03-14T12:24:24.121+0000] {docker.py:429} INFO - 26/03/14 12:24:24 INFO SparkContext: Added JAR file:///opt/bitnami/spark/.ivy2/jars/org.projectnessie.nessie-integrations_nessie-spark-extensions-3.5_2.12-0.77.1.jar at spark://4ac243454a07:39377/jars/org.projectnessie.nessie-integrations_nessie-spark-extensions-3.5_2.12-0.77.1.jar with timestamp 1773491063597
[2026-03-14T12:24:24.121+0000] {docker.py:429} INFO - 26/03/14 12:24:24 INFO SparkContext: Added JAR file:///opt/bitnami/spark/.ivy2/jars/org.apache.hadoop_hadoop-aws-3.3.4.jar at spark://4ac243454a07:39377/jars/org.apache.hadoop_hadoop-aws-3.3.4.jar with timestamp 1773491063597
[2026-03-14T12:24:24.122+0000] {docker.py:429} INFO - 26/03/14 12:24:24 INFO SparkContext: Added JAR file:///opt/bitnami/spark/.ivy2/jars/com.amazonaws_aws-java-sdk-bundle-1.12.262.jar at spark://4ac243454a07:39377/jars/com.amazonaws_aws-java-sdk-bundle-1.12.262.jar with timestamp 1773491063597
[2026-03-14T12:24:24.122+0000] {docker.py:429} INFO - 26/03/14 12:24:24 INFO SparkContext: Added JAR file:///opt/bitnami/spark/.ivy2/jars/org.wildfly.openssl_wildfly-openssl-1.0.7.Final.jar at spark://4ac243454a07:39377/jars/org.wildfly.openssl_wildfly-openssl-1.0.7.Final.jar with timestamp 1773491063597
[2026-03-14T12:24:24.124+0000] {docker.py:429} INFO - 26/03/14 12:24:24 INFO SparkContext: Added file file:///opt/bitnami/spark/.ivy2/jars/org.apache.iceberg_iceberg-spark-runtime-3.5_2.12-1.4.3.jar at file:///opt/bitnami/spark/.ivy2/jars/org.apache.iceberg_iceberg-spark-runtime-3.5_2.12-1.4.3.jar with timestamp 1773491063597
[2026-03-14T12:24:24.126+0000] {docker.py:429} INFO - 26/03/14 12:24:24 INFO Utils: Copying /opt/bitnami/spark/.ivy2/jars/org.apache.iceberg_iceberg-spark-runtime-3.5_2.12-1.4.3.jar to /tmp/spark-fa471b1f-c480-43df-879f-eeed31ba234d/userFiles-e71b9735-474b-43de-b921-468f9e22a693/org.apache.iceberg_iceberg-spark-runtime-3.5_2.12-1.4.3.jar
[2026-03-14T12:24:24.163+0000] {docker.py:429} INFO - 26/03/14 12:24:24 INFO SparkContext: Added file file:///opt/bitnami/spark/.ivy2/jars/org.projectnessie.nessie-integrations_nessie-spark-extensions-3.5_2.12-0.77.1.jar at file:///opt/bitnami/spark/.ivy2/jars/org.projectnessie.nessie-integrations_nessie-spark-extensions-3.5_2.12-0.77.1.jar with timestamp 1773491063597
[2026-03-14T12:24:24.163+0000] {docker.py:429} INFO - 26/03/14 12:24:24 INFO Utils: Copying /opt/bitnami/spark/.ivy2/jars/org.projectnessie.nessie-integrations_nessie-spark-extensions-3.5_2.12-0.77.1.jar to /tmp/spark-fa471b1f-c480-43df-879f-eeed31ba234d/userFiles-e71b9735-474b-43de-b921-468f9e22a693/org.projectnessie.nessie-integrations_nessie-spark-extensions-3.5_2.12-0.77.1.jar
[2026-03-14T12:24:24.170+0000] {docker.py:429} INFO - 26/03/14 12:24:24 INFO SparkContext: Added file file:///opt/bitnami/spark/.ivy2/jars/org.apache.hadoop_hadoop-aws-3.3.4.jar at file:///opt/bitnami/spark/.ivy2/jars/org.apache.hadoop_hadoop-aws-3.3.4.jar with timestamp 1773491063597
[2026-03-14T12:24:24.171+0000] {docker.py:429} INFO - 26/03/14 12:24:24 INFO Utils: Copying /opt/bitnami/spark/.ivy2/jars/org.apache.hadoop_hadoop-aws-3.3.4.jar to /tmp/spark-fa471b1f-c480-43df-879f-eeed31ba234d/userFiles-e71b9735-474b-43de-b921-468f9e22a693/org.apache.hadoop_hadoop-aws-3.3.4.jar
[2026-03-14T12:24:24.175+0000] {docker.py:429} INFO - 26/03/14 12:24:24 INFO SparkContext: Added file file:///opt/bitnami/spark/.ivy2/jars/com.amazonaws_aws-java-sdk-bundle-1.12.262.jar at file:///opt/bitnami/spark/.ivy2/jars/com.amazonaws_aws-java-sdk-bundle-1.12.262.jar with timestamp 1773491063597
[2026-03-14T12:24:24.175+0000] {docker.py:429} INFO - 26/03/14 12:24:24 INFO Utils: Copying /opt/bitnami/spark/.ivy2/jars/com.amazonaws_aws-java-sdk-bundle-1.12.262.jar to /tmp/spark-fa471b1f-c480-43df-879f-eeed31ba234d/userFiles-e71b9735-474b-43de-b921-468f9e22a693/com.amazonaws_aws-java-sdk-bundle-1.12.262.jar
[2026-03-14T12:24:24.431+0000] {docker.py:429} INFO - 26/03/14 12:24:24 INFO SparkContext: Added file file:///opt/bitnami/spark/.ivy2/jars/org.wildfly.openssl_wildfly-openssl-1.0.7.Final.jar at file:///opt/bitnami/spark/.ivy2/jars/org.wildfly.openssl_wildfly-openssl-1.0.7.Final.jar with timestamp 1773491063597
[2026-03-14T12:24:24.431+0000] {docker.py:429} INFO - 26/03/14 12:24:24 INFO Utils: Copying /opt/bitnami/spark/.ivy2/jars/org.wildfly.openssl_wildfly-openssl-1.0.7.Final.jar to /tmp/spark-fa471b1f-c480-43df-879f-eeed31ba234d/userFiles-e71b9735-474b-43de-b921-468f9e22a693/org.wildfly.openssl_wildfly-openssl-1.0.7.Final.jar
[2026-03-14T12:24:24.475+0000] {docker.py:429} INFO - 26/03/14 12:24:24 INFO Executor: Starting executor ID driver on host 4ac243454a07
[2026-03-14T12:24:24.475+0000] {docker.py:429} INFO - 26/03/14 12:24:24 INFO Executor: OS info Linux, 6.1.0-37-amd64, amd64
[2026-03-14T12:24:24.475+0000] {docker.py:429} INFO - 26/03/14 12:24:24 INFO Executor: Java version 17.0.12
[2026-03-14T12:24:24.479+0000] {docker.py:429} INFO - 26/03/14 12:24:24 INFO Executor: Starting executor with user classpath (userClassPathFirst = false): ''
[2026-03-14T12:24:24.479+0000] {docker.py:429} INFO - 26/03/14 12:24:24 INFO Executor: Created or updated repl class loader org.apache.spark.util.MutableURLClassLoader@72df65ff for default.
[2026-03-14T12:24:24.489+0000] {docker.py:429} INFO - 26/03/14 12:24:24 INFO Executor: Fetching file:///opt/bitnami/spark/.ivy2/jars/org.apache.hadoop_hadoop-aws-3.3.4.jar with timestamp 1773491063597
[2026-03-14T12:24:24.503+0000] {docker.py:429} INFO - 26/03/14 12:24:24 INFO Utils: /opt/bitnami/spark/.ivy2/jars/org.apache.hadoop_hadoop-aws-3.3.4.jar has been previously copied to /tmp/spark-fa471b1f-c480-43df-879f-eeed31ba234d/userFiles-e71b9735-474b-43de-b921-468f9e22a693/org.apache.hadoop_hadoop-aws-3.3.4.jar
[2026-03-14T12:24:24.506+0000] {docker.py:429} INFO - 26/03/14 12:24:24 INFO Executor: Fetching file:///opt/bitnami/spark/.ivy2/jars/org.apache.iceberg_iceberg-spark-runtime-3.5_2.12-1.4.3.jar with timestamp 1773491063597
[2026-03-14T12:24:24.523+0000] {docker.py:429} INFO - 26/03/14 12:24:24 INFO Utils: /opt/bitnami/spark/.ivy2/jars/org.apache.iceberg_iceberg-spark-runtime-3.5_2.12-1.4.3.jar has been previously copied to /tmp/spark-fa471b1f-c480-43df-879f-eeed31ba234d/userFiles-e71b9735-474b-43de-b921-468f9e22a693/org.apache.iceberg_iceberg-spark-runtime-3.5_2.12-1.4.3.jar
[2026-03-14T12:24:24.526+0000] {docker.py:429} INFO - 26/03/14 12:24:24 INFO Executor: Fetching file:///opt/bitnami/spark/.ivy2/jars/com.amazonaws_aws-java-sdk-bundle-1.12.262.jar with timestamp 1773491063597
[2026-03-14T12:24:24.692+0000] {docker.py:429} INFO - 26/03/14 12:24:24 INFO Utils: /opt/bitnami/spark/.ivy2/jars/com.amazonaws_aws-java-sdk-bundle-1.12.262.jar has been previously copied to /tmp/spark-fa471b1f-c480-43df-879f-eeed31ba234d/userFiles-e71b9735-474b-43de-b921-468f9e22a693/com.amazonaws_aws-java-sdk-bundle-1.12.262.jar
[2026-03-14T12:24:24.695+0000] {docker.py:429} INFO - 26/03/14 12:24:24 INFO Executor: Fetching file:///opt/bitnami/spark/.ivy2/jars/org.projectnessie.nessie-integrations_nessie-spark-extensions-3.5_2.12-0.77.1.jar with timestamp 1773491063597
[2026-03-14T12:24:24.696+0000] {docker.py:429} INFO - 26/03/14 12:24:24 INFO Utils: /opt/bitnami/spark/.ivy2/jars/org.projectnessie.nessie-integrations_nessie-spark-extensions-3.5_2.12-0.77.1.jar has been previously copied to /tmp/spark-fa471b1f-c480-43df-879f-eeed31ba234d/userFiles-e71b9735-474b-43de-b921-468f9e22a693/org.projectnessie.nessie-integrations_nessie-spark-extensions-3.5_2.12-0.77.1.jar
[2026-03-14T12:24:24.700+0000] {docker.py:429} INFO - 26/03/14 12:24:24 INFO Executor: Fetching file:///opt/bitnami/spark/.ivy2/jars/org.wildfly.openssl_wildfly-openssl-1.0.7.Final.jar with timestamp 1773491063597
[2026-03-14T12:24:24.701+0000] {docker.py:429} INFO - 26/03/14 12:24:24 INFO Utils: /opt/bitnami/spark/.ivy2/jars/org.wildfly.openssl_wildfly-openssl-1.0.7.Final.jar has been previously copied to /tmp/spark-fa471b1f-c480-43df-879f-eeed31ba234d/userFiles-e71b9735-474b-43de-b921-468f9e22a693/org.wildfly.openssl_wildfly-openssl-1.0.7.Final.jar
[2026-03-14T12:24:24.709+0000] {docker.py:429} INFO - 26/03/14 12:24:24 INFO Executor: Fetching spark://4ac243454a07:39377/jars/org.apache.hadoop_hadoop-aws-3.3.4.jar with timestamp 1773491063597
[2026-03-14T12:24:24.738+0000] {docker.py:429} INFO - 26/03/14 12:24:24 INFO TransportClientFactory: Successfully created connection to 4ac243454a07/172.22.0.15:39377 after 22 ms (0 ms spent in bootstraps)
[2026-03-14T12:24:24.741+0000] {docker.py:429} INFO - 26/03/14 12:24:24 INFO Utils: Fetching spark://4ac243454a07:39377/jars/org.apache.hadoop_hadoop-aws-3.3.4.jar to /tmp/spark-fa471b1f-c480-43df-879f-eeed31ba234d/userFiles-e71b9735-474b-43de-b921-468f9e22a693/fetchFileTemp7713895654885197164.tmp
[2026-03-14T12:24:24.758+0000] {docker.py:429} INFO - 26/03/14 12:24:24 INFO Utils: /tmp/spark-fa471b1f-c480-43df-879f-eeed31ba234d/userFiles-e71b9735-474b-43de-b921-468f9e22a693/fetchFileTemp7713895654885197164.tmp has been previously copied to /tmp/spark-fa471b1f-c480-43df-879f-eeed31ba234d/userFiles-e71b9735-474b-43de-b921-468f9e22a693/org.apache.hadoop_hadoop-aws-3.3.4.jar
[2026-03-14T12:24:24.764+0000] {docker.py:429} INFO - 26/03/14 12:24:24 INFO Executor: Adding file:/tmp/spark-fa471b1f-c480-43df-879f-eeed31ba234d/userFiles-e71b9735-474b-43de-b921-468f9e22a693/org.apache.hadoop_hadoop-aws-3.3.4.jar to class loader default
[2026-03-14T12:24:24.765+0000] {docker.py:429} INFO - 26/03/14 12:24:24 INFO Executor: Fetching spark://4ac243454a07:39377/jars/org.wildfly.openssl_wildfly-openssl-1.0.7.Final.jar with timestamp 1773491063597
[2026-03-14T12:24:24.765+0000] {docker.py:429} INFO - 26/03/14 12:24:24 INFO Utils: Fetching spark://4ac243454a07:39377/jars/org.wildfly.openssl_wildfly-openssl-1.0.7.Final.jar to /tmp/spark-fa471b1f-c480-43df-879f-eeed31ba234d/userFiles-e71b9735-474b-43de-b921-468f9e22a693/fetchFileTemp8885506021802630508.tmp
[2026-03-14T12:24:24.767+0000] {docker.py:429} INFO - 26/03/14 12:24:24 INFO Utils: /tmp/spark-fa471b1f-c480-43df-879f-eeed31ba234d/userFiles-e71b9735-474b-43de-b921-468f9e22a693/fetchFileTemp8885506021802630508.tmp has been previously copied to /tmp/spark-fa471b1f-c480-43df-879f-eeed31ba234d/userFiles-e71b9735-474b-43de-b921-468f9e22a693/org.wildfly.openssl_wildfly-openssl-1.0.7.Final.jar
[2026-03-14T12:24:24.772+0000] {docker.py:429} INFO - 26/03/14 12:24:24 INFO Executor: Adding file:/tmp/spark-fa471b1f-c480-43df-879f-eeed31ba234d/userFiles-e71b9735-474b-43de-b921-468f9e22a693/org.wildfly.openssl_wildfly-openssl-1.0.7.Final.jar to class loader default
[2026-03-14T12:24:24.772+0000] {docker.py:429} INFO - 26/03/14 12:24:24 INFO Executor: Fetching spark://4ac243454a07:39377/jars/org.projectnessie.nessie-integrations_nessie-spark-extensions-3.5_2.12-0.77.1.jar with timestamp 1773491063597
[2026-03-14T12:24:24.772+0000] {docker.py:429} INFO - 26/03/14 12:24:24 INFO Utils: Fetching spark://4ac243454a07:39377/jars/org.projectnessie.nessie-integrations_nessie-spark-extensions-3.5_2.12-0.77.1.jar to /tmp/spark-fa471b1f-c480-43df-879f-eeed31ba234d/userFiles-e71b9735-474b-43de-b921-468f9e22a693/fetchFileTemp10571051824893091021.tmp
[2026-03-14T12:24:24.778+0000] {docker.py:429} INFO - 26/03/14 12:24:24 INFO Utils: /tmp/spark-fa471b1f-c480-43df-879f-eeed31ba234d/userFiles-e71b9735-474b-43de-b921-468f9e22a693/fetchFileTemp10571051824893091021.tmp has been previously copied to /tmp/spark-fa471b1f-c480-43df-879f-eeed31ba234d/userFiles-e71b9735-474b-43de-b921-468f9e22a693/org.projectnessie.nessie-integrations_nessie-spark-extensions-3.5_2.12-0.77.1.jar
[2026-03-14T12:24:24.782+0000] {docker.py:429} INFO - 26/03/14 12:24:24 INFO Executor: Adding file:/tmp/spark-fa471b1f-c480-43df-879f-eeed31ba234d/userFiles-e71b9735-474b-43de-b921-468f9e22a693/org.projectnessie.nessie-integrations_nessie-spark-extensions-3.5_2.12-0.77.1.jar to class loader default
[2026-03-14T12:24:24.782+0000] {docker.py:429} INFO - 26/03/14 12:24:24 INFO Executor: Fetching spark://4ac243454a07:39377/jars/org.apache.iceberg_iceberg-spark-runtime-3.5_2.12-1.4.3.jar with timestamp 1773491063597
[2026-03-14T12:24:24.782+0000] {docker.py:429} INFO - 26/03/14 12:24:24 INFO Utils: Fetching spark://4ac243454a07:39377/jars/org.apache.iceberg_iceberg-spark-runtime-3.5_2.12-1.4.3.jar to /tmp/spark-fa471b1f-c480-43df-879f-eeed31ba234d/userFiles-e71b9735-474b-43de-b921-468f9e22a693/fetchFileTemp4285962120887489509.tmp
[2026-03-14T12:24:24.840+0000] {docker.py:429} INFO - 26/03/14 12:24:24 INFO Utils: /tmp/spark-fa471b1f-c480-43df-879f-eeed31ba234d/userFiles-e71b9735-474b-43de-b921-468f9e22a693/fetchFileTemp4285962120887489509.tmp has been previously copied to /tmp/spark-fa471b1f-c480-43df-879f-eeed31ba234d/userFiles-e71b9735-474b-43de-b921-468f9e22a693/org.apache.iceberg_iceberg-spark-runtime-3.5_2.12-1.4.3.jar
[2026-03-14T12:24:24.848+0000] {docker.py:429} INFO - 26/03/14 12:24:24 INFO Executor: Adding file:/tmp/spark-fa471b1f-c480-43df-879f-eeed31ba234d/userFiles-e71b9735-474b-43de-b921-468f9e22a693/org.apache.iceberg_iceberg-spark-runtime-3.5_2.12-1.4.3.jar to class loader default
[2026-03-14T12:24:24.849+0000] {docker.py:429} INFO - 26/03/14 12:24:24 INFO Executor: Fetching spark://4ac243454a07:39377/jars/com.amazonaws_aws-java-sdk-bundle-1.12.262.jar with timestamp 1773491063597
[2026-03-14T12:24:24.849+0000] {docker.py:429} INFO - 26/03/14 12:24:24 INFO Utils: Fetching spark://4ac243454a07:39377/jars/com.amazonaws_aws-java-sdk-bundle-1.12.262.jar to /tmp/spark-fa471b1f-c480-43df-879f-eeed31ba234d/userFiles-e71b9735-474b-43de-b921-468f9e22a693/fetchFileTemp15922533320288620607.tmp
[2026-03-14T12:24:25.401+0000] {docker.py:429} INFO - 26/03/14 12:24:25 INFO Utils: /tmp/spark-fa471b1f-c480-43df-879f-eeed31ba234d/userFiles-e71b9735-474b-43de-b921-468f9e22a693/fetchFileTemp15922533320288620607.tmp has been previously copied to /tmp/spark-fa471b1f-c480-43df-879f-eeed31ba234d/userFiles-e71b9735-474b-43de-b921-468f9e22a693/com.amazonaws_aws-java-sdk-bundle-1.12.262.jar
[2026-03-14T12:24:25.442+0000] {docker.py:429} INFO - 26/03/14 12:24:25 INFO Executor: Adding file:/tmp/spark-fa471b1f-c480-43df-879f-eeed31ba234d/userFiles-e71b9735-474b-43de-b921-468f9e22a693/com.amazonaws_aws-java-sdk-bundle-1.12.262.jar to class loader default
[2026-03-14T12:24:25.450+0000] {docker.py:429} INFO - 26/03/14 12:24:25 INFO Utils: Successfully started service 'org.apache.spark.network.netty.NettyBlockTransferService' on port 43501.
26/03/14 12:24:25 INFO NettyBlockTransferService: Server created on 4ac243454a07:43501
[2026-03-14T12:24:25.452+0000] {docker.py:429} INFO - 26/03/14 12:24:25 INFO BlockManager: Using org.apache.spark.storage.RandomBlockReplicationPolicy for block replication policy
[2026-03-14T12:24:25.455+0000] {docker.py:429} INFO - 26/03/14 12:24:25 INFO BlockManagerMaster: Registering BlockManager BlockManagerId(driver, 4ac243454a07, 43501, None)
[2026-03-14T12:24:25.458+0000] {docker.py:429} INFO - 26/03/14 12:24:25 INFO BlockManagerMasterEndpoint: Registering block manager 4ac243454a07:43501 with 434.4 MiB RAM, BlockManagerId(driver, 4ac243454a07, 43501, None)
[2026-03-14T12:24:25.459+0000] {docker.py:429} INFO - 26/03/14 12:24:25 INFO BlockManagerMaster: Registered BlockManager BlockManagerId(driver, 4ac243454a07, 43501, None)
[2026-03-14T12:24:25.460+0000] {docker.py:429} INFO - 26/03/14 12:24:25 INFO BlockManager: Initialized BlockManager: BlockManagerId(driver, 4ac243454a07, 43501, None)
[2026-03-14T12:24:25.655+0000] {docker.py:429} INFO - ✅ Spark Session ready. Starting Airflow-triggered batch run...
[2026-03-14T12:24:25.658+0000] {docker.py:429} INFO - 26/03/14 12:24:25 INFO SharedState: Setting hive.metastore.warehouse.dir ('null') to the value of spark.sql.warehouse.dir.
[2026-03-14T12:24:25.659+0000] {docker.py:429} INFO - 26/03/14 12:24:25 INFO SharedState: Warehouse path is 'file:/opt/bitnami/spark/spark-warehouse'.
[2026-03-14T12:24:26.174+0000] {docker.py:429} INFO - 26/03/14 12:24:26 WARN MetricsConfig: Cannot locate configuration: tried hadoop-metrics2-s3a-file-system.properties,hadoop-metrics2.properties
[2026-03-14T12:24:26.182+0000] {docker.py:429} INFO - 26/03/14 12:24:26 INFO MetricsSystemImpl: Scheduled Metric snapshot period at 10 second(s).
26/03/14 12:24:26 INFO MetricsSystemImpl: s3a-file-system metrics system started
[2026-03-14T12:24:26.702+0000] {docker.py:429} INFO - 26/03/14 12:24:26 INFO InMemoryFileIndex: It took 97 ms to list leaf files for 1 paths.
[2026-03-14T12:24:26.900+0000] {docker.py:429} INFO - ⚠️ Pipeline error: [UNABLE_TO_INFER_SCHEMA] Unable to infer schema for JSON. It must be specified manually.
Traceback (most recent call last):
  File "/app/ingest.py", line 72, in <module>
[2026-03-14T12:24:26.900+0000] {docker.py:429} INFO - raise e  # Let Airflow catch the failure!
[2026-03-14T12:24:26.900+0000] {docker.py:429} INFO - ^^^^^^^
  File "/app/ingest.py", line 46, in <module>
[2026-03-14T12:24:26.900+0000] {docker.py:429} INFO - df = spark.read.json(LANDING_ZONE)
[2026-03-14T12:24:26.901+0000] {docker.py:429} INFO - ^^^^^^^^^^^^^^^^^^^^^^^^^^^^^
  File "/opt/bitnami/spark/python/lib/pyspark.zip/pyspark/sql/readwriter.py", line 425, in json
[2026-03-14T12:24:26.901+0000] {docker.py:429} INFO - File "/opt/bitnami/spark/python/lib/py4j-0.10.9.7-src.zip/py4j/java_gateway.py", line 1322, in __call__
[2026-03-14T12:24:26.901+0000] {docker.py:429} INFO - File "/opt/bitnami/spark/python/lib/pyspark.zip/pyspark/errors/exceptions/captured.py", line 185, in deco
[2026-03-14T12:24:26.901+0000] {docker.py:429} INFO - pyspark.errors.exceptions.captured.AnalysisException
[2026-03-14T12:24:26.903+0000] {docker.py:429} INFO - : [UNABLE_TO_INFER_SCHEMA] Unable to infer schema for JSON. It must be specified manually.
[2026-03-14T12:24:26.950+0000] {docker.py:429} INFO - 26/03/14 12:24:26 INFO SparkContext: Invoking stop() from shutdown hook
[2026-03-14T12:24:26.950+0000] {docker.py:429} INFO - 26/03/14 12:24:26 INFO SparkContext: SparkContext is stopping with exitCode 0.
[2026-03-14T12:24:26.956+0000] {docker.py:429} INFO - 26/03/14 12:24:26 INFO SparkUI: Stopped Spark web UI at http://4ac243454a07:4040
[2026-03-14T12:24:26.969+0000] {docker.py:429} INFO - 26/03/14 12:24:26 INFO MapOutputTrackerMasterEndpoint: MapOutputTrackerMasterEndpoint stopped!
[2026-03-14T12:24:26.978+0000] {docker.py:429} INFO - 26/03/14 12:24:26 INFO MemoryStore: MemoryStore cleared
[2026-03-14T12:24:26.979+0000] {docker.py:429} INFO - 26/03/14 12:24:26 INFO BlockManager: BlockManager stopped
[2026-03-14T12:24:26.983+0000] {docker.py:429} INFO - 26/03/14 12:24:26 INFO BlockManagerMaster: BlockManagerMaster stopped
[2026-03-14T12:24:26.985+0000] {docker.py:429} INFO - 26/03/14 12:24:26 INFO OutputCommitCoordinator$OutputCommitCoordinatorEndpoint: OutputCommitCoordinator stopped!
[2026-03-14T12:24:27.043+0000] {docker.py:429} INFO - 26/03/14 12:24:27 INFO SparkContext: Successfully stopped SparkContext
[2026-03-14T12:24:27.044+0000] {docker.py:429} INFO - 26/03/14 12:24:27 INFO ShutdownHookManager: Shutdown hook called
[2026-03-14T12:24:27.044+0000] {docker.py:429} INFO - 26/03/14 12:24:27 INFO ShutdownHookManager: Deleting directory /tmp/spark-fa471b1f-c480-43df-879f-eeed31ba234d
[2026-03-14T12:24:27.046+0000] {docker.py:429} INFO - 26/03/14 12:24:27 INFO ShutdownHookManager: Deleting directory /tmp/spark-fa471b1f-c480-43df-879f-eeed31ba234d/pyspark-7bef3155-9b92-4f6e-bdd6-4f9b816e9d2c
[2026-03-14T12:24:27.048+0000] {docker.py:429} INFO - 26/03/14 12:24:27 INFO ShutdownHookManager: Deleting directory /tmp/spark-31111d41-b067-4f29-89f8-4ca47c3dfa3d
[2026-03-14T12:24:27.052+0000] {docker.py:429} INFO - 26/03/14 12:24:27 INFO MetricsSystemImpl: Stopping s3a-file-system metrics system...
[2026-03-14T12:24:27.052+0000] {docker.py:429} INFO - 26/03/14 12:24:27 INFO MetricsSystemImpl: s3a-file-system metrics system stopped.
[2026-03-14T12:24:27.053+0000] {docker.py:429} INFO - 26/03/14 12:24:27 INFO MetricsSystemImpl: s3a-file-system metrics system shutdown complete.
[2026-03-14T12:24:27.379+0000] {taskinstance.py:2728} ERROR - Task failed with exception
Traceback (most recent call last):
  File "/home/airflow/.local/lib/python3.8/site-packages/docker/api/client.py", line 265, in _raise_for_status
    response.raise_for_status()
  File "/home/airflow/.local/lib/python3.8/site-packages/requests/models.py", line 1021, in raise_for_status
    raise HTTPError(http_error_msg, response=self)
requests.exceptions.HTTPError: 400 Client Error: Bad Request for url: http+docker://localhost/v1.51/containers/create?name=airflow-spark-worker

The above exception was the direct cause of the following exception:

Traceback (most recent call last):
  File "/home/airflow/.local/lib/python3.8/site-packages/airflow/providers/docker/operators/docker.py", line 364, in _run_image
    return self._run_image_with_mounts([*self.mounts, tmp_mount], add_tmp_variable=True)
  File "/home/airflow/.local/lib/python3.8/site-packages/airflow/providers/docker/operators/docker.py", line 391, in _run_image_with_mounts
    self.container = self.cli.create_container(
  File "/home/airflow/.local/lib/python3.8/site-packages/docker/api/container.py", line 439, in create_container
    return self.create_container_from_config(config, name, platform)
  File "/home/airflow/.local/lib/python3.8/site-packages/docker/api/container.py", line 456, in create_container_from_config
    return self._result(res, True)
  File "/home/airflow/.local/lib/python3.8/site-packages/docker/api/client.py", line 271, in _result
    self._raise_for_status(response)
  File "/home/airflow/.local/lib/python3.8/site-packages/docker/api/client.py", line 267, in _raise_for_status
    raise create_api_error_from_http_exception(e) from e
  File "/home/airflow/.local/lib/python3.8/site-packages/docker/errors.py", line 39, in create_api_error_from_http_exception
    raise cls(e, response=response, explanation=explanation) from e
docker.errors.APIError: 400 Client Error for http+docker://localhost/v1.51/containers/create?name=airflow-spark-worker: Bad Request ("invalid mount config for type "bind": bind source path does not exist: /tmp/airflowtmpq7k98x0b")

During handling of the above exception, another exception occurred:

Traceback (most recent call last):
  File "/home/airflow/.local/lib/python3.8/site-packages/airflow/models/taskinstance.py", line 444, in _execute_task
    result = _execute_callable(context=context, **execute_callable_kwargs)
  File "/home/airflow/.local/lib/python3.8/site-packages/airflow/models/taskinstance.py", line 414, in _execute_callable
    return execute_callable(context=context, **execute_callable_kwargs)
  File "/home/airflow/.local/lib/python3.8/site-packages/airflow/providers/docker/operators/docker.py", line 502, in execute
    return self._run_image()
  File "/home/airflow/.local/lib/python3.8/site-packages/airflow/providers/docker/operators/docker.py", line 373, in _run_image
    return self._run_image_with_mounts(self.mounts, add_tmp_variable=False)
  File "/home/airflow/.local/lib/python3.8/site-packages/airflow/providers/docker/operators/docker.py", line 437, in _run_image_with_mounts
    raise DockerContainerFailedException(f"Docker container failed: {result!r}", logs=log_lines)
airflow.providers.docker.exceptions.DockerContainerFailedException: Docker container failed: {'StatusCode': 1}
[2026-03-14T12:24:27.380+0000] {taskinstance.py:1149} INFO - Marking task as UP_FOR_RETRY. dag_id=lakehouse_telemetry_ingestion, task_id=run_spark_iceberg_ingestion, execution_date=20260314T121500, start_date=20260314T122411, end_date=20260314T122427
[2026-03-14T12:24:27.390+0000] {standard_task_runner.py:107} ERROR - Failed to execute job 3 for task run_spark_iceberg_ingestion (Docker container failed: {'StatusCode': 1}; 127)
[2026-03-14T12:24:27.433+0000] {local_task_job_runner.py:234} INFO - Task exited with return code 1
[2026-03-14T12:24:27.440+0000] {taskinstance.py:3309} INFO - 0 downstream tasks scheduled from follow-on schedule check
