[2026-03-14T23:50:03.010+0000] {taskinstance.py:1979} INFO - Dependencies all met for dep_context=non-requeueable deps ti=<TaskInstance: lakehouse_telemetry_ingestion.run_spark_iceberg_ingestion scheduled__2026-03-14T23:45:00+00:00 [queued]>
[2026-03-14T23:50:03.014+0000] {taskinstance.py:1979} INFO - Dependencies all met for dep_context=requeueable deps ti=<TaskInstance: lakehouse_telemetry_ingestion.run_spark_iceberg_ingestion scheduled__2026-03-14T23:45:00+00:00 [queued]>
[2026-03-14T23:50:03.014+0000] {taskinstance.py:2193} INFO - Starting attempt 1 of 2
[2026-03-14T23:50:03.031+0000] {taskinstance.py:2214} INFO - Executing <Task(DockerOperator): run_spark_iceberg_ingestion> on 2026-03-14 23:45:00+00:00
[2026-03-14T23:50:03.036+0000] {standard_task_runner.py:60} INFO - Started process 982 to run task
[2026-03-14T23:50:03.038+0000] {standard_task_runner.py:87} INFO - Running: ['airflow', 'tasks', 'run', 'lakehouse_telemetry_ingestion', 'run_spark_iceberg_ingestion', 'scheduled__2026-03-14T23:45:00+00:00', '--job-id', '7', '--raw', '--subdir', 'DAGS_FOLDER/telemetry_batch.py', '--cfg-path', '/tmp/tmpim5bzhu_']
[2026-03-14T23:50:03.039+0000] {standard_task_runner.py:88} INFO - Job 7: Subtask run_spark_iceberg_ingestion
[2026-03-14T23:50:03.065+0000] {task_command.py:423} INFO - Running <TaskInstance: lakehouse_telemetry_ingestion.run_spark_iceberg_ingestion scheduled__2026-03-14T23:45:00+00:00 [running]> on host faf6527c0c5a
[2026-03-14T23:50:03.102+0000] {taskinstance.py:2510} INFO - Exporting env vars: AIRFLOW_CTX_DAG_OWNER='enwyse-data-eng' AIRFLOW_CTX_DAG_ID='lakehouse_telemetry_ingestion' AIRFLOW_CTX_TASK_ID='run_spark_iceberg_ingestion' AIRFLOW_CTX_EXECUTION_DATE='2026-03-14T23:45:00+00:00' AIRFLOW_CTX_TRY_NUMBER='1' AIRFLOW_CTX_DAG_RUN_ID='scheduled__2026-03-14T23:45:00+00:00'
[2026-03-14T23:50:03.121+0000] {docker.py:359} INFO - Starting docker container from image bitnamilegacy/spark:3.5.1
[2026-03-14T23:50:03.467+0000] {docker.py:429} INFO - [38;5;6mspark [38;5;5m23:50:03.42 [0m[38;5;2mINFO [0m ==>
[2026-03-14T23:50:03.467+0000] {docker.py:429} INFO - [38;5;6mspark [38;5;5m23:50:03.42 [0m[38;5;2mINFO [0m ==> [1mWelcome to the Bitnami spark container[0m
[2026-03-14T23:50:03.467+0000] {docker.py:429} INFO - [38;5;6mspark [38;5;5m23:50:03.42 [0m[38;5;2mINFO [0m ==> Subscribe to project updates by watching [1mhttps://github.com/bitnami/containers[0m
[2026-03-14T23:50:03.467+0000] {docker.py:429} INFO - [38;5;6mspark [38;5;5m23:50:03.42 [0m[38;5;2mINFO [0m ==> Submit issues and feature requests at [1mhttps://github.com/bitnami/containers/issues[0m
[2026-03-14T23:50:03.467+0000] {docker.py:429} INFO - [38;5;6mspark [38;5;5m23:50:03.42 [0m[38;5;2mINFO [0m ==> Upgrade to Tanzu Application Catalog for production environments to access custom-configured and pre-packaged software components. Gain enhanced features, including Software Bill of Materials (SBOM), CVE scan result reports, and VEX documents. To learn more, visit [1mhttps://bitnami.com/enterprise[0m
[2026-03-14T23:50:03.467+0000] {docker.py:429} INFO - [38;5;6mspark [38;5;5m23:50:03.42 [0m[38;5;2mINFO [0m ==>
[2026-03-14T23:50:03.467+0000] {docker.py:429} INFO - 
[2026-03-14T23:50:04.351+0000] {docker.py:429} INFO - :: loading settings :: url = jar:file:/opt/bitnami/spark/jars/ivy-2.5.1.jar!/org/apache/ivy/core/settings/ivysettings.xml
[2026-03-14T23:50:04.383+0000] {docker.py:429} INFO - Ivy Default Cache set to: /opt/bitnami/spark/.ivy2/cache
The jars for the packages stored in: /opt/bitnami/spark/.ivy2/jars
[2026-03-14T23:50:04.386+0000] {docker.py:429} INFO - org.apache.iceberg#iceberg-spark-runtime-3.5_2.12 added as a dependency
[2026-03-14T23:50:04.386+0000] {docker.py:429} INFO - org.projectnessie.nessie-integrations#nessie-spark-extensions-3.5_2.12 added as a dependency
org.apache.hadoop#hadoop-aws added as a dependency
[2026-03-14T23:50:04.386+0000] {docker.py:429} INFO - :: resolving dependencies :: org.apache.spark#spark-submit-parent-22d84a02-e64d-427b-a8e7-8a3d2d09f142;1.0
[2026-03-14T23:50:04.386+0000] {docker.py:429} INFO - confs: [default]
[2026-03-14T23:50:04.817+0000] {docker.py:429} INFO - found org.apache.iceberg#iceberg-spark-runtime-3.5_2.12;1.4.3 in central
[2026-03-14T23:50:05.782+0000] {docker.py:429} INFO - found org.projectnessie.nessie-integrations#nessie-spark-extensions-3.5_2.12;0.77.1 in central
[2026-03-14T23:50:06.420+0000] {docker.py:429} INFO - found org.apache.hadoop#hadoop-aws;3.3.4 in central
[2026-03-14T23:50:06.751+0000] {docker.py:429} INFO - found com.amazonaws#aws-java-sdk-bundle;1.12.262 in central
[2026-03-14T23:50:08.339+0000] {docker.py:429} INFO - found org.wildfly.openssl#wildfly-openssl;1.0.7.Final in central
[2026-03-14T23:50:08.382+0000] {docker.py:429} INFO - downloading https://repo1.maven.org/maven2/org/apache/iceberg/iceberg-spark-runtime-3.5_2.12/1.4.3/iceberg-spark-runtime-3.5_2.12-1.4.3.jar ...
[2026-03-14T23:50:09.011+0000] {docker.py:429} INFO - [SUCCESSFUL ] org.apache.iceberg#iceberg-spark-runtime-3.5_2.12;1.4.3!iceberg-spark-runtime-3.5_2.12.jar (666ms)
[2026-03-14T23:50:09.047+0000] {docker.py:429} INFO - downloading https://repo1.maven.org/maven2/org/projectnessie/nessie-integrations/nessie-spark-extensions-3.5_2.12/0.77.1/nessie-spark-extensions-3.5_2.12-0.77.1.jar ...
[2026-03-14T23:50:09.117+0000] {docker.py:429} INFO - [SUCCESSFUL ] org.projectnessie.nessie-integrations#nessie-spark-extensions-3.5_2.12;0.77.1!nessie-spark-extensions-3.5_2.12.jar (104ms)
[2026-03-14T23:50:09.153+0000] {docker.py:429} INFO - downloading https://repo1.maven.org/maven2/org/apache/hadoop/hadoop-aws/3.3.4/hadoop-aws-3.3.4.jar ...
[2026-03-14T23:50:09.198+0000] {docker.py:429} INFO - [SUCCESSFUL ] org.apache.hadoop#hadoop-aws;3.3.4!hadoop-aws.jar (81ms)
[2026-03-14T23:50:09.234+0000] {docker.py:429} INFO - downloading https://repo1.maven.org/maven2/com/amazonaws/aws-java-sdk-bundle/1.12.262/aws-java-sdk-bundle-1.12.262.jar ...
[2026-03-14T23:50:13.402+0000] {docker.py:429} INFO - [SUCCESSFUL ] com.amazonaws#aws-java-sdk-bundle;1.12.262!aws-java-sdk-bundle.jar (4202ms)
[2026-03-14T23:50:13.439+0000] {docker.py:429} INFO - downloading https://repo1.maven.org/maven2/org/wildfly/openssl/wildfly-openssl/1.0.7.Final/wildfly-openssl-1.0.7.Final.jar ...
[2026-03-14T23:50:13.480+0000] {docker.py:429} INFO - [SUCCESSFUL ] org.wildfly.openssl#wildfly-openssl;1.0.7.Final!wildfly-openssl.jar (76ms)
[2026-03-14T23:50:13.480+0000] {docker.py:429} INFO - :: resolution report :: resolve 3958ms :: artifacts dl 5136ms
[2026-03-14T23:50:13.480+0000] {docker.py:429} INFO - :: modules in use:
[2026-03-14T23:50:13.481+0000] {docker.py:429} INFO - com.amazonaws#aws-java-sdk-bundle;1.12.262 from central in [default]
[2026-03-14T23:50:13.481+0000] {docker.py:429} INFO - org.apache.hadoop#hadoop-aws;3.3.4 from central in [default]
[2026-03-14T23:50:13.481+0000] {docker.py:429} INFO - org.apache.iceberg#iceberg-spark-runtime-3.5_2.12;1.4.3 from central in [default]
[2026-03-14T23:50:13.481+0000] {docker.py:429} INFO - org.projectnessie.nessie-integrations#nessie-spark-extensions-3.5_2.12;0.77.1 from central in [default]
[2026-03-14T23:50:13.481+0000] {docker.py:429} INFO - org.wildfly.openssl#wildfly-openssl;1.0.7.Final from central in [default]
[2026-03-14T23:50:13.482+0000] {docker.py:429} INFO - ---------------------------------------------------------------------
[2026-03-14T23:50:13.482+0000] {docker.py:429} INFO - |                  |            modules            ||   artifacts   |
[2026-03-14T23:50:13.482+0000] {docker.py:429} INFO - |       conf       | number| search|dwnlded|evicted|| number|dwnlded|
	---------------------------------------------------------------------
[2026-03-14T23:50:13.482+0000] {docker.py:429} INFO - |      default     |   5   |   5   |   5   |   0   ||   5   |   5   |
	---------------------------------------------------------------------
[2026-03-14T23:50:13.487+0000] {docker.py:429} INFO - :: retrieving :: org.apache.spark#spark-submit-parent-22d84a02-e64d-427b-a8e7-8a3d2d09f142
[2026-03-14T23:50:13.487+0000] {docker.py:429} INFO - confs: [default]
[2026-03-14T23:50:13.810+0000] {docker.py:429} INFO - 5 artifacts copied, 0 already retrieved (306076kB/322ms)
[2026-03-14T23:50:13.925+0000] {docker.py:429} INFO - 26/03/14 23:50:13 WARN NativeCodeLoader: Unable to load native-hadoop library for your platform... using builtin-java classes where applicable
[2026-03-14T23:50:14.432+0000] {docker.py:429} INFO - 🚀 Initializing Spark Session for Enwyse Lakehouse...
[2026-03-14T23:50:14.506+0000] {docker.py:429} INFO - 26/03/14 23:50:14 INFO SparkContext: Running Spark version 3.5.1
[2026-03-14T23:50:14.507+0000] {docker.py:429} INFO - 26/03/14 23:50:14 INFO SparkContext: OS info Linux, 6.1.0-37-amd64, amd64
[2026-03-14T23:50:14.507+0000] {docker.py:429} INFO - 26/03/14 23:50:14 INFO SparkContext: Java version 17.0.12
[2026-03-14T23:50:14.518+0000] {docker.py:429} INFO - 26/03/14 23:50:14 INFO ResourceUtils: ==============================================================
[2026-03-14T23:50:14.518+0000] {docker.py:429} INFO - 26/03/14 23:50:14 INFO ResourceUtils: No custom resources configured for spark.driver.
[2026-03-14T23:50:14.518+0000] {docker.py:429} INFO - 26/03/14 23:50:14 INFO ResourceUtils: ==============================================================
[2026-03-14T23:50:14.519+0000] {docker.py:429} INFO - 26/03/14 23:50:14 INFO SparkContext: Submitted application: Enwyse-Batch-Ingestion
[2026-03-14T23:50:14.534+0000] {docker.py:429} INFO - 26/03/14 23:50:14 INFO ResourceProfile: Default ResourceProfile created, executor resources: Map(cores -> name: cores, amount: 1, script: , vendor: , memory -> name: memory, amount: 1024, script: , vendor: , offHeap -> name: offHeap, amount: 0, script: , vendor: ), task resources: Map(cpus -> name: cpus, amount: 1.0)
[2026-03-14T23:50:14.540+0000] {docker.py:429} INFO - 26/03/14 23:50:14 INFO ResourceProfile: Limiting resource is cpu
[2026-03-14T23:50:14.541+0000] {docker.py:429} INFO - 26/03/14 23:50:14 INFO ResourceProfileManager: Added ResourceProfile id: 0
[2026-03-14T23:50:14.563+0000] {docker.py:429} INFO - 26/03/14 23:50:14 INFO SecurityManager: Changing view acls to: spark
[2026-03-14T23:50:14.563+0000] {docker.py:429} INFO - 26/03/14 23:50:14 INFO SecurityManager: Changing modify acls to: spark
[2026-03-14T23:50:14.563+0000] {docker.py:429} INFO - 26/03/14 23:50:14 INFO SecurityManager: Changing view acls groups to:
[2026-03-14T23:50:14.563+0000] {docker.py:429} INFO - 26/03/14 23:50:14 INFO SecurityManager: Changing modify acls groups to:
[2026-03-14T23:50:14.563+0000] {docker.py:429} INFO - 26/03/14 23:50:14 INFO SecurityManager: SecurityManager: authentication disabled; ui acls disabled; users with view permissions: spark; groups with view permissions: EMPTY; users with modify permissions: spark; groups with modify permissions: EMPTY
[2026-03-14T23:50:14.663+0000] {docker.py:429} INFO - 26/03/14 23:50:14 INFO Utils: Successfully started service 'sparkDriver' on port 36053.
[2026-03-14T23:50:14.677+0000] {docker.py:429} INFO - 26/03/14 23:50:14 INFO SparkEnv: Registering MapOutputTracker
[2026-03-14T23:50:14.697+0000] {docker.py:429} INFO - 26/03/14 23:50:14 INFO SparkEnv: Registering BlockManagerMaster
[2026-03-14T23:50:14.704+0000] {docker.py:429} INFO - 26/03/14 23:50:14 INFO BlockManagerMasterEndpoint: Using org.apache.spark.storage.DefaultTopologyMapper for getting topology information
[2026-03-14T23:50:14.705+0000] {docker.py:429} INFO - 26/03/14 23:50:14 INFO BlockManagerMasterEndpoint: BlockManagerMasterEndpoint up
[2026-03-14T23:50:14.707+0000] {docker.py:429} INFO - 26/03/14 23:50:14 INFO SparkEnv: Registering BlockManagerMasterHeartbeat
[2026-03-14T23:50:14.717+0000] {docker.py:429} INFO - 26/03/14 23:50:14 INFO DiskBlockManager: Created local directory at /tmp/blockmgr-88643d6e-1a77-49b7-9f05-db19f1a98dce
[2026-03-14T23:50:14.724+0000] {docker.py:429} INFO - 26/03/14 23:50:14 INFO MemoryStore: MemoryStore started with capacity 434.4 MiB
[2026-03-14T23:50:14.731+0000] {docker.py:429} INFO - 26/03/14 23:50:14 INFO SparkEnv: Registering OutputCommitCoordinator
[2026-03-14T23:50:14.788+0000] {docker.py:429} INFO - 26/03/14 23:50:14 INFO JettyUtils: Start Jetty 0.0.0.0:4040 for SparkUI
[2026-03-14T23:50:14.815+0000] {docker.py:429} INFO - 26/03/14 23:50:14 INFO Utils: Successfully started service 'SparkUI' on port 4040.
[2026-03-14T23:50:14.835+0000] {docker.py:429} INFO - 26/03/14 23:50:14 INFO SparkContext: Added JAR file:///opt/bitnami/spark/.ivy2/jars/org.apache.iceberg_iceberg-spark-runtime-3.5_2.12-1.4.3.jar at spark://eda908a31f18:36053/jars/org.apache.iceberg_iceberg-spark-runtime-3.5_2.12-1.4.3.jar with timestamp 1773532214502
[2026-03-14T23:50:14.835+0000] {docker.py:429} INFO - 26/03/14 23:50:14 INFO SparkContext: Added JAR file:///opt/bitnami/spark/.ivy2/jars/org.projectnessie.nessie-integrations_nessie-spark-extensions-3.5_2.12-0.77.1.jar at spark://eda908a31f18:36053/jars/org.projectnessie.nessie-integrations_nessie-spark-extensions-3.5_2.12-0.77.1.jar with timestamp 1773532214502
[2026-03-14T23:50:14.835+0000] {docker.py:429} INFO - 26/03/14 23:50:14 INFO SparkContext: Added JAR file:///opt/bitnami/spark/.ivy2/jars/org.apache.hadoop_hadoop-aws-3.3.4.jar at spark://eda908a31f18:36053/jars/org.apache.hadoop_hadoop-aws-3.3.4.jar with timestamp 1773532214502
[2026-03-14T23:50:14.835+0000] {docker.py:429} INFO - 26/03/14 23:50:14 INFO SparkContext: Added JAR file:///opt/bitnami/spark/.ivy2/jars/com.amazonaws_aws-java-sdk-bundle-1.12.262.jar at spark://eda908a31f18:36053/jars/com.amazonaws_aws-java-sdk-bundle-1.12.262.jar with timestamp 1773532214502
[2026-03-14T23:50:14.835+0000] {docker.py:429} INFO - 26/03/14 23:50:14 INFO SparkContext: Added JAR file:///opt/bitnami/spark/.ivy2/jars/org.wildfly.openssl_wildfly-openssl-1.0.7.Final.jar at spark://eda908a31f18:36053/jars/org.wildfly.openssl_wildfly-openssl-1.0.7.Final.jar with timestamp 1773532214502
[2026-03-14T23:50:14.836+0000] {docker.py:429} INFO - 26/03/14 23:50:14 INFO SparkContext: Added file file:///opt/bitnami/spark/.ivy2/jars/org.apache.iceberg_iceberg-spark-runtime-3.5_2.12-1.4.3.jar at file:///opt/bitnami/spark/.ivy2/jars/org.apache.iceberg_iceberg-spark-runtime-3.5_2.12-1.4.3.jar with timestamp 1773532214502
[2026-03-14T23:50:14.837+0000] {docker.py:429} INFO - 26/03/14 23:50:14 INFO Utils: Copying /opt/bitnami/spark/.ivy2/jars/org.apache.iceberg_iceberg-spark-runtime-3.5_2.12-1.4.3.jar to /tmp/spark-84a037a5-ddbf-4f85-8619-24c874ee97f6/userFiles-e0e05e9a-c4cd-4cf9-a7c5-a9f06f19e9ca/org.apache.iceberg_iceberg-spark-runtime-3.5_2.12-1.4.3.jar
[2026-03-14T23:50:14.864+0000] {docker.py:429} INFO - 26/03/14 23:50:14 INFO SparkContext: Added file file:///opt/bitnami/spark/.ivy2/jars/org.projectnessie.nessie-integrations_nessie-spark-extensions-3.5_2.12-0.77.1.jar at file:///opt/bitnami/spark/.ivy2/jars/org.projectnessie.nessie-integrations_nessie-spark-extensions-3.5_2.12-0.77.1.jar with timestamp 1773532214502
[2026-03-14T23:50:14.864+0000] {docker.py:429} INFO - 26/03/14 23:50:14 INFO Utils: Copying /opt/bitnami/spark/.ivy2/jars/org.projectnessie.nessie-integrations_nessie-spark-extensions-3.5_2.12-0.77.1.jar to /tmp/spark-84a037a5-ddbf-4f85-8619-24c874ee97f6/userFiles-e0e05e9a-c4cd-4cf9-a7c5-a9f06f19e9ca/org.projectnessie.nessie-integrations_nessie-spark-extensions-3.5_2.12-0.77.1.jar
[2026-03-14T23:50:14.869+0000] {docker.py:429} INFO - 26/03/14 23:50:14 INFO SparkContext: Added file file:///opt/bitnami/spark/.ivy2/jars/org.apache.hadoop_hadoop-aws-3.3.4.jar at file:///opt/bitnami/spark/.ivy2/jars/org.apache.hadoop_hadoop-aws-3.3.4.jar with timestamp 1773532214502
[2026-03-14T23:50:14.869+0000] {docker.py:429} INFO - 26/03/14 23:50:14 INFO Utils: Copying /opt/bitnami/spark/.ivy2/jars/org.apache.hadoop_hadoop-aws-3.3.4.jar to /tmp/spark-84a037a5-ddbf-4f85-8619-24c874ee97f6/userFiles-e0e05e9a-c4cd-4cf9-a7c5-a9f06f19e9ca/org.apache.hadoop_hadoop-aws-3.3.4.jar
[2026-03-14T23:50:14.873+0000] {docker.py:429} INFO - 26/03/14 23:50:14 INFO SparkContext: Added file file:///opt/bitnami/spark/.ivy2/jars/com.amazonaws_aws-java-sdk-bundle-1.12.262.jar at file:///opt/bitnami/spark/.ivy2/jars/com.amazonaws_aws-java-sdk-bundle-1.12.262.jar with timestamp 1773532214502
[2026-03-14T23:50:14.873+0000] {docker.py:429} INFO - 26/03/14 23:50:14 INFO Utils: Copying /opt/bitnami/spark/.ivy2/jars/com.amazonaws_aws-java-sdk-bundle-1.12.262.jar to /tmp/spark-84a037a5-ddbf-4f85-8619-24c874ee97f6/userFiles-e0e05e9a-c4cd-4cf9-a7c5-a9f06f19e9ca/com.amazonaws_aws-java-sdk-bundle-1.12.262.jar
[2026-03-14T23:50:15.073+0000] {docker.py:429} INFO - 26/03/14 23:50:15 INFO SparkContext: Added file file:///opt/bitnami/spark/.ivy2/jars/org.wildfly.openssl_wildfly-openssl-1.0.7.Final.jar at file:///opt/bitnami/spark/.ivy2/jars/org.wildfly.openssl_wildfly-openssl-1.0.7.Final.jar with timestamp 1773532214502
[2026-03-14T23:50:15.074+0000] {docker.py:429} INFO - 26/03/14 23:50:15 INFO Utils: Copying /opt/bitnami/spark/.ivy2/jars/org.wildfly.openssl_wildfly-openssl-1.0.7.Final.jar to /tmp/spark-84a037a5-ddbf-4f85-8619-24c874ee97f6/userFiles-e0e05e9a-c4cd-4cf9-a7c5-a9f06f19e9ca/org.wildfly.openssl_wildfly-openssl-1.0.7.Final.jar
[2026-03-14T23:50:15.103+0000] {docker.py:429} INFO - 26/03/14 23:50:15 INFO Executor: Starting executor ID driver on host eda908a31f18
[2026-03-14T23:50:15.104+0000] {docker.py:429} INFO - 26/03/14 23:50:15 INFO Executor: OS info Linux, 6.1.0-37-amd64, amd64
[2026-03-14T23:50:15.104+0000] {docker.py:429} INFO - 26/03/14 23:50:15 INFO Executor: Java version 17.0.12
[2026-03-14T23:50:15.112+0000] {docker.py:429} INFO - 26/03/14 23:50:15 INFO Executor: Starting executor with user classpath (userClassPathFirst = false): ''
[2026-03-14T23:50:15.113+0000] {docker.py:429} INFO - 26/03/14 23:50:15 INFO Executor: Created or updated repl class loader org.apache.spark.util.MutableURLClassLoader@39cf64e8 for default.
[2026-03-14T23:50:15.117+0000] {docker.py:429} INFO - 26/03/14 23:50:15 INFO Executor: Fetching file:///opt/bitnami/spark/.ivy2/jars/org.apache.hadoop_hadoop-aws-3.3.4.jar with timestamp 1773532214502
[2026-03-14T23:50:15.126+0000] {docker.py:429} INFO - 26/03/14 23:50:15 INFO Utils: /opt/bitnami/spark/.ivy2/jars/org.apache.hadoop_hadoop-aws-3.3.4.jar has been previously copied to /tmp/spark-84a037a5-ddbf-4f85-8619-24c874ee97f6/userFiles-e0e05e9a-c4cd-4cf9-a7c5-a9f06f19e9ca/org.apache.hadoop_hadoop-aws-3.3.4.jar
[2026-03-14T23:50:15.131+0000] {docker.py:429} INFO - 26/03/14 23:50:15 INFO Executor: Fetching file:///opt/bitnami/spark/.ivy2/jars/org.apache.iceberg_iceberg-spark-runtime-3.5_2.12-1.4.3.jar with timestamp 1773532214502
[2026-03-14T23:50:15.147+0000] {docker.py:429} INFO - 26/03/14 23:50:15 INFO Utils: /opt/bitnami/spark/.ivy2/jars/org.apache.iceberg_iceberg-spark-runtime-3.5_2.12-1.4.3.jar has been previously copied to /tmp/spark-84a037a5-ddbf-4f85-8619-24c874ee97f6/userFiles-e0e05e9a-c4cd-4cf9-a7c5-a9f06f19e9ca/org.apache.iceberg_iceberg-spark-runtime-3.5_2.12-1.4.3.jar
[2026-03-14T23:50:15.150+0000] {docker.py:429} INFO - 26/03/14 23:50:15 INFO Executor: Fetching file:///opt/bitnami/spark/.ivy2/jars/com.amazonaws_aws-java-sdk-bundle-1.12.262.jar with timestamp 1773532214502
[2026-03-14T23:50:15.307+0000] {docker.py:429} INFO - 26/03/14 23:50:15 INFO Utils: /opt/bitnami/spark/.ivy2/jars/com.amazonaws_aws-java-sdk-bundle-1.12.262.jar has been previously copied to /tmp/spark-84a037a5-ddbf-4f85-8619-24c874ee97f6/userFiles-e0e05e9a-c4cd-4cf9-a7c5-a9f06f19e9ca/com.amazonaws_aws-java-sdk-bundle-1.12.262.jar
[2026-03-14T23:50:15.311+0000] {docker.py:429} INFO - 26/03/14 23:50:15 INFO Executor: Fetching file:///opt/bitnami/spark/.ivy2/jars/org.projectnessie.nessie-integrations_nessie-spark-extensions-3.5_2.12-0.77.1.jar with timestamp 1773532214502
[2026-03-14T23:50:15.313+0000] {docker.py:429} INFO - 26/03/14 23:50:15 INFO Utils: /opt/bitnami/spark/.ivy2/jars/org.projectnessie.nessie-integrations_nessie-spark-extensions-3.5_2.12-0.77.1.jar has been previously copied to /tmp/spark-84a037a5-ddbf-4f85-8619-24c874ee97f6/userFiles-e0e05e9a-c4cd-4cf9-a7c5-a9f06f19e9ca/org.projectnessie.nessie-integrations_nessie-spark-extensions-3.5_2.12-0.77.1.jar
[2026-03-14T23:50:15.316+0000] {docker.py:429} INFO - 26/03/14 23:50:15 INFO Executor: Fetching file:///opt/bitnami/spark/.ivy2/jars/org.wildfly.openssl_wildfly-openssl-1.0.7.Final.jar with timestamp 1773532214502
[2026-03-14T23:50:15.316+0000] {docker.py:429} INFO - 26/03/14 23:50:15 INFO Utils: /opt/bitnami/spark/.ivy2/jars/org.wildfly.openssl_wildfly-openssl-1.0.7.Final.jar has been previously copied to /tmp/spark-84a037a5-ddbf-4f85-8619-24c874ee97f6/userFiles-e0e05e9a-c4cd-4cf9-a7c5-a9f06f19e9ca/org.wildfly.openssl_wildfly-openssl-1.0.7.Final.jar
[2026-03-14T23:50:15.321+0000] {docker.py:429} INFO - 26/03/14 23:50:15 INFO Executor: Fetching spark://eda908a31f18:36053/jars/org.apache.iceberg_iceberg-spark-runtime-3.5_2.12-1.4.3.jar with timestamp 1773532214502
[2026-03-14T23:50:15.338+0000] {docker.py:429} INFO - 26/03/14 23:50:15 INFO TransportClientFactory: Successfully created connection to eda908a31f18/172.22.0.15:36053 after 11 ms (0 ms spent in bootstraps)
[2026-03-14T23:50:15.341+0000] {docker.py:429} INFO - 26/03/14 23:50:15 INFO Utils: Fetching spark://eda908a31f18:36053/jars/org.apache.iceberg_iceberg-spark-runtime-3.5_2.12-1.4.3.jar to /tmp/spark-84a037a5-ddbf-4f85-8619-24c874ee97f6/userFiles-e0e05e9a-c4cd-4cf9-a7c5-a9f06f19e9ca/fetchFileTemp15135877995337830333.tmp
[2026-03-14T23:50:15.407+0000] {docker.py:429} INFO - 26/03/14 23:50:15 INFO Utils: /tmp/spark-84a037a5-ddbf-4f85-8619-24c874ee97f6/userFiles-e0e05e9a-c4cd-4cf9-a7c5-a9f06f19e9ca/fetchFileTemp15135877995337830333.tmp has been previously copied to /tmp/spark-84a037a5-ddbf-4f85-8619-24c874ee97f6/userFiles-e0e05e9a-c4cd-4cf9-a7c5-a9f06f19e9ca/org.apache.iceberg_iceberg-spark-runtime-3.5_2.12-1.4.3.jar
[2026-03-14T23:50:15.415+0000] {docker.py:429} INFO - 26/03/14 23:50:15 INFO Executor: Adding file:/tmp/spark-84a037a5-ddbf-4f85-8619-24c874ee97f6/userFiles-e0e05e9a-c4cd-4cf9-a7c5-a9f06f19e9ca/org.apache.iceberg_iceberg-spark-runtime-3.5_2.12-1.4.3.jar to class loader default
[2026-03-14T23:50:15.415+0000] {docker.py:429} INFO - 26/03/14 23:50:15 INFO Executor: Fetching spark://eda908a31f18:36053/jars/org.projectnessie.nessie-integrations_nessie-spark-extensions-3.5_2.12-0.77.1.jar with timestamp 1773532214502
[2026-03-14T23:50:15.415+0000] {docker.py:429} INFO - 26/03/14 23:50:15 INFO Utils: Fetching spark://eda908a31f18:36053/jars/org.projectnessie.nessie-integrations_nessie-spark-extensions-3.5_2.12-0.77.1.jar to /tmp/spark-84a037a5-ddbf-4f85-8619-24c874ee97f6/userFiles-e0e05e9a-c4cd-4cf9-a7c5-a9f06f19e9ca/fetchFileTemp18181841563474440857.tmp
[2026-03-14T23:50:15.420+0000] {docker.py:429} INFO - 26/03/14 23:50:15 INFO Utils: /tmp/spark-84a037a5-ddbf-4f85-8619-24c874ee97f6/userFiles-e0e05e9a-c4cd-4cf9-a7c5-a9f06f19e9ca/fetchFileTemp18181841563474440857.tmp has been previously copied to /tmp/spark-84a037a5-ddbf-4f85-8619-24c874ee97f6/userFiles-e0e05e9a-c4cd-4cf9-a7c5-a9f06f19e9ca/org.projectnessie.nessie-integrations_nessie-spark-extensions-3.5_2.12-0.77.1.jar
[2026-03-14T23:50:15.424+0000] {docker.py:429} INFO - 26/03/14 23:50:15 INFO Executor: Adding file:/tmp/spark-84a037a5-ddbf-4f85-8619-24c874ee97f6/userFiles-e0e05e9a-c4cd-4cf9-a7c5-a9f06f19e9ca/org.projectnessie.nessie-integrations_nessie-spark-extensions-3.5_2.12-0.77.1.jar to class loader default
[2026-03-14T23:50:15.424+0000] {docker.py:429} INFO - 26/03/14 23:50:15 INFO Executor: Fetching spark://eda908a31f18:36053/jars/com.amazonaws_aws-java-sdk-bundle-1.12.262.jar with timestamp 1773532214502
[2026-03-14T23:50:15.424+0000] {docker.py:429} INFO - 26/03/14 23:50:15 INFO Utils: Fetching spark://eda908a31f18:36053/jars/com.amazonaws_aws-java-sdk-bundle-1.12.262.jar to /tmp/spark-84a037a5-ddbf-4f85-8619-24c874ee97f6/userFiles-e0e05e9a-c4cd-4cf9-a7c5-a9f06f19e9ca/fetchFileTemp11470519693446266541.tmp
[2026-03-14T23:50:15.948+0000] {docker.py:429} INFO - 26/03/14 23:50:15 INFO Utils: /tmp/spark-84a037a5-ddbf-4f85-8619-24c874ee97f6/userFiles-e0e05e9a-c4cd-4cf9-a7c5-a9f06f19e9ca/fetchFileTemp11470519693446266541.tmp has been previously copied to /tmp/spark-84a037a5-ddbf-4f85-8619-24c874ee97f6/userFiles-e0e05e9a-c4cd-4cf9-a7c5-a9f06f19e9ca/com.amazonaws_aws-java-sdk-bundle-1.12.262.jar
[2026-03-14T23:50:15.990+0000] {docker.py:429} INFO - 26/03/14 23:50:15 INFO Executor: Adding file:/tmp/spark-84a037a5-ddbf-4f85-8619-24c874ee97f6/userFiles-e0e05e9a-c4cd-4cf9-a7c5-a9f06f19e9ca/com.amazonaws_aws-java-sdk-bundle-1.12.262.jar to class loader default
26/03/14 23:50:15 INFO Executor: Fetching spark://eda908a31f18:36053/jars/org.apache.hadoop_hadoop-aws-3.3.4.jar with timestamp 1773532214502
[2026-03-14T23:50:15.990+0000] {docker.py:429} INFO - 26/03/14 23:50:15 INFO Utils: Fetching spark://eda908a31f18:36053/jars/org.apache.hadoop_hadoop-aws-3.3.4.jar to /tmp/spark-84a037a5-ddbf-4f85-8619-24c874ee97f6/userFiles-e0e05e9a-c4cd-4cf9-a7c5-a9f06f19e9ca/fetchFileTemp4143223681652539341.tmp
[2026-03-14T23:50:15.993+0000] {docker.py:429} INFO - 26/03/14 23:50:15 INFO Utils: /tmp/spark-84a037a5-ddbf-4f85-8619-24c874ee97f6/userFiles-e0e05e9a-c4cd-4cf9-a7c5-a9f06f19e9ca/fetchFileTemp4143223681652539341.tmp has been previously copied to /tmp/spark-84a037a5-ddbf-4f85-8619-24c874ee97f6/userFiles-e0e05e9a-c4cd-4cf9-a7c5-a9f06f19e9ca/org.apache.hadoop_hadoop-aws-3.3.4.jar
[2026-03-14T23:50:15.998+0000] {docker.py:429} INFO - 26/03/14 23:50:15 INFO Executor: Adding file:/tmp/spark-84a037a5-ddbf-4f85-8619-24c874ee97f6/userFiles-e0e05e9a-c4cd-4cf9-a7c5-a9f06f19e9ca/org.apache.hadoop_hadoop-aws-3.3.4.jar to class loader default
[2026-03-14T23:50:15.999+0000] {docker.py:429} INFO - 26/03/14 23:50:15 INFO Executor: Fetching spark://eda908a31f18:36053/jars/org.wildfly.openssl_wildfly-openssl-1.0.7.Final.jar with timestamp 1773532214502
[2026-03-14T23:50:15.999+0000] {docker.py:429} INFO - 26/03/14 23:50:15 INFO Utils: Fetching spark://eda908a31f18:36053/jars/org.wildfly.openssl_wildfly-openssl-1.0.7.Final.jar to /tmp/spark-84a037a5-ddbf-4f85-8619-24c874ee97f6/userFiles-e0e05e9a-c4cd-4cf9-a7c5-a9f06f19e9ca/fetchFileTemp11284187869286859925.tmp
[2026-03-14T23:50:16.000+0000] {docker.py:429} INFO - 26/03/14 23:50:16 INFO Utils: /tmp/spark-84a037a5-ddbf-4f85-8619-24c874ee97f6/userFiles-e0e05e9a-c4cd-4cf9-a7c5-a9f06f19e9ca/fetchFileTemp11284187869286859925.tmp has been previously copied to /tmp/spark-84a037a5-ddbf-4f85-8619-24c874ee97f6/userFiles-e0e05e9a-c4cd-4cf9-a7c5-a9f06f19e9ca/org.wildfly.openssl_wildfly-openssl-1.0.7.Final.jar
[2026-03-14T23:50:16.006+0000] {docker.py:429} INFO - 26/03/14 23:50:16 INFO Executor: Adding file:/tmp/spark-84a037a5-ddbf-4f85-8619-24c874ee97f6/userFiles-e0e05e9a-c4cd-4cf9-a7c5-a9f06f19e9ca/org.wildfly.openssl_wildfly-openssl-1.0.7.Final.jar to class loader default
[2026-03-14T23:50:16.013+0000] {docker.py:429} INFO - 26/03/14 23:50:16 INFO Utils: Successfully started service 'org.apache.spark.network.netty.NettyBlockTransferService' on port 36533.
[2026-03-14T23:50:16.013+0000] {docker.py:429} INFO - 26/03/14 23:50:16 INFO NettyBlockTransferService: Server created on eda908a31f18:36533
[2026-03-14T23:50:16.014+0000] {docker.py:429} INFO - 26/03/14 23:50:16 INFO BlockManager: Using org.apache.spark.storage.RandomBlockReplicationPolicy for block replication policy
[2026-03-14T23:50:16.017+0000] {docker.py:429} INFO - 26/03/14 23:50:16 INFO BlockManagerMaster: Registering BlockManager BlockManagerId(driver, eda908a31f18, 36533, None)
[2026-03-14T23:50:16.019+0000] {docker.py:429} INFO - 26/03/14 23:50:16 INFO BlockManagerMasterEndpoint: Registering block manager eda908a31f18:36533 with 434.4 MiB RAM, BlockManagerId(driver, eda908a31f18, 36533, None)
[2026-03-14T23:50:16.020+0000] {docker.py:429} INFO - 26/03/14 23:50:16 INFO BlockManagerMaster: Registered BlockManager BlockManagerId(driver, eda908a31f18, 36533, None)
[2026-03-14T23:50:16.021+0000] {docker.py:429} INFO - 26/03/14 23:50:16 INFO BlockManager: Initialized BlockManager: BlockManagerId(driver, eda908a31f18, 36533, None)
[2026-03-14T23:50:16.201+0000] {docker.py:429} INFO - ✅ Spark Session ready. Starting Airflow-triggered batch run...
[2026-03-14T23:50:16.206+0000] {docker.py:429} INFO - 26/03/14 23:50:16 INFO SharedState: Setting hive.metastore.warehouse.dir ('null') to the value of spark.sql.warehouse.dir.
[2026-03-14T23:50:16.207+0000] {docker.py:429} INFO - 26/03/14 23:50:16 INFO SharedState: Warehouse path is 'file:/opt/bitnami/spark/spark-warehouse'.
[2026-03-14T23:50:16.683+0000] {docker.py:429} INFO - 26/03/14 23:50:16 WARN MetricsConfig: Cannot locate configuration: tried hadoop-metrics2-s3a-file-system.properties,hadoop-metrics2.properties
[2026-03-14T23:50:16.689+0000] {docker.py:429} INFO - 26/03/14 23:50:16 INFO MetricsSystemImpl: Scheduled Metric snapshot period at 10 second(s).
26/03/14 23:50:16 INFO MetricsSystemImpl: s3a-file-system metrics system started
[2026-03-14T23:50:17.141+0000] {docker.py:429} INFO - 26/03/14 23:50:17 INFO InMemoryFileIndex: It took 47 ms to list leaf files for 1 paths.
[2026-03-14T23:50:17.633+0000] {docker.py:429} INFO - 26/03/14 23:50:17 INFO FileSourceStrategy: Pushed Filters:
[2026-03-14T23:50:17.639+0000] {docker.py:429} INFO - 26/03/14 23:50:17 INFO FileSourceStrategy: Post-Scan Filters:
[2026-03-14T23:50:17.766+0000] {docker.py:429} INFO - 26/03/14 23:50:17 INFO MemoryStore: Block broadcast_0 stored as values in memory (estimated size 206.0 KiB, free 434.2 MiB)
[2026-03-14T23:50:17.809+0000] {docker.py:429} INFO - 26/03/14 23:50:17 INFO MemoryStore: Block broadcast_0_piece0 stored as bytes in memory (estimated size 36.3 KiB, free 434.2 MiB)
[2026-03-14T23:50:17.811+0000] {docker.py:429} INFO - 26/03/14 23:50:17 INFO BlockManagerInfo: Added broadcast_0_piece0 in memory on eda908a31f18:36533 (size: 36.3 KiB, free: 434.4 MiB)
[2026-03-14T23:50:17.818+0000] {docker.py:429} INFO - 26/03/14 23:50:17 INFO SparkContext: Created broadcast 0 from isEmpty at NativeMethodAccessorImpl.java:0
[2026-03-14T23:50:17.838+0000] {docker.py:429} INFO - 26/03/14 23:50:17 INFO FileSourceScanExec: Planning scan with bin packing, max size: 4194304 bytes, open cost is considered as scanning 4194304 bytes.
[2026-03-14T23:50:17.919+0000] {docker.py:429} INFO - 26/03/14 23:50:17 INFO SparkContext: Starting job: isEmpty at NativeMethodAccessorImpl.java:0
[2026-03-14T23:50:17.932+0000] {docker.py:429} INFO - 26/03/14 23:50:17 INFO DAGScheduler: Got job 0 (isEmpty at NativeMethodAccessorImpl.java:0) with 1 output partitions
[2026-03-14T23:50:17.932+0000] {docker.py:429} INFO - 26/03/14 23:50:17 INFO DAGScheduler: Final stage: ResultStage 0 (isEmpty at NativeMethodAccessorImpl.java:0)
[2026-03-14T23:50:17.932+0000] {docker.py:429} INFO - 26/03/14 23:50:17 INFO DAGScheduler: Parents of final stage: List()
[2026-03-14T23:50:17.934+0000] {docker.py:429} INFO - 26/03/14 23:50:17 INFO DAGScheduler: Missing parents: List()
[2026-03-14T23:50:17.938+0000] {docker.py:429} INFO - 26/03/14 23:50:17 INFO DAGScheduler: Submitting ResultStage 0 (MapPartitionsRDD[2] at isEmpty at NativeMethodAccessorImpl.java:0), which has no missing parents
[2026-03-14T23:50:18.025+0000] {docker.py:429} INFO - 26/03/14 23:50:18 INFO MemoryStore: Block broadcast_1 stored as values in memory (estimated size 10.1 KiB, free 434.2 MiB)
[2026-03-14T23:50:18.029+0000] {docker.py:429} INFO - 26/03/14 23:50:18 INFO MemoryStore: Block broadcast_1_piece0 stored as bytes in memory (estimated size 5.3 KiB, free 434.1 MiB)
[2026-03-14T23:50:18.030+0000] {docker.py:429} INFO - 26/03/14 23:50:18 INFO BlockManagerInfo: Added broadcast_1_piece0 in memory on eda908a31f18:36533 (size: 5.3 KiB, free: 434.4 MiB)
[2026-03-14T23:50:18.030+0000] {docker.py:429} INFO - 26/03/14 23:50:18 INFO SparkContext: Created broadcast 1 from broadcast at DAGScheduler.scala:1585
[2026-03-14T23:50:18.048+0000] {docker.py:429} INFO - 26/03/14 23:50:18 INFO DAGScheduler: Submitting 1 missing tasks from ResultStage 0 (MapPartitionsRDD[2] at isEmpty at NativeMethodAccessorImpl.java:0) (first 15 tasks are for partitions Vector(0))
[2026-03-14T23:50:18.049+0000] {docker.py:429} INFO - 26/03/14 23:50:18 INFO TaskSchedulerImpl: Adding task set 0.0 with 1 tasks resource profile 0
[2026-03-14T23:50:18.088+0000] {docker.py:429} INFO - 26/03/14 23:50:18 INFO TaskSetManager: Starting task 0.0 in stage 0.0 (TID 0) (eda908a31f18, executor driver, partition 0, PROCESS_LOCAL, 9421 bytes)
[2026-03-14T23:50:18.102+0000] {docker.py:429} INFO - 26/03/14 23:50:18 INFO Executor: Running task 0.0 in stage 0.0 (TID 0)
[2026-03-14T23:50:18.150+0000] {docker.py:429} INFO - 26/03/14 23:50:18 INFO FileScanRDD: Reading File path: s3a://landing-zone/telemetry/2026/03/14/batch_1773532137.json, range: 0-1689, partition values: [empty row]
[2026-03-14T23:50:18.281+0000] {docker.py:429} INFO - 26/03/14 23:50:18 INFO CodeGenerator: Code generated in 114.516596 ms
[2026-03-14T23:50:18.347+0000] {docker.py:429} INFO - 26/03/14 23:50:18 INFO Executor: Finished task 0.0 in stage 0.0 (TID 0). 1513 bytes result sent to driver
[2026-03-14T23:50:18.355+0000] {docker.py:429} INFO - 26/03/14 23:50:18 INFO TaskSetManager: Finished task 0.0 in stage 0.0 (TID 0) in 276 ms on eda908a31f18 (executor driver) (1/1)
[2026-03-14T23:50:18.356+0000] {docker.py:429} INFO - 26/03/14 23:50:18 INFO TaskSchedulerImpl: Removed TaskSet 0.0, whose tasks have all completed, from pool
[2026-03-14T23:50:18.360+0000] {docker.py:429} INFO - 26/03/14 23:50:18 INFO DAGScheduler: ResultStage 0 (isEmpty at NativeMethodAccessorImpl.java:0) finished in 0.412 s
[2026-03-14T23:50:18.361+0000] {docker.py:429} INFO - 26/03/14 23:50:18 INFO DAGScheduler: Job 0 is finished. Cancelling potential speculative or zombie tasks for this job
[2026-03-14T23:50:18.361+0000] {docker.py:429} INFO - 26/03/14 23:50:18 INFO TaskSchedulerImpl: Killing all running tasks in stage 0: Stage finished
[2026-03-14T23:50:18.363+0000] {docker.py:429} INFO - 26/03/14 23:50:18 INFO DAGScheduler: Job 0 finished: isEmpty at NativeMethodAccessorImpl.java:0, took 0.443107 s
[2026-03-14T23:50:18.435+0000] {docker.py:429} INFO - 26/03/14 23:50:18 INFO FileSourceStrategy: Pushed Filters:
[2026-03-14T23:50:18.436+0000] {docker.py:429} INFO - 26/03/14 23:50:18 INFO FileSourceStrategy: Post-Scan Filters:
[2026-03-14T23:50:18.515+0000] {docker.py:429} INFO - 26/03/14 23:50:18 INFO CodeGenerator: Code generated in 10.003392 ms
[2026-03-14T23:50:18.518+0000] {docker.py:429} INFO - 26/03/14 23:50:18 INFO MemoryStore: Block broadcast_2 stored as values in memory (estimated size 206.0 KiB, free 433.9 MiB)
[2026-03-14T23:50:18.526+0000] {docker.py:429} INFO - 26/03/14 23:50:18 INFO MemoryStore: Block broadcast_2_piece0 stored as bytes in memory (estimated size 36.3 KiB, free 433.9 MiB)
[2026-03-14T23:50:18.527+0000] {docker.py:429} INFO - 26/03/14 23:50:18 INFO BlockManagerInfo: Added broadcast_2_piece0 in memory on eda908a31f18:36533 (size: 36.3 KiB, free: 434.3 MiB)
[2026-03-14T23:50:18.528+0000] {docker.py:429} INFO - 26/03/14 23:50:18 INFO SparkContext: Created broadcast 2 from count at NativeMethodAccessorImpl.java:0
[2026-03-14T23:50:18.528+0000] {docker.py:429} INFO - 26/03/14 23:50:18 INFO FileSourceScanExec: Planning scan with bin packing, max size: 4194304 bytes, open cost is considered as scanning 4194304 bytes.
[2026-03-14T23:50:18.549+0000] {docker.py:429} INFO - 26/03/14 23:50:18 INFO DAGScheduler: Registering RDD 6 (count at NativeMethodAccessorImpl.java:0) as input to shuffle 0
[2026-03-14T23:50:18.551+0000] {docker.py:429} INFO - 26/03/14 23:50:18 INFO DAGScheduler: Got map stage job 1 (count at NativeMethodAccessorImpl.java:0) with 7 output partitions
[2026-03-14T23:50:18.552+0000] {docker.py:429} INFO - 26/03/14 23:50:18 INFO DAGScheduler: Final stage: ShuffleMapStage 1 (count at NativeMethodAccessorImpl.java:0)
[2026-03-14T23:50:18.552+0000] {docker.py:429} INFO - 26/03/14 23:50:18 INFO DAGScheduler: Parents of final stage: List()
[2026-03-14T23:50:18.552+0000] {docker.py:429} INFO - 26/03/14 23:50:18 INFO DAGScheduler: Missing parents: List()
[2026-03-14T23:50:18.553+0000] {docker.py:429} INFO - 26/03/14 23:50:18 INFO DAGScheduler: Submitting ShuffleMapStage 1 (MapPartitionsRDD[6] at count at NativeMethodAccessorImpl.java:0), which has no missing parents
[2026-03-14T23:50:18.570+0000] {docker.py:429} INFO - 26/03/14 23:50:18 INFO MemoryStore: Block broadcast_3 stored as values in memory (estimated size 17.0 KiB, free 433.9 MiB)
[2026-03-14T23:50:18.575+0000] {docker.py:429} INFO - 26/03/14 23:50:18 INFO MemoryStore: Block broadcast_3_piece0 stored as bytes in memory (estimated size 8.3 KiB, free 433.9 MiB)
[2026-03-14T23:50:18.575+0000] {docker.py:429} INFO - 26/03/14 23:50:18 INFO BlockManagerInfo: Added broadcast_3_piece0 in memory on eda908a31f18:36533 (size: 8.3 KiB, free: 434.3 MiB)
[2026-03-14T23:50:18.576+0000] {docker.py:429} INFO - 26/03/14 23:50:18 INFO SparkContext: Created broadcast 3 from broadcast at DAGScheduler.scala:1585
[2026-03-14T23:50:18.580+0000] {docker.py:429} INFO - 26/03/14 23:50:18 INFO DAGScheduler: Submitting 7 missing tasks from ShuffleMapStage 1 (MapPartitionsRDD[6] at count at NativeMethodAccessorImpl.java:0) (first 15 tasks are for partitions Vector(0, 1, 2, 3, 4, 5, 6))
[2026-03-14T23:50:18.580+0000] {docker.py:429} INFO - 26/03/14 23:50:18 INFO TaskSchedulerImpl: Adding task set 1.0 with 7 tasks resource profile 0
[2026-03-14T23:50:18.583+0000] {docker.py:429} INFO - 26/03/14 23:50:18 INFO TaskSetManager: Starting task 0.0 in stage 1.0 (TID 1) (eda908a31f18, executor driver, partition 0, PROCESS_LOCAL, 9410 bytes)
[2026-03-14T23:50:18.583+0000] {docker.py:429} INFO - 26/03/14 23:50:18 INFO TaskSetManager: Starting task 1.0 in stage 1.0 (TID 2) (eda908a31f18, executor driver, partition 1, PROCESS_LOCAL, 9410 bytes)
[2026-03-14T23:50:18.584+0000] {docker.py:429} INFO - 26/03/14 23:50:18 INFO TaskSetManager: Starting task 2.0 in stage 1.0 (TID 3) (eda908a31f18, executor driver, partition 2, PROCESS_LOCAL, 9410 bytes)
[2026-03-14T23:50:18.584+0000] {docker.py:429} INFO - 26/03/14 23:50:18 INFO TaskSetManager: Starting task 3.0 in stage 1.0 (TID 4) (eda908a31f18, executor driver, partition 3, PROCESS_LOCAL, 9410 bytes)
[2026-03-14T23:50:18.584+0000] {docker.py:429} INFO - 26/03/14 23:50:18 INFO TaskSetManager: Starting task 4.0 in stage 1.0 (TID 5) (eda908a31f18, executor driver, partition 4, PROCESS_LOCAL, 9410 bytes)
[2026-03-14T23:50:18.585+0000] {docker.py:429} INFO - 26/03/14 23:50:18 INFO TaskSetManager: Starting task 5.0 in stage 1.0 (TID 6) (eda908a31f18, executor driver, partition 5, PROCESS_LOCAL, 9410 bytes)
[2026-03-14T23:50:18.586+0000] {docker.py:429} INFO - 26/03/14 23:50:18 INFO TaskSetManager: Starting task 6.0 in stage 1.0 (TID 7) (eda908a31f18, executor driver, partition 6, PROCESS_LOCAL, 9410 bytes)
[2026-03-14T23:50:18.586+0000] {docker.py:429} INFO - 26/03/14 23:50:18 INFO Executor: Running task 0.0 in stage 1.0 (TID 1)
[2026-03-14T23:50:18.587+0000] {docker.py:429} INFO - 26/03/14 23:50:18 INFO Executor: Running task 1.0 in stage 1.0 (TID 2)
[2026-03-14T23:50:18.587+0000] {docker.py:429} INFO - 26/03/14 23:50:18 INFO Executor: Running task 2.0 in stage 1.0 (TID 3)
26/03/14 23:50:18 INFO Executor: Running task 3.0 in stage 1.0 (TID 4)
[2026-03-14T23:50:18.587+0000] {docker.py:429} INFO - 26/03/14 23:50:18 INFO Executor: Running task 4.0 in stage 1.0 (TID 5)
[2026-03-14T23:50:18.587+0000] {docker.py:429} INFO - 26/03/14 23:50:18 INFO Executor: Running task 6.0 in stage 1.0 (TID 7)
[2026-03-14T23:50:18.588+0000] {docker.py:429} INFO - 26/03/14 23:50:18 INFO Executor: Running task 5.0 in stage 1.0 (TID 6)
[2026-03-14T23:50:18.611+0000] {docker.py:429} INFO - 26/03/14 23:50:18 INFO BlockManagerInfo: Removed broadcast_1_piece0 on eda908a31f18:36533 in memory (size: 5.3 KiB, free: 434.3 MiB)
[2026-03-14T23:50:18.614+0000] {docker.py:429} INFO - 26/03/14 23:50:18 INFO BlockManagerInfo: Removed broadcast_0_piece0 on eda908a31f18:36533 in memory (size: 36.3 KiB, free: 434.4 MiB)
[2026-03-14T23:50:18.619+0000] {docker.py:429} INFO - 26/03/14 23:50:18 INFO CodeGenerator: Code generated in 10.393063 ms
[2026-03-14T23:50:18.626+0000] {docker.py:429} INFO - 26/03/14 23:50:18 INFO FileScanRDD: Reading File path: s3a://landing-zone/telemetry/2026/03/14/batch_1773532168.json, range: 0-1446, partition values: [empty row]
26/03/14 23:50:18 INFO FileScanRDD: Reading File path: s3a://landing-zone/telemetry/2026/03/14/batch_1773532075.json, range: 0-1449, partition values: [empty row]
26/03/14 23:50:18 INFO FileScanRDD: Reading File path: s3a://landing-zone/telemetry/2026/03/14/batch_1773532199.json, range: 0-1447, partition values: [empty row]
26/03/14 23:50:18 INFO FileScanRDD: Reading File path: s3a://landing-zone/telemetry/2026/03/14/batch_1773532106.json, range: 0-1447, partition values: [empty row]
[2026-03-14T23:50:18.627+0000] {docker.py:429} INFO - 26/03/14 23:50:18 INFO FileScanRDD: Reading File path: s3a://landing-zone/telemetry/2026/03/14/batch_1773532013.json, range: 0-1448, partition values: [empty row]
[2026-03-14T23:50:18.628+0000] {docker.py:429} INFO - 26/03/14 23:50:18 INFO FileScanRDD: Reading File path: s3a://landing-zone/telemetry/2026/03/14/batch_1773532044.json, range: 0-1446, partition values: [empty row]
[2026-03-14T23:50:18.629+0000] {docker.py:429} INFO - 26/03/14 23:50:18 INFO FileScanRDD: Reading File path: s3a://landing-zone/telemetry/2026/03/14/batch_1773532137.json, range: 0-1689, partition values: [empty row]
[2026-03-14T23:50:18.670+0000] {docker.py:429} INFO - 26/03/14 23:50:18 INFO Executor: Finished task 5.0 in stage 1.0 (TID 6). 2014 bytes result sent to driver
26/03/14 23:50:18 INFO Executor: Finished task 4.0 in stage 1.0 (TID 5). 2014 bytes result sent to driver
26/03/14 23:50:18 INFO Executor: Finished task 6.0 in stage 1.0 (TID 7). 2014 bytes result sent to driver
26/03/14 23:50:18 INFO Executor: Finished task 1.0 in stage 1.0 (TID 2). 2014 bytes result sent to driver
[2026-03-14T23:50:18.671+0000] {docker.py:429} INFO - 26/03/14 23:50:18 INFO Executor: Finished task 2.0 in stage 1.0 (TID 3). 2014 bytes result sent to driver
[2026-03-14T23:50:18.671+0000] {docker.py:429} INFO - 26/03/14 23:50:18 INFO Executor: Finished task 0.0 in stage 1.0 (TID 1). 2014 bytes result sent to driver
[2026-03-14T23:50:18.675+0000] {docker.py:429} INFO - 26/03/14 23:50:18 INFO Executor: Finished task 3.0 in stage 1.0 (TID 4). 2014 bytes result sent to driver
[2026-03-14T23:50:18.677+0000] {docker.py:429} INFO - 26/03/14 23:50:18 INFO TaskSetManager: Finished task 4.0 in stage 1.0 (TID 5) in 92 ms on eda908a31f18 (executor driver) (1/7)
[2026-03-14T23:50:18.677+0000] {docker.py:429} INFO - 26/03/14 23:50:18 INFO TaskSetManager: Finished task 5.0 in stage 1.0 (TID 6) in 93 ms on eda908a31f18 (executor driver) (2/7)
[2026-03-14T23:50:18.678+0000] {docker.py:429} INFO - 26/03/14 23:50:18 INFO TaskSetManager: Finished task 1.0 in stage 1.0 (TID 2) in 94 ms on eda908a31f18 (executor driver) (3/7)
[2026-03-14T23:50:18.678+0000] {docker.py:429} INFO - 26/03/14 23:50:18 INFO TaskSetManager: Finished task 6.0 in stage 1.0 (TID 7) in 92 ms on eda908a31f18 (executor driver) (4/7)
[2026-03-14T23:50:18.678+0000] {docker.py:429} INFO - 26/03/14 23:50:18 INFO TaskSetManager: Finished task 2.0 in stage 1.0 (TID 3) in 94 ms on eda908a31f18 (executor driver) (5/7)
[2026-03-14T23:50:18.678+0000] {docker.py:429} INFO - 26/03/14 23:50:18 INFO TaskSetManager: Finished task 0.0 in stage 1.0 (TID 1) in 97 ms on eda908a31f18 (executor driver) (6/7)
[2026-03-14T23:50:18.678+0000] {docker.py:429} INFO - 26/03/14 23:50:18 INFO TaskSetManager: Finished task 3.0 in stage 1.0 (TID 4) in 94 ms on eda908a31f18 (executor driver) (7/7)
[2026-03-14T23:50:18.678+0000] {docker.py:429} INFO - 26/03/14 23:50:18 INFO TaskSchedulerImpl: Removed TaskSet 1.0, whose tasks have all completed, from pool
[2026-03-14T23:50:18.682+0000] {docker.py:429} INFO - 26/03/14 23:50:18 INFO DAGScheduler: ShuffleMapStage 1 (count at NativeMethodAccessorImpl.java:0) finished in 0.128 s
[2026-03-14T23:50:18.683+0000] {docker.py:429} INFO - 26/03/14 23:50:18 INFO DAGScheduler: looking for newly runnable stages
[2026-03-14T23:50:18.683+0000] {docker.py:429} INFO - 26/03/14 23:50:18 INFO DAGScheduler: running: Set()
[2026-03-14T23:50:18.683+0000] {docker.py:429} INFO - 26/03/14 23:50:18 INFO DAGScheduler: waiting: Set()
[2026-03-14T23:50:18.683+0000] {docker.py:429} INFO - 26/03/14 23:50:18 INFO DAGScheduler: failed: Set()
[2026-03-14T23:50:18.713+0000] {docker.py:429} INFO - 26/03/14 23:50:18 INFO CodeGenerator: Code generated in 6.860474 ms
[2026-03-14T23:50:18.725+0000] {docker.py:429} INFO - 26/03/14 23:50:18 INFO SparkContext: Starting job: count at NativeMethodAccessorImpl.java:0
[2026-03-14T23:50:18.727+0000] {docker.py:429} INFO - 26/03/14 23:50:18 INFO DAGScheduler: Got job 2 (count at NativeMethodAccessorImpl.java:0) with 1 output partitions
[2026-03-14T23:50:18.727+0000] {docker.py:429} INFO - 26/03/14 23:50:18 INFO DAGScheduler: Final stage: ResultStage 3 (count at NativeMethodAccessorImpl.java:0)
[2026-03-14T23:50:18.727+0000] {docker.py:429} INFO - 26/03/14 23:50:18 INFO DAGScheduler: Parents of final stage: List(ShuffleMapStage 2)
[2026-03-14T23:50:18.727+0000] {docker.py:429} INFO - 26/03/14 23:50:18 INFO DAGScheduler: Missing parents: List()
[2026-03-14T23:50:18.728+0000] {docker.py:429} INFO - 26/03/14 23:50:18 INFO DAGScheduler: Submitting ResultStage 3 (MapPartitionsRDD[9] at count at NativeMethodAccessorImpl.java:0), which has no missing parents
[2026-03-14T23:50:18.734+0000] {docker.py:429} INFO - 26/03/14 23:50:18 INFO MemoryStore: Block broadcast_4 stored as values in memory (estimated size 12.5 KiB, free 434.1 MiB)
[2026-03-14T23:50:18.739+0000] {docker.py:429} INFO - 26/03/14 23:50:18 INFO MemoryStore: Block broadcast_4_piece0 stored as bytes in memory (estimated size 5.9 KiB, free 434.1 MiB)
[2026-03-14T23:50:18.739+0000] {docker.py:429} INFO - 26/03/14 23:50:18 INFO BlockManagerInfo: Added broadcast_4_piece0 in memory on eda908a31f18:36533 (size: 5.9 KiB, free: 434.4 MiB)
[2026-03-14T23:50:18.740+0000] {docker.py:429} INFO - 26/03/14 23:50:18 INFO BlockManagerInfo: Removed broadcast_3_piece0 on eda908a31f18:36533 in memory (size: 8.3 KiB, free: 434.4 MiB)
[2026-03-14T23:50:18.740+0000] {docker.py:429} INFO - 26/03/14 23:50:18 INFO SparkContext: Created broadcast 4 from broadcast at DAGScheduler.scala:1585
[2026-03-14T23:50:18.740+0000] {docker.py:429} INFO - 26/03/14 23:50:18 INFO DAGScheduler: Submitting 1 missing tasks from ResultStage 3 (MapPartitionsRDD[9] at count at NativeMethodAccessorImpl.java:0) (first 15 tasks are for partitions Vector(0))
[2026-03-14T23:50:18.740+0000] {docker.py:429} INFO - 26/03/14 23:50:18 INFO TaskSchedulerImpl: Adding task set 3.0 with 1 tasks resource profile 0
[2026-03-14T23:50:18.744+0000] {docker.py:429} INFO - 26/03/14 23:50:18 INFO TaskSetManager: Starting task 0.0 in stage 3.0 (TID 8) (eda908a31f18, executor driver, partition 0, NODE_LOCAL, 8797 bytes)
[2026-03-14T23:50:18.745+0000] {docker.py:429} INFO - 26/03/14 23:50:18 INFO Executor: Running task 0.0 in stage 3.0 (TID 8)
[2026-03-14T23:50:18.769+0000] {docker.py:429} INFO - 26/03/14 23:50:18 INFO ShuffleBlockFetcherIterator: Getting 7 (420.0 B) non-empty blocks including 7 (420.0 B) local and 0 (0.0 B) host-local and 0 (0.0 B) push-merged-local and 0 (0.0 B) remote blocks
[2026-03-14T23:50:18.770+0000] {docker.py:429} INFO - 26/03/14 23:50:18 INFO ShuffleBlockFetcherIterator: Started 0 remote fetches in 6 ms
[2026-03-14T23:50:18.782+0000] {docker.py:429} INFO - 26/03/14 23:50:18 INFO CodeGenerator: Code generated in 8.431262 ms
[2026-03-14T23:50:18.792+0000] {docker.py:429} INFO - 26/03/14 23:50:18 INFO Executor: Finished task 0.0 in stage 3.0 (TID 8). 4038 bytes result sent to driver
[2026-03-14T23:50:18.793+0000] {docker.py:429} INFO - 26/03/14 23:50:18 INFO TaskSetManager: Finished task 0.0 in stage 3.0 (TID 8) in 50 ms on eda908a31f18 (executor driver) (1/1)
[2026-03-14T23:50:18.793+0000] {docker.py:429} INFO - 26/03/14 23:50:18 INFO TaskSchedulerImpl: Removed TaskSet 3.0, whose tasks have all completed, from pool
[2026-03-14T23:50:18.794+0000] {docker.py:429} INFO - 26/03/14 23:50:18 INFO DAGScheduler: ResultStage 3 (count at NativeMethodAccessorImpl.java:0) finished in 0.062 s
[2026-03-14T23:50:18.794+0000] {docker.py:429} INFO - 26/03/14 23:50:18 INFO DAGScheduler: Job 2 is finished. Cancelling potential speculative or zombie tasks for this job
[2026-03-14T23:50:18.794+0000] {docker.py:429} INFO - 26/03/14 23:50:18 INFO TaskSchedulerImpl: Killing all running tasks in stage 3: Stage finished
[2026-03-14T23:50:18.795+0000] {docker.py:429} INFO - 26/03/14 23:50:18 INFO DAGScheduler: Job 2 finished: count at NativeMethodAccessorImpl.java:0, took 0.069164 s
[2026-03-14T23:50:18.798+0000] {docker.py:429} INFO - Found 129 records. Appending to Iceberg...
[2026-03-14T23:50:18.978+0000] {docker.py:429} INFO - 26/03/14 23:50:18 INFO CatalogUtil: Loading custom FileIO implementation: org.apache.iceberg.hadoop.HadoopFileIO
[2026-03-14T23:50:19.233+0000] {docker.py:429} INFO - 26/03/14 23:50:19 INFO BaseMetastoreTableOperations: Refreshing table metadata from new version: s3a://warehouse/gold/sensor_telemetry_historical_2d5736bc-ddcb-4955-b7c3-8a46e0b83281/metadata/00001-3ad07bb2-f950-4012-bf7b-cfc35032a7ef.metadata.json
[2026-03-14T23:50:19.286+0000] {docker.py:429} INFO - 26/03/14 23:50:19 INFO NessieUtil: loadTableMetadata for 'gold.sensor_telemetry_historical' from location 's3a://warehouse/gold/sensor_telemetry_historical_2d5736bc-ddcb-4955-b7c3-8a46e0b83281/metadata/00001-3ad07bb2-f950-4012-bf7b-cfc35032a7ef.metadata.json' at 'Branch{name=main, metadata=null, hash=e2f9b0d53a163dd3ecda4fbf7ff06fde59a4dc68d7af24eb9f4bf74db01190ec}'
[2026-03-14T23:50:19.290+0000] {docker.py:429} INFO - 26/03/14 23:50:19 INFO BaseMetastoreCatalog: Table loaded by catalog: nessie.gold.sensor_telemetry_historical
[2026-03-14T23:50:19.328+0000] {docker.py:429} INFO - 26/03/14 23:50:19 INFO SparkWrite: Requesting 0 bytes advisory partition size for table nessie.gold.sensor_telemetry_historical
26/03/14 23:50:19 INFO SparkWrite: Requesting UnspecifiedDistribution as write distribution for table nessie.gold.sensor_telemetry_historical
[2026-03-14T23:50:19.329+0000] {docker.py:429} INFO - 26/03/14 23:50:19 INFO SparkWrite: Requesting [] as write ordering for table nessie.gold.sensor_telemetry_historical
[2026-03-14T23:50:19.334+0000] {docker.py:429} INFO - 26/03/14 23:50:19 INFO FileSourceStrategy: Pushed Filters:
[2026-03-14T23:50:19.334+0000] {docker.py:429} INFO - 26/03/14 23:50:19 INFO FileSourceStrategy: Post-Scan Filters:
[2026-03-14T23:50:19.339+0000] {docker.py:429} INFO - 26/03/14 23:50:19 INFO MemoryStore: Block broadcast_5 stored as values in memory (estimated size 206.0 KiB, free 433.9 MiB)
[2026-03-14T23:50:19.351+0000] {docker.py:429} INFO - 26/03/14 23:50:19 INFO BlockManagerInfo: Removed broadcast_2_piece0 on eda908a31f18:36533 in memory (size: 36.3 KiB, free: 434.4 MiB)
[2026-03-14T23:50:19.352+0000] {docker.py:429} INFO - 26/03/14 23:50:19 INFO MemoryStore: Block broadcast_5_piece0 stored as bytes in memory (estimated size 36.3 KiB, free 433.9 MiB)
[2026-03-14T23:50:19.353+0000] {docker.py:429} INFO - 26/03/14 23:50:19 INFO BlockManagerInfo: Added broadcast_5_piece0 in memory on eda908a31f18:36533 (size: 36.3 KiB, free: 434.4 MiB)
[2026-03-14T23:50:19.353+0000] {docker.py:429} INFO - 26/03/14 23:50:19 INFO SparkContext: Created broadcast 5 from saveAsTable at NativeMethodAccessorImpl.java:0
[2026-03-14T23:50:19.353+0000] {docker.py:429} INFO - 26/03/14 23:50:19 INFO FileSourceScanExec: Planning scan with bin packing, max size: 4194304 bytes, open cost is considered as scanning 4194304 bytes.
[2026-03-14T23:50:19.354+0000] {docker.py:429} INFO - 26/03/14 23:50:19 INFO BlockManagerInfo: Removed broadcast_4_piece0 on eda908a31f18:36533 in memory (size: 5.9 KiB, free: 434.4 MiB)
[2026-03-14T23:50:19.362+0000] {docker.py:429} INFO - 26/03/14 23:50:19 INFO MemoryStore: Block broadcast_6 stored as values in memory (estimated size 32.0 KiB, free 434.1 MiB)
[2026-03-14T23:50:19.372+0000] {docker.py:429} INFO - 26/03/14 23:50:19 INFO MemoryStore: Block broadcast_6_piece0 stored as bytes in memory (estimated size 30.6 KiB, free 434.1 MiB)
[2026-03-14T23:50:19.372+0000] {docker.py:429} INFO - 26/03/14 23:50:19 INFO BlockManagerInfo: Added broadcast_6_piece0 in memory on eda908a31f18:36533 (size: 30.6 KiB, free: 434.3 MiB)
[2026-03-14T23:50:19.373+0000] {docker.py:429} INFO - 26/03/14 23:50:19 INFO SparkContext: Created broadcast 6 from broadcast at SparkWrite.java:193
[2026-03-14T23:50:19.374+0000] {docker.py:429} INFO - 26/03/14 23:50:19 INFO AppendDataExec: Start processing data source write support: IcebergBatchWrite(table=nessie.gold.sensor_telemetry_historical, format=PARQUET). The input RDD has 7 partitions.
[2026-03-14T23:50:19.381+0000] {docker.py:429} INFO - 26/03/14 23:50:19 INFO SparkContext: Starting job: saveAsTable at NativeMethodAccessorImpl.java:0
[2026-03-14T23:50:19.382+0000] {docker.py:429} INFO - 26/03/14 23:50:19 INFO DAGScheduler: Got job 3 (saveAsTable at NativeMethodAccessorImpl.java:0) with 7 output partitions
26/03/14 23:50:19 INFO DAGScheduler: Final stage: ResultStage 4 (saveAsTable at NativeMethodAccessorImpl.java:0)
[2026-03-14T23:50:19.382+0000] {docker.py:429} INFO - 26/03/14 23:50:19 INFO DAGScheduler: Parents of final stage: List()
[2026-03-14T23:50:19.382+0000] {docker.py:429} INFO - 26/03/14 23:50:19 INFO DAGScheduler: Missing parents: List()
[2026-03-14T23:50:19.382+0000] {docker.py:429} INFO - 26/03/14 23:50:19 INFO DAGScheduler: Submitting ResultStage 4 (MapPartitionsRDD[11] at saveAsTable at NativeMethodAccessorImpl.java:0), which has no missing parents
[2026-03-14T23:50:19.384+0000] {docker.py:429} INFO - 26/03/14 23:50:19 INFO MemoryStore: Block broadcast_7 stored as values in memory (estimated size 13.2 KiB, free 434.1 MiB)
[2026-03-14T23:50:19.389+0000] {docker.py:429} INFO - 26/03/14 23:50:19 INFO MemoryStore: Block broadcast_7_piece0 stored as bytes in memory (estimated size 6.9 KiB, free 434.1 MiB)
[2026-03-14T23:50:19.389+0000] {docker.py:429} INFO - 26/03/14 23:50:19 INFO BlockManagerInfo: Added broadcast_7_piece0 in memory on eda908a31f18:36533 (size: 6.9 KiB, free: 434.3 MiB)
[2026-03-14T23:50:19.390+0000] {docker.py:429} INFO - 26/03/14 23:50:19 INFO SparkContext: Created broadcast 7 from broadcast at DAGScheduler.scala:1585
[2026-03-14T23:50:19.390+0000] {docker.py:429} INFO - 26/03/14 23:50:19 INFO DAGScheduler: Submitting 7 missing tasks from ResultStage 4 (MapPartitionsRDD[11] at saveAsTable at NativeMethodAccessorImpl.java:0) (first 15 tasks are for partitions Vector(0, 1, 2, 3, 4, 5, 6))
[2026-03-14T23:50:19.390+0000] {docker.py:429} INFO - 26/03/14 23:50:19 INFO TaskSchedulerImpl: Adding task set 4.0 with 7 tasks resource profile 0
[2026-03-14T23:50:19.391+0000] {docker.py:429} INFO - 26/03/14 23:50:19 INFO TaskSetManager: Starting task 0.0 in stage 4.0 (TID 9) (eda908a31f18, executor driver, partition 0, PROCESS_LOCAL, 9421 bytes)
[2026-03-14T23:50:19.391+0000] {docker.py:429} INFO - 26/03/14 23:50:19 INFO TaskSetManager: Starting task 1.0 in stage 4.0 (TID 10) (eda908a31f18, executor driver, partition 1, PROCESS_LOCAL, 9421 bytes)
[2026-03-14T23:50:19.392+0000] {docker.py:429} INFO - 26/03/14 23:50:19 INFO TaskSetManager: Starting task 2.0 in stage 4.0 (TID 11) (eda908a31f18, executor driver, partition 2, PROCESS_LOCAL, 9421 bytes)
[2026-03-14T23:50:19.392+0000] {docker.py:429} INFO - 26/03/14 23:50:19 INFO TaskSetManager: Starting task 3.0 in stage 4.0 (TID 12) (eda908a31f18, executor driver, partition 3, PROCESS_LOCAL, 9421 bytes)
[2026-03-14T23:50:19.392+0000] {docker.py:429} INFO - 26/03/14 23:50:19 INFO TaskSetManager: Starting task 4.0 in stage 4.0 (TID 13) (eda908a31f18, executor driver, partition 4, PROCESS_LOCAL, 9421 bytes)
[2026-03-14T23:50:19.392+0000] {docker.py:429} INFO - 26/03/14 23:50:19 INFO TaskSetManager: Starting task 5.0 in stage 4.0 (TID 14) (eda908a31f18, executor driver, partition 5, PROCESS_LOCAL, 9421 bytes)
[2026-03-14T23:50:19.393+0000] {docker.py:429} INFO - 26/03/14 23:50:19 INFO TaskSetManager: Starting task 6.0 in stage 4.0 (TID 15) (eda908a31f18, executor driver, partition 6, PROCESS_LOCAL, 9421 bytes)
[2026-03-14T23:50:19.393+0000] {docker.py:429} INFO - 26/03/14 23:50:19 INFO Executor: Running task 1.0 in stage 4.0 (TID 10)
26/03/14 23:50:19 INFO Executor: Running task 0.0 in stage 4.0 (TID 9)
26/03/14 23:50:19 INFO Executor: Running task 2.0 in stage 4.0 (TID 11)
26/03/14 23:50:19 INFO Executor: Running task 3.0 in stage 4.0 (TID 12)
26/03/14 23:50:19 INFO Executor: Running task 4.0 in stage 4.0 (TID 13)
26/03/14 23:50:19 INFO Executor: Running task 5.0 in stage 4.0 (TID 14)
26/03/14 23:50:19 INFO Executor: Running task 6.0 in stage 4.0 (TID 15)
[2026-03-14T23:50:19.471+0000] {docker.py:429} INFO - 26/03/14 23:50:19 INFO CodecPool: Got brand-new compressor [.zstd]
26/03/14 23:50:19 INFO CodecPool: Got brand-new compressor [.zstd]
26/03/14 23:50:19 INFO CodecPool: Got brand-new compressor [.zstd]
26/03/14 23:50:19 INFO CodecPool: Got brand-new compressor [.zstd]
[2026-03-14T23:50:19.475+0000] {docker.py:429} INFO - 26/03/14 23:50:19 INFO CodecPool: Got brand-new compressor [.zstd]
26/03/14 23:50:19 INFO CodecPool: Got brand-new compressor [.zstd]
[2026-03-14T23:50:19.476+0000] {docker.py:429} INFO - 26/03/14 23:50:19 INFO CodecPool: Got brand-new compressor [.zstd]
[2026-03-14T23:50:19.639+0000] {docker.py:429} INFO - 26/03/14 23:50:19 INFO FileScanRDD: Reading File path: s3a://landing-zone/telemetry/2026/03/14/batch_1773532013.json, range: 0-1448, partition values: [empty row]
26/03/14 23:50:19 INFO FileScanRDD: Reading File path: s3a://landing-zone/telemetry/2026/03/14/batch_1773532075.json, range: 0-1449, partition values: [empty row]
26/03/14 23:50:19 INFO FileScanRDD: Reading File path: s3a://landing-zone/telemetry/2026/03/14/batch_1773532199.json, range: 0-1447, partition values: [empty row]
26/03/14 23:50:19 INFO FileScanRDD: Reading File path: s3a://landing-zone/telemetry/2026/03/14/batch_1773532137.json, range: 0-1689, partition values: [empty row]
26/03/14 23:50:19 INFO FileScanRDD: Reading File path: s3a://landing-zone/telemetry/2026/03/14/batch_1773532168.json, range: 0-1446, partition values: [empty row]
26/03/14 23:50:19 INFO FileScanRDD: Reading File path: s3a://landing-zone/telemetry/2026/03/14/batch_1773532106.json, range: 0-1447, partition values: [empty row]
26/03/14 23:50:19 INFO FileScanRDD: Reading File path: s3a://landing-zone/telemetry/2026/03/14/batch_1773532044.json, range: 0-1446, partition values: [empty row]
[2026-03-14T23:50:19.650+0000] {docker.py:429} INFO - 26/03/14 23:50:19 INFO CodeGenerator: Code generated in 7.723675 ms
[2026-03-14T23:50:19.670+0000] {docker.py:429} INFO - 26/03/14 23:50:19 INFO DataWritingSparkTask: Commit authorized for partition 0 (task 9, attempt 0, stage 4.0)
26/03/14 23:50:19 INFO DataWritingSparkTask: Commit authorized for partition 4 (task 13, attempt 0, stage 4.0)
26/03/14 23:50:19 INFO DataWritingSparkTask: Commit authorized for partition 5 (task 14, attempt 0, stage 4.0)
26/03/14 23:50:19 INFO DataWritingSparkTask: Commit authorized for partition 3 (task 12, attempt 0, stage 4.0)
26/03/14 23:50:19 INFO DataWritingSparkTask: Commit authorized for partition 1 (task 10, attempt 0, stage 4.0)
26/03/14 23:50:19 INFO DataWritingSparkTask: Commit authorized for partition 6 (task 15, attempt 0, stage 4.0)
26/03/14 23:50:19 INFO DataWritingSparkTask: Commit authorized for partition 2 (task 11, attempt 0, stage 4.0)
[2026-03-14T23:50:19.937+0000] {docker.py:429} INFO - 26/03/14 23:50:19 INFO DataWritingSparkTask: Committed partition 1 (task 10, attempt 0, stage 4.0)
26/03/14 23:50:19 INFO DataWritingSparkTask: Committed partition 4 (task 13, attempt 0, stage 4.0)
26/03/14 23:50:19 INFO DataWritingSparkTask: Committed partition 0 (task 9, attempt 0, stage 4.0)
[2026-03-14T23:50:19.942+0000] {docker.py:429} INFO - 26/03/14 23:50:19 INFO DataWritingSparkTask: Committed partition 3 (task 12, attempt 0, stage 4.0)
26/03/14 23:50:19 INFO DataWritingSparkTask: Committed partition 6 (task 15, attempt 0, stage 4.0)
[2026-03-14T23:50:19.944+0000] {docker.py:429} INFO - 26/03/14 23:50:19 INFO DataWritingSparkTask: Committed partition 5 (task 14, attempt 0, stage 4.0)
[2026-03-14T23:50:19.946+0000] {docker.py:429} INFO - 26/03/14 23:50:19 INFO Executor: Finished task 3.0 in stage 4.0 (TID 12). 4140 bytes result sent to driver
26/03/14 23:50:19 INFO Executor: Finished task 0.0 in stage 4.0 (TID 9). 4139 bytes result sent to driver
26/03/14 23:50:19 INFO Executor: Finished task 1.0 in stage 4.0 (TID 10). 4140 bytes result sent to driver
26/03/14 23:50:19 INFO Executor: Finished task 4.0 in stage 4.0 (TID 13). 4140 bytes result sent to driver
26/03/14 23:50:19 INFO Executor: Finished task 6.0 in stage 4.0 (TID 15). 4140 bytes result sent to driver
26/03/14 23:50:19 INFO Executor: Finished task 5.0 in stage 4.0 (TID 14). 4140 bytes result sent to driver
[2026-03-14T23:50:19.947+0000] {docker.py:429} INFO - 26/03/14 23:50:19 INFO DataWritingSparkTask: Committed partition 2 (task 11, attempt 0, stage 4.0)
[2026-03-14T23:50:19.948+0000] {docker.py:429} INFO - 26/03/14 23:50:19 INFO TaskSetManager: Finished task 3.0 in stage 4.0 (TID 12) in 556 ms on eda908a31f18 (executor driver) (1/7)
[2026-03-14T23:50:19.948+0000] {docker.py:429} INFO - 26/03/14 23:50:19 INFO TaskSetManager: Finished task 4.0 in stage 4.0 (TID 13) in 556 ms on eda908a31f18 (executor driver) (2/7)
[2026-03-14T23:50:19.948+0000] {docker.py:429} INFO - 26/03/14 23:50:19 INFO Executor: Finished task 2.0 in stage 4.0 (TID 11). 4097 bytes result sent to driver
[2026-03-14T23:50:19.949+0000] {docker.py:429} INFO - 26/03/14 23:50:19 INFO TaskSetManager: Finished task 1.0 in stage 4.0 (TID 10) in 557 ms on eda908a31f18 (executor driver) (3/7)
[2026-03-14T23:50:19.949+0000] {docker.py:429} INFO - 26/03/14 23:50:19 INFO TaskSetManager: Finished task 0.0 in stage 4.0 (TID 9) in 557 ms on eda908a31f18 (executor driver) (4/7)
[2026-03-14T23:50:19.949+0000] {docker.py:429} INFO - 26/03/14 23:50:19 INFO TaskSetManager: Finished task 2.0 in stage 4.0 (TID 11) in 558 ms on eda908a31f18 (executor driver) (5/7)
[2026-03-14T23:50:19.949+0000] {docker.py:429} INFO - 26/03/14 23:50:19 INFO TaskSetManager: Finished task 6.0 in stage 4.0 (TID 15) in 557 ms on eda908a31f18 (executor driver) (6/7)
[2026-03-14T23:50:19.950+0000] {docker.py:429} INFO - 26/03/14 23:50:19 INFO TaskSetManager: Finished task 5.0 in stage 4.0 (TID 14) in 557 ms on eda908a31f18 (executor driver) (7/7)
[2026-03-14T23:50:19.950+0000] {docker.py:429} INFO - 26/03/14 23:50:19 INFO TaskSchedulerImpl: Removed TaskSet 4.0, whose tasks have all completed, from pool
[2026-03-14T23:50:19.951+0000] {docker.py:429} INFO - 26/03/14 23:50:19 INFO DAGScheduler: ResultStage 4 (saveAsTable at NativeMethodAccessorImpl.java:0) finished in 0.567 s
[2026-03-14T23:50:19.951+0000] {docker.py:429} INFO - 26/03/14 23:50:19 INFO DAGScheduler: Job 3 is finished. Cancelling potential speculative or zombie tasks for this job
[2026-03-14T23:50:19.951+0000] {docker.py:429} INFO - 26/03/14 23:50:19 INFO TaskSchedulerImpl: Killing all running tasks in stage 4: Stage finished
[2026-03-14T23:50:19.951+0000] {docker.py:429} INFO - 26/03/14 23:50:19 INFO DAGScheduler: Job 3 finished: saveAsTable at NativeMethodAccessorImpl.java:0, took 0.569902 s
[2026-03-14T23:50:19.952+0000] {docker.py:429} INFO - 26/03/14 23:50:19 INFO AppendDataExec: Data source write support IcebergBatchWrite(table=nessie.gold.sensor_telemetry_historical, format=PARQUET) is committing.
[2026-03-14T23:50:19.984+0000] {docker.py:429} INFO - 26/03/14 23:50:19 INFO SparkWrite: Committing append with 7 new data files to table nessie.gold.sensor_telemetry_historical
[2026-03-14T23:50:20.212+0000] {docker.py:429} INFO - 26/03/14 23:50:20 INFO NessieIcebergClient: Committed 'gold.sensor_telemetry_historical' against 'Branch{name=main, metadata=null, hash=c10ed5616a46c0a1340a2e30e6458a6f4e1dc670bbd3af6367ff3c289a6f3bc8}', expected commit-id was 'e2f9b0d53a163dd3ecda4fbf7ff06fde59a4dc68d7af24eb9f4bf74db01190ec'
[2026-03-14T23:50:20.213+0000] {docker.py:429} INFO - 26/03/14 23:50:20 INFO BaseMetastoreTableOperations: Successfully committed to table gold.sensor_telemetry_historical in 34 ms
[2026-03-14T23:50:20.213+0000] {docker.py:429} INFO - 26/03/14 23:50:20 INFO SnapshotProducer: Committed snapshot 4542434007481554853 (MergeAppend)
[2026-03-14T23:50:20.223+0000] {docker.py:429} INFO - 26/03/14 23:50:20 INFO BaseMetastoreTableOperations: Refreshing table metadata from new version: s3a://warehouse/gold/sensor_telemetry_historical_2d5736bc-ddcb-4955-b7c3-8a46e0b83281/metadata/00002-1a2f450b-e137-41b6-b4db-52d40654755b.metadata.json
[2026-03-14T23:50:20.228+0000] {docker.py:429} INFO - 26/03/14 23:50:20 INFO NessieUtil: loadTableMetadata for 'gold.sensor_telemetry_historical' from location 's3a://warehouse/gold/sensor_telemetry_historical_2d5736bc-ddcb-4955-b7c3-8a46e0b83281/metadata/00002-1a2f450b-e137-41b6-b4db-52d40654755b.metadata.json' at 'Branch{name=main, metadata=null, hash=c10ed5616a46c0a1340a2e30e6458a6f4e1dc670bbd3af6367ff3c289a6f3bc8}'
[2026-03-14T23:50:20.257+0000] {docker.py:429} INFO - 26/03/14 23:50:20 INFO LoggingMetricsReporter: Received metrics report: CommitReport{tableName=nessie.gold.sensor_telemetry_historical, snapshotId=4542434007481554853, sequenceNumber=3, operation=append, commitMetrics=CommitMetricsResult{totalDuration=TimerResult{timeUnit=NANOSECONDS, totalDuration=PT0.247503042S, count=1}, attempts=CounterResult{unit=COUNT, value=1}, addedDataFiles=CounterResult{unit=COUNT, value=7}, removedDataFiles=null, totalDataFiles=CounterResult{unit=COUNT, value=60}, addedDeleteFiles=null, addedEqualityDeleteFiles=null, addedPositionalDeleteFiles=null, removedDeleteFiles=null, removedEqualityDeleteFiles=null, removedPositionalDeleteFiles=null, totalDeleteFiles=CounterResult{unit=COUNT, value=0}, addedRecords=CounterResult{unit=COUNT, value=129}, removedRecords=null, totalRecords=CounterResult{unit=COUNT, value=23963}, addedFilesSizeInBytes=CounterResult{unit=BYTES, value=11196}, removedFilesSizeInBytes=null, totalFilesSizeInBytes=CounterResult{unit=BYTES, value=252192}, addedPositionalDeletes=null, removedPositionalDeletes=null, totalPositionalDeletes=CounterResult{unit=COUNT, value=0}, addedEqualityDeletes=null, removedEqualityDeletes=null, totalEqualityDeletes=CounterResult{unit=COUNT, value=0}}, metadata={engine-version=3.5.1, app-id=local-1773532215088, engine-name=spark, iceberg-version=Apache Iceberg 1.4.3 (commit 9a5d24fee239352021a9a73f6a4cad8ecf464f01)}}
26/03/14 23:50:20 INFO SparkWrite: Committed in 273 ms
[2026-03-14T23:50:20.257+0000] {docker.py:429} INFO - 26/03/14 23:50:20 INFO AppendDataExec: Data source write support IcebergBatchWrite(table=nessie.gold.sensor_telemetry_historical, format=PARQUET) committed.
[2026-03-14T23:50:20.290+0000] {docker.py:429} INFO - ✅ Batch complete! Appended to Lakehouse and cleared landing zone.
[2026-03-14T23:50:20.321+0000] {docker.py:429} INFO - 26/03/14 23:50:20 INFO SparkContext: Invoking stop() from shutdown hook
[2026-03-14T23:50:20.321+0000] {docker.py:429} INFO - 26/03/14 23:50:20 INFO SparkContext: SparkContext is stopping with exitCode 0.
[2026-03-14T23:50:20.326+0000] {docker.py:429} INFO - 26/03/14 23:50:20 INFO SparkUI: Stopped Spark web UI at http://eda908a31f18:4040
[2026-03-14T23:50:20.331+0000] {docker.py:429} INFO - 26/03/14 23:50:20 INFO MapOutputTrackerMasterEndpoint: MapOutputTrackerMasterEndpoint stopped!
[2026-03-14T23:50:20.339+0000] {docker.py:429} INFO - 26/03/14 23:50:20 INFO MemoryStore: MemoryStore cleared
[2026-03-14T23:50:20.339+0000] {docker.py:429} INFO - 26/03/14 23:50:20 INFO BlockManager: BlockManager stopped
[2026-03-14T23:50:20.341+0000] {docker.py:429} INFO - 26/03/14 23:50:20 INFO BlockManagerMaster: BlockManagerMaster stopped
[2026-03-14T23:50:20.341+0000] {docker.py:429} INFO - 26/03/14 23:50:20 INFO OutputCommitCoordinator$OutputCommitCoordinatorEndpoint: OutputCommitCoordinator stopped!
[2026-03-14T23:50:20.346+0000] {docker.py:429} INFO - 26/03/14 23:50:20 INFO SparkContext: Successfully stopped SparkContext
[2026-03-14T23:50:20.346+0000] {docker.py:429} INFO - 26/03/14 23:50:20 INFO ShutdownHookManager: Shutdown hook called
[2026-03-14T23:50:20.347+0000] {docker.py:429} INFO - 26/03/14 23:50:20 INFO ShutdownHookManager: Deleting directory /tmp/spark-84a037a5-ddbf-4f85-8619-24c874ee97f6
[2026-03-14T23:50:20.350+0000] {docker.py:429} INFO - 26/03/14 23:50:20 INFO ShutdownHookManager: Deleting directory /tmp/spark-84a037a5-ddbf-4f85-8619-24c874ee97f6/pyspark-4a1aca08-b5d9-49e0-805a-15d10ed11ca8
[2026-03-14T23:50:20.353+0000] {docker.py:429} INFO - 26/03/14 23:50:20 INFO ShutdownHookManager: Deleting directory /tmp/spark-a813b7c8-ef58-4541-83d3-3f3e347f81e9
[2026-03-14T23:50:20.359+0000] {docker.py:429} INFO - 26/03/14 23:50:20 INFO MetricsSystemImpl: Stopping s3a-file-system metrics system...
[2026-03-14T23:50:20.359+0000] {docker.py:429} INFO - 26/03/14 23:50:20 INFO MetricsSystemImpl: s3a-file-system metrics system stopped.
[2026-03-14T23:50:20.359+0000] {docker.py:429} INFO - 26/03/14 23:50:20 INFO MetricsSystemImpl: s3a-file-system metrics system shutdown complete.
[2026-03-14T23:50:21.152+0000] {taskinstance.py:1149} INFO - Marking task as SUCCESS. dag_id=lakehouse_telemetry_ingestion, task_id=run_spark_iceberg_ingestion, execution_date=20260314T234500, start_date=20260314T235003, end_date=20260314T235021
[2026-03-14T23:50:21.182+0000] {local_task_job_runner.py:234} INFO - Task exited with return code 0
[2026-03-14T23:50:21.194+0000] {taskinstance.py:3309} INFO - 0 downstream tasks scheduled from follow-on schedule check
