[2026-03-15T00:10:02.863+0000] {taskinstance.py:1979} INFO - Dependencies all met for dep_context=non-requeueable deps ti=<TaskInstance: lakehouse_telemetry_ingestion.run_spark_iceberg_ingestion scheduled__2026-03-15T00:05:00+00:00 [queued]>
[2026-03-15T00:10:02.866+0000] {taskinstance.py:1979} INFO - Dependencies all met for dep_context=requeueable deps ti=<TaskInstance: lakehouse_telemetry_ingestion.run_spark_iceberg_ingestion scheduled__2026-03-15T00:05:00+00:00 [queued]>
[2026-03-15T00:10:02.866+0000] {taskinstance.py:2193} INFO - Starting attempt 1 of 2
[2026-03-15T00:10:02.875+0000] {taskinstance.py:2214} INFO - Executing <Task(DockerOperator): run_spark_iceberg_ingestion> on 2026-03-15 00:05:00+00:00
[2026-03-15T00:10:02.878+0000] {standard_task_runner.py:60} INFO - Started process 1094 to run task
[2026-03-15T00:10:02.881+0000] {standard_task_runner.py:87} INFO - Running: ['airflow', 'tasks', 'run', 'lakehouse_telemetry_ingestion', 'run_spark_iceberg_ingestion', 'scheduled__2026-03-15T00:05:00+00:00', '--job-id', '11', '--raw', '--subdir', 'DAGS_FOLDER/telemetry_batch.py', '--cfg-path', '/tmp/tmp3ie_xch5']
[2026-03-15T00:10:02.882+0000] {standard_task_runner.py:88} INFO - Job 11: Subtask run_spark_iceberg_ingestion
[2026-03-15T00:10:02.901+0000] {task_command.py:423} INFO - Running <TaskInstance: lakehouse_telemetry_ingestion.run_spark_iceberg_ingestion scheduled__2026-03-15T00:05:00+00:00 [running]> on host faf6527c0c5a
[2026-03-15T00:10:02.942+0000] {taskinstance.py:2510} INFO - Exporting env vars: AIRFLOW_CTX_DAG_OWNER='enwyse-data-eng' AIRFLOW_CTX_DAG_ID='lakehouse_telemetry_ingestion' AIRFLOW_CTX_TASK_ID='run_spark_iceberg_ingestion' AIRFLOW_CTX_EXECUTION_DATE='2026-03-15T00:05:00+00:00' AIRFLOW_CTX_TRY_NUMBER='1' AIRFLOW_CTX_DAG_RUN_ID='scheduled__2026-03-15T00:05:00+00:00'
[2026-03-15T00:10:02.967+0000] {docker.py:359} INFO - Starting docker container from image bitnamilegacy/spark:3.5.1
[2026-03-15T00:10:03.177+0000] {docker.py:429} INFO - [38;5;6mspark [38;5;5m00:10:03.17 [0m[38;5;2mINFO [0m ==>
[2026-03-15T00:10:03.178+0000] {docker.py:429} INFO - [38;5;6mspark [38;5;5m00:10:03.17 [0m[38;5;2mINFO [0m ==> [1mWelcome to the Bitnami spark container[0m
[2026-03-15T00:10:03.179+0000] {docker.py:429} INFO - [38;5;6mspark [38;5;5m00:10:03.17 [0m[38;5;2mINFO [0m ==> Subscribe to project updates by watching [1mhttps://github.com/bitnami/containers[0m
[2026-03-15T00:10:03.181+0000] {docker.py:429} INFO - [38;5;6mspark [38;5;5m00:10:03.18 [0m[38;5;2mINFO [0m ==> Submit issues and feature requests at [1mhttps://github.com/bitnami/containers/issues[0m
[2026-03-15T00:10:03.182+0000] {docker.py:429} INFO - [38;5;6mspark [38;5;5m00:10:03.18 [0m[38;5;2mINFO [0m ==> Upgrade to Tanzu Application Catalog for production environments to access custom-configured and pre-packaged software components. Gain enhanced features, including Software Bill of Materials (SBOM), CVE scan result reports, and VEX documents. To learn more, visit [1mhttps://bitnami.com/enterprise[0m
[2026-03-15T00:10:03.183+0000] {docker.py:429} INFO - [38;5;6mspark [38;5;5m00:10:03.18 [0m[38;5;2mINFO [0m ==>
[2026-03-15T00:10:03.191+0000] {docker.py:429} INFO - 
[2026-03-15T00:10:04.005+0000] {docker.py:429} INFO - :: loading settings :: url = jar:file:/opt/bitnami/spark/jars/ivy-2.5.1.jar!/org/apache/ivy/core/settings/ivysettings.xml
[2026-03-15T00:10:04.044+0000] {docker.py:429} INFO - Ivy Default Cache set to: /opt/bitnami/spark/.ivy2/cache
The jars for the packages stored in: /opt/bitnami/spark/.ivy2/jars
[2026-03-15T00:10:04.046+0000] {docker.py:429} INFO - org.apache.iceberg#iceberg-spark-runtime-3.5_2.12 added as a dependency
[2026-03-15T00:10:04.047+0000] {docker.py:429} INFO - org.projectnessie.nessie-integrations#nessie-spark-extensions-3.5_2.12 added as a dependency
[2026-03-15T00:10:04.047+0000] {docker.py:429} INFO - org.apache.hadoop#hadoop-aws added as a dependency
[2026-03-15T00:10:04.047+0000] {docker.py:429} INFO - :: resolving dependencies :: org.apache.spark#spark-submit-parent-d8dce57b-db4e-4696-8ee1-55816e8fd6a1;1.0
	confs: [default]
[2026-03-15T00:10:04.672+0000] {docker.py:429} INFO - found org.apache.iceberg#iceberg-spark-runtime-3.5_2.12;1.4.3 in central
[2026-03-15T00:10:05.924+0000] {docker.py:429} INFO - found org.projectnessie.nessie-integrations#nessie-spark-extensions-3.5_2.12;0.77.1 in central
[2026-03-15T00:10:06.531+0000] {docker.py:429} INFO - found org.apache.hadoop#hadoop-aws;3.3.4 in central
[2026-03-15T00:10:07.459+0000] {docker.py:429} INFO - found com.amazonaws#aws-java-sdk-bundle;1.12.262 in central
[2026-03-15T00:10:07.990+0000] {docker.py:429} INFO - found org.wildfly.openssl#wildfly-openssl;1.0.7.Final in central
[2026-03-15T00:10:08.032+0000] {docker.py:429} INFO - downloading https://repo1.maven.org/maven2/org/apache/iceberg/iceberg-spark-runtime-3.5_2.12/1.4.3/iceberg-spark-runtime-3.5_2.12-1.4.3.jar ...
[2026-03-15T00:10:08.643+0000] {docker.py:429} INFO - [SUCCESSFUL ] org.apache.iceberg#iceberg-spark-runtime-3.5_2.12;1.4.3!iceberg-spark-runtime-3.5_2.12.jar (649ms)
[2026-03-15T00:10:08.682+0000] {docker.py:429} INFO - downloading https://repo1.maven.org/maven2/org/projectnessie/nessie-integrations/nessie-spark-extensions-3.5_2.12/0.77.1/nessie-spark-extensions-3.5_2.12-0.77.1.jar ...
[2026-03-15T00:10:08.747+0000] {docker.py:429} INFO - [SUCCESSFUL ] org.projectnessie.nessie-integrations#nessie-spark-extensions-3.5_2.12;0.77.1!nessie-spark-extensions-3.5_2.12.jar (102ms)
[2026-03-15T00:10:08.779+0000] {docker.py:429} INFO - downloading https://repo1.maven.org/maven2/org/apache/hadoop/hadoop-aws/3.3.4/hadoop-aws-3.3.4.jar ...
[2026-03-15T00:10:08.823+0000] {docker.py:429} INFO - [SUCCESSFUL ] org.apache.hadoop#hadoop-aws;3.3.4!hadoop-aws.jar (76ms)
[2026-03-15T00:10:08.860+0000] {docker.py:429} INFO - downloading https://repo1.maven.org/maven2/com/amazonaws/aws-java-sdk-bundle/1.12.262/aws-java-sdk-bundle-1.12.262.jar ...
[2026-03-15T00:10:13.107+0000] {docker.py:429} INFO - [SUCCESSFUL ] com.amazonaws#aws-java-sdk-bundle;1.12.262!aws-java-sdk-bundle.jar (4282ms)
[2026-03-15T00:10:13.145+0000] {docker.py:429} INFO - downloading https://repo1.maven.org/maven2/org/wildfly/openssl/wildfly-openssl/1.0.7.Final/wildfly-openssl-1.0.7.Final.jar ...
[2026-03-15T00:10:13.183+0000] {docker.py:429} INFO - [SUCCESSFUL ] org.wildfly.openssl#wildfly-openssl;1.0.7.Final!wildfly-openssl.jar (75ms)
[2026-03-15T00:10:13.184+0000] {docker.py:429} INFO - :: resolution report :: resolve 3946ms :: artifacts dl 5191ms
[2026-03-15T00:10:13.184+0000] {docker.py:429} INFO - :: modules in use:
[2026-03-15T00:10:13.184+0000] {docker.py:429} INFO - com.amazonaws#aws-java-sdk-bundle;1.12.262 from central in [default]
[2026-03-15T00:10:13.185+0000] {docker.py:429} INFO - org.apache.hadoop#hadoop-aws;3.3.4 from central in [default]
[2026-03-15T00:10:13.185+0000] {docker.py:429} INFO - org.apache.iceberg#iceberg-spark-runtime-3.5_2.12;1.4.3 from central in [default]
	org.projectnessie.nessie-integrations#nessie-spark-extensions-3.5_2.12;0.77.1 from central in [default]
[2026-03-15T00:10:13.185+0000] {docker.py:429} INFO - org.wildfly.openssl#wildfly-openssl;1.0.7.Final from central in [default]
[2026-03-15T00:10:13.185+0000] {docker.py:429} INFO - ---------------------------------------------------------------------
[2026-03-15T00:10:13.185+0000] {docker.py:429} INFO - |                  |            modules            ||   artifacts   |
[2026-03-15T00:10:13.185+0000] {docker.py:429} INFO - |       conf       | number| search|dwnlded|evicted|| number|dwnlded|
	---------------------------------------------------------------------
[2026-03-15T00:10:13.185+0000] {docker.py:429} INFO - |      default     |   5   |   5   |   5   |   0   ||   5   |   5   |
	---------------------------------------------------------------------
[2026-03-15T00:10:13.188+0000] {docker.py:429} INFO - :: retrieving :: org.apache.spark#spark-submit-parent-d8dce57b-db4e-4696-8ee1-55816e8fd6a1
[2026-03-15T00:10:13.189+0000] {docker.py:429} INFO - confs: [default]
[2026-03-15T00:10:13.482+0000] {docker.py:429} INFO - 5 artifacts copied, 0 already retrieved (306076kB/293ms)
[2026-03-15T00:10:13.582+0000] {docker.py:429} INFO - 26/03/15 00:10:13 WARN NativeCodeLoader: Unable to load native-hadoop library for your platform... using builtin-java classes where applicable
[2026-03-15T00:10:14.122+0000] {docker.py:429} INFO - 🚀 Initializing Spark Session for Enwyse Lakehouse...
[2026-03-15T00:10:14.179+0000] {docker.py:429} INFO - 26/03/15 00:10:14 INFO SparkContext: Running Spark version 3.5.1
[2026-03-15T00:10:14.180+0000] {docker.py:429} INFO - 26/03/15 00:10:14 INFO SparkContext: OS info Linux, 6.1.0-37-amd64, amd64
[2026-03-15T00:10:14.180+0000] {docker.py:429} INFO - 26/03/15 00:10:14 INFO SparkContext: Java version 17.0.12
[2026-03-15T00:10:14.191+0000] {docker.py:429} INFO - 26/03/15 00:10:14 INFO ResourceUtils: ==============================================================
[2026-03-15T00:10:14.191+0000] {docker.py:429} INFO - 26/03/15 00:10:14 INFO ResourceUtils: No custom resources configured for spark.driver.
[2026-03-15T00:10:14.191+0000] {docker.py:429} INFO - 26/03/15 00:10:14 INFO ResourceUtils: ==============================================================
[2026-03-15T00:10:14.192+0000] {docker.py:429} INFO - 26/03/15 00:10:14 INFO SparkContext: Submitted application: Enwyse-Batch-Ingestion
[2026-03-15T00:10:14.203+0000] {docker.py:429} INFO - 26/03/15 00:10:14 INFO ResourceProfile: Default ResourceProfile created, executor resources: Map(cores -> name: cores, amount: 1, script: , vendor: , memory -> name: memory, amount: 1024, script: , vendor: , offHeap -> name: offHeap, amount: 0, script: , vendor: ), task resources: Map(cpus -> name: cpus, amount: 1.0)
[2026-03-15T00:10:14.208+0000] {docker.py:429} INFO - 26/03/15 00:10:14 INFO ResourceProfile: Limiting resource is cpu
[2026-03-15T00:10:14.210+0000] {docker.py:429} INFO - 26/03/15 00:10:14 INFO ResourceProfileManager: Added ResourceProfile id: 0
[2026-03-15T00:10:14.241+0000] {docker.py:429} INFO - 26/03/15 00:10:14 INFO SecurityManager: Changing view acls to: spark
[2026-03-15T00:10:14.242+0000] {docker.py:429} INFO - 26/03/15 00:10:14 INFO SecurityManager: Changing modify acls to: spark
[2026-03-15T00:10:14.242+0000] {docker.py:429} INFO - 26/03/15 00:10:14 INFO SecurityManager: Changing view acls groups to:
[2026-03-15T00:10:14.242+0000] {docker.py:429} INFO - 26/03/15 00:10:14 INFO SecurityManager: Changing modify acls groups to:
[2026-03-15T00:10:14.242+0000] {docker.py:429} INFO - 26/03/15 00:10:14 INFO SecurityManager: SecurityManager: authentication disabled; ui acls disabled; users with view permissions: spark; groups with view permissions: EMPTY; users with modify permissions: spark; groups with modify permissions: EMPTY
[2026-03-15T00:10:14.360+0000] {docker.py:429} INFO - 26/03/15 00:10:14 INFO Utils: Successfully started service 'sparkDriver' on port 45191.
[2026-03-15T00:10:14.374+0000] {docker.py:429} INFO - 26/03/15 00:10:14 INFO SparkEnv: Registering MapOutputTracker
[2026-03-15T00:10:14.392+0000] {docker.py:429} INFO - 26/03/15 00:10:14 INFO SparkEnv: Registering BlockManagerMaster
[2026-03-15T00:10:14.401+0000] {docker.py:429} INFO - 26/03/15 00:10:14 INFO BlockManagerMasterEndpoint: Using org.apache.spark.storage.DefaultTopologyMapper for getting topology information
[2026-03-15T00:10:14.401+0000] {docker.py:429} INFO - 26/03/15 00:10:14 INFO BlockManagerMasterEndpoint: BlockManagerMasterEndpoint up
[2026-03-15T00:10:14.403+0000] {docker.py:429} INFO - 26/03/15 00:10:14 INFO SparkEnv: Registering BlockManagerMasterHeartbeat
[2026-03-15T00:10:14.414+0000] {docker.py:429} INFO - 26/03/15 00:10:14 INFO DiskBlockManager: Created local directory at /tmp/blockmgr-793d35be-511f-41f6-943b-b5176bcd3c60
[2026-03-15T00:10:14.422+0000] {docker.py:429} INFO - 26/03/15 00:10:14 INFO MemoryStore: MemoryStore started with capacity 434.4 MiB
[2026-03-15T00:10:14.430+0000] {docker.py:429} INFO - 26/03/15 00:10:14 INFO SparkEnv: Registering OutputCommitCoordinator
[2026-03-15T00:10:14.504+0000] {docker.py:429} INFO - 26/03/15 00:10:14 INFO JettyUtils: Start Jetty 0.0.0.0:4040 for SparkUI
[2026-03-15T00:10:14.540+0000] {docker.py:429} INFO - 26/03/15 00:10:14 INFO Utils: Successfully started service 'SparkUI' on port 4040.
[2026-03-15T00:10:14.565+0000] {docker.py:429} INFO - 26/03/15 00:10:14 INFO SparkContext: Added JAR file:///opt/bitnami/spark/.ivy2/jars/org.apache.iceberg_iceberg-spark-runtime-3.5_2.12-1.4.3.jar at spark://56d4691edc29:45191/jars/org.apache.iceberg_iceberg-spark-runtime-3.5_2.12-1.4.3.jar with timestamp 1773533414175
[2026-03-15T00:10:14.566+0000] {docker.py:429} INFO - 26/03/15 00:10:14 INFO SparkContext: Added JAR file:///opt/bitnami/spark/.ivy2/jars/org.projectnessie.nessie-integrations_nessie-spark-extensions-3.5_2.12-0.77.1.jar at spark://56d4691edc29:45191/jars/org.projectnessie.nessie-integrations_nessie-spark-extensions-3.5_2.12-0.77.1.jar with timestamp 1773533414175
[2026-03-15T00:10:14.566+0000] {docker.py:429} INFO - 26/03/15 00:10:14 INFO SparkContext: Added JAR file:///opt/bitnami/spark/.ivy2/jars/org.apache.hadoop_hadoop-aws-3.3.4.jar at spark://56d4691edc29:45191/jars/org.apache.hadoop_hadoop-aws-3.3.4.jar with timestamp 1773533414175
[2026-03-15T00:10:14.567+0000] {docker.py:429} INFO - 26/03/15 00:10:14 INFO SparkContext: Added JAR file:///opt/bitnami/spark/.ivy2/jars/com.amazonaws_aws-java-sdk-bundle-1.12.262.jar at spark://56d4691edc29:45191/jars/com.amazonaws_aws-java-sdk-bundle-1.12.262.jar with timestamp 1773533414175
[2026-03-15T00:10:14.567+0000] {docker.py:429} INFO - 26/03/15 00:10:14 INFO SparkContext: Added JAR file:///opt/bitnami/spark/.ivy2/jars/org.wildfly.openssl_wildfly-openssl-1.0.7.Final.jar at spark://56d4691edc29:45191/jars/org.wildfly.openssl_wildfly-openssl-1.0.7.Final.jar with timestamp 1773533414175
[2026-03-15T00:10:14.569+0000] {docker.py:429} INFO - 26/03/15 00:10:14 INFO SparkContext: Added file file:///opt/bitnami/spark/.ivy2/jars/org.apache.iceberg_iceberg-spark-runtime-3.5_2.12-1.4.3.jar at file:///opt/bitnami/spark/.ivy2/jars/org.apache.iceberg_iceberg-spark-runtime-3.5_2.12-1.4.3.jar with timestamp 1773533414175
[2026-03-15T00:10:14.570+0000] {docker.py:429} INFO - 26/03/15 00:10:14 INFO Utils: Copying /opt/bitnami/spark/.ivy2/jars/org.apache.iceberg_iceberg-spark-runtime-3.5_2.12-1.4.3.jar to /tmp/spark-9962c56e-f57a-4565-be75-fa8ef6fb5b64/userFiles-5eb08a7c-7aa1-43f7-8a5a-4eb49c98de2b/org.apache.iceberg_iceberg-spark-runtime-3.5_2.12-1.4.3.jar
[2026-03-15T00:10:14.603+0000] {docker.py:429} INFO - 26/03/15 00:10:14 INFO SparkContext: Added file file:///opt/bitnami/spark/.ivy2/jars/org.projectnessie.nessie-integrations_nessie-spark-extensions-3.5_2.12-0.77.1.jar at file:///opt/bitnami/spark/.ivy2/jars/org.projectnessie.nessie-integrations_nessie-spark-extensions-3.5_2.12-0.77.1.jar with timestamp 1773533414175
[2026-03-15T00:10:14.603+0000] {docker.py:429} INFO - 26/03/15 00:10:14 INFO Utils: Copying /opt/bitnami/spark/.ivy2/jars/org.projectnessie.nessie-integrations_nessie-spark-extensions-3.5_2.12-0.77.1.jar to /tmp/spark-9962c56e-f57a-4565-be75-fa8ef6fb5b64/userFiles-5eb08a7c-7aa1-43f7-8a5a-4eb49c98de2b/org.projectnessie.nessie-integrations_nessie-spark-extensions-3.5_2.12-0.77.1.jar
[2026-03-15T00:10:14.608+0000] {docker.py:429} INFO - 26/03/15 00:10:14 INFO SparkContext: Added file file:///opt/bitnami/spark/.ivy2/jars/org.apache.hadoop_hadoop-aws-3.3.4.jar at file:///opt/bitnami/spark/.ivy2/jars/org.apache.hadoop_hadoop-aws-3.3.4.jar with timestamp 1773533414175
[2026-03-15T00:10:14.609+0000] {docker.py:429} INFO - 26/03/15 00:10:14 INFO Utils: Copying /opt/bitnami/spark/.ivy2/jars/org.apache.hadoop_hadoop-aws-3.3.4.jar to /tmp/spark-9962c56e-f57a-4565-be75-fa8ef6fb5b64/userFiles-5eb08a7c-7aa1-43f7-8a5a-4eb49c98de2b/org.apache.hadoop_hadoop-aws-3.3.4.jar
[2026-03-15T00:10:14.613+0000] {docker.py:429} INFO - 26/03/15 00:10:14 INFO SparkContext: Added file file:///opt/bitnami/spark/.ivy2/jars/com.amazonaws_aws-java-sdk-bundle-1.12.262.jar at file:///opt/bitnami/spark/.ivy2/jars/com.amazonaws_aws-java-sdk-bundle-1.12.262.jar with timestamp 1773533414175
[2026-03-15T00:10:14.613+0000] {docker.py:429} INFO - 26/03/15 00:10:14 INFO Utils: Copying /opt/bitnami/spark/.ivy2/jars/com.amazonaws_aws-java-sdk-bundle-1.12.262.jar to /tmp/spark-9962c56e-f57a-4565-be75-fa8ef6fb5b64/userFiles-5eb08a7c-7aa1-43f7-8a5a-4eb49c98de2b/com.amazonaws_aws-java-sdk-bundle-1.12.262.jar
[2026-03-15T00:10:14.844+0000] {docker.py:429} INFO - 26/03/15 00:10:14 INFO SparkContext: Added file file:///opt/bitnami/spark/.ivy2/jars/org.wildfly.openssl_wildfly-openssl-1.0.7.Final.jar at file:///opt/bitnami/spark/.ivy2/jars/org.wildfly.openssl_wildfly-openssl-1.0.7.Final.jar with timestamp 1773533414175
[2026-03-15T00:10:14.845+0000] {docker.py:429} INFO - 26/03/15 00:10:14 INFO Utils: Copying /opt/bitnami/spark/.ivy2/jars/org.wildfly.openssl_wildfly-openssl-1.0.7.Final.jar to /tmp/spark-9962c56e-f57a-4565-be75-fa8ef6fb5b64/userFiles-5eb08a7c-7aa1-43f7-8a5a-4eb49c98de2b/org.wildfly.openssl_wildfly-openssl-1.0.7.Final.jar
[2026-03-15T00:10:14.886+0000] {docker.py:429} INFO - 26/03/15 00:10:14 INFO Executor: Starting executor ID driver on host 56d4691edc29
[2026-03-15T00:10:14.887+0000] {docker.py:429} INFO - 26/03/15 00:10:14 INFO Executor: OS info Linux, 6.1.0-37-amd64, amd64
[2026-03-15T00:10:14.887+0000] {docker.py:429} INFO - 26/03/15 00:10:14 INFO Executor: Java version 17.0.12
[2026-03-15T00:10:14.889+0000] {docker.py:429} INFO - 26/03/15 00:10:14 INFO Executor: Starting executor with user classpath (userClassPathFirst = false): ''
[2026-03-15T00:10:14.890+0000] {docker.py:429} INFO - 26/03/15 00:10:14 INFO Executor: Created or updated repl class loader org.apache.spark.util.MutableURLClassLoader@9c8ef1d for default.
[2026-03-15T00:10:14.895+0000] {docker.py:429} INFO - 26/03/15 00:10:14 INFO Executor: Fetching file:///opt/bitnami/spark/.ivy2/jars/org.apache.hadoop_hadoop-aws-3.3.4.jar with timestamp 1773533414175
[2026-03-15T00:10:14.907+0000] {docker.py:429} INFO - 26/03/15 00:10:14 INFO Utils: /opt/bitnami/spark/.ivy2/jars/org.apache.hadoop_hadoop-aws-3.3.4.jar has been previously copied to /tmp/spark-9962c56e-f57a-4565-be75-fa8ef6fb5b64/userFiles-5eb08a7c-7aa1-43f7-8a5a-4eb49c98de2b/org.apache.hadoop_hadoop-aws-3.3.4.jar
[2026-03-15T00:10:14.909+0000] {docker.py:429} INFO - 26/03/15 00:10:14 INFO Executor: Fetching file:///opt/bitnami/spark/.ivy2/jars/org.apache.iceberg_iceberg-spark-runtime-3.5_2.12-1.4.3.jar with timestamp 1773533414175
[2026-03-15T00:10:14.927+0000] {docker.py:429} INFO - 26/03/15 00:10:14 INFO Utils: /opt/bitnami/spark/.ivy2/jars/org.apache.iceberg_iceberg-spark-runtime-3.5_2.12-1.4.3.jar has been previously copied to /tmp/spark-9962c56e-f57a-4565-be75-fa8ef6fb5b64/userFiles-5eb08a7c-7aa1-43f7-8a5a-4eb49c98de2b/org.apache.iceberg_iceberg-spark-runtime-3.5_2.12-1.4.3.jar
[2026-03-15T00:10:14.930+0000] {docker.py:429} INFO - 26/03/15 00:10:14 INFO Executor: Fetching file:///opt/bitnami/spark/.ivy2/jars/com.amazonaws_aws-java-sdk-bundle-1.12.262.jar with timestamp 1773533414175
[2026-03-15T00:10:15.101+0000] {docker.py:429} INFO - 26/03/15 00:10:15 INFO Utils: /opt/bitnami/spark/.ivy2/jars/com.amazonaws_aws-java-sdk-bundle-1.12.262.jar has been previously copied to /tmp/spark-9962c56e-f57a-4565-be75-fa8ef6fb5b64/userFiles-5eb08a7c-7aa1-43f7-8a5a-4eb49c98de2b/com.amazonaws_aws-java-sdk-bundle-1.12.262.jar
[2026-03-15T00:10:15.107+0000] {docker.py:429} INFO - 26/03/15 00:10:15 INFO Executor: Fetching file:///opt/bitnami/spark/.ivy2/jars/org.projectnessie.nessie-integrations_nessie-spark-extensions-3.5_2.12-0.77.1.jar with timestamp 1773533414175
[2026-03-15T00:10:15.108+0000] {docker.py:429} INFO - 26/03/15 00:10:15 INFO Utils: /opt/bitnami/spark/.ivy2/jars/org.projectnessie.nessie-integrations_nessie-spark-extensions-3.5_2.12-0.77.1.jar has been previously copied to /tmp/spark-9962c56e-f57a-4565-be75-fa8ef6fb5b64/userFiles-5eb08a7c-7aa1-43f7-8a5a-4eb49c98de2b/org.projectnessie.nessie-integrations_nessie-spark-extensions-3.5_2.12-0.77.1.jar
[2026-03-15T00:10:15.112+0000] {docker.py:429} INFO - 26/03/15 00:10:15 INFO Executor: Fetching file:///opt/bitnami/spark/.ivy2/jars/org.wildfly.openssl_wildfly-openssl-1.0.7.Final.jar with timestamp 1773533414175
[2026-03-15T00:10:15.113+0000] {docker.py:429} INFO - 26/03/15 00:10:15 INFO Utils: /opt/bitnami/spark/.ivy2/jars/org.wildfly.openssl_wildfly-openssl-1.0.7.Final.jar has been previously copied to /tmp/spark-9962c56e-f57a-4565-be75-fa8ef6fb5b64/userFiles-5eb08a7c-7aa1-43f7-8a5a-4eb49c98de2b/org.wildfly.openssl_wildfly-openssl-1.0.7.Final.jar
[2026-03-15T00:10:15.116+0000] {docker.py:429} INFO - 26/03/15 00:10:15 INFO Executor: Fetching spark://56d4691edc29:45191/jars/com.amazonaws_aws-java-sdk-bundle-1.12.262.jar with timestamp 1773533414175
[2026-03-15T00:10:15.140+0000] {docker.py:429} INFO - 26/03/15 00:10:15 INFO TransportClientFactory: Successfully created connection to 56d4691edc29/172.22.0.16:45191 after 15 ms (0 ms spent in bootstraps)
[2026-03-15T00:10:15.143+0000] {docker.py:429} INFO - 26/03/15 00:10:15 INFO Utils: Fetching spark://56d4691edc29:45191/jars/com.amazonaws_aws-java-sdk-bundle-1.12.262.jar to /tmp/spark-9962c56e-f57a-4565-be75-fa8ef6fb5b64/userFiles-5eb08a7c-7aa1-43f7-8a5a-4eb49c98de2b/fetchFileTemp10633259127479554047.tmp
[2026-03-15T00:10:15.711+0000] {docker.py:429} INFO - 26/03/15 00:10:15 INFO Utils: /tmp/spark-9962c56e-f57a-4565-be75-fa8ef6fb5b64/userFiles-5eb08a7c-7aa1-43f7-8a5a-4eb49c98de2b/fetchFileTemp10633259127479554047.tmp has been previously copied to /tmp/spark-9962c56e-f57a-4565-be75-fa8ef6fb5b64/userFiles-5eb08a7c-7aa1-43f7-8a5a-4eb49c98de2b/com.amazonaws_aws-java-sdk-bundle-1.12.262.jar
[2026-03-15T00:10:15.753+0000] {docker.py:429} INFO - 26/03/15 00:10:15 INFO Executor: Adding file:/tmp/spark-9962c56e-f57a-4565-be75-fa8ef6fb5b64/userFiles-5eb08a7c-7aa1-43f7-8a5a-4eb49c98de2b/com.amazonaws_aws-java-sdk-bundle-1.12.262.jar to class loader default
26/03/15 00:10:15 INFO Executor: Fetching spark://56d4691edc29:45191/jars/org.wildfly.openssl_wildfly-openssl-1.0.7.Final.jar with timestamp 1773533414175
[2026-03-15T00:10:15.754+0000] {docker.py:429} INFO - 26/03/15 00:10:15 INFO Utils: Fetching spark://56d4691edc29:45191/jars/org.wildfly.openssl_wildfly-openssl-1.0.7.Final.jar to /tmp/spark-9962c56e-f57a-4565-be75-fa8ef6fb5b64/userFiles-5eb08a7c-7aa1-43f7-8a5a-4eb49c98de2b/fetchFileTemp3838107545167129118.tmp
[2026-03-15T00:10:15.757+0000] {docker.py:429} INFO - 26/03/15 00:10:15 INFO Utils: /tmp/spark-9962c56e-f57a-4565-be75-fa8ef6fb5b64/userFiles-5eb08a7c-7aa1-43f7-8a5a-4eb49c98de2b/fetchFileTemp3838107545167129118.tmp has been previously copied to /tmp/spark-9962c56e-f57a-4565-be75-fa8ef6fb5b64/userFiles-5eb08a7c-7aa1-43f7-8a5a-4eb49c98de2b/org.wildfly.openssl_wildfly-openssl-1.0.7.Final.jar
[2026-03-15T00:10:15.765+0000] {docker.py:429} INFO - 26/03/15 00:10:15 INFO Executor: Adding file:/tmp/spark-9962c56e-f57a-4565-be75-fa8ef6fb5b64/userFiles-5eb08a7c-7aa1-43f7-8a5a-4eb49c98de2b/org.wildfly.openssl_wildfly-openssl-1.0.7.Final.jar to class loader default
[2026-03-15T00:10:15.766+0000] {docker.py:429} INFO - 26/03/15 00:10:15 INFO Executor: Fetching spark://56d4691edc29:45191/jars/org.projectnessie.nessie-integrations_nessie-spark-extensions-3.5_2.12-0.77.1.jar with timestamp 1773533414175
[2026-03-15T00:10:15.766+0000] {docker.py:429} INFO - 26/03/15 00:10:15 INFO Utils: Fetching spark://56d4691edc29:45191/jars/org.projectnessie.nessie-integrations_nessie-spark-extensions-3.5_2.12-0.77.1.jar to /tmp/spark-9962c56e-f57a-4565-be75-fa8ef6fb5b64/userFiles-5eb08a7c-7aa1-43f7-8a5a-4eb49c98de2b/fetchFileTemp9000080265550048766.tmp
[2026-03-15T00:10:15.772+0000] {docker.py:429} INFO - 26/03/15 00:10:15 INFO Utils: /tmp/spark-9962c56e-f57a-4565-be75-fa8ef6fb5b64/userFiles-5eb08a7c-7aa1-43f7-8a5a-4eb49c98de2b/fetchFileTemp9000080265550048766.tmp has been previously copied to /tmp/spark-9962c56e-f57a-4565-be75-fa8ef6fb5b64/userFiles-5eb08a7c-7aa1-43f7-8a5a-4eb49c98de2b/org.projectnessie.nessie-integrations_nessie-spark-extensions-3.5_2.12-0.77.1.jar
[2026-03-15T00:10:15.776+0000] {docker.py:429} INFO - 26/03/15 00:10:15 INFO Executor: Adding file:/tmp/spark-9962c56e-f57a-4565-be75-fa8ef6fb5b64/userFiles-5eb08a7c-7aa1-43f7-8a5a-4eb49c98de2b/org.projectnessie.nessie-integrations_nessie-spark-extensions-3.5_2.12-0.77.1.jar to class loader default
[2026-03-15T00:10:15.777+0000] {docker.py:429} INFO - 26/03/15 00:10:15 INFO Executor: Fetching spark://56d4691edc29:45191/jars/org.apache.iceberg_iceberg-spark-runtime-3.5_2.12-1.4.3.jar with timestamp 1773533414175
[2026-03-15T00:10:15.777+0000] {docker.py:429} INFO - 26/03/15 00:10:15 INFO Utils: Fetching spark://56d4691edc29:45191/jars/org.apache.iceberg_iceberg-spark-runtime-3.5_2.12-1.4.3.jar to /tmp/spark-9962c56e-f57a-4565-be75-fa8ef6fb5b64/userFiles-5eb08a7c-7aa1-43f7-8a5a-4eb49c98de2b/fetchFileTemp158123248718729846.tmp
[2026-03-15T00:10:15.836+0000] {docker.py:429} INFO - 26/03/15 00:10:15 INFO Utils: /tmp/spark-9962c56e-f57a-4565-be75-fa8ef6fb5b64/userFiles-5eb08a7c-7aa1-43f7-8a5a-4eb49c98de2b/fetchFileTemp158123248718729846.tmp has been previously copied to /tmp/spark-9962c56e-f57a-4565-be75-fa8ef6fb5b64/userFiles-5eb08a7c-7aa1-43f7-8a5a-4eb49c98de2b/org.apache.iceberg_iceberg-spark-runtime-3.5_2.12-1.4.3.jar
[2026-03-15T00:10:15.844+0000] {docker.py:429} INFO - 26/03/15 00:10:15 INFO Executor: Adding file:/tmp/spark-9962c56e-f57a-4565-be75-fa8ef6fb5b64/userFiles-5eb08a7c-7aa1-43f7-8a5a-4eb49c98de2b/org.apache.iceberg_iceberg-spark-runtime-3.5_2.12-1.4.3.jar to class loader default
[2026-03-15T00:10:15.844+0000] {docker.py:429} INFO - 26/03/15 00:10:15 INFO Executor: Fetching spark://56d4691edc29:45191/jars/org.apache.hadoop_hadoop-aws-3.3.4.jar with timestamp 1773533414175
[2026-03-15T00:10:15.845+0000] {docker.py:429} INFO - 26/03/15 00:10:15 INFO Utils: Fetching spark://56d4691edc29:45191/jars/org.apache.hadoop_hadoop-aws-3.3.4.jar to /tmp/spark-9962c56e-f57a-4565-be75-fa8ef6fb5b64/userFiles-5eb08a7c-7aa1-43f7-8a5a-4eb49c98de2b/fetchFileTemp1094163760132432451.tmp
[2026-03-15T00:10:15.848+0000] {docker.py:429} INFO - 26/03/15 00:10:15 INFO Utils: /tmp/spark-9962c56e-f57a-4565-be75-fa8ef6fb5b64/userFiles-5eb08a7c-7aa1-43f7-8a5a-4eb49c98de2b/fetchFileTemp1094163760132432451.tmp has been previously copied to /tmp/spark-9962c56e-f57a-4565-be75-fa8ef6fb5b64/userFiles-5eb08a7c-7aa1-43f7-8a5a-4eb49c98de2b/org.apache.hadoop_hadoop-aws-3.3.4.jar
[2026-03-15T00:10:15.852+0000] {docker.py:429} INFO - 26/03/15 00:10:15 INFO Executor: Adding file:/tmp/spark-9962c56e-f57a-4565-be75-fa8ef6fb5b64/userFiles-5eb08a7c-7aa1-43f7-8a5a-4eb49c98de2b/org.apache.hadoop_hadoop-aws-3.3.4.jar to class loader default
[2026-03-15T00:10:15.857+0000] {docker.py:429} INFO - 26/03/15 00:10:15 INFO Utils: Successfully started service 'org.apache.spark.network.netty.NettyBlockTransferService' on port 39375.
26/03/15 00:10:15 INFO NettyBlockTransferService: Server created on 56d4691edc29:39375
[2026-03-15T00:10:15.858+0000] {docker.py:429} INFO - 26/03/15 00:10:15 INFO BlockManager: Using org.apache.spark.storage.RandomBlockReplicationPolicy for block replication policy
[2026-03-15T00:10:15.860+0000] {docker.py:429} INFO - 26/03/15 00:10:15 INFO BlockManagerMaster: Registering BlockManager BlockManagerId(driver, 56d4691edc29, 39375, None)
[2026-03-15T00:10:15.863+0000] {docker.py:429} INFO - 26/03/15 00:10:15 INFO BlockManagerMasterEndpoint: Registering block manager 56d4691edc29:39375 with 434.4 MiB RAM, BlockManagerId(driver, 56d4691edc29, 39375, None)
[2026-03-15T00:10:15.864+0000] {docker.py:429} INFO - 26/03/15 00:10:15 INFO BlockManagerMaster: Registered BlockManager BlockManagerId(driver, 56d4691edc29, 39375, None)
[2026-03-15T00:10:15.865+0000] {docker.py:429} INFO - 26/03/15 00:10:15 INFO BlockManager: Initialized BlockManager: BlockManagerId(driver, 56d4691edc29, 39375, None)
[2026-03-15T00:10:16.046+0000] {docker.py:429} INFO - ✅ Spark Session ready. Starting Airflow-triggered batch run...
[2026-03-15T00:10:16.051+0000] {docker.py:429} INFO - 26/03/15 00:10:16 INFO SharedState: Setting hive.metastore.warehouse.dir ('null') to the value of spark.sql.warehouse.dir.
[2026-03-15T00:10:16.052+0000] {docker.py:429} INFO - 26/03/15 00:10:16 INFO SharedState: Warehouse path is 'file:/opt/bitnami/spark/spark-warehouse'.
[2026-03-15T00:10:16.510+0000] {docker.py:429} INFO - 26/03/15 00:10:16 WARN MetricsConfig: Cannot locate configuration: tried hadoop-metrics2-s3a-file-system.properties,hadoop-metrics2.properties
[2026-03-15T00:10:16.518+0000] {docker.py:429} INFO - 26/03/15 00:10:16 INFO MetricsSystemImpl: Scheduled Metric snapshot period at 10 second(s).
26/03/15 00:10:16 INFO MetricsSystemImpl: s3a-file-system metrics system started
[2026-03-15T00:10:16.901+0000] {docker.py:429} INFO - 26/03/15 00:10:16 INFO InMemoryFileIndex: It took 48 ms to list leaf files for 1 paths.
[2026-03-15T00:10:17.449+0000] {docker.py:429} INFO - 26/03/15 00:10:17 INFO FileSourceStrategy: Pushed Filters:
[2026-03-15T00:10:17.458+0000] {docker.py:429} INFO - 26/03/15 00:10:17 INFO FileSourceStrategy: Post-Scan Filters:
[2026-03-15T00:10:17.609+0000] {docker.py:429} INFO - 26/03/15 00:10:17 INFO MemoryStore: Block broadcast_0 stored as values in memory (estimated size 206.0 KiB, free 434.2 MiB)
[2026-03-15T00:10:17.646+0000] {docker.py:429} INFO - 26/03/15 00:10:17 INFO MemoryStore: Block broadcast_0_piece0 stored as bytes in memory (estimated size 36.4 KiB, free 434.2 MiB)
[2026-03-15T00:10:17.650+0000] {docker.py:429} INFO - 26/03/15 00:10:17 INFO BlockManagerInfo: Added broadcast_0_piece0 in memory on 56d4691edc29:39375 (size: 36.4 KiB, free: 434.4 MiB)
[2026-03-15T00:10:17.654+0000] {docker.py:429} INFO - 26/03/15 00:10:17 INFO SparkContext: Created broadcast 0 from isEmpty at NativeMethodAccessorImpl.java:0
[2026-03-15T00:10:17.667+0000] {docker.py:429} INFO - 26/03/15 00:10:17 INFO FileSourceScanExec: Planning scan with bin packing, max size: 4194304 bytes, open cost is considered as scanning 4194304 bytes.
[2026-03-15T00:10:17.743+0000] {docker.py:429} INFO - 26/03/15 00:10:17 INFO SparkContext: Starting job: isEmpty at NativeMethodAccessorImpl.java:0
[2026-03-15T00:10:17.758+0000] {docker.py:429} INFO - 26/03/15 00:10:17 INFO DAGScheduler: Got job 0 (isEmpty at NativeMethodAccessorImpl.java:0) with 1 output partitions
[2026-03-15T00:10:17.758+0000] {docker.py:429} INFO - 26/03/15 00:10:17 INFO DAGScheduler: Final stage: ResultStage 0 (isEmpty at NativeMethodAccessorImpl.java:0)
[2026-03-15T00:10:17.759+0000] {docker.py:429} INFO - 26/03/15 00:10:17 INFO DAGScheduler: Parents of final stage: List()
[2026-03-15T00:10:17.760+0000] {docker.py:429} INFO - 26/03/15 00:10:17 INFO DAGScheduler: Missing parents: List()
[2026-03-15T00:10:17.763+0000] {docker.py:429} INFO - 26/03/15 00:10:17 INFO DAGScheduler: Submitting ResultStage 0 (MapPartitionsRDD[2] at isEmpty at NativeMethodAccessorImpl.java:0), which has no missing parents
[2026-03-15T00:10:17.863+0000] {docker.py:429} INFO - 26/03/15 00:10:17 INFO MemoryStore: Block broadcast_1 stored as values in memory (estimated size 10.1 KiB, free 434.2 MiB)
[2026-03-15T00:10:17.868+0000] {docker.py:429} INFO - 26/03/15 00:10:17 INFO MemoryStore: Block broadcast_1_piece0 stored as bytes in memory (estimated size 5.3 KiB, free 434.1 MiB)
[2026-03-15T00:10:17.868+0000] {docker.py:429} INFO - 26/03/15 00:10:17 INFO BlockManagerInfo: Added broadcast_1_piece0 in memory on 56d4691edc29:39375 (size: 5.3 KiB, free: 434.4 MiB)
[2026-03-15T00:10:17.869+0000] {docker.py:429} INFO - 26/03/15 00:10:17 INFO SparkContext: Created broadcast 1 from broadcast at DAGScheduler.scala:1585
[2026-03-15T00:10:17.880+0000] {docker.py:429} INFO - 26/03/15 00:10:17 INFO DAGScheduler: Submitting 1 missing tasks from ResultStage 0 (MapPartitionsRDD[2] at isEmpty at NativeMethodAccessorImpl.java:0) (first 15 tasks are for partitions Vector(0))
[2026-03-15T00:10:17.880+0000] {docker.py:429} INFO - 26/03/15 00:10:17 INFO TaskSchedulerImpl: Adding task set 0.0 with 1 tasks resource profile 0
[2026-03-15T00:10:17.901+0000] {docker.py:429} INFO - 26/03/15 00:10:17 INFO TaskSetManager: Starting task 0.0 in stage 0.0 (TID 0) (56d4691edc29, executor driver, partition 0, PROCESS_LOCAL, 9421 bytes)
[2026-03-15T00:10:17.909+0000] {docker.py:429} INFO - 26/03/15 00:10:17 INFO Executor: Running task 0.0 in stage 0.0 (TID 0)
[2026-03-15T00:10:17.962+0000] {docker.py:429} INFO - 26/03/15 00:10:17 INFO FileScanRDD: Reading File path: s3a://landing-zone/telemetry/2026/03/15/batch_1773533342.json, range: 0-1687, partition values: [empty row]
[2026-03-15T00:10:18.096+0000] {docker.py:429} INFO - 26/03/15 00:10:18 INFO CodeGenerator: Code generated in 116.768387 ms
[2026-03-15T00:10:18.169+0000] {docker.py:429} INFO - 26/03/15 00:10:18 INFO Executor: Finished task 0.0 in stage 0.0 (TID 0). 1513 bytes result sent to driver
[2026-03-15T00:10:18.178+0000] {docker.py:429} INFO - 26/03/15 00:10:18 INFO TaskSetManager: Finished task 0.0 in stage 0.0 (TID 0) in 282 ms on 56d4691edc29 (executor driver) (1/1)
[2026-03-15T00:10:18.178+0000] {docker.py:429} INFO - 26/03/15 00:10:18 INFO TaskSchedulerImpl: Removed TaskSet 0.0, whose tasks have all completed, from pool
[2026-03-15T00:10:18.181+0000] {docker.py:429} INFO - 26/03/15 00:10:18 INFO DAGScheduler: ResultStage 0 (isEmpty at NativeMethodAccessorImpl.java:0) finished in 0.404 s
[2026-03-15T00:10:18.183+0000] {docker.py:429} INFO - 26/03/15 00:10:18 INFO DAGScheduler: Job 0 is finished. Cancelling potential speculative or zombie tasks for this job
[2026-03-15T00:10:18.183+0000] {docker.py:429} INFO - 26/03/15 00:10:18 INFO TaskSchedulerImpl: Killing all running tasks in stage 0: Stage finished
[2026-03-15T00:10:18.184+0000] {docker.py:429} INFO - 26/03/15 00:10:18 INFO DAGScheduler: Job 0 finished: isEmpty at NativeMethodAccessorImpl.java:0, took 0.440430 s
[2026-03-15T00:10:18.250+0000] {docker.py:429} INFO - 26/03/15 00:10:18 INFO FileSourceStrategy: Pushed Filters:
[2026-03-15T00:10:18.250+0000] {docker.py:429} INFO - 26/03/15 00:10:18 INFO FileSourceStrategy: Post-Scan Filters:
[2026-03-15T00:10:18.350+0000] {docker.py:429} INFO - 26/03/15 00:10:18 INFO CodeGenerator: Code generated in 14.041435 ms
[2026-03-15T00:10:18.352+0000] {docker.py:429} INFO - 26/03/15 00:10:18 INFO MemoryStore: Block broadcast_2 stored as values in memory (estimated size 206.0 KiB, free 433.9 MiB)
[2026-03-15T00:10:18.364+0000] {docker.py:429} INFO - 26/03/15 00:10:18 INFO MemoryStore: Block broadcast_2_piece0 stored as bytes in memory (estimated size 36.4 KiB, free 433.9 MiB)
[2026-03-15T00:10:18.365+0000] {docker.py:429} INFO - 26/03/15 00:10:18 INFO BlockManagerInfo: Added broadcast_2_piece0 in memory on 56d4691edc29:39375 (size: 36.4 KiB, free: 434.3 MiB)
[2026-03-15T00:10:18.366+0000] {docker.py:429} INFO - 26/03/15 00:10:18 INFO SparkContext: Created broadcast 2 from count at NativeMethodAccessorImpl.java:0
[2026-03-15T00:10:18.367+0000] {docker.py:429} INFO - 26/03/15 00:10:18 INFO FileSourceScanExec: Planning scan with bin packing, max size: 4194304 bytes, open cost is considered as scanning 4194304 bytes.
[2026-03-15T00:10:18.397+0000] {docker.py:429} INFO - 26/03/15 00:10:18 INFO DAGScheduler: Registering RDD 6 (count at NativeMethodAccessorImpl.java:0) as input to shuffle 0
[2026-03-15T00:10:18.399+0000] {docker.py:429} INFO - 26/03/15 00:10:18 INFO DAGScheduler: Got map stage job 1 (count at NativeMethodAccessorImpl.java:0) with 10 output partitions
[2026-03-15T00:10:18.399+0000] {docker.py:429} INFO - 26/03/15 00:10:18 INFO DAGScheduler: Final stage: ShuffleMapStage 1 (count at NativeMethodAccessorImpl.java:0)
[2026-03-15T00:10:18.399+0000] {docker.py:429} INFO - 26/03/15 00:10:18 INFO DAGScheduler: Parents of final stage: List()
[2026-03-15T00:10:18.399+0000] {docker.py:429} INFO - 26/03/15 00:10:18 INFO DAGScheduler: Missing parents: List()
[2026-03-15T00:10:18.400+0000] {docker.py:429} INFO - 26/03/15 00:10:18 INFO DAGScheduler: Submitting ShuffleMapStage 1 (MapPartitionsRDD[6] at count at NativeMethodAccessorImpl.java:0), which has no missing parents
[2026-03-15T00:10:18.415+0000] {docker.py:429} INFO - 26/03/15 00:10:18 INFO MemoryStore: Block broadcast_3 stored as values in memory (estimated size 17.0 KiB, free 433.9 MiB)
[2026-03-15T00:10:18.419+0000] {docker.py:429} INFO - 26/03/15 00:10:18 INFO MemoryStore: Block broadcast_3_piece0 stored as bytes in memory (estimated size 8.3 KiB, free 433.9 MiB)
[2026-03-15T00:10:18.419+0000] {docker.py:429} INFO - 26/03/15 00:10:18 INFO BlockManagerInfo: Added broadcast_3_piece0 in memory on 56d4691edc29:39375 (size: 8.3 KiB, free: 434.3 MiB)
[2026-03-15T00:10:18.419+0000] {docker.py:429} INFO - 26/03/15 00:10:18 INFO SparkContext: Created broadcast 3 from broadcast at DAGScheduler.scala:1585
[2026-03-15T00:10:18.421+0000] {docker.py:429} INFO - 26/03/15 00:10:18 INFO DAGScheduler: Submitting 10 missing tasks from ShuffleMapStage 1 (MapPartitionsRDD[6] at count at NativeMethodAccessorImpl.java:0) (first 15 tasks are for partitions Vector(0, 1, 2, 3, 4, 5, 6, 7, 8, 9))
[2026-03-15T00:10:18.421+0000] {docker.py:429} INFO - 26/03/15 00:10:18 INFO TaskSchedulerImpl: Adding task set 1.0 with 10 tasks resource profile 0
[2026-03-15T00:10:18.424+0000] {docker.py:429} INFO - 26/03/15 00:10:18 INFO TaskSetManager: Starting task 0.0 in stage 1.0 (TID 1) (56d4691edc29, executor driver, partition 0, PROCESS_LOCAL, 9410 bytes)
[2026-03-15T00:10:18.425+0000] {docker.py:429} INFO - 26/03/15 00:10:18 INFO TaskSetManager: Starting task 1.0 in stage 1.0 (TID 2) (56d4691edc29, executor driver, partition 1, PROCESS_LOCAL, 9410 bytes)
[2026-03-15T00:10:18.425+0000] {docker.py:429} INFO - 26/03/15 00:10:18 INFO TaskSetManager: Starting task 2.0 in stage 1.0 (TID 3) (56d4691edc29, executor driver, partition 2, PROCESS_LOCAL, 9410 bytes)
[2026-03-15T00:10:18.426+0000] {docker.py:429} INFO - 26/03/15 00:10:18 INFO TaskSetManager: Starting task 3.0 in stage 1.0 (TID 4) (56d4691edc29, executor driver, partition 3, PROCESS_LOCAL, 9410 bytes)
[2026-03-15T00:10:18.428+0000] {docker.py:429} INFO - 26/03/15 00:10:18 INFO TaskSetManager: Starting task 4.0 in stage 1.0 (TID 5) (56d4691edc29, executor driver, partition 4, PROCESS_LOCAL, 9410 bytes)
[2026-03-15T00:10:18.429+0000] {docker.py:429} INFO - 26/03/15 00:10:18 INFO TaskSetManager: Starting task 5.0 in stage 1.0 (TID 6) (56d4691edc29, executor driver, partition 5, PROCESS_LOCAL, 9410 bytes)
[2026-03-15T00:10:18.430+0000] {docker.py:429} INFO - 26/03/15 00:10:18 INFO TaskSetManager: Starting task 6.0 in stage 1.0 (TID 7) (56d4691edc29, executor driver, partition 6, PROCESS_LOCAL, 9410 bytes)
[2026-03-15T00:10:18.430+0000] {docker.py:429} INFO - 26/03/15 00:10:18 INFO TaskSetManager: Starting task 7.0 in stage 1.0 (TID 8) (56d4691edc29, executor driver, partition 7, PROCESS_LOCAL, 9410 bytes)
[2026-03-15T00:10:18.431+0000] {docker.py:429} INFO - 26/03/15 00:10:18 INFO TaskSetManager: Starting task 8.0 in stage 1.0 (TID 9) (56d4691edc29, executor driver, partition 8, PROCESS_LOCAL, 9410 bytes)
[2026-03-15T00:10:18.431+0000] {docker.py:429} INFO - 26/03/15 00:10:18 INFO TaskSetManager: Starting task 9.0 in stage 1.0 (TID 10) (56d4691edc29, executor driver, partition 9, PROCESS_LOCAL, 9410 bytes)
[2026-03-15T00:10:18.432+0000] {docker.py:429} INFO - 26/03/15 00:10:18 INFO Executor: Running task 0.0 in stage 1.0 (TID 1)
[2026-03-15T00:10:18.432+0000] {docker.py:429} INFO - 26/03/15 00:10:18 INFO Executor: Running task 1.0 in stage 1.0 (TID 2)
[2026-03-15T00:10:18.432+0000] {docker.py:429} INFO - 26/03/15 00:10:18 INFO Executor: Running task 2.0 in stage 1.0 (TID 3)
[2026-03-15T00:10:18.432+0000] {docker.py:429} INFO - 26/03/15 00:10:18 INFO Executor: Running task 3.0 in stage 1.0 (TID 4)
[2026-03-15T00:10:18.433+0000] {docker.py:429} INFO - 26/03/15 00:10:18 INFO Executor: Running task 4.0 in stage 1.0 (TID 5)
[2026-03-15T00:10:18.433+0000] {docker.py:429} INFO - 26/03/15 00:10:18 INFO Executor: Running task 5.0 in stage 1.0 (TID 6)
[2026-03-15T00:10:18.434+0000] {docker.py:429} INFO - 26/03/15 00:10:18 INFO Executor: Running task 7.0 in stage 1.0 (TID 8)
[2026-03-15T00:10:18.436+0000] {docker.py:429} INFO - 26/03/15 00:10:18 INFO Executor: Running task 8.0 in stage 1.0 (TID 9)
26/03/15 00:10:18 INFO Executor: Running task 6.0 in stage 1.0 (TID 7)
26/03/15 00:10:18 INFO Executor: Running task 9.0 in stage 1.0 (TID 10)
[2026-03-15T00:10:18.464+0000] {docker.py:429} INFO - 26/03/15 00:10:18 INFO BlockManagerInfo: Removed broadcast_1_piece0 on 56d4691edc29:39375 in memory (size: 5.3 KiB, free: 434.3 MiB)
[2026-03-15T00:10:18.467+0000] {docker.py:429} INFO - 26/03/15 00:10:18 INFO BlockManagerInfo: Removed broadcast_0_piece0 on 56d4691edc29:39375 in memory (size: 36.4 KiB, free: 434.4 MiB)
[2026-03-15T00:10:18.476+0000] {docker.py:429} INFO - 26/03/15 00:10:18 INFO CodeGenerator: Code generated in 11.43218 ms
[2026-03-15T00:10:18.483+0000] {docker.py:429} INFO - 26/03/15 00:10:18 INFO FileScanRDD: Reading File path: s3a://landing-zone/telemetry/2026/03/15/batch_1773533404.json, range: 0-1447, partition values: [empty row]
26/03/15 00:10:18 INFO FileScanRDD: Reading File path: s3a://landing-zone/telemetry/2026/03/15/batch_1773533219.json, range: 0-1447, partition values: [empty row]
26/03/15 00:10:18 INFO FileScanRDD: Reading File path: s3a://landing-zone/telemetry/2026/03/15/batch_1773533281.json, range: 0-1450, partition values: [empty row]
[2026-03-15T00:10:18.483+0000] {docker.py:429} INFO - 26/03/15 00:10:18 INFO FileScanRDD: Reading File path: s3a://landing-zone/telemetry/2026/03/15/batch_1773533342.json, range: 0-1687, partition values: [empty row]
[2026-03-15T00:10:18.483+0000] {docker.py:429} INFO - 26/03/15 00:10:18 INFO FileScanRDD: Reading File path: s3a://landing-zone/telemetry/2026/03/15/batch_1773533126.json, range: 0-1446, partition values: [empty row]
[2026-03-15T00:10:18.484+0000] {docker.py:429} INFO - 26/03/15 00:10:18 INFO FileScanRDD: Reading File path: s3a://landing-zone/telemetry/2026/03/15/batch_1773533373.json, range: 0-1449, partition values: [empty row]
[2026-03-15T00:10:18.484+0000] {docker.py:429} INFO - 26/03/15 00:10:18 INFO FileScanRDD: Reading File path: s3a://landing-zone/telemetry/2026/03/15/batch_1773533250.json, range: 0-1450, partition values: [empty row]
[2026-03-15T00:10:18.484+0000] {docker.py:429} INFO - 26/03/15 00:10:18 INFO FileScanRDD: Reading File path: s3a://landing-zone/telemetry/2026/03/15/batch_1773533188.json, range: 0-1450, partition values: [empty row]
[2026-03-15T00:10:18.484+0000] {docker.py:429} INFO - 26/03/15 00:10:18 INFO FileScanRDD: Reading File path: s3a://landing-zone/telemetry/2026/03/15/batch_1773533157.json, range: 0-1685, partition values: [empty row]
26/03/15 00:10:18 INFO FileScanRDD: Reading File path: s3a://landing-zone/telemetry/2026/03/15/batch_1773533311.json, range: 0-1447, partition values: [empty row]
[2026-03-15T00:10:18.526+0000] {docker.py:429} INFO - 26/03/15 00:10:18 INFO Executor: Finished task 9.0 in stage 1.0 (TID 10). 2014 bytes result sent to driver
[2026-03-15T00:10:18.527+0000] {docker.py:429} INFO - 26/03/15 00:10:18 INFO Executor: Finished task 8.0 in stage 1.0 (TID 9). 2014 bytes result sent to driver
26/03/15 00:10:18 INFO Executor: Finished task 7.0 in stage 1.0 (TID 8). 2014 bytes result sent to driver
[2026-03-15T00:10:18.527+0000] {docker.py:429} INFO - 26/03/15 00:10:18 INFO Executor: Finished task 4.0 in stage 1.0 (TID 5). 2014 bytes result sent to driver
[2026-03-15T00:10:18.527+0000] {docker.py:429} INFO - 26/03/15 00:10:18 INFO Executor: Finished task 2.0 in stage 1.0 (TID 3). 2014 bytes result sent to driver
[2026-03-15T00:10:18.527+0000] {docker.py:429} INFO - 26/03/15 00:10:18 INFO Executor: Finished task 3.0 in stage 1.0 (TID 4). 2014 bytes result sent to driver
[2026-03-15T00:10:18.527+0000] {docker.py:429} INFO - 26/03/15 00:10:18 INFO Executor: Finished task 1.0 in stage 1.0 (TID 2). 2014 bytes result sent to driver
[2026-03-15T00:10:18.528+0000] {docker.py:429} INFO - 26/03/15 00:10:18 INFO Executor: Finished task 5.0 in stage 1.0 (TID 6). 2014 bytes result sent to driver
26/03/15 00:10:18 INFO Executor: Finished task 6.0 in stage 1.0 (TID 7). 2014 bytes result sent to driver
26/03/15 00:10:18 INFO Executor: Finished task 0.0 in stage 1.0 (TID 1). 2014 bytes result sent to driver
[2026-03-15T00:10:18.529+0000] {docker.py:429} INFO - 26/03/15 00:10:18 INFO TaskSetManager: Finished task 1.0 in stage 1.0 (TID 2) in 105 ms on 56d4691edc29 (executor driver) (1/10)
[2026-03-15T00:10:18.530+0000] {docker.py:429} INFO - 26/03/15 00:10:18 INFO TaskSetManager: Finished task 8.0 in stage 1.0 (TID 9) in 99 ms on 56d4691edc29 (executor driver) (2/10)
[2026-03-15T00:10:18.530+0000] {docker.py:429} INFO - 26/03/15 00:10:18 INFO TaskSetManager: Finished task 4.0 in stage 1.0 (TID 5) in 103 ms on 56d4691edc29 (executor driver) (3/10)
[2026-03-15T00:10:18.530+0000] {docker.py:429} INFO - 26/03/15 00:10:18 INFO TaskSetManager: Finished task 7.0 in stage 1.0 (TID 8) in 99 ms on 56d4691edc29 (executor driver) (4/10)
[2026-03-15T00:10:18.530+0000] {docker.py:429} INFO - 26/03/15 00:10:18 INFO TaskSetManager: Finished task 3.0 in stage 1.0 (TID 4) in 105 ms on 56d4691edc29 (executor driver) (5/10)
[2026-03-15T00:10:18.531+0000] {docker.py:429} INFO - 26/03/15 00:10:18 INFO TaskSetManager: Finished task 2.0 in stage 1.0 (TID 3) in 105 ms on 56d4691edc29 (executor driver) (6/10)
[2026-03-15T00:10:18.531+0000] {docker.py:429} INFO - 26/03/15 00:10:18 INFO TaskSetManager: Finished task 5.0 in stage 1.0 (TID 6) in 104 ms on 56d4691edc29 (executor driver) (7/10)
[2026-03-15T00:10:18.531+0000] {docker.py:429} INFO - 26/03/15 00:10:18 INFO TaskSetManager: Finished task 9.0 in stage 1.0 (TID 10) in 100 ms on 56d4691edc29 (executor driver) (8/10)
[2026-03-15T00:10:18.532+0000] {docker.py:429} INFO - 26/03/15 00:10:18 INFO TaskSetManager: Finished task 0.0 in stage 1.0 (TID 1) in 109 ms on 56d4691edc29 (executor driver) (9/10)
[2026-03-15T00:10:18.532+0000] {docker.py:429} INFO - 26/03/15 00:10:18 INFO TaskSetManager: Finished task 6.0 in stage 1.0 (TID 7) in 103 ms on 56d4691edc29 (executor driver) (10/10)
[2026-03-15T00:10:18.532+0000] {docker.py:429} INFO - 26/03/15 00:10:18 INFO TaskSchedulerImpl: Removed TaskSet 1.0, whose tasks have all completed, from pool
[2026-03-15T00:10:18.535+0000] {docker.py:429} INFO - 26/03/15 00:10:18 INFO DAGScheduler: ShuffleMapStage 1 (count at NativeMethodAccessorImpl.java:0) finished in 0.131 s
[2026-03-15T00:10:18.535+0000] {docker.py:429} INFO - 26/03/15 00:10:18 INFO DAGScheduler: looking for newly runnable stages
[2026-03-15T00:10:18.536+0000] {docker.py:429} INFO - 26/03/15 00:10:18 INFO DAGScheduler: running: Set()
[2026-03-15T00:10:18.536+0000] {docker.py:429} INFO - 26/03/15 00:10:18 INFO DAGScheduler: waiting: Set()
[2026-03-15T00:10:18.536+0000] {docker.py:429} INFO - 26/03/15 00:10:18 INFO DAGScheduler: failed: Set()
[2026-03-15T00:10:18.569+0000] {docker.py:429} INFO - 26/03/15 00:10:18 INFO CodeGenerator: Code generated in 6.404632 ms
[2026-03-15T00:10:18.585+0000] {docker.py:429} INFO - 26/03/15 00:10:18 INFO SparkContext: Starting job: count at NativeMethodAccessorImpl.java:0
[2026-03-15T00:10:18.587+0000] {docker.py:429} INFO - 26/03/15 00:10:18 INFO DAGScheduler: Got job 2 (count at NativeMethodAccessorImpl.java:0) with 1 output partitions
26/03/15 00:10:18 INFO DAGScheduler: Final stage: ResultStage 3 (count at NativeMethodAccessorImpl.java:0)
[2026-03-15T00:10:18.589+0000] {docker.py:429} INFO - 26/03/15 00:10:18 INFO DAGScheduler: Parents of final stage: List(ShuffleMapStage 2)
[2026-03-15T00:10:18.590+0000] {docker.py:429} INFO - 26/03/15 00:10:18 INFO DAGScheduler: Missing parents: List()
[2026-03-15T00:10:18.591+0000] {docker.py:429} INFO - 26/03/15 00:10:18 INFO DAGScheduler: Submitting ResultStage 3 (MapPartitionsRDD[9] at count at NativeMethodAccessorImpl.java:0), which has no missing parents
[2026-03-15T00:10:18.597+0000] {docker.py:429} INFO - 26/03/15 00:10:18 INFO MemoryStore: Block broadcast_4 stored as values in memory (estimated size 12.5 KiB, free 434.1 MiB)
[2026-03-15T00:10:18.602+0000] {docker.py:429} INFO - 26/03/15 00:10:18 INFO MemoryStore: Block broadcast_4_piece0 stored as bytes in memory (estimated size 5.9 KiB, free 434.1 MiB)
[2026-03-15T00:10:18.602+0000] {docker.py:429} INFO - 26/03/15 00:10:18 INFO BlockManagerInfo: Added broadcast_4_piece0 in memory on 56d4691edc29:39375 (size: 5.9 KiB, free: 434.4 MiB)
[2026-03-15T00:10:18.602+0000] {docker.py:429} INFO - 26/03/15 00:10:18 INFO BlockManagerInfo: Removed broadcast_3_piece0 on 56d4691edc29:39375 in memory (size: 8.3 KiB, free: 434.4 MiB)
[2026-03-15T00:10:18.602+0000] {docker.py:429} INFO - 26/03/15 00:10:18 INFO SparkContext: Created broadcast 4 from broadcast at DAGScheduler.scala:1585
[2026-03-15T00:10:18.603+0000] {docker.py:429} INFO - 26/03/15 00:10:18 INFO DAGScheduler: Submitting 1 missing tasks from ResultStage 3 (MapPartitionsRDD[9] at count at NativeMethodAccessorImpl.java:0) (first 15 tasks are for partitions Vector(0))
[2026-03-15T00:10:18.603+0000] {docker.py:429} INFO - 26/03/15 00:10:18 INFO TaskSchedulerImpl: Adding task set 3.0 with 1 tasks resource profile 0
[2026-03-15T00:10:18.609+0000] {docker.py:429} INFO - 26/03/15 00:10:18 INFO TaskSetManager: Starting task 0.0 in stage 3.0 (TID 11) (56d4691edc29, executor driver, partition 0, NODE_LOCAL, 8797 bytes)
[2026-03-15T00:10:18.610+0000] {docker.py:429} INFO - 26/03/15 00:10:18 INFO Executor: Running task 0.0 in stage 3.0 (TID 11)
[2026-03-15T00:10:18.634+0000] {docker.py:429} INFO - 26/03/15 00:10:18 INFO ShuffleBlockFetcherIterator: Getting 10 (600.0 B) non-empty blocks including 10 (600.0 B) local and 0 (0.0 B) host-local and 0 (0.0 B) push-merged-local and 0 (0.0 B) remote blocks
[2026-03-15T00:10:18.635+0000] {docker.py:429} INFO - 26/03/15 00:10:18 INFO ShuffleBlockFetcherIterator: Started 0 remote fetches in 6 ms
[2026-03-15T00:10:18.653+0000] {docker.py:429} INFO - 26/03/15 00:10:18 INFO CodeGenerator: Code generated in 11.816482 ms
[2026-03-15T00:10:18.664+0000] {docker.py:429} INFO - 26/03/15 00:10:18 INFO Executor: Finished task 0.0 in stage 3.0 (TID 11). 4038 bytes result sent to driver
[2026-03-15T00:10:18.666+0000] {docker.py:429} INFO - 26/03/15 00:10:18 INFO TaskSetManager: Finished task 0.0 in stage 3.0 (TID 11) in 59 ms on 56d4691edc29 (executor driver) (1/1)
[2026-03-15T00:10:18.666+0000] {docker.py:429} INFO - 26/03/15 00:10:18 INFO TaskSchedulerImpl: Removed TaskSet 3.0, whose tasks have all completed, from pool
[2026-03-15T00:10:18.667+0000] {docker.py:429} INFO - 26/03/15 00:10:18 INFO DAGScheduler: ResultStage 3 (count at NativeMethodAccessorImpl.java:0) finished in 0.071 s
[2026-03-15T00:10:18.667+0000] {docker.py:429} INFO - 26/03/15 00:10:18 INFO DAGScheduler: Job 2 is finished. Cancelling potential speculative or zombie tasks for this job
[2026-03-15T00:10:18.668+0000] {docker.py:429} INFO - 26/03/15 00:10:18 INFO TaskSchedulerImpl: Killing all running tasks in stage 3: Stage finished
[2026-03-15T00:10:18.669+0000] {docker.py:429} INFO - 26/03/15 00:10:18 INFO DAGScheduler: Job 2 finished: count at NativeMethodAccessorImpl.java:0, took 0.082332 s
[2026-03-15T00:10:18.674+0000] {docker.py:429} INFO - Found 186 records. Appending to Iceberg...
[2026-03-15T00:10:18.895+0000] {docker.py:429} INFO - 26/03/15 00:10:18 INFO CatalogUtil: Loading custom FileIO implementation: org.apache.iceberg.hadoop.HadoopFileIO
[2026-03-15T00:10:19.129+0000] {docker.py:429} INFO - 26/03/15 00:10:19 INFO BaseMetastoreTableOperations: Refreshing table metadata from new version: s3a://warehouse/gold/sensor_telemetry_historical_2d5736bc-ddcb-4955-b7c3-8a46e0b83281/metadata/00005-3d106521-525a-49db-8724-4b7fbd71130e.metadata.json
[2026-03-15T00:10:19.166+0000] {docker.py:429} INFO - 26/03/15 00:10:19 INFO NessieUtil: loadTableMetadata for 'gold.sensor_telemetry_historical' from location 's3a://warehouse/gold/sensor_telemetry_historical_2d5736bc-ddcb-4955-b7c3-8a46e0b83281/metadata/00005-3d106521-525a-49db-8724-4b7fbd71130e.metadata.json' at 'Branch{name=main, metadata=null, hash=eba272769790a8d1ec31478ac4f3ef8e4aa8a5680d383b676876d4e6fcdadac6}'
[2026-03-15T00:10:19.170+0000] {docker.py:429} INFO - 26/03/15 00:10:19 INFO BaseMetastoreCatalog: Table loaded by catalog: nessie.gold.sensor_telemetry_historical
[2026-03-15T00:10:19.204+0000] {docker.py:429} INFO - 26/03/15 00:10:19 INFO SparkWrite: Requesting 0 bytes advisory partition size for table nessie.gold.sensor_telemetry_historical
26/03/15 00:10:19 INFO SparkWrite: Requesting UnspecifiedDistribution as write distribution for table nessie.gold.sensor_telemetry_historical
[2026-03-15T00:10:19.205+0000] {docker.py:429} INFO - 26/03/15 00:10:19 INFO SparkWrite: Requesting [] as write ordering for table nessie.gold.sensor_telemetry_historical
[2026-03-15T00:10:19.210+0000] {docker.py:429} INFO - 26/03/15 00:10:19 INFO FileSourceStrategy: Pushed Filters:
[2026-03-15T00:10:19.211+0000] {docker.py:429} INFO - 26/03/15 00:10:19 INFO FileSourceStrategy: Post-Scan Filters:
[2026-03-15T00:10:19.215+0000] {docker.py:429} INFO - 26/03/15 00:10:19 INFO MemoryStore: Block broadcast_5 stored as values in memory (estimated size 206.0 KiB, free 433.9 MiB)
[2026-03-15T00:10:19.225+0000] {docker.py:429} INFO - 26/03/15 00:10:19 INFO MemoryStore: Block broadcast_5_piece0 stored as bytes in memory (estimated size 36.4 KiB, free 433.9 MiB)
[2026-03-15T00:10:19.225+0000] {docker.py:429} INFO - 26/03/15 00:10:19 INFO BlockManagerInfo: Added broadcast_5_piece0 in memory on 56d4691edc29:39375 (size: 36.4 KiB, free: 434.3 MiB)
[2026-03-15T00:10:19.226+0000] {docker.py:429} INFO - 26/03/15 00:10:19 INFO BlockManagerInfo: Removed broadcast_4_piece0 on 56d4691edc29:39375 in memory (size: 5.9 KiB, free: 434.3 MiB)
[2026-03-15T00:10:19.226+0000] {docker.py:429} INFO - 26/03/15 00:10:19 INFO SparkContext: Created broadcast 5 from saveAsTable at NativeMethodAccessorImpl.java:0
[2026-03-15T00:10:19.226+0000] {docker.py:429} INFO - 26/03/15 00:10:19 INFO FileSourceScanExec: Planning scan with bin packing, max size: 4194304 bytes, open cost is considered as scanning 4194304 bytes.
[2026-03-15T00:10:19.227+0000] {docker.py:429} INFO - 26/03/15 00:10:19 INFO BlockManagerInfo: Removed broadcast_2_piece0 on 56d4691edc29:39375 in memory (size: 36.4 KiB, free: 434.4 MiB)
[2026-03-15T00:10:19.235+0000] {docker.py:429} INFO - 26/03/15 00:10:19 INFO MemoryStore: Block broadcast_6 stored as values in memory (estimated size 32.0 KiB, free 434.1 MiB)
[2026-03-15T00:10:19.241+0000] {docker.py:429} INFO - 26/03/15 00:10:19 INFO MemoryStore: Block broadcast_6_piece0 stored as bytes in memory (estimated size 30.6 KiB, free 434.1 MiB)
[2026-03-15T00:10:19.241+0000] {docker.py:429} INFO - 26/03/15 00:10:19 INFO BlockManagerInfo: Added broadcast_6_piece0 in memory on 56d4691edc29:39375 (size: 30.6 KiB, free: 434.3 MiB)
[2026-03-15T00:10:19.242+0000] {docker.py:429} INFO - 26/03/15 00:10:19 INFO SparkContext: Created broadcast 6 from broadcast at SparkWrite.java:193
[2026-03-15T00:10:19.243+0000] {docker.py:429} INFO - 26/03/15 00:10:19 INFO AppendDataExec: Start processing data source write support: IcebergBatchWrite(table=nessie.gold.sensor_telemetry_historical, format=PARQUET). The input RDD has 10 partitions.
[2026-03-15T00:10:19.253+0000] {docker.py:429} INFO - 26/03/15 00:10:19 INFO SparkContext: Starting job: saveAsTable at NativeMethodAccessorImpl.java:0
[2026-03-15T00:10:19.253+0000] {docker.py:429} INFO - 26/03/15 00:10:19 INFO DAGScheduler: Got job 3 (saveAsTable at NativeMethodAccessorImpl.java:0) with 10 output partitions
[2026-03-15T00:10:19.254+0000] {docker.py:429} INFO - 26/03/15 00:10:19 INFO DAGScheduler: Final stage: ResultStage 4 (saveAsTable at NativeMethodAccessorImpl.java:0)
[2026-03-15T00:10:19.254+0000] {docker.py:429} INFO - 26/03/15 00:10:19 INFO DAGScheduler: Parents of final stage: List()
[2026-03-15T00:10:19.254+0000] {docker.py:429} INFO - 26/03/15 00:10:19 INFO DAGScheduler: Missing parents: List()
[2026-03-15T00:10:19.254+0000] {docker.py:429} INFO - 26/03/15 00:10:19 INFO DAGScheduler: Submitting ResultStage 4 (MapPartitionsRDD[11] at saveAsTable at NativeMethodAccessorImpl.java:0), which has no missing parents
[2026-03-15T00:10:19.257+0000] {docker.py:429} INFO - 26/03/15 00:10:19 INFO MemoryStore: Block broadcast_7 stored as values in memory (estimated size 13.2 KiB, free 434.1 MiB)
[2026-03-15T00:10:19.257+0000] {docker.py:429} INFO - 26/03/15 00:10:19 INFO MemoryStore: Block broadcast_7_piece0 stored as bytes in memory (estimated size 6.9 KiB, free 434.1 MiB)
[2026-03-15T00:10:19.258+0000] {docker.py:429} INFO - 26/03/15 00:10:19 INFO BlockManagerInfo: Added broadcast_7_piece0 in memory on 56d4691edc29:39375 (size: 6.9 KiB, free: 434.3 MiB)
[2026-03-15T00:10:19.258+0000] {docker.py:429} INFO - 26/03/15 00:10:19 INFO SparkContext: Created broadcast 7 from broadcast at DAGScheduler.scala:1585
[2026-03-15T00:10:19.259+0000] {docker.py:429} INFO - 26/03/15 00:10:19 INFO DAGScheduler: Submitting 10 missing tasks from ResultStage 4 (MapPartitionsRDD[11] at saveAsTable at NativeMethodAccessorImpl.java:0) (first 15 tasks are for partitions Vector(0, 1, 2, 3, 4, 5, 6, 7, 8, 9))
[2026-03-15T00:10:19.259+0000] {docker.py:429} INFO - 26/03/15 00:10:19 INFO TaskSchedulerImpl: Adding task set 4.0 with 10 tasks resource profile 0
[2026-03-15T00:10:19.260+0000] {docker.py:429} INFO - 26/03/15 00:10:19 INFO TaskSetManager: Starting task 0.0 in stage 4.0 (TID 12) (56d4691edc29, executor driver, partition 0, PROCESS_LOCAL, 9421 bytes)
[2026-03-15T00:10:19.261+0000] {docker.py:429} INFO - 26/03/15 00:10:19 INFO TaskSetManager: Starting task 1.0 in stage 4.0 (TID 13) (56d4691edc29, executor driver, partition 1, PROCESS_LOCAL, 9421 bytes)
[2026-03-15T00:10:19.261+0000] {docker.py:429} INFO - 26/03/15 00:10:19 INFO TaskSetManager: Starting task 2.0 in stage 4.0 (TID 14) (56d4691edc29, executor driver, partition 2, PROCESS_LOCAL, 9421 bytes)
[2026-03-15T00:10:19.261+0000] {docker.py:429} INFO - 26/03/15 00:10:19 INFO TaskSetManager: Starting task 3.0 in stage 4.0 (TID 15) (56d4691edc29, executor driver, partition 3, PROCESS_LOCAL, 9421 bytes)
[2026-03-15T00:10:19.262+0000] {docker.py:429} INFO - 26/03/15 00:10:19 INFO TaskSetManager: Starting task 4.0 in stage 4.0 (TID 16) (56d4691edc29, executor driver, partition 4, PROCESS_LOCAL, 9421 bytes)
[2026-03-15T00:10:19.263+0000] {docker.py:429} INFO - 26/03/15 00:10:19 INFO TaskSetManager: Starting task 5.0 in stage 4.0 (TID 17) (56d4691edc29, executor driver, partition 5, PROCESS_LOCAL, 9421 bytes)
[2026-03-15T00:10:19.263+0000] {docker.py:429} INFO - 26/03/15 00:10:19 INFO TaskSetManager: Starting task 6.0 in stage 4.0 (TID 18) (56d4691edc29, executor driver, partition 6, PROCESS_LOCAL, 9421 bytes)
[2026-03-15T00:10:19.263+0000] {docker.py:429} INFO - 26/03/15 00:10:19 INFO TaskSetManager: Starting task 7.0 in stage 4.0 (TID 19) (56d4691edc29, executor driver, partition 7, PROCESS_LOCAL, 9421 bytes)
[2026-03-15T00:10:19.264+0000] {docker.py:429} INFO - 26/03/15 00:10:19 INFO TaskSetManager: Starting task 8.0 in stage 4.0 (TID 20) (56d4691edc29, executor driver, partition 8, PROCESS_LOCAL, 9421 bytes)
[2026-03-15T00:10:19.264+0000] {docker.py:429} INFO - 26/03/15 00:10:19 INFO TaskSetManager: Starting task 9.0 in stage 4.0 (TID 21) (56d4691edc29, executor driver, partition 9, PROCESS_LOCAL, 9421 bytes)
[2026-03-15T00:10:19.265+0000] {docker.py:429} INFO - 26/03/15 00:10:19 INFO Executor: Running task 3.0 in stage 4.0 (TID 15)
26/03/15 00:10:19 INFO Executor: Running task 2.0 in stage 4.0 (TID 14)
26/03/15 00:10:19 INFO Executor: Running task 4.0 in stage 4.0 (TID 16)
26/03/15 00:10:19 INFO Executor: Running task 1.0 in stage 4.0 (TID 13)
[2026-03-15T00:10:19.265+0000] {docker.py:429} INFO - 26/03/15 00:10:19 INFO Executor: Running task 5.0 in stage 4.0 (TID 17)
[2026-03-15T00:10:19.265+0000] {docker.py:429} INFO - 26/03/15 00:10:19 INFO Executor: Running task 0.0 in stage 4.0 (TID 12)
[2026-03-15T00:10:19.265+0000] {docker.py:429} INFO - 26/03/15 00:10:19 INFO Executor: Running task 7.0 in stage 4.0 (TID 19)
[2026-03-15T00:10:19.265+0000] {docker.py:429} INFO - 26/03/15 00:10:19 INFO Executor: Running task 6.0 in stage 4.0 (TID 18)
[2026-03-15T00:10:19.265+0000] {docker.py:429} INFO - 26/03/15 00:10:19 INFO Executor: Running task 8.0 in stage 4.0 (TID 20)
[2026-03-15T00:10:19.265+0000] {docker.py:429} INFO - 26/03/15 00:10:19 INFO Executor: Running task 9.0 in stage 4.0 (TID 21)
[2026-03-15T00:10:19.336+0000] {docker.py:429} INFO - 26/03/15 00:10:19 INFO CodecPool: Got brand-new compressor [.zstd]
26/03/15 00:10:19 INFO CodecPool: Got brand-new compressor [.zstd]
26/03/15 00:10:19 INFO CodecPool: Got brand-new compressor [.zstd]
26/03/15 00:10:19 INFO CodecPool: Got brand-new compressor [.zstd]
26/03/15 00:10:19 INFO CodecPool: Got brand-new compressor [.zstd]
[2026-03-15T00:10:19.344+0000] {docker.py:429} INFO - 26/03/15 00:10:19 INFO CodecPool: Got brand-new compressor [.zstd]
26/03/15 00:10:19 INFO CodecPool: Got brand-new compressor [.zstd]
[2026-03-15T00:10:19.344+0000] {docker.py:429} INFO - 26/03/15 00:10:19 INFO CodecPool: Got brand-new compressor [.zstd]
[2026-03-15T00:10:19.345+0000] {docker.py:429} INFO - 26/03/15 00:10:19 INFO CodecPool: Got brand-new compressor [.zstd]
[2026-03-15T00:10:19.345+0000] {docker.py:429} INFO - 26/03/15 00:10:19 INFO CodecPool: Got brand-new compressor [.zstd]
[2026-03-15T00:10:19.530+0000] {docker.py:429} INFO - 26/03/15 00:10:19 INFO FileScanRDD: Reading File path: s3a://landing-zone/telemetry/2026/03/15/batch_1773533342.json, range: 0-1687, partition values: [empty row]
26/03/15 00:10:19 INFO FileScanRDD: Reading File path: s3a://landing-zone/telemetry/2026/03/15/batch_1773533126.json, range: 0-1446, partition values: [empty row]
[2026-03-15T00:10:19.531+0000] {docker.py:429} INFO - 26/03/15 00:10:19 INFO FileScanRDD: Reading File path: s3a://landing-zone/telemetry/2026/03/15/batch_1773533219.json, range: 0-1447, partition values: [empty row]
[2026-03-15T00:10:19.531+0000] {docker.py:429} INFO - 26/03/15 00:10:19 INFO FileScanRDD: Reading File path: s3a://landing-zone/telemetry/2026/03/15/batch_1773533311.json, range: 0-1447, partition values: [empty row]
26/03/15 00:10:19 INFO FileScanRDD: Reading File path: s3a://landing-zone/telemetry/2026/03/15/batch_1773533250.json, range: 0-1450, partition values: [empty row]
26/03/15 00:10:19 INFO FileScanRDD: Reading File path: s3a://landing-zone/telemetry/2026/03/15/batch_1773533157.json, range: 0-1685, partition values: [empty row]
26/03/15 00:10:19 INFO FileScanRDD: Reading File path: s3a://landing-zone/telemetry/2026/03/15/batch_1773533404.json, range: 0-1447, partition values: [empty row]
[2026-03-15T00:10:19.531+0000] {docker.py:429} INFO - 26/03/15 00:10:19 INFO FileScanRDD: Reading File path: s3a://landing-zone/telemetry/2026/03/15/batch_1773533373.json, range: 0-1449, partition values: [empty row]
26/03/15 00:10:19 INFO FileScanRDD: Reading File path: s3a://landing-zone/telemetry/2026/03/15/batch_1773533281.json, range: 0-1450, partition values: [empty row]
[2026-03-15T00:10:19.532+0000] {docker.py:429} INFO - 26/03/15 00:10:19 INFO FileScanRDD: Reading File path: s3a://landing-zone/telemetry/2026/03/15/batch_1773533188.json, range: 0-1450, partition values: [empty row]
[2026-03-15T00:10:19.547+0000] {docker.py:429} INFO - 26/03/15 00:10:19 INFO CodeGenerator: Code generated in 11.146116 ms
[2026-03-15T00:10:19.577+0000] {docker.py:429} INFO - 26/03/15 00:10:19 INFO DataWritingSparkTask: Commit authorized for partition 0 (task 12, attempt 0, stage 4.0)
26/03/15 00:10:19 INFO DataWritingSparkTask: Commit authorized for partition 9 (task 21, attempt 0, stage 4.0)
26/03/15 00:10:19 INFO DataWritingSparkTask: Commit authorized for partition 4 (task 16, attempt 0, stage 4.0)
26/03/15 00:10:19 INFO DataWritingSparkTask: Commit authorized for partition 6 (task 18, attempt 0, stage 4.0)
26/03/15 00:10:19 INFO DataWritingSparkTask: Commit authorized for partition 8 (task 20, attempt 0, stage 4.0)
26/03/15 00:10:19 INFO DataWritingSparkTask: Commit authorized for partition 5 (task 17, attempt 0, stage 4.0)
[2026-03-15T00:10:19.578+0000] {docker.py:429} INFO - 26/03/15 00:10:19 INFO DataWritingSparkTask: Commit authorized for partition 3 (task 15, attempt 0, stage 4.0)
[2026-03-15T00:10:19.578+0000] {docker.py:429} INFO - 26/03/15 00:10:19 INFO DataWritingSparkTask: Commit authorized for partition 1 (task 13, attempt 0, stage 4.0)
[2026-03-15T00:10:19.578+0000] {docker.py:429} INFO - 26/03/15 00:10:19 INFO DataWritingSparkTask: Commit authorized for partition 7 (task 19, attempt 0, stage 4.0)
26/03/15 00:10:19 INFO DataWritingSparkTask: Commit authorized for partition 2 (task 14, attempt 0, stage 4.0)
[2026-03-15T00:10:19.949+0000] {docker.py:429} INFO - 26/03/15 00:10:19 INFO DataWritingSparkTask: Committed partition 0 (task 12, attempt 0, stage 4.0)
26/03/15 00:10:19 INFO DataWritingSparkTask: Committed partition 7 (task 19, attempt 0, stage 4.0)
26/03/15 00:10:19 INFO DataWritingSparkTask: Committed partition 2 (task 14, attempt 0, stage 4.0)
26/03/15 00:10:19 INFO DataWritingSparkTask: Committed partition 3 (task 15, attempt 0, stage 4.0)
26/03/15 00:10:19 INFO DataWritingSparkTask: Committed partition 4 (task 16, attempt 0, stage 4.0)
26/03/15 00:10:19 INFO DataWritingSparkTask: Committed partition 8 (task 20, attempt 0, stage 4.0)
[2026-03-15T00:10:19.950+0000] {docker.py:429} INFO - 26/03/15 00:10:19 INFO DataWritingSparkTask: Committed partition 1 (task 13, attempt 0, stage 4.0)
[2026-03-15T00:10:19.958+0000] {docker.py:429} INFO - 26/03/15 00:10:19 INFO DataWritingSparkTask: Committed partition 5 (task 17, attempt 0, stage 4.0)
[2026-03-15T00:10:19.962+0000] {docker.py:429} INFO - 26/03/15 00:10:19 INFO DataWritingSparkTask: Committed partition 6 (task 18, attempt 0, stage 4.0)
[2026-03-15T00:10:19.963+0000] {docker.py:429} INFO - 26/03/15 00:10:19 INFO Executor: Finished task 5.0 in stage 4.0 (TID 17). 4140 bytes result sent to driver
26/03/15 00:10:19 INFO Executor: Finished task 7.0 in stage 4.0 (TID 19). 4140 bytes result sent to driver
26/03/15 00:10:19 INFO Executor: Finished task 0.0 in stage 4.0 (TID 12). 4140 bytes result sent to driver
26/03/15 00:10:19 INFO Executor: Finished task 2.0 in stage 4.0 (TID 14). 4140 bytes result sent to driver
26/03/15 00:10:19 INFO Executor: Finished task 8.0 in stage 4.0 (TID 20). 4140 bytes result sent to driver
[2026-03-15T00:10:19.964+0000] {docker.py:429} INFO - 26/03/15 00:10:19 INFO Executor: Finished task 3.0 in stage 4.0 (TID 15). 4140 bytes result sent to driver
[2026-03-15T00:10:19.965+0000] {docker.py:429} INFO - 26/03/15 00:10:19 INFO Executor: Finished task 1.0 in stage 4.0 (TID 13). 4140 bytes result sent to driver
[2026-03-15T00:10:19.965+0000] {docker.py:429} INFO - 26/03/15 00:10:19 INFO TaskSetManager: Finished task 2.0 in stage 4.0 (TID 14) in 704 ms on 56d4691edc29 (executor driver) (1/10)
[2026-03-15T00:10:19.966+0000] {docker.py:429} INFO - 26/03/15 00:10:19 INFO DataWritingSparkTask: Committed partition 9 (task 21, attempt 0, stage 4.0)
26/03/15 00:10:19 INFO TaskSetManager: Finished task 8.0 in stage 4.0 (TID 20) in 702 ms on 56d4691edc29 (executor driver) (2/10)
26/03/15 00:10:19 INFO Executor: Finished task 4.0 in stage 4.0 (TID 16). 4140 bytes result sent to driver
[2026-03-15T00:10:19.966+0000] {docker.py:429} INFO - 26/03/15 00:10:19 INFO TaskSetManager: Finished task 5.0 in stage 4.0 (TID 17) in 704 ms on 56d4691edc29 (executor driver) (3/10)
[2026-03-15T00:10:19.966+0000] {docker.py:429} INFO - 26/03/15 00:10:19 INFO TaskSetManager: Finished task 0.0 in stage 4.0 (TID 12) in 707 ms on 56d4691edc29 (executor driver) (4/10)
[2026-03-15T00:10:19.968+0000] {docker.py:429} INFO - 26/03/15 00:10:19 INFO TaskSetManager: Finished task 7.0 in stage 4.0 (TID 19) in 703 ms on 56d4691edc29 (executor driver) (5/10)
26/03/15 00:10:19 INFO Executor: Finished task 9.0 in stage 4.0 (TID 21). 4097 bytes result sent to driver
26/03/15 00:10:19 INFO TaskSetManager: Finished task 1.0 in stage 4.0 (TID 13) in 707 ms on 56d4691edc29 (executor driver) (6/10)
[2026-03-15T00:10:19.968+0000] {docker.py:429} INFO - 26/03/15 00:10:19 INFO Executor: Finished task 6.0 in stage 4.0 (TID 18). 4140 bytes result sent to driver
[2026-03-15T00:10:19.969+0000] {docker.py:429} INFO - 26/03/15 00:10:19 INFO TaskSetManager: Finished task 6.0 in stage 4.0 (TID 18) in 706 ms on 56d4691edc29 (executor driver) (7/10)
[2026-03-15T00:10:19.970+0000] {docker.py:429} INFO - 26/03/15 00:10:19 INFO TaskSetManager: Finished task 3.0 in stage 4.0 (TID 15) in 708 ms on 56d4691edc29 (executor driver) (8/10)
26/03/15 00:10:19 INFO TaskSetManager: Finished task 4.0 in stage 4.0 (TID 16) in 708 ms on 56d4691edc29 (executor driver) (9/10)
26/03/15 00:10:19 INFO TaskSetManager: Finished task 9.0 in stage 4.0 (TID 21) in 705 ms on 56d4691edc29 (executor driver) (10/10)
[2026-03-15T00:10:19.970+0000] {docker.py:429} INFO - 26/03/15 00:10:19 INFO TaskSchedulerImpl: Removed TaskSet 4.0, whose tasks have all completed, from pool
[2026-03-15T00:10:19.971+0000] {docker.py:429} INFO - 26/03/15 00:10:19 INFO DAGScheduler: ResultStage 4 (saveAsTable at NativeMethodAccessorImpl.java:0) finished in 0.715 s
[2026-03-15T00:10:19.971+0000] {docker.py:429} INFO - 26/03/15 00:10:19 INFO DAGScheduler: Job 3 is finished. Cancelling potential speculative or zombie tasks for this job
[2026-03-15T00:10:19.972+0000] {docker.py:429} INFO - 26/03/15 00:10:19 INFO TaskSchedulerImpl: Killing all running tasks in stage 4: Stage finished
[2026-03-15T00:10:19.972+0000] {docker.py:429} INFO - 26/03/15 00:10:19 INFO DAGScheduler: Job 3 finished: saveAsTable at NativeMethodAccessorImpl.java:0, took 0.718976 s
[2026-03-15T00:10:19.972+0000] {docker.py:429} INFO - 26/03/15 00:10:19 INFO AppendDataExec: Data source write support IcebergBatchWrite(table=nessie.gold.sensor_telemetry_historical, format=PARQUET) is committing.
[2026-03-15T00:10:20.004+0000] {docker.py:429} INFO - 26/03/15 00:10:20 INFO SparkWrite: Committing append with 10 new data files to table nessie.gold.sensor_telemetry_historical
[2026-03-15T00:10:20.254+0000] {docker.py:429} INFO - 26/03/15 00:10:20 INFO NessieIcebergClient: Committed 'gold.sensor_telemetry_historical' against 'Branch{name=main, metadata=null, hash=5602cf22f595830248b11ce7245f4489bd9a58043709b4e53e7468556d644581}', expected commit-id was 'eba272769790a8d1ec31478ac4f3ef8e4aa8a5680d383b676876d4e6fcdadac6'
[2026-03-15T00:10:20.254+0000] {docker.py:429} INFO - 26/03/15 00:10:20 INFO BaseMetastoreTableOperations: Successfully committed to table gold.sensor_telemetry_historical in 38 ms
[2026-03-15T00:10:20.254+0000] {docker.py:429} INFO - 26/03/15 00:10:20 INFO SnapshotProducer: Committed snapshot 5051726446796479402 (MergeAppend)
[2026-03-15T00:10:20.263+0000] {docker.py:429} INFO - 26/03/15 00:10:20 INFO BaseMetastoreTableOperations: Refreshing table metadata from new version: s3a://warehouse/gold/sensor_telemetry_historical_2d5736bc-ddcb-4955-b7c3-8a46e0b83281/metadata/00006-0ebab9e3-ab2f-4d62-8184-ec5670b2d5d6.metadata.json
[2026-03-15T00:10:20.269+0000] {docker.py:429} INFO - 26/03/15 00:10:20 INFO NessieUtil: loadTableMetadata for 'gold.sensor_telemetry_historical' from location 's3a://warehouse/gold/sensor_telemetry_historical_2d5736bc-ddcb-4955-b7c3-8a46e0b83281/metadata/00006-0ebab9e3-ab2f-4d62-8184-ec5670b2d5d6.metadata.json' at 'Branch{name=main, metadata=null, hash=5602cf22f595830248b11ce7245f4489bd9a58043709b4e53e7468556d644581}'
[2026-03-15T00:10:20.292+0000] {docker.py:429} INFO - 26/03/15 00:10:20 INFO LoggingMetricsReporter: Received metrics report: CommitReport{tableName=nessie.gold.sensor_telemetry_historical, snapshotId=5051726446796479402, sequenceNumber=7, operation=append, commitMetrics=CommitMetricsResult{totalDuration=TimerResult{timeUnit=NANOSECONDS, totalDuration=PT0.270946268S, count=1}, attempts=CounterResult{unit=COUNT, value=1}, addedDataFiles=CounterResult{unit=COUNT, value=10}, removedDataFiles=null, totalDataFiles=CounterResult{unit=COUNT, value=98}, addedDeleteFiles=null, addedEqualityDeleteFiles=null, addedPositionalDeleteFiles=null, removedDeleteFiles=null, removedEqualityDeleteFiles=null, removedPositionalDeleteFiles=null, totalDeleteFiles=CounterResult{unit=COUNT, value=0}, addedRecords=CounterResult{unit=COUNT, value=186}, removedRecords=null, totalRecords=CounterResult{unit=COUNT, value=24668}, addedFilesSizeInBytes=CounterResult{unit=BYTES, value=15995}, removedFilesSizeInBytes=null, totalFilesSizeInBytes=CounterResult{unit=BYTES, value=312949}, addedPositionalDeletes=null, removedPositionalDeletes=null, totalPositionalDeletes=CounterResult{unit=COUNT, value=0}, addedEqualityDeletes=null, removedEqualityDeletes=null, totalEqualityDeletes=CounterResult{unit=COUNT, value=0}}, metadata={engine-version=3.5.1, app-id=local-1773533414863, engine-name=spark, iceberg-version=Apache Iceberg 1.4.3 (commit 9a5d24fee239352021a9a73f6a4cad8ecf464f01)}}
26/03/15 00:10:20 INFO SparkWrite: Committed in 288 ms
[2026-03-15T00:10:20.293+0000] {docker.py:429} INFO - 26/03/15 00:10:20 INFO AppendDataExec: Data source write support IcebergBatchWrite(table=nessie.gold.sensor_telemetry_historical, format=PARQUET) committed.
[2026-03-15T00:10:20.318+0000] {docker.py:429} INFO - ✅ Batch complete! Appended to Lakehouse and cleared landing zone.
[2026-03-15T00:10:20.341+0000] {docker.py:429} INFO - 26/03/15 00:10:20 INFO SparkContext: Invoking stop() from shutdown hook
[2026-03-15T00:10:20.341+0000] {docker.py:429} INFO - 26/03/15 00:10:20 INFO SparkContext: SparkContext is stopping with exitCode 0.
[2026-03-15T00:10:20.345+0000] {docker.py:429} INFO - 26/03/15 00:10:20 INFO SparkUI: Stopped Spark web UI at http://56d4691edc29:4040
[2026-03-15T00:10:20.350+0000] {docker.py:429} INFO - 26/03/15 00:10:20 INFO MapOutputTrackerMasterEndpoint: MapOutputTrackerMasterEndpoint stopped!
[2026-03-15T00:10:20.357+0000] {docker.py:429} INFO - 26/03/15 00:10:20 INFO MemoryStore: MemoryStore cleared
[2026-03-15T00:10:20.358+0000] {docker.py:429} INFO - 26/03/15 00:10:20 INFO BlockManager: BlockManager stopped
[2026-03-15T00:10:20.359+0000] {docker.py:429} INFO - 26/03/15 00:10:20 INFO BlockManagerMaster: BlockManagerMaster stopped
[2026-03-15T00:10:20.360+0000] {docker.py:429} INFO - 26/03/15 00:10:20 INFO OutputCommitCoordinator$OutputCommitCoordinatorEndpoint: OutputCommitCoordinator stopped!
[2026-03-15T00:10:20.364+0000] {docker.py:429} INFO - 26/03/15 00:10:20 INFO SparkContext: Successfully stopped SparkContext
[2026-03-15T00:10:20.364+0000] {docker.py:429} INFO - 26/03/15 00:10:20 INFO ShutdownHookManager: Shutdown hook called
[2026-03-15T00:10:20.365+0000] {docker.py:429} INFO - 26/03/15 00:10:20 INFO ShutdownHookManager: Deleting directory /tmp/spark-9962c56e-f57a-4565-be75-fa8ef6fb5b64
[2026-03-15T00:10:20.367+0000] {docker.py:429} INFO - 26/03/15 00:10:20 INFO ShutdownHookManager: Deleting directory /tmp/spark-b108f32c-fd97-4127-ad11-91e599f94272
[2026-03-15T00:10:20.371+0000] {docker.py:429} INFO - 26/03/15 00:10:20 INFO ShutdownHookManager: Deleting directory /tmp/spark-9962c56e-f57a-4565-be75-fa8ef6fb5b64/pyspark-6f80a11d-3057-499a-8f2c-a9ce8f7af985
[2026-03-15T00:10:20.376+0000] {docker.py:429} INFO - 26/03/15 00:10:20 INFO MetricsSystemImpl: Stopping s3a-file-system metrics system...
[2026-03-15T00:10:20.376+0000] {docker.py:429} INFO - 26/03/15 00:10:20 INFO MetricsSystemImpl: s3a-file-system metrics system stopped.
[2026-03-15T00:10:20.376+0000] {docker.py:429} INFO - 26/03/15 00:10:20 INFO MetricsSystemImpl: s3a-file-system metrics system shutdown complete.
[2026-03-15T00:10:21.164+0000] {taskinstance.py:1149} INFO - Marking task as SUCCESS. dag_id=lakehouse_telemetry_ingestion, task_id=run_spark_iceberg_ingestion, execution_date=20260315T000500, start_date=20260315T001002, end_date=20260315T001021
[2026-03-15T00:10:21.216+0000] {local_task_job_runner.py:234} INFO - Task exited with return code 0
[2026-03-15T00:10:21.221+0000] {taskinstance.py:3309} INFO - 0 downstream tasks scheduled from follow-on schedule check
