[2026-03-14T12:36:19.953+0000] {taskinstance.py:1979} INFO - Dependencies all met for dep_context=non-requeueable deps ti=<TaskInstance: lakehouse_telemetry_ingestion.run_spark_iceberg_ingestion scheduled__2026-03-14T12:30:00+00:00 [queued]>
[2026-03-14T12:36:19.955+0000] {taskinstance.py:1979} INFO - Dependencies all met for dep_context=requeueable deps ti=<TaskInstance: lakehouse_telemetry_ingestion.run_spark_iceberg_ingestion scheduled__2026-03-14T12:30:00+00:00 [queued]>
[2026-03-14T12:36:19.955+0000] {taskinstance.py:2193} INFO - Starting attempt 1 of 2
[2026-03-14T12:36:19.963+0000] {taskinstance.py:2214} INFO - Executing <Task(DockerOperator): run_spark_iceberg_ingestion> on 2026-03-14 12:30:00+00:00
[2026-03-14T12:36:19.967+0000] {standard_task_runner.py:60} INFO - Started process 126 to run task
[2026-03-14T12:36:19.969+0000] {standard_task_runner.py:87} INFO - Running: ['airflow', 'tasks', 'run', 'lakehouse_telemetry_ingestion', 'run_spark_iceberg_ingestion', 'scheduled__2026-03-14T12:30:00+00:00', '--job-id', '3', '--raw', '--subdir', 'DAGS_FOLDER/telemetry_batch.py', '--cfg-path', '/tmp/tmpj96l6e9p']
[2026-03-14T12:36:19.970+0000] {standard_task_runner.py:88} INFO - Job 3: Subtask run_spark_iceberg_ingestion
[2026-03-14T12:36:19.990+0000] {task_command.py:423} INFO - Running <TaskInstance: lakehouse_telemetry_ingestion.run_spark_iceberg_ingestion scheduled__2026-03-14T12:30:00+00:00 [running]> on host faf6527c0c5a
[2026-03-14T12:36:20.025+0000] {taskinstance.py:2510} INFO - Exporting env vars: AIRFLOW_CTX_DAG_OWNER='enwyse-data-eng' AIRFLOW_CTX_DAG_ID='lakehouse_telemetry_ingestion' AIRFLOW_CTX_TASK_ID='run_spark_iceberg_ingestion' AIRFLOW_CTX_EXECUTION_DATE='2026-03-14T12:30:00+00:00' AIRFLOW_CTX_TRY_NUMBER='1' AIRFLOW_CTX_DAG_RUN_ID='scheduled__2026-03-14T12:30:00+00:00'
[2026-03-14T12:36:20.042+0000] {docker.py:359} INFO - Starting docker container from image bitnamilegacy/spark:3.5.1
[2026-03-14T12:36:20.233+0000] {docker.py:429} INFO - [38;5;6mspark [38;5;5m12:36:20.23 [0m[38;5;2mINFO [0m ==>
[2026-03-14T12:36:20.234+0000] {docker.py:429} INFO - [38;5;6mspark [38;5;5m12:36:20.23 [0m[38;5;2mINFO [0m ==> [1mWelcome to the Bitnami spark container[0m
[2026-03-14T12:36:20.235+0000] {docker.py:429} INFO - [38;5;6mspark [38;5;5m12:36:20.23 [0m[38;5;2mINFO [0m ==> Subscribe to project updates by watching [1mhttps://github.com/bitnami/containers[0m
[2026-03-14T12:36:20.236+0000] {docker.py:429} INFO - [38;5;6mspark [38;5;5m12:36:20.23 [0m[38;5;2mINFO [0m ==> Submit issues and feature requests at [1mhttps://github.com/bitnami/containers/issues[0m
[2026-03-14T12:36:20.237+0000] {docker.py:429} INFO - [38;5;6mspark [38;5;5m12:36:20.23 [0m[38;5;2mINFO [0m ==> Upgrade to Tanzu Application Catalog for production environments to access custom-configured and pre-packaged software components. Gain enhanced features, including Software Bill of Materials (SBOM), CVE scan result reports, and VEX documents. To learn more, visit [1mhttps://bitnami.com/enterprise[0m
[2026-03-14T12:36:20.238+0000] {docker.py:429} INFO - [38;5;6mspark [38;5;5m12:36:20.23 [0m[38;5;2mINFO [0m ==>
[2026-03-14T12:36:20.246+0000] {docker.py:429} INFO - 
[2026-03-14T12:36:21.228+0000] {docker.py:429} INFO - :: loading settings :: url = jar:file:/opt/bitnami/spark/jars/ivy-2.5.1.jar!/org/apache/ivy/core/settings/ivysettings.xml
[2026-03-14T12:36:21.274+0000] {docker.py:429} INFO - Ivy Default Cache set to: /opt/bitnami/spark/.ivy2/cache
The jars for the packages stored in: /opt/bitnami/spark/.ivy2/jars
[2026-03-14T12:36:21.276+0000] {docker.py:429} INFO - org.apache.iceberg#iceberg-spark-runtime-3.5_2.12 added as a dependency
org.projectnessie.nessie-integrations#nessie-spark-extensions-3.5_2.12 added as a dependency
[2026-03-14T12:36:21.277+0000] {docker.py:429} INFO - org.apache.hadoop#hadoop-aws added as a dependency
[2026-03-14T12:36:21.277+0000] {docker.py:429} INFO - :: resolving dependencies :: org.apache.spark#spark-submit-parent-86e04c46-b18c-46ae-8128-3ca60cf79aac;1.0
	confs: [default]
[2026-03-14T12:36:21.736+0000] {docker.py:429} INFO - found org.apache.iceberg#iceberg-spark-runtime-3.5_2.12;1.4.3 in central
[2026-03-14T12:36:25.429+0000] {docker.py:429} INFO - found org.projectnessie.nessie-integrations#nessie-spark-extensions-3.5_2.12;0.77.1 in central
[2026-03-14T12:36:27.087+0000] {docker.py:429} INFO - found org.apache.hadoop#hadoop-aws;3.3.4 in central
[2026-03-14T12:36:27.931+0000] {docker.py:429} INFO - found com.amazonaws#aws-java-sdk-bundle;1.12.262 in central
[2026-03-14T12:36:29.005+0000] {docker.py:429} INFO - found org.wildfly.openssl#wildfly-openssl;1.0.7.Final in central
[2026-03-14T12:36:29.050+0000] {docker.py:429} INFO - downloading https://repo1.maven.org/maven2/org/apache/iceberg/iceberg-spark-runtime-3.5_2.12/1.4.3/iceberg-spark-runtime-3.5_2.12-1.4.3.jar ...
[2026-03-14T12:36:29.680+0000] {docker.py:429} INFO - [SUCCESSFUL ] org.apache.iceberg#iceberg-spark-runtime-3.5_2.12;1.4.3!iceberg-spark-runtime-3.5_2.12.jar (667ms)
[2026-03-14T12:36:29.723+0000] {docker.py:429} INFO - downloading https://repo1.maven.org/maven2/org/projectnessie/nessie-integrations/nessie-spark-extensions-3.5_2.12/0.77.1/nessie-spark-extensions-3.5_2.12-0.77.1.jar ...
[2026-03-14T12:36:29.793+0000] {docker.py:429} INFO - [SUCCESSFUL ] org.projectnessie.nessie-integrations#nessie-spark-extensions-3.5_2.12;0.77.1!nessie-spark-extensions-3.5_2.12.jar (113ms)
[2026-03-14T12:36:29.841+0000] {docker.py:429} INFO - downloading https://repo1.maven.org/maven2/org/apache/hadoop/hadoop-aws/3.3.4/hadoop-aws-3.3.4.jar ...
[2026-03-14T12:36:29.898+0000] {docker.py:429} INFO - [SUCCESSFUL ] org.apache.hadoop#hadoop-aws;3.3.4!hadoop-aws.jar (103ms)
[2026-03-14T12:36:29.943+0000] {docker.py:429} INFO - downloading https://repo1.maven.org/maven2/com/amazonaws/aws-java-sdk-bundle/1.12.262/aws-java-sdk-bundle-1.12.262.jar ...
[2026-03-14T12:36:34.504+0000] {docker.py:429} INFO - [SUCCESSFUL ] com.amazonaws#aws-java-sdk-bundle;1.12.262!aws-java-sdk-bundle.jar (4605ms)
[2026-03-14T12:36:34.551+0000] {docker.py:429} INFO - downloading https://repo1.maven.org/maven2/org/wildfly/openssl/wildfly-openssl/1.0.7.Final/wildfly-openssl-1.0.7.Final.jar ...
[2026-03-14T12:36:34.591+0000] {docker.py:429} INFO - [SUCCESSFUL ] org.wildfly.openssl#wildfly-openssl;1.0.7.Final!wildfly-openssl.jar (86ms)
[2026-03-14T12:36:34.591+0000] {docker.py:429} INFO - :: resolution report :: resolve 7734ms :: artifacts dl 5580ms
	:: modules in use:
[2026-03-14T12:36:34.592+0000] {docker.py:429} INFO - com.amazonaws#aws-java-sdk-bundle;1.12.262 from central in [default]
	org.apache.hadoop#hadoop-aws;3.3.4 from central in [default]
	org.apache.iceberg#iceberg-spark-runtime-3.5_2.12;1.4.3 from central in [default]
	org.projectnessie.nessie-integrations#nessie-spark-extensions-3.5_2.12;0.77.1 from central in [default]
[2026-03-14T12:36:34.592+0000] {docker.py:429} INFO - org.wildfly.openssl#wildfly-openssl;1.0.7.Final from central in [default]
[2026-03-14T12:36:34.592+0000] {docker.py:429} INFO - ---------------------------------------------------------------------
[2026-03-14T12:36:34.592+0000] {docker.py:429} INFO - |                  |            modules            ||   artifacts   |
	|       conf       | number| search|dwnlded|evicted|| number|dwnlded|
	---------------------------------------------------------------------
[2026-03-14T12:36:34.592+0000] {docker.py:429} INFO - |      default     |   5   |   5   |   5   |   0   ||   5   |   5   |
	---------------------------------------------------------------------
[2026-03-14T12:36:34.594+0000] {docker.py:429} INFO - :: retrieving :: org.apache.spark#spark-submit-parent-86e04c46-b18c-46ae-8128-3ca60cf79aac
[2026-03-14T12:36:34.594+0000] {docker.py:429} INFO - confs: [default]
[2026-03-14T12:36:34.915+0000] {docker.py:429} INFO - 5 artifacts copied, 0 already retrieved (306076kB/321ms)
[2026-03-14T12:36:35.067+0000] {docker.py:429} INFO - 26/03/14 12:36:35 WARN NativeCodeLoader: Unable to load native-hadoop library for your platform... using builtin-java classes where applicable
[2026-03-14T12:36:35.736+0000] {docker.py:429} INFO - 🚀 Initializing Spark Session for Enwyse Lakehouse...
[2026-03-14T12:36:35.811+0000] {docker.py:429} INFO - 26/03/14 12:36:35 INFO SparkContext: Running Spark version 3.5.1
[2026-03-14T12:36:35.812+0000] {docker.py:429} INFO - 26/03/14 12:36:35 INFO SparkContext: OS info Linux, 6.1.0-37-amd64, amd64
[2026-03-14T12:36:35.812+0000] {docker.py:429} INFO - 26/03/14 12:36:35 INFO SparkContext: Java version 17.0.12
[2026-03-14T12:36:35.827+0000] {docker.py:429} INFO - 26/03/14 12:36:35 INFO ResourceUtils: ==============================================================
[2026-03-14T12:36:35.827+0000] {docker.py:429} INFO - 26/03/14 12:36:35 INFO ResourceUtils: No custom resources configured for spark.driver.
[2026-03-14T12:36:35.827+0000] {docker.py:429} INFO - 26/03/14 12:36:35 INFO ResourceUtils: ==============================================================
[2026-03-14T12:36:35.827+0000] {docker.py:429} INFO - 26/03/14 12:36:35 INFO SparkContext: Submitted application: Enwyse-Batch-Ingestion
[2026-03-14T12:36:35.848+0000] {docker.py:429} INFO - 26/03/14 12:36:35 INFO ResourceProfile: Default ResourceProfile created, executor resources: Map(cores -> name: cores, amount: 1, script: , vendor: , memory -> name: memory, amount: 1024, script: , vendor: , offHeap -> name: offHeap, amount: 0, script: , vendor: ), task resources: Map(cpus -> name: cpus, amount: 1.0)
[2026-03-14T12:36:35.855+0000] {docker.py:429} INFO - 26/03/14 12:36:35 INFO ResourceProfile: Limiting resource is cpu
[2026-03-14T12:36:35.856+0000] {docker.py:429} INFO - 26/03/14 12:36:35 INFO ResourceProfileManager: Added ResourceProfile id: 0
[2026-03-14T12:36:35.886+0000] {docker.py:429} INFO - 26/03/14 12:36:35 INFO SecurityManager: Changing view acls to: spark
[2026-03-14T12:36:35.887+0000] {docker.py:429} INFO - 26/03/14 12:36:35 INFO SecurityManager: Changing modify acls to: spark
[2026-03-14T12:36:35.887+0000] {docker.py:429} INFO - 26/03/14 12:36:35 INFO SecurityManager: Changing view acls groups to:
[2026-03-14T12:36:35.887+0000] {docker.py:429} INFO - 26/03/14 12:36:35 INFO SecurityManager: Changing modify acls groups to:
[2026-03-14T12:36:35.887+0000] {docker.py:429} INFO - 26/03/14 12:36:35 INFO SecurityManager: SecurityManager: authentication disabled; ui acls disabled; users with view permissions: spark; groups with view permissions: EMPTY; users with modify permissions: spark; groups with modify permissions: EMPTY
[2026-03-14T12:36:36.022+0000] {docker.py:429} INFO - 26/03/14 12:36:36 INFO Utils: Successfully started service 'sparkDriver' on port 40475.
[2026-03-14T12:36:36.035+0000] {docker.py:429} INFO - 26/03/14 12:36:36 INFO SparkEnv: Registering MapOutputTracker
[2026-03-14T12:36:36.051+0000] {docker.py:429} INFO - 26/03/14 12:36:36 INFO SparkEnv: Registering BlockManagerMaster
[2026-03-14T12:36:36.059+0000] {docker.py:429} INFO - 26/03/14 12:36:36 INFO BlockManagerMasterEndpoint: Using org.apache.spark.storage.DefaultTopologyMapper for getting topology information
[2026-03-14T12:36:36.060+0000] {docker.py:429} INFO - 26/03/14 12:36:36 INFO BlockManagerMasterEndpoint: BlockManagerMasterEndpoint up
[2026-03-14T12:36:36.062+0000] {docker.py:429} INFO - 26/03/14 12:36:36 INFO SparkEnv: Registering BlockManagerMasterHeartbeat
[2026-03-14T12:36:36.072+0000] {docker.py:429} INFO - 26/03/14 12:36:36 INFO DiskBlockManager: Created local directory at /tmp/blockmgr-453d75f9-1e1d-4a17-953b-61f2e02f1f98
[2026-03-14T12:36:36.080+0000] {docker.py:429} INFO - 26/03/14 12:36:36 INFO MemoryStore: MemoryStore started with capacity 434.4 MiB
[2026-03-14T12:36:36.088+0000] {docker.py:429} INFO - 26/03/14 12:36:36 INFO SparkEnv: Registering OutputCommitCoordinator
[2026-03-14T12:36:36.147+0000] {docker.py:429} INFO - 26/03/14 12:36:36 INFO JettyUtils: Start Jetty 0.0.0.0:4040 for SparkUI
[2026-03-14T12:36:36.175+0000] {docker.py:429} INFO - 26/03/14 12:36:36 INFO Utils: Successfully started service 'SparkUI' on port 4040.
[2026-03-14T12:36:36.196+0000] {docker.py:429} INFO - 26/03/14 12:36:36 INFO SparkContext: Added JAR file:///opt/bitnami/spark/.ivy2/jars/org.apache.iceberg_iceberg-spark-runtime-3.5_2.12-1.4.3.jar at spark://1101ce8b40a8:40475/jars/org.apache.iceberg_iceberg-spark-runtime-3.5_2.12-1.4.3.jar with timestamp 1773491795804
[2026-03-14T12:36:36.196+0000] {docker.py:429} INFO - 26/03/14 12:36:36 INFO SparkContext: Added JAR file:///opt/bitnami/spark/.ivy2/jars/org.projectnessie.nessie-integrations_nessie-spark-extensions-3.5_2.12-0.77.1.jar at spark://1101ce8b40a8:40475/jars/org.projectnessie.nessie-integrations_nessie-spark-extensions-3.5_2.12-0.77.1.jar with timestamp 1773491795804
[2026-03-14T12:36:36.196+0000] {docker.py:429} INFO - 26/03/14 12:36:36 INFO SparkContext: Added JAR file:///opt/bitnami/spark/.ivy2/jars/org.apache.hadoop_hadoop-aws-3.3.4.jar at spark://1101ce8b40a8:40475/jars/org.apache.hadoop_hadoop-aws-3.3.4.jar with timestamp 1773491795804
[2026-03-14T12:36:36.196+0000] {docker.py:429} INFO - 26/03/14 12:36:36 INFO SparkContext: Added JAR file:///opt/bitnami/spark/.ivy2/jars/com.amazonaws_aws-java-sdk-bundle-1.12.262.jar at spark://1101ce8b40a8:40475/jars/com.amazonaws_aws-java-sdk-bundle-1.12.262.jar with timestamp 1773491795804
[2026-03-14T12:36:36.197+0000] {docker.py:429} INFO - 26/03/14 12:36:36 INFO SparkContext: Added JAR file:///opt/bitnami/spark/.ivy2/jars/org.wildfly.openssl_wildfly-openssl-1.0.7.Final.jar at spark://1101ce8b40a8:40475/jars/org.wildfly.openssl_wildfly-openssl-1.0.7.Final.jar with timestamp 1773491795804
[2026-03-14T12:36:36.198+0000] {docker.py:429} INFO - 26/03/14 12:36:36 INFO SparkContext: Added file file:///opt/bitnami/spark/.ivy2/jars/org.apache.iceberg_iceberg-spark-runtime-3.5_2.12-1.4.3.jar at file:///opt/bitnami/spark/.ivy2/jars/org.apache.iceberg_iceberg-spark-runtime-3.5_2.12-1.4.3.jar with timestamp 1773491795804
[2026-03-14T12:36:36.199+0000] {docker.py:429} INFO - 26/03/14 12:36:36 INFO Utils: Copying /opt/bitnami/spark/.ivy2/jars/org.apache.iceberg_iceberg-spark-runtime-3.5_2.12-1.4.3.jar to /tmp/spark-3b951d1f-b564-4715-a62b-f6be6a089430/userFiles-8f2e1e7b-40f7-4293-ab5d-ebcf1718bda2/org.apache.iceberg_iceberg-spark-runtime-3.5_2.12-1.4.3.jar
[2026-03-14T12:36:36.233+0000] {docker.py:429} INFO - 26/03/14 12:36:36 INFO SparkContext: Added file file:///opt/bitnami/spark/.ivy2/jars/org.projectnessie.nessie-integrations_nessie-spark-extensions-3.5_2.12-0.77.1.jar at file:///opt/bitnami/spark/.ivy2/jars/org.projectnessie.nessie-integrations_nessie-spark-extensions-3.5_2.12-0.77.1.jar with timestamp 1773491795804
[2026-03-14T12:36:36.234+0000] {docker.py:429} INFO - 26/03/14 12:36:36 INFO Utils: Copying /opt/bitnami/spark/.ivy2/jars/org.projectnessie.nessie-integrations_nessie-spark-extensions-3.5_2.12-0.77.1.jar to /tmp/spark-3b951d1f-b564-4715-a62b-f6be6a089430/userFiles-8f2e1e7b-40f7-4293-ab5d-ebcf1718bda2/org.projectnessie.nessie-integrations_nessie-spark-extensions-3.5_2.12-0.77.1.jar
[2026-03-14T12:36:36.239+0000] {docker.py:429} INFO - 26/03/14 12:36:36 INFO SparkContext: Added file file:///opt/bitnami/spark/.ivy2/jars/org.apache.hadoop_hadoop-aws-3.3.4.jar at file:///opt/bitnami/spark/.ivy2/jars/org.apache.hadoop_hadoop-aws-3.3.4.jar with timestamp 1773491795804
[2026-03-14T12:36:36.239+0000] {docker.py:429} INFO - 26/03/14 12:36:36 INFO Utils: Copying /opt/bitnami/spark/.ivy2/jars/org.apache.hadoop_hadoop-aws-3.3.4.jar to /tmp/spark-3b951d1f-b564-4715-a62b-f6be6a089430/userFiles-8f2e1e7b-40f7-4293-ab5d-ebcf1718bda2/org.apache.hadoop_hadoop-aws-3.3.4.jar
[2026-03-14T12:36:36.244+0000] {docker.py:429} INFO - 26/03/14 12:36:36 INFO SparkContext: Added file file:///opt/bitnami/spark/.ivy2/jars/com.amazonaws_aws-java-sdk-bundle-1.12.262.jar at file:///opt/bitnami/spark/.ivy2/jars/com.amazonaws_aws-java-sdk-bundle-1.12.262.jar with timestamp 1773491795804
[2026-03-14T12:36:36.244+0000] {docker.py:429} INFO - 26/03/14 12:36:36 INFO Utils: Copying /opt/bitnami/spark/.ivy2/jars/com.amazonaws_aws-java-sdk-bundle-1.12.262.jar to /tmp/spark-3b951d1f-b564-4715-a62b-f6be6a089430/userFiles-8f2e1e7b-40f7-4293-ab5d-ebcf1718bda2/com.amazonaws_aws-java-sdk-bundle-1.12.262.jar
[2026-03-14T12:36:36.438+0000] {docker.py:429} INFO - 26/03/14 12:36:36 INFO SparkContext: Added file file:///opt/bitnami/spark/.ivy2/jars/org.wildfly.openssl_wildfly-openssl-1.0.7.Final.jar at file:///opt/bitnami/spark/.ivy2/jars/org.wildfly.openssl_wildfly-openssl-1.0.7.Final.jar with timestamp 1773491795804
[2026-03-14T12:36:36.439+0000] {docker.py:429} INFO - 26/03/14 12:36:36 INFO Utils: Copying /opt/bitnami/spark/.ivy2/jars/org.wildfly.openssl_wildfly-openssl-1.0.7.Final.jar to /tmp/spark-3b951d1f-b564-4715-a62b-f6be6a089430/userFiles-8f2e1e7b-40f7-4293-ab5d-ebcf1718bda2/org.wildfly.openssl_wildfly-openssl-1.0.7.Final.jar
[2026-03-14T12:36:36.474+0000] {docker.py:429} INFO - 26/03/14 12:36:36 INFO Executor: Starting executor ID driver on host 1101ce8b40a8
[2026-03-14T12:36:36.474+0000] {docker.py:429} INFO - 26/03/14 12:36:36 INFO Executor: OS info Linux, 6.1.0-37-amd64, amd64
[2026-03-14T12:36:36.475+0000] {docker.py:429} INFO - 26/03/14 12:36:36 INFO Executor: Java version 17.0.12
[2026-03-14T12:36:36.478+0000] {docker.py:429} INFO - 26/03/14 12:36:36 INFO Executor: Starting executor with user classpath (userClassPathFirst = false): ''
[2026-03-14T12:36:36.478+0000] {docker.py:429} INFO - 26/03/14 12:36:36 INFO Executor: Created or updated repl class loader org.apache.spark.util.MutableURLClassLoader@7bc6fdbc for default.
[2026-03-14T12:36:36.484+0000] {docker.py:429} INFO - 26/03/14 12:36:36 INFO Executor: Fetching file:///opt/bitnami/spark/.ivy2/jars/org.apache.hadoop_hadoop-aws-3.3.4.jar with timestamp 1773491795804
[2026-03-14T12:36:36.493+0000] {docker.py:429} INFO - 26/03/14 12:36:36 INFO Utils: /opt/bitnami/spark/.ivy2/jars/org.apache.hadoop_hadoop-aws-3.3.4.jar has been previously copied to /tmp/spark-3b951d1f-b564-4715-a62b-f6be6a089430/userFiles-8f2e1e7b-40f7-4293-ab5d-ebcf1718bda2/org.apache.hadoop_hadoop-aws-3.3.4.jar
[2026-03-14T12:36:36.497+0000] {docker.py:429} INFO - 26/03/14 12:36:36 INFO Executor: Fetching file:///opt/bitnami/spark/.ivy2/jars/org.apache.iceberg_iceberg-spark-runtime-3.5_2.12-1.4.3.jar with timestamp 1773491795804
[2026-03-14T12:36:36.514+0000] {docker.py:429} INFO - 26/03/14 12:36:36 INFO Utils: /opt/bitnami/spark/.ivy2/jars/org.apache.iceberg_iceberg-spark-runtime-3.5_2.12-1.4.3.jar has been previously copied to /tmp/spark-3b951d1f-b564-4715-a62b-f6be6a089430/userFiles-8f2e1e7b-40f7-4293-ab5d-ebcf1718bda2/org.apache.iceberg_iceberg-spark-runtime-3.5_2.12-1.4.3.jar
[2026-03-14T12:36:36.518+0000] {docker.py:429} INFO - 26/03/14 12:36:36 INFO Executor: Fetching file:///opt/bitnami/spark/.ivy2/jars/com.amazonaws_aws-java-sdk-bundle-1.12.262.jar with timestamp 1773491795804
[2026-03-14T12:36:36.659+0000] {docker.py:429} INFO - 26/03/14 12:36:36 INFO Utils: /opt/bitnami/spark/.ivy2/jars/com.amazonaws_aws-java-sdk-bundle-1.12.262.jar has been previously copied to /tmp/spark-3b951d1f-b564-4715-a62b-f6be6a089430/userFiles-8f2e1e7b-40f7-4293-ab5d-ebcf1718bda2/com.amazonaws_aws-java-sdk-bundle-1.12.262.jar
[2026-03-14T12:36:36.663+0000] {docker.py:429} INFO - 26/03/14 12:36:36 INFO Executor: Fetching file:///opt/bitnami/spark/.ivy2/jars/org.projectnessie.nessie-integrations_nessie-spark-extensions-3.5_2.12-0.77.1.jar with timestamp 1773491795804
[2026-03-14T12:36:36.664+0000] {docker.py:429} INFO - 26/03/14 12:36:36 INFO Utils: /opt/bitnami/spark/.ivy2/jars/org.projectnessie.nessie-integrations_nessie-spark-extensions-3.5_2.12-0.77.1.jar has been previously copied to /tmp/spark-3b951d1f-b564-4715-a62b-f6be6a089430/userFiles-8f2e1e7b-40f7-4293-ab5d-ebcf1718bda2/org.projectnessie.nessie-integrations_nessie-spark-extensions-3.5_2.12-0.77.1.jar
[2026-03-14T12:36:36.669+0000] {docker.py:429} INFO - 26/03/14 12:36:36 INFO Executor: Fetching file:///opt/bitnami/spark/.ivy2/jars/org.wildfly.openssl_wildfly-openssl-1.0.7.Final.jar with timestamp 1773491795804
[2026-03-14T12:36:36.669+0000] {docker.py:429} INFO - 26/03/14 12:36:36 INFO Utils: /opt/bitnami/spark/.ivy2/jars/org.wildfly.openssl_wildfly-openssl-1.0.7.Final.jar has been previously copied to /tmp/spark-3b951d1f-b564-4715-a62b-f6be6a089430/userFiles-8f2e1e7b-40f7-4293-ab5d-ebcf1718bda2/org.wildfly.openssl_wildfly-openssl-1.0.7.Final.jar
[2026-03-14T12:36:36.676+0000] {docker.py:429} INFO - 26/03/14 12:36:36 INFO Executor: Fetching spark://1101ce8b40a8:40475/jars/org.projectnessie.nessie-integrations_nessie-spark-extensions-3.5_2.12-0.77.1.jar with timestamp 1773491795804
[2026-03-14T12:36:36.707+0000] {docker.py:429} INFO - 26/03/14 12:36:36 INFO TransportClientFactory: Successfully created connection to 1101ce8b40a8/172.22.0.15:40475 after 24 ms (0 ms spent in bootstraps)
[2026-03-14T12:36:36.710+0000] {docker.py:429} INFO - 26/03/14 12:36:36 INFO Utils: Fetching spark://1101ce8b40a8:40475/jars/org.projectnessie.nessie-integrations_nessie-spark-extensions-3.5_2.12-0.77.1.jar to /tmp/spark-3b951d1f-b564-4715-a62b-f6be6a089430/userFiles-8f2e1e7b-40f7-4293-ab5d-ebcf1718bda2/fetchFileTemp7546772051295592880.tmp
[2026-03-14T12:36:36.731+0000] {docker.py:429} INFO - 26/03/14 12:36:36 INFO Utils: /tmp/spark-3b951d1f-b564-4715-a62b-f6be6a089430/userFiles-8f2e1e7b-40f7-4293-ab5d-ebcf1718bda2/fetchFileTemp7546772051295592880.tmp has been previously copied to /tmp/spark-3b951d1f-b564-4715-a62b-f6be6a089430/userFiles-8f2e1e7b-40f7-4293-ab5d-ebcf1718bda2/org.projectnessie.nessie-integrations_nessie-spark-extensions-3.5_2.12-0.77.1.jar
[2026-03-14T12:36:36.738+0000] {docker.py:429} INFO - 26/03/14 12:36:36 INFO Executor: Adding file:/tmp/spark-3b951d1f-b564-4715-a62b-f6be6a089430/userFiles-8f2e1e7b-40f7-4293-ab5d-ebcf1718bda2/org.projectnessie.nessie-integrations_nessie-spark-extensions-3.5_2.12-0.77.1.jar to class loader default
[2026-03-14T12:36:36.739+0000] {docker.py:429} INFO - 26/03/14 12:36:36 INFO Executor: Fetching spark://1101ce8b40a8:40475/jars/com.amazonaws_aws-java-sdk-bundle-1.12.262.jar with timestamp 1773491795804
[2026-03-14T12:36:36.739+0000] {docker.py:429} INFO - 26/03/14 12:36:36 INFO Utils: Fetching spark://1101ce8b40a8:40475/jars/com.amazonaws_aws-java-sdk-bundle-1.12.262.jar to /tmp/spark-3b951d1f-b564-4715-a62b-f6be6a089430/userFiles-8f2e1e7b-40f7-4293-ab5d-ebcf1718bda2/fetchFileTemp9821119602824408415.tmp
[2026-03-14T12:36:37.299+0000] {docker.py:429} INFO - 26/03/14 12:36:37 INFO Utils: /tmp/spark-3b951d1f-b564-4715-a62b-f6be6a089430/userFiles-8f2e1e7b-40f7-4293-ab5d-ebcf1718bda2/fetchFileTemp9821119602824408415.tmp has been previously copied to /tmp/spark-3b951d1f-b564-4715-a62b-f6be6a089430/userFiles-8f2e1e7b-40f7-4293-ab5d-ebcf1718bda2/com.amazonaws_aws-java-sdk-bundle-1.12.262.jar
[2026-03-14T12:36:37.340+0000] {docker.py:429} INFO - 26/03/14 12:36:37 INFO Executor: Adding file:/tmp/spark-3b951d1f-b564-4715-a62b-f6be6a089430/userFiles-8f2e1e7b-40f7-4293-ab5d-ebcf1718bda2/com.amazonaws_aws-java-sdk-bundle-1.12.262.jar to class loader default
[2026-03-14T12:36:37.340+0000] {docker.py:429} INFO - 26/03/14 12:36:37 INFO Executor: Fetching spark://1101ce8b40a8:40475/jars/org.apache.iceberg_iceberg-spark-runtime-3.5_2.12-1.4.3.jar with timestamp 1773491795804
[2026-03-14T12:36:37.340+0000] {docker.py:429} INFO - 26/03/14 12:36:37 INFO Utils: Fetching spark://1101ce8b40a8:40475/jars/org.apache.iceberg_iceberg-spark-runtime-3.5_2.12-1.4.3.jar to /tmp/spark-3b951d1f-b564-4715-a62b-f6be6a089430/userFiles-8f2e1e7b-40f7-4293-ab5d-ebcf1718bda2/fetchFileTemp8299113223334321150.tmp
[2026-03-14T12:36:37.398+0000] {docker.py:429} INFO - 26/03/14 12:36:37 INFO Utils: /tmp/spark-3b951d1f-b564-4715-a62b-f6be6a089430/userFiles-8f2e1e7b-40f7-4293-ab5d-ebcf1718bda2/fetchFileTemp8299113223334321150.tmp has been previously copied to /tmp/spark-3b951d1f-b564-4715-a62b-f6be6a089430/userFiles-8f2e1e7b-40f7-4293-ab5d-ebcf1718bda2/org.apache.iceberg_iceberg-spark-runtime-3.5_2.12-1.4.3.jar
[2026-03-14T12:36:37.407+0000] {docker.py:429} INFO - 26/03/14 12:36:37 INFO Executor: Adding file:/tmp/spark-3b951d1f-b564-4715-a62b-f6be6a089430/userFiles-8f2e1e7b-40f7-4293-ab5d-ebcf1718bda2/org.apache.iceberg_iceberg-spark-runtime-3.5_2.12-1.4.3.jar to class loader default
[2026-03-14T12:36:37.407+0000] {docker.py:429} INFO - 26/03/14 12:36:37 INFO Executor: Fetching spark://1101ce8b40a8:40475/jars/org.wildfly.openssl_wildfly-openssl-1.0.7.Final.jar with timestamp 1773491795804
[2026-03-14T12:36:37.408+0000] {docker.py:429} INFO - 26/03/14 12:36:37 INFO Utils: Fetching spark://1101ce8b40a8:40475/jars/org.wildfly.openssl_wildfly-openssl-1.0.7.Final.jar to /tmp/spark-3b951d1f-b564-4715-a62b-f6be6a089430/userFiles-8f2e1e7b-40f7-4293-ab5d-ebcf1718bda2/fetchFileTemp14894494162019068132.tmp
[2026-03-14T12:36:37.410+0000] {docker.py:429} INFO - 26/03/14 12:36:37 INFO Utils: /tmp/spark-3b951d1f-b564-4715-a62b-f6be6a089430/userFiles-8f2e1e7b-40f7-4293-ab5d-ebcf1718bda2/fetchFileTemp14894494162019068132.tmp has been previously copied to /tmp/spark-3b951d1f-b564-4715-a62b-f6be6a089430/userFiles-8f2e1e7b-40f7-4293-ab5d-ebcf1718bda2/org.wildfly.openssl_wildfly-openssl-1.0.7.Final.jar
[2026-03-14T12:36:37.414+0000] {docker.py:429} INFO - 26/03/14 12:36:37 INFO Executor: Adding file:/tmp/spark-3b951d1f-b564-4715-a62b-f6be6a089430/userFiles-8f2e1e7b-40f7-4293-ab5d-ebcf1718bda2/org.wildfly.openssl_wildfly-openssl-1.0.7.Final.jar to class loader default
[2026-03-14T12:36:37.414+0000] {docker.py:429} INFO - 26/03/14 12:36:37 INFO Executor: Fetching spark://1101ce8b40a8:40475/jars/org.apache.hadoop_hadoop-aws-3.3.4.jar with timestamp 1773491795804
[2026-03-14T12:36:37.414+0000] {docker.py:429} INFO - 26/03/14 12:36:37 INFO Utils: Fetching spark://1101ce8b40a8:40475/jars/org.apache.hadoop_hadoop-aws-3.3.4.jar to /tmp/spark-3b951d1f-b564-4715-a62b-f6be6a089430/userFiles-8f2e1e7b-40f7-4293-ab5d-ebcf1718bda2/fetchFileTemp9609893512737018480.tmp
[2026-03-14T12:36:37.417+0000] {docker.py:429} INFO - 26/03/14 12:36:37 INFO Utils: /tmp/spark-3b951d1f-b564-4715-a62b-f6be6a089430/userFiles-8f2e1e7b-40f7-4293-ab5d-ebcf1718bda2/fetchFileTemp9609893512737018480.tmp has been previously copied to /tmp/spark-3b951d1f-b564-4715-a62b-f6be6a089430/userFiles-8f2e1e7b-40f7-4293-ab5d-ebcf1718bda2/org.apache.hadoop_hadoop-aws-3.3.4.jar
[2026-03-14T12:36:37.422+0000] {docker.py:429} INFO - 26/03/14 12:36:37 INFO Executor: Adding file:/tmp/spark-3b951d1f-b564-4715-a62b-f6be6a089430/userFiles-8f2e1e7b-40f7-4293-ab5d-ebcf1718bda2/org.apache.hadoop_hadoop-aws-3.3.4.jar to class loader default
[2026-03-14T12:36:37.426+0000] {docker.py:429} INFO - 26/03/14 12:36:37 INFO Utils: Successfully started service 'org.apache.spark.network.netty.NettyBlockTransferService' on port 34149.
26/03/14 12:36:37 INFO NettyBlockTransferService: Server created on 1101ce8b40a8:34149
[2026-03-14T12:36:37.427+0000] {docker.py:429} INFO - 26/03/14 12:36:37 INFO BlockManager: Using org.apache.spark.storage.RandomBlockReplicationPolicy for block replication policy
[2026-03-14T12:36:37.430+0000] {docker.py:429} INFO - 26/03/14 12:36:37 INFO BlockManagerMaster: Registering BlockManager BlockManagerId(driver, 1101ce8b40a8, 34149, None)
[2026-03-14T12:36:37.432+0000] {docker.py:429} INFO - 26/03/14 12:36:37 INFO BlockManagerMasterEndpoint: Registering block manager 1101ce8b40a8:34149 with 434.4 MiB RAM, BlockManagerId(driver, 1101ce8b40a8, 34149, None)
[2026-03-14T12:36:37.434+0000] {docker.py:429} INFO - 26/03/14 12:36:37 INFO BlockManagerMaster: Registered BlockManager BlockManagerId(driver, 1101ce8b40a8, 34149, None)
[2026-03-14T12:36:37.435+0000] {docker.py:429} INFO - 26/03/14 12:36:37 INFO BlockManager: Initialized BlockManager: BlockManagerId(driver, 1101ce8b40a8, 34149, None)
[2026-03-14T12:36:37.652+0000] {docker.py:429} INFO - ✅ Spark Session ready. Starting Airflow-triggered batch run...
[2026-03-14T12:36:37.656+0000] {docker.py:429} INFO - 26/03/14 12:36:37 INFO SharedState: Setting hive.metastore.warehouse.dir ('null') to the value of spark.sql.warehouse.dir.
[2026-03-14T12:36:37.657+0000] {docker.py:429} INFO - 26/03/14 12:36:37 INFO SharedState: Warehouse path is 'file:/opt/bitnami/spark/spark-warehouse'.
[2026-03-14T12:36:38.247+0000] {docker.py:429} INFO - 26/03/14 12:36:38 WARN MetricsConfig: Cannot locate configuration: tried hadoop-metrics2-s3a-file-system.properties,hadoop-metrics2.properties
[2026-03-14T12:36:38.253+0000] {docker.py:429} INFO - 26/03/14 12:36:38 INFO MetricsSystemImpl: Scheduled Metric snapshot period at 10 second(s).
26/03/14 12:36:38 INFO MetricsSystemImpl: s3a-file-system metrics system started
[2026-03-14T12:36:38.689+0000] {docker.py:429} INFO - 26/03/14 12:36:38 INFO InMemoryFileIndex: It took 114 ms to list leaf files for 1 paths.
[2026-03-14T12:36:39.240+0000] {docker.py:429} INFO - 26/03/14 12:36:39 INFO FileSourceStrategy: Pushed Filters:
[2026-03-14T12:36:39.246+0000] {docker.py:429} INFO - 26/03/14 12:36:39 INFO FileSourceStrategy: Post-Scan Filters:
[2026-03-14T12:36:39.364+0000] {docker.py:429} INFO - 26/03/14 12:36:39 INFO MemoryStore: Block broadcast_0 stored as values in memory (estimated size 205.9 KiB, free 434.2 MiB)
[2026-03-14T12:36:39.399+0000] {docker.py:429} INFO - 26/03/14 12:36:39 INFO MemoryStore: Block broadcast_0_piece0 stored as bytes in memory (estimated size 36.3 KiB, free 434.2 MiB)
[2026-03-14T12:36:39.402+0000] {docker.py:429} INFO - 26/03/14 12:36:39 INFO BlockManagerInfo: Added broadcast_0_piece0 in memory on 1101ce8b40a8:34149 (size: 36.3 KiB, free: 434.4 MiB)
[2026-03-14T12:36:39.406+0000] {docker.py:429} INFO - 26/03/14 12:36:39 INFO SparkContext: Created broadcast 0 from isEmpty at NativeMethodAccessorImpl.java:0
[2026-03-14T12:36:39.423+0000] {docker.py:429} INFO - 26/03/14 12:36:39 INFO FileSourceScanExec: Planning scan with bin packing, max size: 4194304 bytes, open cost is considered as scanning 4194304 bytes.
[2026-03-14T12:36:39.449+0000] {docker.py:429} INFO - No new data found in landing zone. Exiting successfully.
[2026-03-14T12:36:39.495+0000] {docker.py:429} INFO - 26/03/14 12:36:39 INFO SparkContext: Invoking stop() from shutdown hook
[2026-03-14T12:36:39.496+0000] {docker.py:429} INFO - 26/03/14 12:36:39 INFO SparkContext: SparkContext is stopping with exitCode 0.
[2026-03-14T12:36:39.506+0000] {docker.py:429} INFO - 26/03/14 12:36:39 INFO SparkUI: Stopped Spark web UI at http://1101ce8b40a8:4040
[2026-03-14T12:36:39.515+0000] {docker.py:429} INFO - 26/03/14 12:36:39 INFO MapOutputTrackerMasterEndpoint: MapOutputTrackerMasterEndpoint stopped!
[2026-03-14T12:36:39.523+0000] {docker.py:429} INFO - 26/03/14 12:36:39 INFO MemoryStore: MemoryStore cleared
[2026-03-14T12:36:39.524+0000] {docker.py:429} INFO - 26/03/14 12:36:39 INFO BlockManager: BlockManager stopped
[2026-03-14T12:36:39.527+0000] {docker.py:429} INFO - 26/03/14 12:36:39 INFO BlockManagerMaster: BlockManagerMaster stopped
[2026-03-14T12:36:39.530+0000] {docker.py:429} INFO - 26/03/14 12:36:39 INFO OutputCommitCoordinator$OutputCommitCoordinatorEndpoint: OutputCommitCoordinator stopped!
[2026-03-14T12:36:39.581+0000] {docker.py:429} INFO - 26/03/14 12:36:39 INFO SparkContext: Successfully stopped SparkContext
[2026-03-14T12:36:39.581+0000] {docker.py:429} INFO - 26/03/14 12:36:39 INFO ShutdownHookManager: Shutdown hook called
[2026-03-14T12:36:39.581+0000] {docker.py:429} INFO - 26/03/14 12:36:39 INFO ShutdownHookManager: Deleting directory /tmp/spark-3b951d1f-b564-4715-a62b-f6be6a089430
[2026-03-14T12:36:39.584+0000] {docker.py:429} INFO - 26/03/14 12:36:39 INFO ShutdownHookManager: Deleting directory /tmp/spark-3b951d1f-b564-4715-a62b-f6be6a089430/pyspark-26bf7c10-edb5-4f64-846e-996776d23a10
[2026-03-14T12:36:39.588+0000] {docker.py:429} INFO - 26/03/14 12:36:39 INFO ShutdownHookManager: Deleting directory /tmp/spark-66191695-e2d1-4463-85f4-ba4d36287d54
[2026-03-14T12:36:39.593+0000] {docker.py:429} INFO - 26/03/14 12:36:39 INFO MetricsSystemImpl: Stopping s3a-file-system metrics system...
[2026-03-14T12:36:39.594+0000] {docker.py:429} INFO - 26/03/14 12:36:39 INFO MetricsSystemImpl: s3a-file-system metrics system stopped.
26/03/14 12:36:39 INFO MetricsSystemImpl: s3a-file-system metrics system shutdown complete.
[2026-03-14T12:36:40.067+0000] {taskinstance.py:1149} INFO - Marking task as SUCCESS. dag_id=lakehouse_telemetry_ingestion, task_id=run_spark_iceberg_ingestion, execution_date=20260314T123000, start_date=20260314T123619, end_date=20260314T123640
[2026-03-14T12:36:40.086+0000] {local_task_job_runner.py:234} INFO - Task exited with return code 0
[2026-03-14T12:36:40.098+0000] {taskinstance.py:3309} INFO - 0 downstream tasks scheduled from follow-on schedule check
