[2026-03-14T12:29:50.543+0000] {taskinstance.py:1979} INFO - Dependencies all met for dep_context=non-requeueable deps ti=<TaskInstance: lakehouse_telemetry_ingestion.run_spark_iceberg_ingestion scheduled__2026-03-14T12:20:00+00:00 [queued]>
[2026-03-14T12:29:50.546+0000] {taskinstance.py:1979} INFO - Dependencies all met for dep_context=requeueable deps ti=<TaskInstance: lakehouse_telemetry_ingestion.run_spark_iceberg_ingestion scheduled__2026-03-14T12:20:00+00:00 [queued]>
[2026-03-14T12:29:50.546+0000] {taskinstance.py:2193} INFO - Starting attempt 1 of 2
[2026-03-14T12:29:50.553+0000] {taskinstance.py:2214} INFO - Executing <Task(DockerOperator): run_spark_iceberg_ingestion> on 2026-03-14 12:20:00+00:00
[2026-03-14T12:29:50.557+0000] {standard_task_runner.py:60} INFO - Started process 128 to run task
[2026-03-14T12:29:50.559+0000] {standard_task_runner.py:87} INFO - Running: ['airflow', 'tasks', 'run', 'lakehouse_telemetry_ingestion', 'run_spark_iceberg_ingestion', 'scheduled__2026-03-14T12:20:00+00:00', '--job-id', '3', '--raw', '--subdir', 'DAGS_FOLDER/telemetry_batch.py', '--cfg-path', '/tmp/tmpvdsmggpj']
[2026-03-14T12:29:50.560+0000] {standard_task_runner.py:88} INFO - Job 3: Subtask run_spark_iceberg_ingestion
[2026-03-14T12:29:50.580+0000] {task_command.py:423} INFO - Running <TaskInstance: lakehouse_telemetry_ingestion.run_spark_iceberg_ingestion scheduled__2026-03-14T12:20:00+00:00 [running]> on host 89f5aaa8e314
[2026-03-14T12:29:50.614+0000] {taskinstance.py:2510} INFO - Exporting env vars: AIRFLOW_CTX_DAG_OWNER='enwyse-data-eng' AIRFLOW_CTX_DAG_ID='lakehouse_telemetry_ingestion' AIRFLOW_CTX_TASK_ID='run_spark_iceberg_ingestion' AIRFLOW_CTX_EXECUTION_DATE='2026-03-14T12:20:00+00:00' AIRFLOW_CTX_TRY_NUMBER='1' AIRFLOW_CTX_DAG_RUN_ID='scheduled__2026-03-14T12:20:00+00:00'
[2026-03-14T12:29:50.632+0000] {docker.py:359} INFO - Starting docker container from image bitnamilegacy/spark:3.5.1
[2026-03-14T12:29:50.830+0000] {docker.py:429} INFO - [38;5;6mspark [38;5;5m12:29:50.83 [0m[38;5;2mINFO [0m ==>
[2026-03-14T12:29:50.832+0000] {docker.py:429} INFO - [38;5;6mspark [38;5;5m12:29:50.83 [0m[38;5;2mINFO [0m ==> [1mWelcome to the Bitnami spark container[0m
[2026-03-14T12:29:50.833+0000] {docker.py:429} INFO - [38;5;6mspark [38;5;5m12:29:50.83 [0m[38;5;2mINFO [0m ==> Subscribe to project updates by watching [1mhttps://github.com/bitnami/containers[0m
[2026-03-14T12:29:50.838+0000] {docker.py:429} INFO - [38;5;6mspark [38;5;5m12:29:50.83 [0m[38;5;2mINFO [0m ==> Submit issues and feature requests at [1mhttps://github.com/bitnami/containers/issues[0m
[2026-03-14T12:29:50.839+0000] {docker.py:429} INFO - [38;5;6mspark [38;5;5m12:29:50.83 [0m[38;5;2mINFO [0m ==> Upgrade to Tanzu Application Catalog for production environments to access custom-configured and pre-packaged software components. Gain enhanced features, including Software Bill of Materials (SBOM), CVE scan result reports, and VEX documents. To learn more, visit [1mhttps://bitnami.com/enterprise[0m
[2026-03-14T12:29:50.840+0000] {docker.py:429} INFO - [38;5;6mspark [38;5;5m12:29:50.84 [0m[38;5;2mINFO [0m ==>
[2026-03-14T12:29:50.848+0000] {docker.py:429} INFO - 
[2026-03-14T12:29:52.042+0000] {docker.py:429} INFO - :: loading settings :: url = jar:file:/opt/bitnami/spark/jars/ivy-2.5.1.jar!/org/apache/ivy/core/settings/ivysettings.xml
[2026-03-14T12:29:52.102+0000] {docker.py:429} INFO - Ivy Default Cache set to: /opt/bitnami/spark/.ivy2/cache
The jars for the packages stored in: /opt/bitnami/spark/.ivy2/jars
[2026-03-14T12:29:52.109+0000] {docker.py:429} INFO - org.apache.iceberg#iceberg-spark-runtime-3.5_2.12 added as a dependency
org.projectnessie.nessie-integrations#nessie-spark-extensions-3.5_2.12 added as a dependency
org.apache.hadoop#hadoop-aws added as a dependency
[2026-03-14T12:29:52.109+0000] {docker.py:429} INFO - :: resolving dependencies :: org.apache.spark#spark-submit-parent-3f2abba5-7e66-49d9-9ad1-264bae62baf9;1.0
	confs: [default]
[2026-03-14T12:29:52.581+0000] {docker.py:429} INFO - found org.apache.iceberg#iceberg-spark-runtime-3.5_2.12;1.4.3 in central
[2026-03-14T12:29:53.631+0000] {docker.py:429} INFO - found org.projectnessie.nessie-integrations#nessie-spark-extensions-3.5_2.12;0.77.1 in central
[2026-03-14T12:29:55.029+0000] {docker.py:429} INFO - found org.apache.hadoop#hadoop-aws;3.3.4 in central
[2026-03-14T12:29:55.590+0000] {docker.py:429} INFO - found com.amazonaws#aws-java-sdk-bundle;1.12.262 in central
[2026-03-14T12:29:56.867+0000] {docker.py:429} INFO - found org.wildfly.openssl#wildfly-openssl;1.0.7.Final in central
[2026-03-14T12:29:56.917+0000] {docker.py:429} INFO - downloading https://repo1.maven.org/maven2/org/apache/iceberg/iceberg-spark-runtime-3.5_2.12/1.4.3/iceberg-spark-runtime-3.5_2.12-1.4.3.jar ...
[2026-03-14T12:29:57.570+0000] {docker.py:429} INFO - [SUCCESSFUL ] org.apache.iceberg#iceberg-spark-runtime-3.5_2.12;1.4.3!iceberg-spark-runtime-3.5_2.12.jar (696ms)
[2026-03-14T12:29:57.618+0000] {docker.py:429} INFO - downloading https://repo1.maven.org/maven2/org/projectnessie/nessie-integrations/nessie-spark-extensions-3.5_2.12/0.77.1/nessie-spark-extensions-3.5_2.12-0.77.1.jar ...
[2026-03-14T12:29:57.686+0000] {docker.py:429} INFO - [SUCCESSFUL ] org.projectnessie.nessie-integrations#nessie-spark-extensions-3.5_2.12;0.77.1!nessie-spark-extensions-3.5_2.12.jar (115ms)
[2026-03-14T12:29:57.727+0000] {docker.py:429} INFO - downloading https://repo1.maven.org/maven2/org/apache/hadoop/hadoop-aws/3.3.4/hadoop-aws-3.3.4.jar ...
[2026-03-14T12:29:57.783+0000] {docker.py:429} INFO - [SUCCESSFUL ] org.apache.hadoop#hadoop-aws;3.3.4!hadoop-aws.jar (94ms)
[2026-03-14T12:29:57.831+0000] {docker.py:429} INFO - downloading https://repo1.maven.org/maven2/com/amazonaws/aws-java-sdk-bundle/1.12.262/aws-java-sdk-bundle-1.12.262.jar ...
[2026-03-14T12:30:02.595+0000] {docker.py:429} INFO - [SUCCESSFUL ] com.amazonaws#aws-java-sdk-bundle;1.12.262!aws-java-sdk-bundle.jar (4810ms)
[2026-03-14T12:30:02.638+0000] {docker.py:429} INFO - downloading https://repo1.maven.org/maven2/org/wildfly/openssl/wildfly-openssl/1.0.7.Final/wildfly-openssl-1.0.7.Final.jar ...
[2026-03-14T12:30:02.682+0000] {docker.py:429} INFO - [SUCCESSFUL ] org.wildfly.openssl#wildfly-openssl;1.0.7.Final!wildfly-openssl.jar (86ms)
[2026-03-14T12:30:02.683+0000] {docker.py:429} INFO - :: resolution report :: resolve 4764ms :: artifacts dl 5809ms
	:: modules in use:
[2026-03-14T12:30:02.683+0000] {docker.py:429} INFO - com.amazonaws#aws-java-sdk-bundle;1.12.262 from central in [default]
	org.apache.hadoop#hadoop-aws;3.3.4 from central in [default]
	org.apache.iceberg#iceberg-spark-runtime-3.5_2.12;1.4.3 from central in [default]
	org.projectnessie.nessie-integrations#nessie-spark-extensions-3.5_2.12;0.77.1 from central in [default]
	org.wildfly.openssl#wildfly-openssl;1.0.7.Final from central in [default]
[2026-03-14T12:30:02.683+0000] {docker.py:429} INFO - ---------------------------------------------------------------------
	|                  |            modules            ||   artifacts   |
[2026-03-14T12:30:02.684+0000] {docker.py:429} INFO - |       conf       | number| search|dwnlded|evicted|| number|dwnlded|
	---------------------------------------------------------------------
[2026-03-14T12:30:02.684+0000] {docker.py:429} INFO - |      default     |   5   |   5   |   5   |   0   ||   5   |   5   |
	---------------------------------------------------------------------
[2026-03-14T12:30:02.688+0000] {docker.py:429} INFO - :: retrieving :: org.apache.spark#spark-submit-parent-3f2abba5-7e66-49d9-9ad1-264bae62baf9
[2026-03-14T12:30:02.689+0000] {docker.py:429} INFO - confs: [default]
[2026-03-14T12:30:02.996+0000] {docker.py:429} INFO - 5 artifacts copied, 0 already retrieved (306076kB/308ms)
[2026-03-14T12:30:03.115+0000] {docker.py:429} INFO - 26/03/14 12:30:03 WARN NativeCodeLoader: Unable to load native-hadoop library for your platform... using builtin-java classes where applicable
[2026-03-14T12:30:03.640+0000] {docker.py:429} INFO - 🚀 Initializing Spark Session for Enwyse Lakehouse...
[2026-03-14T12:30:03.725+0000] {docker.py:429} INFO - 26/03/14 12:30:03 INFO SparkContext: Running Spark version 3.5.1
[2026-03-14T12:30:03.726+0000] {docker.py:429} INFO - 26/03/14 12:30:03 INFO SparkContext: OS info Linux, 6.1.0-37-amd64, amd64
[2026-03-14T12:30:03.726+0000] {docker.py:429} INFO - 26/03/14 12:30:03 INFO SparkContext: Java version 17.0.12
[2026-03-14T12:30:03.737+0000] {docker.py:429} INFO - 26/03/14 12:30:03 INFO ResourceUtils: ==============================================================
[2026-03-14T12:30:03.738+0000] {docker.py:429} INFO - 26/03/14 12:30:03 INFO ResourceUtils: No custom resources configured for spark.driver.
[2026-03-14T12:30:03.738+0000] {docker.py:429} INFO - 26/03/14 12:30:03 INFO ResourceUtils: ==============================================================
[2026-03-14T12:30:03.738+0000] {docker.py:429} INFO - 26/03/14 12:30:03 INFO SparkContext: Submitted application: Enwyse-Batch-Ingestion
[2026-03-14T12:30:03.755+0000] {docker.py:429} INFO - 26/03/14 12:30:03 INFO ResourceProfile: Default ResourceProfile created, executor resources: Map(cores -> name: cores, amount: 1, script: , vendor: , memory -> name: memory, amount: 1024, script: , vendor: , offHeap -> name: offHeap, amount: 0, script: , vendor: ), task resources: Map(cpus -> name: cpus, amount: 1.0)
[2026-03-14T12:30:03.763+0000] {docker.py:429} INFO - 26/03/14 12:30:03 INFO ResourceProfile: Limiting resource is cpu
[2026-03-14T12:30:03.763+0000] {docker.py:429} INFO - 26/03/14 12:30:03 INFO ResourceProfileManager: Added ResourceProfile id: 0
[2026-03-14T12:30:03.787+0000] {docker.py:429} INFO - 26/03/14 12:30:03 INFO SecurityManager: Changing view acls to: spark
[2026-03-14T12:30:03.788+0000] {docker.py:429} INFO - 26/03/14 12:30:03 INFO SecurityManager: Changing modify acls to: spark
[2026-03-14T12:30:03.788+0000] {docker.py:429} INFO - 26/03/14 12:30:03 INFO SecurityManager: Changing view acls groups to:
[2026-03-14T12:30:03.788+0000] {docker.py:429} INFO - 26/03/14 12:30:03 INFO SecurityManager: Changing modify acls groups to:
[2026-03-14T12:30:03.788+0000] {docker.py:429} INFO - 26/03/14 12:30:03 INFO SecurityManager: SecurityManager: authentication disabled; ui acls disabled; users with view permissions: spark; groups with view permissions: EMPTY; users with modify permissions: spark; groups with modify permissions: EMPTY
[2026-03-14T12:30:03.897+0000] {docker.py:429} INFO - 26/03/14 12:30:03 INFO Utils: Successfully started service 'sparkDriver' on port 38445.
[2026-03-14T12:30:03.909+0000] {docker.py:429} INFO - 26/03/14 12:30:03 INFO SparkEnv: Registering MapOutputTracker
[2026-03-14T12:30:03.924+0000] {docker.py:429} INFO - 26/03/14 12:30:03 INFO SparkEnv: Registering BlockManagerMaster
[2026-03-14T12:30:03.932+0000] {docker.py:429} INFO - 26/03/14 12:30:03 INFO BlockManagerMasterEndpoint: Using org.apache.spark.storage.DefaultTopologyMapper for getting topology information
[2026-03-14T12:30:03.932+0000] {docker.py:429} INFO - 26/03/14 12:30:03 INFO BlockManagerMasterEndpoint: BlockManagerMasterEndpoint up
[2026-03-14T12:30:03.934+0000] {docker.py:429} INFO - 26/03/14 12:30:03 INFO SparkEnv: Registering BlockManagerMasterHeartbeat
[2026-03-14T12:30:03.944+0000] {docker.py:429} INFO - 26/03/14 12:30:03 INFO DiskBlockManager: Created local directory at /tmp/blockmgr-0f224081-a8f3-4500-ad62-35b90c87d4d3
[2026-03-14T12:30:03.951+0000] {docker.py:429} INFO - 26/03/14 12:30:03 INFO MemoryStore: MemoryStore started with capacity 434.4 MiB
[2026-03-14T12:30:03.959+0000] {docker.py:429} INFO - 26/03/14 12:30:03 INFO SparkEnv: Registering OutputCommitCoordinator
[2026-03-14T12:30:04.022+0000] {docker.py:429} INFO - 26/03/14 12:30:04 INFO JettyUtils: Start Jetty 0.0.0.0:4040 for SparkUI
[2026-03-14T12:30:04.050+0000] {docker.py:429} INFO - 26/03/14 12:30:04 INFO Utils: Successfully started service 'SparkUI' on port 4040.
[2026-03-14T12:30:04.070+0000] {docker.py:429} INFO - 26/03/14 12:30:04 INFO SparkContext: Added JAR file:///opt/bitnami/spark/.ivy2/jars/org.apache.iceberg_iceberg-spark-runtime-3.5_2.12-1.4.3.jar at spark://221b50258169:38445/jars/org.apache.iceberg_iceberg-spark-runtime-3.5_2.12-1.4.3.jar with timestamp 1773491403721
[2026-03-14T12:30:04.070+0000] {docker.py:429} INFO - 26/03/14 12:30:04 INFO SparkContext: Added JAR file:///opt/bitnami/spark/.ivy2/jars/org.projectnessie.nessie-integrations_nessie-spark-extensions-3.5_2.12-0.77.1.jar at spark://221b50258169:38445/jars/org.projectnessie.nessie-integrations_nessie-spark-extensions-3.5_2.12-0.77.1.jar with timestamp 1773491403721
[2026-03-14T12:30:04.070+0000] {docker.py:429} INFO - 26/03/14 12:30:04 INFO SparkContext: Added JAR file:///opt/bitnami/spark/.ivy2/jars/org.apache.hadoop_hadoop-aws-3.3.4.jar at spark://221b50258169:38445/jars/org.apache.hadoop_hadoop-aws-3.3.4.jar with timestamp 1773491403721
[2026-03-14T12:30:04.070+0000] {docker.py:429} INFO - 26/03/14 12:30:04 INFO SparkContext: Added JAR file:///opt/bitnami/spark/.ivy2/jars/com.amazonaws_aws-java-sdk-bundle-1.12.262.jar at spark://221b50258169:38445/jars/com.amazonaws_aws-java-sdk-bundle-1.12.262.jar with timestamp 1773491403721
[2026-03-14T12:30:04.071+0000] {docker.py:429} INFO - 26/03/14 12:30:04 INFO SparkContext: Added JAR file:///opt/bitnami/spark/.ivy2/jars/org.wildfly.openssl_wildfly-openssl-1.0.7.Final.jar at spark://221b50258169:38445/jars/org.wildfly.openssl_wildfly-openssl-1.0.7.Final.jar with timestamp 1773491403721
[2026-03-14T12:30:04.072+0000] {docker.py:429} INFO - 26/03/14 12:30:04 INFO SparkContext: Added file file:///opt/bitnami/spark/.ivy2/jars/org.apache.iceberg_iceberg-spark-runtime-3.5_2.12-1.4.3.jar at file:///opt/bitnami/spark/.ivy2/jars/org.apache.iceberg_iceberg-spark-runtime-3.5_2.12-1.4.3.jar with timestamp 1773491403721
[2026-03-14T12:30:04.072+0000] {docker.py:429} INFO - 26/03/14 12:30:04 INFO Utils: Copying /opt/bitnami/spark/.ivy2/jars/org.apache.iceberg_iceberg-spark-runtime-3.5_2.12-1.4.3.jar to /tmp/spark-aee91f62-f358-44db-a59b-68b75fe13729/userFiles-defcdbfe-488d-41b0-bb4e-9c7e9fac62a6/org.apache.iceberg_iceberg-spark-runtime-3.5_2.12-1.4.3.jar
[2026-03-14T12:30:04.100+0000] {docker.py:429} INFO - 26/03/14 12:30:04 INFO SparkContext: Added file file:///opt/bitnami/spark/.ivy2/jars/org.projectnessie.nessie-integrations_nessie-spark-extensions-3.5_2.12-0.77.1.jar at file:///opt/bitnami/spark/.ivy2/jars/org.projectnessie.nessie-integrations_nessie-spark-extensions-3.5_2.12-0.77.1.jar with timestamp 1773491403721
[2026-03-14T12:30:04.100+0000] {docker.py:429} INFO - 26/03/14 12:30:04 INFO Utils: Copying /opt/bitnami/spark/.ivy2/jars/org.projectnessie.nessie-integrations_nessie-spark-extensions-3.5_2.12-0.77.1.jar to /tmp/spark-aee91f62-f358-44db-a59b-68b75fe13729/userFiles-defcdbfe-488d-41b0-bb4e-9c7e9fac62a6/org.projectnessie.nessie-integrations_nessie-spark-extensions-3.5_2.12-0.77.1.jar
[2026-03-14T12:30:04.104+0000] {docker.py:429} INFO - 26/03/14 12:30:04 INFO SparkContext: Added file file:///opt/bitnami/spark/.ivy2/jars/org.apache.hadoop_hadoop-aws-3.3.4.jar at file:///opt/bitnami/spark/.ivy2/jars/org.apache.hadoop_hadoop-aws-3.3.4.jar with timestamp 1773491403721
[2026-03-14T12:30:04.104+0000] {docker.py:429} INFO - 26/03/14 12:30:04 INFO Utils: Copying /opt/bitnami/spark/.ivy2/jars/org.apache.hadoop_hadoop-aws-3.3.4.jar to /tmp/spark-aee91f62-f358-44db-a59b-68b75fe13729/userFiles-defcdbfe-488d-41b0-bb4e-9c7e9fac62a6/org.apache.hadoop_hadoop-aws-3.3.4.jar
[2026-03-14T12:30:04.108+0000] {docker.py:429} INFO - 26/03/14 12:30:04 INFO SparkContext: Added file file:///opt/bitnami/spark/.ivy2/jars/com.amazonaws_aws-java-sdk-bundle-1.12.262.jar at file:///opt/bitnami/spark/.ivy2/jars/com.amazonaws_aws-java-sdk-bundle-1.12.262.jar with timestamp 1773491403721
[2026-03-14T12:30:04.108+0000] {docker.py:429} INFO - 26/03/14 12:30:04 INFO Utils: Copying /opt/bitnami/spark/.ivy2/jars/com.amazonaws_aws-java-sdk-bundle-1.12.262.jar to /tmp/spark-aee91f62-f358-44db-a59b-68b75fe13729/userFiles-defcdbfe-488d-41b0-bb4e-9c7e9fac62a6/com.amazonaws_aws-java-sdk-bundle-1.12.262.jar
[2026-03-14T12:30:04.318+0000] {docker.py:429} INFO - 26/03/14 12:30:04 INFO SparkContext: Added file file:///opt/bitnami/spark/.ivy2/jars/org.wildfly.openssl_wildfly-openssl-1.0.7.Final.jar at file:///opt/bitnami/spark/.ivy2/jars/org.wildfly.openssl_wildfly-openssl-1.0.7.Final.jar with timestamp 1773491403721
[2026-03-14T12:30:04.318+0000] {docker.py:429} INFO - 26/03/14 12:30:04 INFO Utils: Copying /opt/bitnami/spark/.ivy2/jars/org.wildfly.openssl_wildfly-openssl-1.0.7.Final.jar to /tmp/spark-aee91f62-f358-44db-a59b-68b75fe13729/userFiles-defcdbfe-488d-41b0-bb4e-9c7e9fac62a6/org.wildfly.openssl_wildfly-openssl-1.0.7.Final.jar
[2026-03-14T12:30:04.350+0000] {docker.py:429} INFO - 26/03/14 12:30:04 INFO Executor: Starting executor ID driver on host 221b50258169
[2026-03-14T12:30:04.351+0000] {docker.py:429} INFO - 26/03/14 12:30:04 INFO Executor: OS info Linux, 6.1.0-37-amd64, amd64
[2026-03-14T12:30:04.351+0000] {docker.py:429} INFO - 26/03/14 12:30:04 INFO Executor: Java version 17.0.12
[2026-03-14T12:30:04.353+0000] {docker.py:429} INFO - 26/03/14 12:30:04 INFO Executor: Starting executor with user classpath (userClassPathFirst = false): ''
[2026-03-14T12:30:04.354+0000] {docker.py:429} INFO - 26/03/14 12:30:04 INFO Executor: Created or updated repl class loader org.apache.spark.util.MutableURLClassLoader@40e0366e for default.
[2026-03-14T12:30:04.360+0000] {docker.py:429} INFO - 26/03/14 12:30:04 INFO Executor: Fetching file:///opt/bitnami/spark/.ivy2/jars/org.apache.hadoop_hadoop-aws-3.3.4.jar with timestamp 1773491403721
[2026-03-14T12:30:04.368+0000] {docker.py:429} INFO - 26/03/14 12:30:04 INFO Utils: /opt/bitnami/spark/.ivy2/jars/org.apache.hadoop_hadoop-aws-3.3.4.jar has been previously copied to /tmp/spark-aee91f62-f358-44db-a59b-68b75fe13729/userFiles-defcdbfe-488d-41b0-bb4e-9c7e9fac62a6/org.apache.hadoop_hadoop-aws-3.3.4.jar
[2026-03-14T12:30:04.370+0000] {docker.py:429} INFO - 26/03/14 12:30:04 INFO Executor: Fetching file:///opt/bitnami/spark/.ivy2/jars/org.apache.iceberg_iceberg-spark-runtime-3.5_2.12-1.4.3.jar with timestamp 1773491403721
[2026-03-14T12:30:04.386+0000] {docker.py:429} INFO - 26/03/14 12:30:04 INFO Utils: /opt/bitnami/spark/.ivy2/jars/org.apache.iceberg_iceberg-spark-runtime-3.5_2.12-1.4.3.jar has been previously copied to /tmp/spark-aee91f62-f358-44db-a59b-68b75fe13729/userFiles-defcdbfe-488d-41b0-bb4e-9c7e9fac62a6/org.apache.iceberg_iceberg-spark-runtime-3.5_2.12-1.4.3.jar
[2026-03-14T12:30:04.389+0000] {docker.py:429} INFO - 26/03/14 12:30:04 INFO Executor: Fetching file:///opt/bitnami/spark/.ivy2/jars/com.amazonaws_aws-java-sdk-bundle-1.12.262.jar with timestamp 1773491403721
[2026-03-14T12:30:04.531+0000] {docker.py:429} INFO - 26/03/14 12:30:04 INFO Utils: /opt/bitnami/spark/.ivy2/jars/com.amazonaws_aws-java-sdk-bundle-1.12.262.jar has been previously copied to /tmp/spark-aee91f62-f358-44db-a59b-68b75fe13729/userFiles-defcdbfe-488d-41b0-bb4e-9c7e9fac62a6/com.amazonaws_aws-java-sdk-bundle-1.12.262.jar
[2026-03-14T12:30:04.534+0000] {docker.py:429} INFO - 26/03/14 12:30:04 INFO Executor: Fetching file:///opt/bitnami/spark/.ivy2/jars/org.projectnessie.nessie-integrations_nessie-spark-extensions-3.5_2.12-0.77.1.jar with timestamp 1773491403721
[2026-03-14T12:30:04.535+0000] {docker.py:429} INFO - 26/03/14 12:30:04 INFO Utils: /opt/bitnami/spark/.ivy2/jars/org.projectnessie.nessie-integrations_nessie-spark-extensions-3.5_2.12-0.77.1.jar has been previously copied to /tmp/spark-aee91f62-f358-44db-a59b-68b75fe13729/userFiles-defcdbfe-488d-41b0-bb4e-9c7e9fac62a6/org.projectnessie.nessie-integrations_nessie-spark-extensions-3.5_2.12-0.77.1.jar
[2026-03-14T12:30:04.538+0000] {docker.py:429} INFO - 26/03/14 12:30:04 INFO Executor: Fetching file:///opt/bitnami/spark/.ivy2/jars/org.wildfly.openssl_wildfly-openssl-1.0.7.Final.jar with timestamp 1773491403721
[2026-03-14T12:30:04.538+0000] {docker.py:429} INFO - 26/03/14 12:30:04 INFO Utils: /opt/bitnami/spark/.ivy2/jars/org.wildfly.openssl_wildfly-openssl-1.0.7.Final.jar has been previously copied to /tmp/spark-aee91f62-f358-44db-a59b-68b75fe13729/userFiles-defcdbfe-488d-41b0-bb4e-9c7e9fac62a6/org.wildfly.openssl_wildfly-openssl-1.0.7.Final.jar
[2026-03-14T12:30:04.543+0000] {docker.py:429} INFO - 26/03/14 12:30:04 INFO Executor: Fetching spark://221b50258169:38445/jars/org.wildfly.openssl_wildfly-openssl-1.0.7.Final.jar with timestamp 1773491403721
[2026-03-14T12:30:04.564+0000] {docker.py:429} INFO - 26/03/14 12:30:04 INFO TransportClientFactory: Successfully created connection to 221b50258169/172.22.0.15:38445 after 16 ms (0 ms spent in bootstraps)
[2026-03-14T12:30:04.567+0000] {docker.py:429} INFO - 26/03/14 12:30:04 INFO Utils: Fetching spark://221b50258169:38445/jars/org.wildfly.openssl_wildfly-openssl-1.0.7.Final.jar to /tmp/spark-aee91f62-f358-44db-a59b-68b75fe13729/userFiles-defcdbfe-488d-41b0-bb4e-9c7e9fac62a6/fetchFileTemp2176904674413998216.tmp
[2026-03-14T12:30:04.581+0000] {docker.py:429} INFO - 26/03/14 12:30:04 INFO Utils: /tmp/spark-aee91f62-f358-44db-a59b-68b75fe13729/userFiles-defcdbfe-488d-41b0-bb4e-9c7e9fac62a6/fetchFileTemp2176904674413998216.tmp has been previously copied to /tmp/spark-aee91f62-f358-44db-a59b-68b75fe13729/userFiles-defcdbfe-488d-41b0-bb4e-9c7e9fac62a6/org.wildfly.openssl_wildfly-openssl-1.0.7.Final.jar
[2026-03-14T12:30:04.584+0000] {docker.py:429} INFO - 26/03/14 12:30:04 INFO Executor: Adding file:/tmp/spark-aee91f62-f358-44db-a59b-68b75fe13729/userFiles-defcdbfe-488d-41b0-bb4e-9c7e9fac62a6/org.wildfly.openssl_wildfly-openssl-1.0.7.Final.jar to class loader default
[2026-03-14T12:30:04.584+0000] {docker.py:429} INFO - 26/03/14 12:30:04 INFO Executor: Fetching spark://221b50258169:38445/jars/org.projectnessie.nessie-integrations_nessie-spark-extensions-3.5_2.12-0.77.1.jar with timestamp 1773491403721
[2026-03-14T12:30:04.584+0000] {docker.py:429} INFO - 26/03/14 12:30:04 INFO Utils: Fetching spark://221b50258169:38445/jars/org.projectnessie.nessie-integrations_nessie-spark-extensions-3.5_2.12-0.77.1.jar to /tmp/spark-aee91f62-f358-44db-a59b-68b75fe13729/userFiles-defcdbfe-488d-41b0-bb4e-9c7e9fac62a6/fetchFileTemp7610882204168836015.tmp
[2026-03-14T12:30:04.591+0000] {docker.py:429} INFO - 26/03/14 12:30:04 INFO Utils: /tmp/spark-aee91f62-f358-44db-a59b-68b75fe13729/userFiles-defcdbfe-488d-41b0-bb4e-9c7e9fac62a6/fetchFileTemp7610882204168836015.tmp has been previously copied to /tmp/spark-aee91f62-f358-44db-a59b-68b75fe13729/userFiles-defcdbfe-488d-41b0-bb4e-9c7e9fac62a6/org.projectnessie.nessie-integrations_nessie-spark-extensions-3.5_2.12-0.77.1.jar
[2026-03-14T12:30:04.594+0000] {docker.py:429} INFO - 26/03/14 12:30:04 INFO Executor: Adding file:/tmp/spark-aee91f62-f358-44db-a59b-68b75fe13729/userFiles-defcdbfe-488d-41b0-bb4e-9c7e9fac62a6/org.projectnessie.nessie-integrations_nessie-spark-extensions-3.5_2.12-0.77.1.jar to class loader default
[2026-03-14T12:30:04.595+0000] {docker.py:429} INFO - 26/03/14 12:30:04 INFO Executor: Fetching spark://221b50258169:38445/jars/org.apache.hadoop_hadoop-aws-3.3.4.jar with timestamp 1773491403721
[2026-03-14T12:30:04.595+0000] {docker.py:429} INFO - 26/03/14 12:30:04 INFO Utils: Fetching spark://221b50258169:38445/jars/org.apache.hadoop_hadoop-aws-3.3.4.jar to /tmp/spark-aee91f62-f358-44db-a59b-68b75fe13729/userFiles-defcdbfe-488d-41b0-bb4e-9c7e9fac62a6/fetchFileTemp14129814654402185574.tmp
[2026-03-14T12:30:04.598+0000] {docker.py:429} INFO - 26/03/14 12:30:04 INFO Utils: /tmp/spark-aee91f62-f358-44db-a59b-68b75fe13729/userFiles-defcdbfe-488d-41b0-bb4e-9c7e9fac62a6/fetchFileTemp14129814654402185574.tmp has been previously copied to /tmp/spark-aee91f62-f358-44db-a59b-68b75fe13729/userFiles-defcdbfe-488d-41b0-bb4e-9c7e9fac62a6/org.apache.hadoop_hadoop-aws-3.3.4.jar
[2026-03-14T12:30:04.601+0000] {docker.py:429} INFO - 26/03/14 12:30:04 INFO Executor: Adding file:/tmp/spark-aee91f62-f358-44db-a59b-68b75fe13729/userFiles-defcdbfe-488d-41b0-bb4e-9c7e9fac62a6/org.apache.hadoop_hadoop-aws-3.3.4.jar to class loader default
[2026-03-14T12:30:04.602+0000] {docker.py:429} INFO - 26/03/14 12:30:04 INFO Executor: Fetching spark://221b50258169:38445/jars/org.apache.iceberg_iceberg-spark-runtime-3.5_2.12-1.4.3.jar with timestamp 1773491403721
[2026-03-14T12:30:04.602+0000] {docker.py:429} INFO - 26/03/14 12:30:04 INFO Utils: Fetching spark://221b50258169:38445/jars/org.apache.iceberg_iceberg-spark-runtime-3.5_2.12-1.4.3.jar to /tmp/spark-aee91f62-f358-44db-a59b-68b75fe13729/userFiles-defcdbfe-488d-41b0-bb4e-9c7e9fac62a6/fetchFileTemp3822880776266709829.tmp
[2026-03-14T12:30:04.661+0000] {docker.py:429} INFO - 26/03/14 12:30:04 INFO Utils: /tmp/spark-aee91f62-f358-44db-a59b-68b75fe13729/userFiles-defcdbfe-488d-41b0-bb4e-9c7e9fac62a6/fetchFileTemp3822880776266709829.tmp has been previously copied to /tmp/spark-aee91f62-f358-44db-a59b-68b75fe13729/userFiles-defcdbfe-488d-41b0-bb4e-9c7e9fac62a6/org.apache.iceberg_iceberg-spark-runtime-3.5_2.12-1.4.3.jar
[2026-03-14T12:30:04.669+0000] {docker.py:429} INFO - 26/03/14 12:30:04 INFO Executor: Adding file:/tmp/spark-aee91f62-f358-44db-a59b-68b75fe13729/userFiles-defcdbfe-488d-41b0-bb4e-9c7e9fac62a6/org.apache.iceberg_iceberg-spark-runtime-3.5_2.12-1.4.3.jar to class loader default
[2026-03-14T12:30:04.669+0000] {docker.py:429} INFO - 26/03/14 12:30:04 INFO Executor: Fetching spark://221b50258169:38445/jars/com.amazonaws_aws-java-sdk-bundle-1.12.262.jar with timestamp 1773491403721
[2026-03-14T12:30:04.669+0000] {docker.py:429} INFO - 26/03/14 12:30:04 INFO Utils: Fetching spark://221b50258169:38445/jars/com.amazonaws_aws-java-sdk-bundle-1.12.262.jar to /tmp/spark-aee91f62-f358-44db-a59b-68b75fe13729/userFiles-defcdbfe-488d-41b0-bb4e-9c7e9fac62a6/fetchFileTemp16365202045971692017.tmp
[2026-03-14T12:30:05.202+0000] {docker.py:429} INFO - 26/03/14 12:30:05 INFO Utils: /tmp/spark-aee91f62-f358-44db-a59b-68b75fe13729/userFiles-defcdbfe-488d-41b0-bb4e-9c7e9fac62a6/fetchFileTemp16365202045971692017.tmp has been previously copied to /tmp/spark-aee91f62-f358-44db-a59b-68b75fe13729/userFiles-defcdbfe-488d-41b0-bb4e-9c7e9fac62a6/com.amazonaws_aws-java-sdk-bundle-1.12.262.jar
[2026-03-14T12:30:05.247+0000] {docker.py:429} INFO - 26/03/14 12:30:05 INFO Executor: Adding file:/tmp/spark-aee91f62-f358-44db-a59b-68b75fe13729/userFiles-defcdbfe-488d-41b0-bb4e-9c7e9fac62a6/com.amazonaws_aws-java-sdk-bundle-1.12.262.jar to class loader default
[2026-03-14T12:30:05.252+0000] {docker.py:429} INFO - 26/03/14 12:30:05 INFO Utils: Successfully started service 'org.apache.spark.network.netty.NettyBlockTransferService' on port 35815.
26/03/14 12:30:05 INFO NettyBlockTransferService: Server created on 221b50258169:35815
[2026-03-14T12:30:05.253+0000] {docker.py:429} INFO - 26/03/14 12:30:05 INFO BlockManager: Using org.apache.spark.storage.RandomBlockReplicationPolicy for block replication policy
[2026-03-14T12:30:05.255+0000] {docker.py:429} INFO - 26/03/14 12:30:05 INFO BlockManagerMaster: Registering BlockManager BlockManagerId(driver, 221b50258169, 35815, None)
[2026-03-14T12:30:05.258+0000] {docker.py:429} INFO - 26/03/14 12:30:05 INFO BlockManagerMasterEndpoint: Registering block manager 221b50258169:35815 with 434.4 MiB RAM, BlockManagerId(driver, 221b50258169, 35815, None)
[2026-03-14T12:30:05.260+0000] {docker.py:429} INFO - 26/03/14 12:30:05 INFO BlockManagerMaster: Registered BlockManager BlockManagerId(driver, 221b50258169, 35815, None)
[2026-03-14T12:30:05.261+0000] {docker.py:429} INFO - 26/03/14 12:30:05 INFO BlockManager: Initialized BlockManager: BlockManagerId(driver, 221b50258169, 35815, None)
[2026-03-14T12:30:05.441+0000] {docker.py:429} INFO - ✅ Spark Session ready. Starting Airflow-triggered batch run...
[2026-03-14T12:30:05.445+0000] {docker.py:429} INFO - 26/03/14 12:30:05 INFO SharedState: Setting hive.metastore.warehouse.dir ('null') to the value of spark.sql.warehouse.dir.
[2026-03-14T12:30:05.447+0000] {docker.py:429} INFO - 26/03/14 12:30:05 INFO SharedState: Warehouse path is 'file:/opt/bitnami/spark/spark-warehouse'.
[2026-03-14T12:30:05.915+0000] {docker.py:429} INFO - 26/03/14 12:30:05 WARN MetricsConfig: Cannot locate configuration: tried hadoop-metrics2-s3a-file-system.properties,hadoop-metrics2.properties
[2026-03-14T12:30:05.921+0000] {docker.py:429} INFO - 26/03/14 12:30:05 INFO MetricsSystemImpl: Scheduled Metric snapshot period at 10 second(s).
26/03/14 12:30:05 INFO MetricsSystemImpl: s3a-file-system metrics system started
[2026-03-14T12:30:06.386+0000] {docker.py:429} INFO - 26/03/14 12:30:06 INFO InMemoryFileIndex: It took 92 ms to list leaf files for 1 paths.
[2026-03-14T12:30:06.572+0000] {docker.py:429} INFO - ⚠️ Pipeline error: [UNABLE_TO_INFER_SCHEMA] Unable to infer schema for JSON. It must be specified manually.
Traceback (most recent call last):
  File "/app/ingest.py", line 72, in <module>
[2026-03-14T12:30:06.572+0000] {docker.py:429} INFO - raise e  # Let Airflow catch the failure!
    ^^^^^^^
  File "/app/ingest.py", line 46, in <module>
[2026-03-14T12:30:06.572+0000] {docker.py:429} INFO - df = spark.read.json(LANDING_ZONE)
[2026-03-14T12:30:06.572+0000] {docker.py:429} INFO - ^^^^^^^^^^^^^^^^^^^^^^^^^^^^^
  File "/opt/bitnami/spark/python/lib/pyspark.zip/pyspark/sql/readwriter.py", line 425, in json
[2026-03-14T12:30:06.572+0000] {docker.py:429} INFO - File "/opt/bitnami/spark/python/lib/py4j-0.10.9.7-src.zip/py4j/java_gateway.py", line 1322, in __call__
[2026-03-14T12:30:06.573+0000] {docker.py:429} INFO - File "/opt/bitnami/spark/python/lib/pyspark.zip/pyspark/errors/exceptions/captured.py", line 185, in deco
[2026-03-14T12:30:06.573+0000] {docker.py:429} INFO - pyspark.errors.exceptions.captured.AnalysisException
[2026-03-14T12:30:06.573+0000] {docker.py:429} INFO - : [UNABLE_TO_INFER_SCHEMA] Unable to infer schema for JSON. It must be specified manually.
[2026-03-14T12:30:06.596+0000] {docker.py:429} INFO - 26/03/14 12:30:06 INFO SparkContext: Invoking stop() from shutdown hook
[2026-03-14T12:30:06.596+0000] {docker.py:429} INFO - 26/03/14 12:30:06 INFO SparkContext: SparkContext is stopping with exitCode 0.
[2026-03-14T12:30:06.608+0000] {docker.py:429} INFO - 26/03/14 12:30:06 INFO SparkUI: Stopped Spark web UI at http://221b50258169:4040
[2026-03-14T12:30:06.620+0000] {docker.py:429} INFO - 26/03/14 12:30:06 INFO MapOutputTrackerMasterEndpoint: MapOutputTrackerMasterEndpoint stopped!
[2026-03-14T12:30:06.627+0000] {docker.py:429} INFO - 26/03/14 12:30:06 INFO MemoryStore: MemoryStore cleared
[2026-03-14T12:30:06.628+0000] {docker.py:429} INFO - 26/03/14 12:30:06 INFO BlockManager: BlockManager stopped
[2026-03-14T12:30:06.631+0000] {docker.py:429} INFO - 26/03/14 12:30:06 INFO BlockManagerMaster: BlockManagerMaster stopped
[2026-03-14T12:30:06.633+0000] {docker.py:429} INFO - 26/03/14 12:30:06 INFO OutputCommitCoordinator$OutputCommitCoordinatorEndpoint: OutputCommitCoordinator stopped!
[2026-03-14T12:30:06.684+0000] {docker.py:429} INFO - 26/03/14 12:30:06 INFO SparkContext: Successfully stopped SparkContext
[2026-03-14T12:30:06.685+0000] {docker.py:429} INFO - 26/03/14 12:30:06 INFO ShutdownHookManager: Shutdown hook called
[2026-03-14T12:30:06.685+0000] {docker.py:429} INFO - 26/03/14 12:30:06 INFO ShutdownHookManager: Deleting directory /tmp/spark-aee91f62-f358-44db-a59b-68b75fe13729/pyspark-a256cfdc-aad6-44ef-acb6-bc07209c503f
[2026-03-14T12:30:06.687+0000] {docker.py:429} INFO - 26/03/14 12:30:06 INFO ShutdownHookManager: Deleting directory /tmp/spark-aee91f62-f358-44db-a59b-68b75fe13729
[2026-03-14T12:30:06.692+0000] {docker.py:429} INFO - 26/03/14 12:30:06 INFO ShutdownHookManager: Deleting directory /tmp/spark-6ecb517f-f29e-4149-93fa-557e5759a3fd
[2026-03-14T12:30:06.699+0000] {docker.py:429} INFO - 26/03/14 12:30:06 INFO MetricsSystemImpl: Stopping s3a-file-system metrics system...
[2026-03-14T12:30:06.699+0000] {docker.py:429} INFO - 26/03/14 12:30:06 INFO MetricsSystemImpl: s3a-file-system metrics system stopped.
[2026-03-14T12:30:06.699+0000] {docker.py:429} INFO - 26/03/14 12:30:06 INFO MetricsSystemImpl: s3a-file-system metrics system shutdown complete.
[2026-03-14T12:30:07.226+0000] {taskinstance.py:2728} ERROR - Task failed with exception
Traceback (most recent call last):
  File "/home/airflow/.local/lib/python3.8/site-packages/airflow/models/taskinstance.py", line 444, in _execute_task
    result = _execute_callable(context=context, **execute_callable_kwargs)
  File "/home/airflow/.local/lib/python3.8/site-packages/airflow/models/taskinstance.py", line 414, in _execute_callable
    return execute_callable(context=context, **execute_callable_kwargs)
  File "/home/airflow/.local/lib/python3.8/site-packages/airflow/providers/docker/operators/docker.py", line 502, in execute
    return self._run_image()
  File "/home/airflow/.local/lib/python3.8/site-packages/airflow/providers/docker/operators/docker.py", line 376, in _run_image
    return self._run_image_with_mounts(self.mounts, add_tmp_variable=False)
  File "/home/airflow/.local/lib/python3.8/site-packages/airflow/providers/docker/operators/docker.py", line 437, in _run_image_with_mounts
    raise DockerContainerFailedException(f"Docker container failed: {result!r}", logs=log_lines)
airflow.providers.docker.exceptions.DockerContainerFailedException: Docker container failed: {'StatusCode': 1}
[2026-03-14T12:30:07.230+0000] {taskinstance.py:1149} INFO - Marking task as UP_FOR_RETRY. dag_id=lakehouse_telemetry_ingestion, task_id=run_spark_iceberg_ingestion, execution_date=20260314T122000, start_date=20260314T122950, end_date=20260314T123007
[2026-03-14T12:30:07.242+0000] {standard_task_runner.py:107} ERROR - Failed to execute job 3 for task run_spark_iceberg_ingestion (Docker container failed: {'StatusCode': 1}; 128)
[2026-03-14T12:30:07.276+0000] {local_task_job_runner.py:234} INFO - Task exited with return code 1
[2026-03-14T12:30:07.289+0000] {taskinstance.py:3309} INFO - 0 downstream tasks scheduled from follow-on schedule check
