[2026-03-15T00:00:03.220+0000] {taskinstance.py:1979} INFO - Dependencies all met for dep_context=non-requeueable deps ti=<TaskInstance: lakehouse_telemetry_ingestion.run_spark_iceberg_ingestion scheduled__2026-03-14T23:55:00+00:00 [queued]>
[2026-03-15T00:00:03.223+0000] {taskinstance.py:1979} INFO - Dependencies all met for dep_context=requeueable deps ti=<TaskInstance: lakehouse_telemetry_ingestion.run_spark_iceberg_ingestion scheduled__2026-03-14T23:55:00+00:00 [queued]>
[2026-03-15T00:00:03.223+0000] {taskinstance.py:2193} INFO - Starting attempt 1 of 2
[2026-03-15T00:00:03.231+0000] {taskinstance.py:2214} INFO - Executing <Task(DockerOperator): run_spark_iceberg_ingestion> on 2026-03-14 23:55:00+00:00
[2026-03-15T00:00:03.235+0000] {standard_task_runner.py:60} INFO - Started process 1038 to run task
[2026-03-15T00:00:03.239+0000] {standard_task_runner.py:87} INFO - Running: ['airflow', 'tasks', 'run', 'lakehouse_telemetry_ingestion', 'run_spark_iceberg_ingestion', 'scheduled__2026-03-14T23:55:00+00:00', '--job-id', '9', '--raw', '--subdir', 'DAGS_FOLDER/telemetry_batch.py', '--cfg-path', '/tmp/tmpaop45ocz']
[2026-03-15T00:00:03.240+0000] {standard_task_runner.py:88} INFO - Job 9: Subtask run_spark_iceberg_ingestion
[2026-03-15T00:00:03.262+0000] {task_command.py:423} INFO - Running <TaskInstance: lakehouse_telemetry_ingestion.run_spark_iceberg_ingestion scheduled__2026-03-14T23:55:00+00:00 [running]> on host faf6527c0c5a
[2026-03-15T00:00:03.293+0000] {taskinstance.py:2510} INFO - Exporting env vars: AIRFLOW_CTX_DAG_OWNER='enwyse-data-eng' AIRFLOW_CTX_DAG_ID='lakehouse_telemetry_ingestion' AIRFLOW_CTX_TASK_ID='run_spark_iceberg_ingestion' AIRFLOW_CTX_EXECUTION_DATE='2026-03-14T23:55:00+00:00' AIRFLOW_CTX_TRY_NUMBER='1' AIRFLOW_CTX_DAG_RUN_ID='scheduled__2026-03-14T23:55:00+00:00'
[2026-03-15T00:00:03.311+0000] {docker.py:359} INFO - Starting docker container from image bitnamilegacy/spark:3.5.1
[2026-03-15T00:00:03.509+0000] {docker.py:429} INFO - [38;5;6mspark [38;5;5m00:00:03.50 [0m[38;5;2mINFO [0m ==>
[2026-03-15T00:00:03.510+0000] {docker.py:429} INFO - [38;5;6mspark [38;5;5m00:00:03.51 [0m[38;5;2mINFO [0m ==> [1mWelcome to the Bitnami spark container[0m
[2026-03-15T00:00:03.511+0000] {docker.py:429} INFO - [38;5;6mspark [38;5;5m00:00:03.51 [0m[38;5;2mINFO [0m ==> Subscribe to project updates by watching [1mhttps://github.com/bitnami/containers[0m
[2026-03-15T00:00:03.513+0000] {docker.py:429} INFO - [38;5;6mspark [38;5;5m00:00:03.51 [0m[38;5;2mINFO [0m ==> Submit issues and feature requests at [1mhttps://github.com/bitnami/containers/issues[0m
[2026-03-15T00:00:03.515+0000] {docker.py:429} INFO - [38;5;6mspark [38;5;5m00:00:03.51 [0m[38;5;2mINFO [0m ==> Upgrade to Tanzu Application Catalog for production environments to access custom-configured and pre-packaged software components. Gain enhanced features, including Software Bill of Materials (SBOM), CVE scan result reports, and VEX documents. To learn more, visit [1mhttps://bitnami.com/enterprise[0m
[2026-03-15T00:00:03.516+0000] {docker.py:429} INFO - [38;5;6mspark [38;5;5m00:00:03.51 [0m[38;5;2mINFO [0m ==>
[2026-03-15T00:00:03.523+0000] {docker.py:429} INFO - 
[2026-03-15T00:00:04.494+0000] {docker.py:429} INFO - :: loading settings :: url = jar:file:/opt/bitnami/spark/jars/ivy-2.5.1.jar!/org/apache/ivy/core/settings/ivysettings.xml
[2026-03-15T00:00:04.543+0000] {docker.py:429} INFO - Ivy Default Cache set to: /opt/bitnami/spark/.ivy2/cache
The jars for the packages stored in: /opt/bitnami/spark/.ivy2/jars
[2026-03-15T00:00:04.547+0000] {docker.py:429} INFO - org.apache.iceberg#iceberg-spark-runtime-3.5_2.12 added as a dependency
org.projectnessie.nessie-integrations#nessie-spark-extensions-3.5_2.12 added as a dependency
org.apache.hadoop#hadoop-aws added as a dependency
[2026-03-15T00:00:04.548+0000] {docker.py:429} INFO - :: resolving dependencies :: org.apache.spark#spark-submit-parent-3c6ff8cb-7b89-49b1-b2fb-9e3d9eecd10e;1.0
	confs: [default]
[2026-03-15T00:00:04.954+0000] {docker.py:429} INFO - found org.apache.iceberg#iceberg-spark-runtime-3.5_2.12;1.4.3 in central
[2026-03-15T00:00:06.009+0000] {docker.py:429} INFO - found org.projectnessie.nessie-integrations#nessie-spark-extensions-3.5_2.12;0.77.1 in central
[2026-03-15T00:00:06.677+0000] {docker.py:429} INFO - found org.apache.hadoop#hadoop-aws;3.3.4 in central
[2026-03-15T00:00:07.021+0000] {docker.py:429} INFO - found com.amazonaws#aws-java-sdk-bundle;1.12.262 in central
[2026-03-15T00:00:07.534+0000] {docker.py:429} INFO - found org.wildfly.openssl#wildfly-openssl;1.0.7.Final in central
[2026-03-15T00:00:07.575+0000] {docker.py:429} INFO - downloading https://repo1.maven.org/maven2/org/apache/iceberg/iceberg-spark-runtime-3.5_2.12/1.4.3/iceberg-spark-runtime-3.5_2.12-1.4.3.jar ...
[2026-03-15T00:00:08.187+0000] {docker.py:429} INFO - [SUCCESSFUL ] org.apache.iceberg#iceberg-spark-runtime-3.5_2.12;1.4.3!iceberg-spark-runtime-3.5_2.12.jar (645ms)
[2026-03-15T00:00:08.214+0000] {docker.py:429} INFO - downloading https://repo1.maven.org/maven2/org/projectnessie/nessie-integrations/nessie-spark-extensions-3.5_2.12/0.77.1/nessie-spark-extensions-3.5_2.12-0.77.1.jar ...
[2026-03-15T00:00:08.279+0000] {docker.py:429} INFO - [SUCCESSFUL ] org.projectnessie.nessie-integrations#nessie-spark-extensions-3.5_2.12;0.77.1!nessie-spark-extensions-3.5_2.12.jar (90ms)
[2026-03-15T00:00:08.311+0000] {docker.py:429} INFO - downloading https://repo1.maven.org/maven2/org/apache/hadoop/hadoop-aws/3.3.4/hadoop-aws-3.3.4.jar ...
[2026-03-15T00:00:08.359+0000] {docker.py:429} INFO - [SUCCESSFUL ] org.apache.hadoop#hadoop-aws;3.3.4!hadoop-aws.jar (80ms)
[2026-03-15T00:00:08.394+0000] {docker.py:429} INFO - downloading https://repo1.maven.org/maven2/com/amazonaws/aws-java-sdk-bundle/1.12.262/aws-java-sdk-bundle-1.12.262.jar ...
[2026-03-15T00:00:12.579+0000] {docker.py:429} INFO - [SUCCESSFUL ] com.amazonaws#aws-java-sdk-bundle;1.12.262!aws-java-sdk-bundle.jar (4218ms)
[2026-03-15T00:00:12.611+0000] {docker.py:429} INFO - downloading https://repo1.maven.org/maven2/org/wildfly/openssl/wildfly-openssl/1.0.7.Final/wildfly-openssl-1.0.7.Final.jar ...
[2026-03-15T00:00:12.649+0000] {docker.py:429} INFO - [SUCCESSFUL ] org.wildfly.openssl#wildfly-openssl;1.0.7.Final!wildfly-openssl.jar (68ms)
[2026-03-15T00:00:12.649+0000] {docker.py:429} INFO - :: resolution report :: resolve 2993ms :: artifacts dl 5108ms
	:: modules in use:
[2026-03-15T00:00:12.650+0000] {docker.py:429} INFO - com.amazonaws#aws-java-sdk-bundle;1.12.262 from central in [default]
	org.apache.hadoop#hadoop-aws;3.3.4 from central in [default]
	org.apache.iceberg#iceberg-spark-runtime-3.5_2.12;1.4.3 from central in [default]
	org.projectnessie.nessie-integrations#nessie-spark-extensions-3.5_2.12;0.77.1 from central in [default]
	org.wildfly.openssl#wildfly-openssl;1.0.7.Final from central in [default]
[2026-03-15T00:00:12.650+0000] {docker.py:429} INFO - ---------------------------------------------------------------------
	|                  |            modules            ||   artifacts   |
[2026-03-15T00:00:12.650+0000] {docker.py:429} INFO - |       conf       | number| search|dwnlded|evicted|| number|dwnlded|
	---------------------------------------------------------------------
	|      default     |   5   |   5   |   5   |   0   ||   5   |   5   |
	---------------------------------------------------------------------
[2026-03-15T00:00:12.651+0000] {docker.py:429} INFO - :: retrieving :: org.apache.spark#spark-submit-parent-3c6ff8cb-7b89-49b1-b2fb-9e3d9eecd10e
	confs: [default]
[2026-03-15T00:00:12.910+0000] {docker.py:429} INFO - 5 artifacts copied, 0 already retrieved (306076kB/259ms)
[2026-03-15T00:00:13.022+0000] {docker.py:429} INFO - 26/03/15 00:00:13 WARN NativeCodeLoader: Unable to load native-hadoop library for your platform... using builtin-java classes where applicable
[2026-03-15T00:00:13.519+0000] {docker.py:429} INFO - 🚀 Initializing Spark Session for Enwyse Lakehouse...
[2026-03-15T00:00:13.589+0000] {docker.py:429} INFO - 26/03/15 00:00:13 INFO SparkContext: Running Spark version 3.5.1
[2026-03-15T00:00:13.589+0000] {docker.py:429} INFO - 26/03/15 00:00:13 INFO SparkContext: OS info Linux, 6.1.0-37-amd64, amd64
[2026-03-15T00:00:13.589+0000] {docker.py:429} INFO - 26/03/15 00:00:13 INFO SparkContext: Java version 17.0.12
[2026-03-15T00:00:13.601+0000] {docker.py:429} INFO - 26/03/15 00:00:13 INFO ResourceUtils: ==============================================================
[2026-03-15T00:00:13.602+0000] {docker.py:429} INFO - 26/03/15 00:00:13 INFO ResourceUtils: No custom resources configured for spark.driver.
[2026-03-15T00:00:13.602+0000] {docker.py:429} INFO - 26/03/15 00:00:13 INFO ResourceUtils: ==============================================================
[2026-03-15T00:00:13.602+0000] {docker.py:429} INFO - 26/03/15 00:00:13 INFO SparkContext: Submitted application: Enwyse-Batch-Ingestion
[2026-03-15T00:00:13.618+0000] {docker.py:429} INFO - 26/03/15 00:00:13 INFO ResourceProfile: Default ResourceProfile created, executor resources: Map(cores -> name: cores, amount: 1, script: , vendor: , memory -> name: memory, amount: 1024, script: , vendor: , offHeap -> name: offHeap, amount: 0, script: , vendor: ), task resources: Map(cpus -> name: cpus, amount: 1.0)
[2026-03-15T00:00:13.625+0000] {docker.py:429} INFO - 26/03/15 00:00:13 INFO ResourceProfile: Limiting resource is cpu
[2026-03-15T00:00:13.626+0000] {docker.py:429} INFO - 26/03/15 00:00:13 INFO ResourceProfileManager: Added ResourceProfile id: 0
[2026-03-15T00:00:13.660+0000] {docker.py:429} INFO - 26/03/15 00:00:13 INFO SecurityManager: Changing view acls to: spark
[2026-03-15T00:00:13.660+0000] {docker.py:429} INFO - 26/03/15 00:00:13 INFO SecurityManager: Changing modify acls to: spark
[2026-03-15T00:00:13.660+0000] {docker.py:429} INFO - 26/03/15 00:00:13 INFO SecurityManager: Changing view acls groups to:
[2026-03-15T00:00:13.660+0000] {docker.py:429} INFO - 26/03/15 00:00:13 INFO SecurityManager: Changing modify acls groups to:
[2026-03-15T00:00:13.661+0000] {docker.py:429} INFO - 26/03/15 00:00:13 INFO SecurityManager: SecurityManager: authentication disabled; ui acls disabled; users with view permissions: spark; groups with view permissions: EMPTY; users with modify permissions: spark; groups with modify permissions: EMPTY
[2026-03-15T00:00:13.772+0000] {docker.py:429} INFO - 26/03/15 00:00:13 INFO Utils: Successfully started service 'sparkDriver' on port 37123.
[2026-03-15T00:00:13.785+0000] {docker.py:429} INFO - 26/03/15 00:00:13 INFO SparkEnv: Registering MapOutputTracker
[2026-03-15T00:00:13.802+0000] {docker.py:429} INFO - 26/03/15 00:00:13 INFO SparkEnv: Registering BlockManagerMaster
[2026-03-15T00:00:13.809+0000] {docker.py:429} INFO - 26/03/15 00:00:13 INFO BlockManagerMasterEndpoint: Using org.apache.spark.storage.DefaultTopologyMapper for getting topology information
[2026-03-15T00:00:13.810+0000] {docker.py:429} INFO - 26/03/15 00:00:13 INFO BlockManagerMasterEndpoint: BlockManagerMasterEndpoint up
[2026-03-15T00:00:13.811+0000] {docker.py:429} INFO - 26/03/15 00:00:13 INFO SparkEnv: Registering BlockManagerMasterHeartbeat
[2026-03-15T00:00:13.821+0000] {docker.py:429} INFO - 26/03/15 00:00:13 INFO DiskBlockManager: Created local directory at /tmp/blockmgr-7121fef2-45a6-43d0-a672-5c62617654e9
[2026-03-15T00:00:13.828+0000] {docker.py:429} INFO - 26/03/15 00:00:13 INFO MemoryStore: MemoryStore started with capacity 434.4 MiB
[2026-03-15T00:00:13.836+0000] {docker.py:429} INFO - 26/03/15 00:00:13 INFO SparkEnv: Registering OutputCommitCoordinator
[2026-03-15T00:00:13.896+0000] {docker.py:429} INFO - 26/03/15 00:00:13 INFO JettyUtils: Start Jetty 0.0.0.0:4040 for SparkUI
[2026-03-15T00:00:13.927+0000] {docker.py:429} INFO - 26/03/15 00:00:13 INFO Utils: Successfully started service 'SparkUI' on port 4040.
[2026-03-15T00:00:13.948+0000] {docker.py:429} INFO - 26/03/15 00:00:13 INFO SparkContext: Added JAR file:///opt/bitnami/spark/.ivy2/jars/org.apache.iceberg_iceberg-spark-runtime-3.5_2.12-1.4.3.jar at spark://f935036139e4:37123/jars/org.apache.iceberg_iceberg-spark-runtime-3.5_2.12-1.4.3.jar with timestamp 1773532813584
[2026-03-15T00:00:13.948+0000] {docker.py:429} INFO - 26/03/15 00:00:13 INFO SparkContext: Added JAR file:///opt/bitnami/spark/.ivy2/jars/org.projectnessie.nessie-integrations_nessie-spark-extensions-3.5_2.12-0.77.1.jar at spark://f935036139e4:37123/jars/org.projectnessie.nessie-integrations_nessie-spark-extensions-3.5_2.12-0.77.1.jar with timestamp 1773532813584
[2026-03-15T00:00:13.948+0000] {docker.py:429} INFO - 26/03/15 00:00:13 INFO SparkContext: Added JAR file:///opt/bitnami/spark/.ivy2/jars/org.apache.hadoop_hadoop-aws-3.3.4.jar at spark://f935036139e4:37123/jars/org.apache.hadoop_hadoop-aws-3.3.4.jar with timestamp 1773532813584
[2026-03-15T00:00:13.948+0000] {docker.py:429} INFO - 26/03/15 00:00:13 INFO SparkContext: Added JAR file:///opt/bitnami/spark/.ivy2/jars/com.amazonaws_aws-java-sdk-bundle-1.12.262.jar at spark://f935036139e4:37123/jars/com.amazonaws_aws-java-sdk-bundle-1.12.262.jar with timestamp 1773532813584
[2026-03-15T00:00:13.948+0000] {docker.py:429} INFO - 26/03/15 00:00:13 INFO SparkContext: Added JAR file:///opt/bitnami/spark/.ivy2/jars/org.wildfly.openssl_wildfly-openssl-1.0.7.Final.jar at spark://f935036139e4:37123/jars/org.wildfly.openssl_wildfly-openssl-1.0.7.Final.jar with timestamp 1773532813584
[2026-03-15T00:00:13.949+0000] {docker.py:429} INFO - 26/03/15 00:00:13 INFO SparkContext: Added file file:///opt/bitnami/spark/.ivy2/jars/org.apache.iceberg_iceberg-spark-runtime-3.5_2.12-1.4.3.jar at file:///opt/bitnami/spark/.ivy2/jars/org.apache.iceberg_iceberg-spark-runtime-3.5_2.12-1.4.3.jar with timestamp 1773532813584
[2026-03-15T00:00:13.950+0000] {docker.py:429} INFO - 26/03/15 00:00:13 INFO Utils: Copying /opt/bitnami/spark/.ivy2/jars/org.apache.iceberg_iceberg-spark-runtime-3.5_2.12-1.4.3.jar to /tmp/spark-e091c871-829c-4252-a90f-9d55dec53919/userFiles-674d9ce1-151d-419d-89c0-698efae56f50/org.apache.iceberg_iceberg-spark-runtime-3.5_2.12-1.4.3.jar
[2026-03-15T00:00:13.977+0000] {docker.py:429} INFO - 26/03/15 00:00:13 INFO SparkContext: Added file file:///opt/bitnami/spark/.ivy2/jars/org.projectnessie.nessie-integrations_nessie-spark-extensions-3.5_2.12-0.77.1.jar at file:///opt/bitnami/spark/.ivy2/jars/org.projectnessie.nessie-integrations_nessie-spark-extensions-3.5_2.12-0.77.1.jar with timestamp 1773532813584
[2026-03-15T00:00:13.978+0000] {docker.py:429} INFO - 26/03/15 00:00:13 INFO Utils: Copying /opt/bitnami/spark/.ivy2/jars/org.projectnessie.nessie-integrations_nessie-spark-extensions-3.5_2.12-0.77.1.jar to /tmp/spark-e091c871-829c-4252-a90f-9d55dec53919/userFiles-674d9ce1-151d-419d-89c0-698efae56f50/org.projectnessie.nessie-integrations_nessie-spark-extensions-3.5_2.12-0.77.1.jar
[2026-03-15T00:00:13.983+0000] {docker.py:429} INFO - 26/03/15 00:00:13 INFO SparkContext: Added file file:///opt/bitnami/spark/.ivy2/jars/org.apache.hadoop_hadoop-aws-3.3.4.jar at file:///opt/bitnami/spark/.ivy2/jars/org.apache.hadoop_hadoop-aws-3.3.4.jar with timestamp 1773532813584
[2026-03-15T00:00:13.983+0000] {docker.py:429} INFO - 26/03/15 00:00:13 INFO Utils: Copying /opt/bitnami/spark/.ivy2/jars/org.apache.hadoop_hadoop-aws-3.3.4.jar to /tmp/spark-e091c871-829c-4252-a90f-9d55dec53919/userFiles-674d9ce1-151d-419d-89c0-698efae56f50/org.apache.hadoop_hadoop-aws-3.3.4.jar
[2026-03-15T00:00:13.987+0000] {docker.py:429} INFO - 26/03/15 00:00:13 INFO SparkContext: Added file file:///opt/bitnami/spark/.ivy2/jars/com.amazonaws_aws-java-sdk-bundle-1.12.262.jar at file:///opt/bitnami/spark/.ivy2/jars/com.amazonaws_aws-java-sdk-bundle-1.12.262.jar with timestamp 1773532813584
[2026-03-15T00:00:13.988+0000] {docker.py:429} INFO - 26/03/15 00:00:13 INFO Utils: Copying /opt/bitnami/spark/.ivy2/jars/com.amazonaws_aws-java-sdk-bundle-1.12.262.jar to /tmp/spark-e091c871-829c-4252-a90f-9d55dec53919/userFiles-674d9ce1-151d-419d-89c0-698efae56f50/com.amazonaws_aws-java-sdk-bundle-1.12.262.jar
[2026-03-15T00:00:14.184+0000] {docker.py:429} INFO - 26/03/15 00:00:14 INFO SparkContext: Added file file:///opt/bitnami/spark/.ivy2/jars/org.wildfly.openssl_wildfly-openssl-1.0.7.Final.jar at file:///opt/bitnami/spark/.ivy2/jars/org.wildfly.openssl_wildfly-openssl-1.0.7.Final.jar with timestamp 1773532813584
[2026-03-15T00:00:14.184+0000] {docker.py:429} INFO - 26/03/15 00:00:14 INFO Utils: Copying /opt/bitnami/spark/.ivy2/jars/org.wildfly.openssl_wildfly-openssl-1.0.7.Final.jar to /tmp/spark-e091c871-829c-4252-a90f-9d55dec53919/userFiles-674d9ce1-151d-419d-89c0-698efae56f50/org.wildfly.openssl_wildfly-openssl-1.0.7.Final.jar
[2026-03-15T00:00:14.218+0000] {docker.py:429} INFO - 26/03/15 00:00:14 INFO Executor: Starting executor ID driver on host f935036139e4
[2026-03-15T00:00:14.219+0000] {docker.py:429} INFO - 26/03/15 00:00:14 INFO Executor: OS info Linux, 6.1.0-37-amd64, amd64
[2026-03-15T00:00:14.219+0000] {docker.py:429} INFO - 26/03/15 00:00:14 INFO Executor: Java version 17.0.12
[2026-03-15T00:00:14.222+0000] {docker.py:429} INFO - 26/03/15 00:00:14 INFO Executor: Starting executor with user classpath (userClassPathFirst = false): ''
[2026-03-15T00:00:14.227+0000] {docker.py:429} INFO - 26/03/15 00:00:14 INFO Executor: Created or updated repl class loader org.apache.spark.util.MutableURLClassLoader@7cff26a6 for default.
[2026-03-15T00:00:14.234+0000] {docker.py:429} INFO - 26/03/15 00:00:14 INFO Executor: Fetching file:///opt/bitnami/spark/.ivy2/jars/org.apache.hadoop_hadoop-aws-3.3.4.jar with timestamp 1773532813584
[2026-03-15T00:00:14.242+0000] {docker.py:429} INFO - 26/03/15 00:00:14 INFO Utils: /opt/bitnami/spark/.ivy2/jars/org.apache.hadoop_hadoop-aws-3.3.4.jar has been previously copied to /tmp/spark-e091c871-829c-4252-a90f-9d55dec53919/userFiles-674d9ce1-151d-419d-89c0-698efae56f50/org.apache.hadoop_hadoop-aws-3.3.4.jar
[2026-03-15T00:00:14.246+0000] {docker.py:429} INFO - 26/03/15 00:00:14 INFO Executor: Fetching file:///opt/bitnami/spark/.ivy2/jars/org.apache.iceberg_iceberg-spark-runtime-3.5_2.12-1.4.3.jar with timestamp 1773532813584
[2026-03-15T00:00:14.263+0000] {docker.py:429} INFO - 26/03/15 00:00:14 INFO Utils: /opt/bitnami/spark/.ivy2/jars/org.apache.iceberg_iceberg-spark-runtime-3.5_2.12-1.4.3.jar has been previously copied to /tmp/spark-e091c871-829c-4252-a90f-9d55dec53919/userFiles-674d9ce1-151d-419d-89c0-698efae56f50/org.apache.iceberg_iceberg-spark-runtime-3.5_2.12-1.4.3.jar
[2026-03-15T00:00:14.268+0000] {docker.py:429} INFO - 26/03/15 00:00:14 INFO Executor: Fetching file:///opt/bitnami/spark/.ivy2/jars/com.amazonaws_aws-java-sdk-bundle-1.12.262.jar with timestamp 1773532813584
[2026-03-15T00:00:14.410+0000] {docker.py:429} INFO - 26/03/15 00:00:14 INFO Utils: /opt/bitnami/spark/.ivy2/jars/com.amazonaws_aws-java-sdk-bundle-1.12.262.jar has been previously copied to /tmp/spark-e091c871-829c-4252-a90f-9d55dec53919/userFiles-674d9ce1-151d-419d-89c0-698efae56f50/com.amazonaws_aws-java-sdk-bundle-1.12.262.jar
[2026-03-15T00:00:14.415+0000] {docker.py:429} INFO - 26/03/15 00:00:14 INFO Executor: Fetching file:///opt/bitnami/spark/.ivy2/jars/org.projectnessie.nessie-integrations_nessie-spark-extensions-3.5_2.12-0.77.1.jar with timestamp 1773532813584
[2026-03-15T00:00:14.416+0000] {docker.py:429} INFO - 26/03/15 00:00:14 INFO Utils: /opt/bitnami/spark/.ivy2/jars/org.projectnessie.nessie-integrations_nessie-spark-extensions-3.5_2.12-0.77.1.jar has been previously copied to /tmp/spark-e091c871-829c-4252-a90f-9d55dec53919/userFiles-674d9ce1-151d-419d-89c0-698efae56f50/org.projectnessie.nessie-integrations_nessie-spark-extensions-3.5_2.12-0.77.1.jar
[2026-03-15T00:00:14.420+0000] {docker.py:429} INFO - 26/03/15 00:00:14 INFO Executor: Fetching file:///opt/bitnami/spark/.ivy2/jars/org.wildfly.openssl_wildfly-openssl-1.0.7.Final.jar with timestamp 1773532813584
[2026-03-15T00:00:14.421+0000] {docker.py:429} INFO - 26/03/15 00:00:14 INFO Utils: /opt/bitnami/spark/.ivy2/jars/org.wildfly.openssl_wildfly-openssl-1.0.7.Final.jar has been previously copied to /tmp/spark-e091c871-829c-4252-a90f-9d55dec53919/userFiles-674d9ce1-151d-419d-89c0-698efae56f50/org.wildfly.openssl_wildfly-openssl-1.0.7.Final.jar
[2026-03-15T00:00:14.426+0000] {docker.py:429} INFO - 26/03/15 00:00:14 INFO Executor: Fetching spark://f935036139e4:37123/jars/org.projectnessie.nessie-integrations_nessie-spark-extensions-3.5_2.12-0.77.1.jar with timestamp 1773532813584
[2026-03-15T00:00:14.449+0000] {docker.py:429} INFO - 26/03/15 00:00:14 INFO TransportClientFactory: Successfully created connection to f935036139e4/172.22.0.15:37123 after 15 ms (0 ms spent in bootstraps)
[2026-03-15T00:00:14.452+0000] {docker.py:429} INFO - 26/03/15 00:00:14 INFO Utils: Fetching spark://f935036139e4:37123/jars/org.projectnessie.nessie-integrations_nessie-spark-extensions-3.5_2.12-0.77.1.jar to /tmp/spark-e091c871-829c-4252-a90f-9d55dec53919/userFiles-674d9ce1-151d-419d-89c0-698efae56f50/fetchFileTemp7425527354824081899.tmp
[2026-03-15T00:00:14.474+0000] {docker.py:429} INFO - 26/03/15 00:00:14 INFO Utils: /tmp/spark-e091c871-829c-4252-a90f-9d55dec53919/userFiles-674d9ce1-151d-419d-89c0-698efae56f50/fetchFileTemp7425527354824081899.tmp has been previously copied to /tmp/spark-e091c871-829c-4252-a90f-9d55dec53919/userFiles-674d9ce1-151d-419d-89c0-698efae56f50/org.projectnessie.nessie-integrations_nessie-spark-extensions-3.5_2.12-0.77.1.jar
[2026-03-15T00:00:14.481+0000] {docker.py:429} INFO - 26/03/15 00:00:14 INFO Executor: Adding file:/tmp/spark-e091c871-829c-4252-a90f-9d55dec53919/userFiles-674d9ce1-151d-419d-89c0-698efae56f50/org.projectnessie.nessie-integrations_nessie-spark-extensions-3.5_2.12-0.77.1.jar to class loader default
[2026-03-15T00:00:14.481+0000] {docker.py:429} INFO - 26/03/15 00:00:14 INFO Executor: Fetching spark://f935036139e4:37123/jars/org.wildfly.openssl_wildfly-openssl-1.0.7.Final.jar with timestamp 1773532813584
[2026-03-15T00:00:14.481+0000] {docker.py:429} INFO - 26/03/15 00:00:14 INFO Utils: Fetching spark://f935036139e4:37123/jars/org.wildfly.openssl_wildfly-openssl-1.0.7.Final.jar to /tmp/spark-e091c871-829c-4252-a90f-9d55dec53919/userFiles-674d9ce1-151d-419d-89c0-698efae56f50/fetchFileTemp4297183485851345136.tmp
[2026-03-15T00:00:14.484+0000] {docker.py:429} INFO - 26/03/15 00:00:14 INFO Utils: /tmp/spark-e091c871-829c-4252-a90f-9d55dec53919/userFiles-674d9ce1-151d-419d-89c0-698efae56f50/fetchFileTemp4297183485851345136.tmp has been previously copied to /tmp/spark-e091c871-829c-4252-a90f-9d55dec53919/userFiles-674d9ce1-151d-419d-89c0-698efae56f50/org.wildfly.openssl_wildfly-openssl-1.0.7.Final.jar
[2026-03-15T00:00:14.486+0000] {docker.py:429} INFO - 26/03/15 00:00:14 INFO Executor: Adding file:/tmp/spark-e091c871-829c-4252-a90f-9d55dec53919/userFiles-674d9ce1-151d-419d-89c0-698efae56f50/org.wildfly.openssl_wildfly-openssl-1.0.7.Final.jar to class loader default
[2026-03-15T00:00:14.486+0000] {docker.py:429} INFO - 26/03/15 00:00:14 INFO Executor: Fetching spark://f935036139e4:37123/jars/org.apache.iceberg_iceberg-spark-runtime-3.5_2.12-1.4.3.jar with timestamp 1773532813584
[2026-03-15T00:00:14.487+0000] {docker.py:429} INFO - 26/03/15 00:00:14 INFO Utils: Fetching spark://f935036139e4:37123/jars/org.apache.iceberg_iceberg-spark-runtime-3.5_2.12-1.4.3.jar to /tmp/spark-e091c871-829c-4252-a90f-9d55dec53919/userFiles-674d9ce1-151d-419d-89c0-698efae56f50/fetchFileTemp9198355459472527148.tmp
[2026-03-15T00:00:14.545+0000] {docker.py:429} INFO - 26/03/15 00:00:14 INFO Utils: /tmp/spark-e091c871-829c-4252-a90f-9d55dec53919/userFiles-674d9ce1-151d-419d-89c0-698efae56f50/fetchFileTemp9198355459472527148.tmp has been previously copied to /tmp/spark-e091c871-829c-4252-a90f-9d55dec53919/userFiles-674d9ce1-151d-419d-89c0-698efae56f50/org.apache.iceberg_iceberg-spark-runtime-3.5_2.12-1.4.3.jar
[2026-03-15T00:00:14.551+0000] {docker.py:429} INFO - 26/03/15 00:00:14 INFO Executor: Adding file:/tmp/spark-e091c871-829c-4252-a90f-9d55dec53919/userFiles-674d9ce1-151d-419d-89c0-698efae56f50/org.apache.iceberg_iceberg-spark-runtime-3.5_2.12-1.4.3.jar to class loader default
[2026-03-15T00:00:14.552+0000] {docker.py:429} INFO - 26/03/15 00:00:14 INFO Executor: Fetching spark://f935036139e4:37123/jars/org.apache.hadoop_hadoop-aws-3.3.4.jar with timestamp 1773532813584
[2026-03-15T00:00:14.552+0000] {docker.py:429} INFO - 26/03/15 00:00:14 INFO Utils: Fetching spark://f935036139e4:37123/jars/org.apache.hadoop_hadoop-aws-3.3.4.jar to /tmp/spark-e091c871-829c-4252-a90f-9d55dec53919/userFiles-674d9ce1-151d-419d-89c0-698efae56f50/fetchFileTemp17891052981354044691.tmp
[2026-03-15T00:00:14.555+0000] {docker.py:429} INFO - 26/03/15 00:00:14 INFO Utils: /tmp/spark-e091c871-829c-4252-a90f-9d55dec53919/userFiles-674d9ce1-151d-419d-89c0-698efae56f50/fetchFileTemp17891052981354044691.tmp has been previously copied to /tmp/spark-e091c871-829c-4252-a90f-9d55dec53919/userFiles-674d9ce1-151d-419d-89c0-698efae56f50/org.apache.hadoop_hadoop-aws-3.3.4.jar
[2026-03-15T00:00:14.558+0000] {docker.py:429} INFO - 26/03/15 00:00:14 INFO Executor: Adding file:/tmp/spark-e091c871-829c-4252-a90f-9d55dec53919/userFiles-674d9ce1-151d-419d-89c0-698efae56f50/org.apache.hadoop_hadoop-aws-3.3.4.jar to class loader default
[2026-03-15T00:00:14.558+0000] {docker.py:429} INFO - 26/03/15 00:00:14 INFO Executor: Fetching spark://f935036139e4:37123/jars/com.amazonaws_aws-java-sdk-bundle-1.12.262.jar with timestamp 1773532813584
[2026-03-15T00:00:14.559+0000] {docker.py:429} INFO - 26/03/15 00:00:14 INFO Utils: Fetching spark://f935036139e4:37123/jars/com.amazonaws_aws-java-sdk-bundle-1.12.262.jar to /tmp/spark-e091c871-829c-4252-a90f-9d55dec53919/userFiles-674d9ce1-151d-419d-89c0-698efae56f50/fetchFileTemp2971662482703760728.tmp
[2026-03-15T00:00:15.065+0000] {docker.py:429} INFO - 26/03/15 00:00:15 INFO Utils: /tmp/spark-e091c871-829c-4252-a90f-9d55dec53919/userFiles-674d9ce1-151d-419d-89c0-698efae56f50/fetchFileTemp2971662482703760728.tmp has been previously copied to /tmp/spark-e091c871-829c-4252-a90f-9d55dec53919/userFiles-674d9ce1-151d-419d-89c0-698efae56f50/com.amazonaws_aws-java-sdk-bundle-1.12.262.jar
[2026-03-15T00:00:15.110+0000] {docker.py:429} INFO - 26/03/15 00:00:15 INFO Executor: Adding file:/tmp/spark-e091c871-829c-4252-a90f-9d55dec53919/userFiles-674d9ce1-151d-419d-89c0-698efae56f50/com.amazonaws_aws-java-sdk-bundle-1.12.262.jar to class loader default
[2026-03-15T00:00:15.116+0000] {docker.py:429} INFO - 26/03/15 00:00:15 INFO Utils: Successfully started service 'org.apache.spark.network.netty.NettyBlockTransferService' on port 45033.
[2026-03-15T00:00:15.117+0000] {docker.py:429} INFO - 26/03/15 00:00:15 INFO NettyBlockTransferService: Server created on f935036139e4:45033
[2026-03-15T00:00:15.117+0000] {docker.py:429} INFO - 26/03/15 00:00:15 INFO BlockManager: Using org.apache.spark.storage.RandomBlockReplicationPolicy for block replication policy
[2026-03-15T00:00:15.120+0000] {docker.py:429} INFO - 26/03/15 00:00:15 INFO BlockManagerMaster: Registering BlockManager BlockManagerId(driver, f935036139e4, 45033, None)
[2026-03-15T00:00:15.122+0000] {docker.py:429} INFO - 26/03/15 00:00:15 INFO BlockManagerMasterEndpoint: Registering block manager f935036139e4:45033 with 434.4 MiB RAM, BlockManagerId(driver, f935036139e4, 45033, None)
[2026-03-15T00:00:15.124+0000] {docker.py:429} INFO - 26/03/15 00:00:15 INFO BlockManagerMaster: Registered BlockManager BlockManagerId(driver, f935036139e4, 45033, None)
[2026-03-15T00:00:15.125+0000] {docker.py:429} INFO - 26/03/15 00:00:15 INFO BlockManager: Initialized BlockManager: BlockManagerId(driver, f935036139e4, 45033, None)
[2026-03-15T00:00:15.316+0000] {docker.py:429} INFO - ✅ Spark Session ready. Starting Airflow-triggered batch run...
[2026-03-15T00:00:15.319+0000] {docker.py:429} INFO - 26/03/15 00:00:15 INFO SharedState: Setting hive.metastore.warehouse.dir ('null') to the value of spark.sql.warehouse.dir.
[2026-03-15T00:00:15.321+0000] {docker.py:429} INFO - 26/03/15 00:00:15 INFO SharedState: Warehouse path is 'file:/opt/bitnami/spark/spark-warehouse'.
[2026-03-15T00:00:15.805+0000] {docker.py:429} INFO - 26/03/15 00:00:15 WARN MetricsConfig: Cannot locate configuration: tried hadoop-metrics2-s3a-file-system.properties,hadoop-metrics2.properties
[2026-03-15T00:00:15.811+0000] {docker.py:429} INFO - 26/03/15 00:00:15 INFO MetricsSystemImpl: Scheduled Metric snapshot period at 10 second(s).
26/03/15 00:00:15 INFO MetricsSystemImpl: s3a-file-system metrics system started
[2026-03-15T00:00:16.254+0000] {docker.py:429} INFO - 26/03/15 00:00:16 INFO InMemoryFileIndex: It took 55 ms to list leaf files for 1 paths.
[2026-03-15T00:00:16.841+0000] {docker.py:429} INFO - 26/03/15 00:00:16 INFO FileSourceStrategy: Pushed Filters:
[2026-03-15T00:00:16.846+0000] {docker.py:429} INFO - 26/03/15 00:00:16 INFO FileSourceStrategy: Post-Scan Filters:
[2026-03-15T00:00:16.960+0000] {docker.py:429} INFO - 26/03/15 00:00:16 INFO MemoryStore: Block broadcast_0 stored as values in memory (estimated size 206.0 KiB, free 434.2 MiB)
[2026-03-15T00:00:16.991+0000] {docker.py:429} INFO - 26/03/15 00:00:16 INFO MemoryStore: Block broadcast_0_piece0 stored as bytes in memory (estimated size 36.4 KiB, free 434.2 MiB)
[2026-03-15T00:00:16.993+0000] {docker.py:429} INFO - 26/03/15 00:00:16 INFO BlockManagerInfo: Added broadcast_0_piece0 in memory on f935036139e4:45033 (size: 36.4 KiB, free: 434.4 MiB)
[2026-03-15T00:00:16.996+0000] {docker.py:429} INFO - 26/03/15 00:00:16 INFO SparkContext: Created broadcast 0 from isEmpty at NativeMethodAccessorImpl.java:0
[2026-03-15T00:00:17.014+0000] {docker.py:429} INFO - 26/03/15 00:00:17 INFO FileSourceScanExec: Planning scan with bin packing, max size: 4194304 bytes, open cost is considered as scanning 4194304 bytes.
[2026-03-15T00:00:17.074+0000] {docker.py:429} INFO - 26/03/15 00:00:17 INFO SparkContext: Starting job: isEmpty at NativeMethodAccessorImpl.java:0
[2026-03-15T00:00:17.087+0000] {docker.py:429} INFO - 26/03/15 00:00:17 INFO DAGScheduler: Got job 0 (isEmpty at NativeMethodAccessorImpl.java:0) with 1 output partitions
[2026-03-15T00:00:17.088+0000] {docker.py:429} INFO - 26/03/15 00:00:17 INFO DAGScheduler: Final stage: ResultStage 0 (isEmpty at NativeMethodAccessorImpl.java:0)
[2026-03-15T00:00:17.088+0000] {docker.py:429} INFO - 26/03/15 00:00:17 INFO DAGScheduler: Parents of final stage: List()
[2026-03-15T00:00:17.089+0000] {docker.py:429} INFO - 26/03/15 00:00:17 INFO DAGScheduler: Missing parents: List()
[2026-03-15T00:00:17.093+0000] {docker.py:429} INFO - 26/03/15 00:00:17 INFO DAGScheduler: Submitting ResultStage 0 (MapPartitionsRDD[2] at isEmpty at NativeMethodAccessorImpl.java:0), which has no missing parents
[2026-03-15T00:00:17.179+0000] {docker.py:429} INFO - 26/03/15 00:00:17 INFO MemoryStore: Block broadcast_1 stored as values in memory (estimated size 10.1 KiB, free 434.2 MiB)
[2026-03-15T00:00:17.186+0000] {docker.py:429} INFO - 26/03/15 00:00:17 INFO MemoryStore: Block broadcast_1_piece0 stored as bytes in memory (estimated size 5.3 KiB, free 434.1 MiB)
[2026-03-15T00:00:17.186+0000] {docker.py:429} INFO - 26/03/15 00:00:17 INFO BlockManagerInfo: Added broadcast_1_piece0 in memory on f935036139e4:45033 (size: 5.3 KiB, free: 434.4 MiB)
[2026-03-15T00:00:17.187+0000] {docker.py:429} INFO - 26/03/15 00:00:17 INFO SparkContext: Created broadcast 1 from broadcast at DAGScheduler.scala:1585
[2026-03-15T00:00:17.211+0000] {docker.py:429} INFO - 26/03/15 00:00:17 INFO DAGScheduler: Submitting 1 missing tasks from ResultStage 0 (MapPartitionsRDD[2] at isEmpty at NativeMethodAccessorImpl.java:0) (first 15 tasks are for partitions Vector(0))
[2026-03-15T00:00:17.212+0000] {docker.py:429} INFO - 26/03/15 00:00:17 INFO TaskSchedulerImpl: Adding task set 0.0 with 1 tasks resource profile 0
[2026-03-15T00:00:17.258+0000] {docker.py:429} INFO - 26/03/15 00:00:17 INFO TaskSetManager: Starting task 0.0 in stage 0.0 (TID 0) (f935036139e4, executor driver, partition 0, PROCESS_LOCAL, 9421 bytes)
[2026-03-15T00:00:17.274+0000] {docker.py:429} INFO - 26/03/15 00:00:17 INFO Executor: Running task 0.0 in stage 0.0 (TID 0)
[2026-03-15T00:00:17.318+0000] {docker.py:429} INFO - 26/03/15 00:00:17 INFO FileScanRDD: Reading File path: s3a://landing-zone/telemetry/2026/03/14/batch_1773532602.json, range: 0-1690, partition values: [empty row]
[2026-03-15T00:00:17.440+0000] {docker.py:429} INFO - 26/03/15 00:00:17 INFO CodeGenerator: Code generated in 106.784221 ms
[2026-03-15T00:00:17.507+0000] {docker.py:429} INFO - 26/03/15 00:00:17 INFO Executor: Finished task 0.0 in stage 0.0 (TID 0). 1513 bytes result sent to driver
[2026-03-15T00:00:17.512+0000] {docker.py:429} INFO - 26/03/15 00:00:17 INFO TaskSetManager: Finished task 0.0 in stage 0.0 (TID 0) in 267 ms on f935036139e4 (executor driver) (1/1)
[2026-03-15T00:00:17.513+0000] {docker.py:429} INFO - 26/03/15 00:00:17 INFO TaskSchedulerImpl: Removed TaskSet 0.0, whose tasks have all completed, from pool
[2026-03-15T00:00:17.516+0000] {docker.py:429} INFO - 26/03/15 00:00:17 INFO DAGScheduler: ResultStage 0 (isEmpty at NativeMethodAccessorImpl.java:0) finished in 0.411 s
[2026-03-15T00:00:17.517+0000] {docker.py:429} INFO - 26/03/15 00:00:17 INFO DAGScheduler: Job 0 is finished. Cancelling potential speculative or zombie tasks for this job
[2026-03-15T00:00:17.517+0000] {docker.py:429} INFO - 26/03/15 00:00:17 INFO TaskSchedulerImpl: Killing all running tasks in stage 0: Stage finished
[2026-03-15T00:00:17.518+0000] {docker.py:429} INFO - 26/03/15 00:00:17 INFO DAGScheduler: Job 0 finished: isEmpty at NativeMethodAccessorImpl.java:0, took 0.443933 s
[2026-03-15T00:00:17.571+0000] {docker.py:429} INFO - 26/03/15 00:00:17 INFO FileSourceStrategy: Pushed Filters: 
26/03/15 00:00:17 INFO FileSourceStrategy: Post-Scan Filters:
[2026-03-15T00:00:17.647+0000] {docker.py:429} INFO - 26/03/15 00:00:17 INFO CodeGenerator: Code generated in 10.811233 ms
[2026-03-15T00:00:17.650+0000] {docker.py:429} INFO - 26/03/15 00:00:17 INFO MemoryStore: Block broadcast_2 stored as values in memory (estimated size 206.0 KiB, free 433.9 MiB)
[2026-03-15T00:00:17.658+0000] {docker.py:429} INFO - 26/03/15 00:00:17 INFO MemoryStore: Block broadcast_2_piece0 stored as bytes in memory (estimated size 36.4 KiB, free 433.9 MiB)
[2026-03-15T00:00:17.659+0000] {docker.py:429} INFO - 26/03/15 00:00:17 INFO BlockManagerInfo: Added broadcast_2_piece0 in memory on f935036139e4:45033 (size: 36.4 KiB, free: 434.3 MiB)
[2026-03-15T00:00:17.659+0000] {docker.py:429} INFO - 26/03/15 00:00:17 INFO SparkContext: Created broadcast 2 from count at NativeMethodAccessorImpl.java:0
[2026-03-15T00:00:17.660+0000] {docker.py:429} INFO - 26/03/15 00:00:17 INFO FileSourceScanExec: Planning scan with bin packing, max size: 4194304 bytes, open cost is considered as scanning 4194304 bytes.
[2026-03-15T00:00:17.683+0000] {docker.py:429} INFO - 26/03/15 00:00:17 INFO DAGScheduler: Registering RDD 6 (count at NativeMethodAccessorImpl.java:0) as input to shuffle 0
[2026-03-15T00:00:17.687+0000] {docker.py:429} INFO - 26/03/15 00:00:17 INFO DAGScheduler: Got map stage job 1 (count at NativeMethodAccessorImpl.java:0) with 9 output partitions
[2026-03-15T00:00:17.687+0000] {docker.py:429} INFO - 26/03/15 00:00:17 INFO DAGScheduler: Final stage: ShuffleMapStage 1 (count at NativeMethodAccessorImpl.java:0)
[2026-03-15T00:00:17.687+0000] {docker.py:429} INFO - 26/03/15 00:00:17 INFO DAGScheduler: Parents of final stage: List()
[2026-03-15T00:00:17.688+0000] {docker.py:429} INFO - 26/03/15 00:00:17 INFO DAGScheduler: Missing parents: List()
[2026-03-15T00:00:17.689+0000] {docker.py:429} INFO - 26/03/15 00:00:17 INFO DAGScheduler: Submitting ShuffleMapStage 1 (MapPartitionsRDD[6] at count at NativeMethodAccessorImpl.java:0), which has no missing parents
[2026-03-15T00:00:17.715+0000] {docker.py:429} INFO - 26/03/15 00:00:17 INFO MemoryStore: Block broadcast_3 stored as values in memory (estimated size 17.0 KiB, free 433.9 MiB)
[2026-03-15T00:00:17.719+0000] {docker.py:429} INFO - 26/03/15 00:00:17 INFO MemoryStore: Block broadcast_3_piece0 stored as bytes in memory (estimated size 8.3 KiB, free 433.9 MiB)
[2026-03-15T00:00:17.719+0000] {docker.py:429} INFO - 26/03/15 00:00:17 INFO BlockManagerInfo: Added broadcast_3_piece0 in memory on f935036139e4:45033 (size: 8.3 KiB, free: 434.3 MiB)
[2026-03-15T00:00:17.720+0000] {docker.py:429} INFO - 26/03/15 00:00:17 INFO SparkContext: Created broadcast 3 from broadcast at DAGScheduler.scala:1585
[2026-03-15T00:00:17.722+0000] {docker.py:429} INFO - 26/03/15 00:00:17 INFO DAGScheduler: Submitting 9 missing tasks from ShuffleMapStage 1 (MapPartitionsRDD[6] at count at NativeMethodAccessorImpl.java:0) (first 15 tasks are for partitions Vector(0, 1, 2, 3, 4, 5, 6, 7, 8))
[2026-03-15T00:00:17.722+0000] {docker.py:429} INFO - 26/03/15 00:00:17 INFO TaskSchedulerImpl: Adding task set 1.0 with 9 tasks resource profile 0
[2026-03-15T00:00:17.725+0000] {docker.py:429} INFO - 26/03/15 00:00:17 INFO TaskSetManager: Starting task 0.0 in stage 1.0 (TID 1) (f935036139e4, executor driver, partition 0, PROCESS_LOCAL, 9410 bytes)
[2026-03-15T00:00:17.725+0000] {docker.py:429} INFO - 26/03/15 00:00:17 INFO TaskSetManager: Starting task 1.0 in stage 1.0 (TID 2) (f935036139e4, executor driver, partition 1, PROCESS_LOCAL, 9410 bytes)
[2026-03-15T00:00:17.726+0000] {docker.py:429} INFO - 26/03/15 00:00:17 INFO TaskSetManager: Starting task 2.0 in stage 1.0 (TID 3) (f935036139e4, executor driver, partition 2, PROCESS_LOCAL, 9410 bytes)
[2026-03-15T00:00:17.727+0000] {docker.py:429} INFO - 26/03/15 00:00:17 INFO TaskSetManager: Starting task 3.0 in stage 1.0 (TID 4) (f935036139e4, executor driver, partition 3, PROCESS_LOCAL, 9410 bytes)
[2026-03-15T00:00:17.727+0000] {docker.py:429} INFO - 26/03/15 00:00:17 INFO TaskSetManager: Starting task 4.0 in stage 1.0 (TID 5) (f935036139e4, executor driver, partition 4, PROCESS_LOCAL, 9410 bytes)
[2026-03-15T00:00:17.728+0000] {docker.py:429} INFO - 26/03/15 00:00:17 INFO TaskSetManager: Starting task 5.0 in stage 1.0 (TID 6) (f935036139e4, executor driver, partition 5, PROCESS_LOCAL, 9410 bytes)
[2026-03-15T00:00:17.729+0000] {docker.py:429} INFO - 26/03/15 00:00:17 INFO TaskSetManager: Starting task 6.0 in stage 1.0 (TID 7) (f935036139e4, executor driver, partition 6, PROCESS_LOCAL, 9410 bytes)
[2026-03-15T00:00:17.730+0000] {docker.py:429} INFO - 26/03/15 00:00:17 INFO TaskSetManager: Starting task 7.0 in stage 1.0 (TID 8) (f935036139e4, executor driver, partition 7, PROCESS_LOCAL, 9410 bytes)
[2026-03-15T00:00:17.730+0000] {docker.py:429} INFO - 26/03/15 00:00:17 INFO TaskSetManager: Starting task 8.0 in stage 1.0 (TID 9) (f935036139e4, executor driver, partition 8, PROCESS_LOCAL, 9410 bytes)
[2026-03-15T00:00:17.731+0000] {docker.py:429} INFO - 26/03/15 00:00:17 INFO Executor: Running task 0.0 in stage 1.0 (TID 1)
[2026-03-15T00:00:17.731+0000] {docker.py:429} INFO - 26/03/15 00:00:17 INFO Executor: Running task 1.0 in stage 1.0 (TID 2)
[2026-03-15T00:00:17.732+0000] {docker.py:429} INFO - 26/03/15 00:00:17 INFO Executor: Running task 2.0 in stage 1.0 (TID 3)
[2026-03-15T00:00:17.732+0000] {docker.py:429} INFO - 26/03/15 00:00:17 INFO Executor: Running task 3.0 in stage 1.0 (TID 4)
[2026-03-15T00:00:17.732+0000] {docker.py:429} INFO - 26/03/15 00:00:17 INFO Executor: Running task 4.0 in stage 1.0 (TID 5)
[2026-03-15T00:00:17.733+0000] {docker.py:429} INFO - 26/03/15 00:00:17 INFO Executor: Running task 5.0 in stage 1.0 (TID 6)
[2026-03-15T00:00:17.733+0000] {docker.py:429} INFO - 26/03/15 00:00:17 INFO Executor: Running task 6.0 in stage 1.0 (TID 7)
[2026-03-15T00:00:17.734+0000] {docker.py:429} INFO - 26/03/15 00:00:17 INFO Executor: Running task 7.0 in stage 1.0 (TID 8)
26/03/15 00:00:17 INFO Executor: Running task 8.0 in stage 1.0 (TID 9)
[2026-03-15T00:00:17.754+0000] {docker.py:429} INFO - 26/03/15 00:00:17 INFO BlockManagerInfo: Removed broadcast_1_piece0 on f935036139e4:45033 in memory (size: 5.3 KiB, free: 434.3 MiB)
[2026-03-15T00:00:17.756+0000] {docker.py:429} INFO - 26/03/15 00:00:17 INFO BlockManagerInfo: Removed broadcast_0_piece0 on f935036139e4:45033 in memory (size: 36.4 KiB, free: 434.4 MiB)
[2026-03-15T00:00:17.760+0000] {docker.py:429} INFO - 26/03/15 00:00:17 INFO CodeGenerator: Code generated in 7.04514 ms
[2026-03-15T00:00:17.766+0000] {docker.py:429} INFO - 26/03/15 00:00:17 INFO FileScanRDD: Reading File path: s3a://landing-zone/telemetry/2026/03/14/batch_1773532787.json, range: 0-1690, partition values: [empty row]
26/03/15 00:00:17 INFO FileScanRDD: Reading File path: s3a://landing-zone/telemetry/2026/03/14/batch_1773532725.json, range: 0-1447, partition values: [empty row]
26/03/15 00:00:17 INFO FileScanRDD: Reading File path: s3a://landing-zone/telemetry/2026/03/14/batch_1773532633.json, range: 0-1448, partition values: [empty row]
[2026-03-15T00:00:17.767+0000] {docker.py:429} INFO - 26/03/15 00:00:17 INFO FileScanRDD: Reading File path: s3a://landing-zone/telemetry/2026/03/14/batch_1773532694.json, range: 0-1447, partition values: [empty row]
[2026-03-15T00:00:17.767+0000] {docker.py:429} INFO - 26/03/15 00:00:17 INFO FileScanRDD: Reading File path: s3a://landing-zone/telemetry/2026/03/14/batch_1773532602.json, range: 0-1690, partition values: [empty row]
[2026-03-15T00:00:17.767+0000] {docker.py:429} INFO - 26/03/15 00:00:17 INFO FileScanRDD: Reading File path: s3a://landing-zone/telemetry/2026/03/14/batch_1773532571.json, range: 0-1448, partition values: [empty row]
[2026-03-15T00:00:17.767+0000] {docker.py:429} INFO - 26/03/15 00:00:17 INFO FileScanRDD: Reading File path: s3a://landing-zone/telemetry/2026/03/14/batch_1773532756.json, range: 0-1450, partition values: [empty row]
[2026-03-15T00:00:17.767+0000] {docker.py:429} INFO - 26/03/15 00:00:17 INFO FileScanRDD: Reading File path: s3a://landing-zone/telemetry/2026/03/14/batch_1773532664.json, range: 0-1450, partition values: [empty row]
[2026-03-15T00:00:17.767+0000] {docker.py:429} INFO - 26/03/15 00:00:17 INFO FileScanRDD: Reading File path: s3a://landing-zone/telemetry/2026/03/14/batch_1773532540.json, range: 0-1449, partition values: [empty row]
[2026-03-15T00:00:17.799+0000] {docker.py:429} INFO - 26/03/15 00:00:17 INFO Executor: Finished task 0.0 in stage 1.0 (TID 1). 1971 bytes result sent to driver
26/03/15 00:00:17 INFO Executor: Finished task 2.0 in stage 1.0 (TID 3). 1971 bytes result sent to driver
26/03/15 00:00:17 INFO Executor: Finished task 8.0 in stage 1.0 (TID 9). 1971 bytes result sent to driver
26/03/15 00:00:17 INFO Executor: Finished task 5.0 in stage 1.0 (TID 6). 2014 bytes result sent to driver
26/03/15 00:00:17 INFO Executor: Finished task 1.0 in stage 1.0 (TID 2). 1971 bytes result sent to driver
[2026-03-15T00:00:17.800+0000] {docker.py:429} INFO - 26/03/15 00:00:17 INFO Executor: Finished task 7.0 in stage 1.0 (TID 8). 1971 bytes result sent to driver
[2026-03-15T00:00:17.800+0000] {docker.py:429} INFO - 26/03/15 00:00:17 INFO Executor: Finished task 6.0 in stage 1.0 (TID 7). 2014 bytes result sent to driver
[2026-03-15T00:00:17.800+0000] {docker.py:429} INFO - 26/03/15 00:00:17 INFO Executor: Finished task 3.0 in stage 1.0 (TID 4). 1971 bytes result sent to driver
[2026-03-15T00:00:17.800+0000] {docker.py:429} INFO - 26/03/15 00:00:17 INFO Executor: Finished task 4.0 in stage 1.0 (TID 5). 1971 bytes result sent to driver
[2026-03-15T00:00:17.801+0000] {docker.py:429} INFO - 26/03/15 00:00:17 INFO TaskSetManager: Finished task 1.0 in stage 1.0 (TID 2) in 76 ms on f935036139e4 (executor driver) (1/9)
[2026-03-15T00:00:17.802+0000] {docker.py:429} INFO - 26/03/15 00:00:17 INFO TaskSetManager: Finished task 5.0 in stage 1.0 (TID 6) in 74 ms on f935036139e4 (executor driver) (2/9)
[2026-03-15T00:00:17.802+0000] {docker.py:429} INFO - 26/03/15 00:00:17 INFO TaskSetManager: Finished task 7.0 in stage 1.0 (TID 8) in 73 ms on f935036139e4 (executor driver) (3/9)
[2026-03-15T00:00:17.802+0000] {docker.py:429} INFO - 26/03/15 00:00:17 INFO TaskSetManager: Finished task 2.0 in stage 1.0 (TID 3) in 77 ms on f935036139e4 (executor driver) (4/9)
[2026-03-15T00:00:17.802+0000] {docker.py:429} INFO - 26/03/15 00:00:17 INFO TaskSetManager: Finished task 8.0 in stage 1.0 (TID 9) in 72 ms on f935036139e4 (executor driver) (5/9)
26/03/15 00:00:17 INFO TaskSetManager: Finished task 4.0 in stage 1.0 (TID 5) in 75 ms on f935036139e4 (executor driver) (6/9)
[2026-03-15T00:00:17.802+0000] {docker.py:429} INFO - 26/03/15 00:00:17 INFO TaskSetManager: Finished task 0.0 in stage 1.0 (TID 1) in 79 ms on f935036139e4 (executor driver) (7/9)
[2026-03-15T00:00:17.803+0000] {docker.py:429} INFO - 26/03/15 00:00:17 INFO TaskSetManager: Finished task 3.0 in stage 1.0 (TID 4) in 76 ms on f935036139e4 (executor driver) (8/9)
[2026-03-15T00:00:17.803+0000] {docker.py:429} INFO - 26/03/15 00:00:17 INFO TaskSetManager: Finished task 6.0 in stage 1.0 (TID 7) in 75 ms on f935036139e4 (executor driver) (9/9)
[2026-03-15T00:00:17.803+0000] {docker.py:429} INFO - 26/03/15 00:00:17 INFO TaskSchedulerImpl: Removed TaskSet 1.0, whose tasks have all completed, from pool
[2026-03-15T00:00:17.806+0000] {docker.py:429} INFO - 26/03/15 00:00:17 INFO DAGScheduler: ShuffleMapStage 1 (count at NativeMethodAccessorImpl.java:0) finished in 0.113 s
[2026-03-15T00:00:17.807+0000] {docker.py:429} INFO - 26/03/15 00:00:17 INFO DAGScheduler: looking for newly runnable stages
[2026-03-15T00:00:17.807+0000] {docker.py:429} INFO - 26/03/15 00:00:17 INFO DAGScheduler: running: Set()
[2026-03-15T00:00:17.807+0000] {docker.py:429} INFO - 26/03/15 00:00:17 INFO DAGScheduler: waiting: Set()
[2026-03-15T00:00:17.807+0000] {docker.py:429} INFO - 26/03/15 00:00:17 INFO DAGScheduler: failed: Set()
[2026-03-15T00:00:17.839+0000] {docker.py:429} INFO - 26/03/15 00:00:17 INFO CodeGenerator: Code generated in 8.392931 ms
[2026-03-15T00:00:17.855+0000] {docker.py:429} INFO - 26/03/15 00:00:17 INFO SparkContext: Starting job: count at NativeMethodAccessorImpl.java:0
[2026-03-15T00:00:17.857+0000] {docker.py:429} INFO - 26/03/15 00:00:17 INFO DAGScheduler: Got job 2 (count at NativeMethodAccessorImpl.java:0) with 1 output partitions
26/03/15 00:00:17 INFO DAGScheduler: Final stage: ResultStage 3 (count at NativeMethodAccessorImpl.java:0)
[2026-03-15T00:00:17.857+0000] {docker.py:429} INFO - 26/03/15 00:00:17 INFO DAGScheduler: Parents of final stage: List(ShuffleMapStage 2)
[2026-03-15T00:00:17.857+0000] {docker.py:429} INFO - 26/03/15 00:00:17 INFO DAGScheduler: Missing parents: List()
[2026-03-15T00:00:17.857+0000] {docker.py:429} INFO - 26/03/15 00:00:17 INFO DAGScheduler: Submitting ResultStage 3 (MapPartitionsRDD[9] at count at NativeMethodAccessorImpl.java:0), which has no missing parents
[2026-03-15T00:00:17.862+0000] {docker.py:429} INFO - 26/03/15 00:00:17 INFO MemoryStore: Block broadcast_4 stored as values in memory (estimated size 12.5 KiB, free 434.1 MiB)
[2026-03-15T00:00:17.866+0000] {docker.py:429} INFO - 26/03/15 00:00:17 INFO MemoryStore: Block broadcast_4_piece0 stored as bytes in memory (estimated size 5.9 KiB, free 434.1 MiB)
[2026-03-15T00:00:17.866+0000] {docker.py:429} INFO - 26/03/15 00:00:17 INFO BlockManagerInfo: Added broadcast_4_piece0 in memory on f935036139e4:45033 (size: 5.9 KiB, free: 434.4 MiB)
[2026-03-15T00:00:17.866+0000] {docker.py:429} INFO - 26/03/15 00:00:17 INFO BlockManagerInfo: Removed broadcast_3_piece0 on f935036139e4:45033 in memory (size: 8.3 KiB, free: 434.4 MiB)
[2026-03-15T00:00:17.866+0000] {docker.py:429} INFO - 26/03/15 00:00:17 INFO SparkContext: Created broadcast 4 from broadcast at DAGScheduler.scala:1585
[2026-03-15T00:00:17.866+0000] {docker.py:429} INFO - 26/03/15 00:00:17 INFO DAGScheduler: Submitting 1 missing tasks from ResultStage 3 (MapPartitionsRDD[9] at count at NativeMethodAccessorImpl.java:0) (first 15 tasks are for partitions Vector(0))
[2026-03-15T00:00:17.866+0000] {docker.py:429} INFO - 26/03/15 00:00:17 INFO TaskSchedulerImpl: Adding task set 3.0 with 1 tasks resource profile 0
[2026-03-15T00:00:17.871+0000] {docker.py:429} INFO - 26/03/15 00:00:17 INFO TaskSetManager: Starting task 0.0 in stage 3.0 (TID 10) (f935036139e4, executor driver, partition 0, NODE_LOCAL, 8797 bytes)
[2026-03-15T00:00:17.871+0000] {docker.py:429} INFO - 26/03/15 00:00:17 INFO Executor: Running task 0.0 in stage 3.0 (TID 10)
[2026-03-15T00:00:17.892+0000] {docker.py:429} INFO - 26/03/15 00:00:17 INFO ShuffleBlockFetcherIterator: Getting 9 (540.0 B) non-empty blocks including 9 (540.0 B) local and 0 (0.0 B) host-local and 0 (0.0 B) push-merged-local and 0 (0.0 B) remote blocks
[2026-03-15T00:00:17.892+0000] {docker.py:429} INFO - 26/03/15 00:00:17 INFO ShuffleBlockFetcherIterator: Started 0 remote fetches in 4 ms
[2026-03-15T00:00:17.901+0000] {docker.py:429} INFO - 26/03/15 00:00:17 INFO CodeGenerator: Code generated in 5.834719 ms
[2026-03-15T00:00:17.910+0000] {docker.py:429} INFO - 26/03/15 00:00:17 INFO Executor: Finished task 0.0 in stage 3.0 (TID 10). 4038 bytes result sent to driver
[2026-03-15T00:00:17.911+0000] {docker.py:429} INFO - 26/03/15 00:00:17 INFO TaskSetManager: Finished task 0.0 in stage 3.0 (TID 10) in 42 ms on f935036139e4 (executor driver) (1/1)
[2026-03-15T00:00:17.911+0000] {docker.py:429} INFO - 26/03/15 00:00:17 INFO TaskSchedulerImpl: Removed TaskSet 3.0, whose tasks have all completed, from pool
[2026-03-15T00:00:17.912+0000] {docker.py:429} INFO - 26/03/15 00:00:17 INFO DAGScheduler: ResultStage 3 (count at NativeMethodAccessorImpl.java:0) finished in 0.052 s
[2026-03-15T00:00:17.912+0000] {docker.py:429} INFO - 26/03/15 00:00:17 INFO DAGScheduler: Job 2 is finished. Cancelling potential speculative or zombie tasks for this job
[2026-03-15T00:00:17.912+0000] {docker.py:429} INFO - 26/03/15 00:00:17 INFO TaskSchedulerImpl: Killing all running tasks in stage 3: Stage finished
[2026-03-15T00:00:17.913+0000] {docker.py:429} INFO - 26/03/15 00:00:17 INFO DAGScheduler: Job 2 finished: count at NativeMethodAccessorImpl.java:0, took 0.057536 s
[2026-03-15T00:00:17.915+0000] {docker.py:429} INFO - Found 168 records. Appending to Iceberg...
[2026-03-15T00:00:18.094+0000] {docker.py:429} INFO - 26/03/15 00:00:18 INFO CatalogUtil: Loading custom FileIO implementation: org.apache.iceberg.hadoop.HadoopFileIO
[2026-03-15T00:00:18.311+0000] {docker.py:429} INFO - 26/03/15 00:00:18 INFO BaseMetastoreTableOperations: Refreshing table metadata from new version: s3a://warehouse/gold/sensor_telemetry_historical_2d5736bc-ddcb-4955-b7c3-8a46e0b83281/metadata/00003-41e8f594-ca8e-4be2-8701-04ec0f3c5e02.metadata.json
[2026-03-15T00:00:18.346+0000] {docker.py:429} INFO - 26/03/15 00:00:18 INFO NessieUtil: loadTableMetadata for 'gold.sensor_telemetry_historical' from location 's3a://warehouse/gold/sensor_telemetry_historical_2d5736bc-ddcb-4955-b7c3-8a46e0b83281/metadata/00003-41e8f594-ca8e-4be2-8701-04ec0f3c5e02.metadata.json' at 'Branch{name=main, metadata=null, hash=20201d43f87adb92ed58ef10a48ca355f0ef5f2b6ea85e24c976359c17258d7c}'
[2026-03-15T00:00:18.352+0000] {docker.py:429} INFO - 26/03/15 00:00:18 INFO BaseMetastoreCatalog: Table loaded by catalog: nessie.gold.sensor_telemetry_historical
[2026-03-15T00:00:18.392+0000] {docker.py:429} INFO - 26/03/15 00:00:18 INFO SparkWrite: Requesting 0 bytes advisory partition size for table nessie.gold.sensor_telemetry_historical
26/03/15 00:00:18 INFO SparkWrite: Requesting UnspecifiedDistribution as write distribution for table nessie.gold.sensor_telemetry_historical
[2026-03-15T00:00:18.393+0000] {docker.py:429} INFO - 26/03/15 00:00:18 INFO SparkWrite: Requesting [] as write ordering for table nessie.gold.sensor_telemetry_historical
[2026-03-15T00:00:18.399+0000] {docker.py:429} INFO - 26/03/15 00:00:18 INFO FileSourceStrategy: Pushed Filters:
[2026-03-15T00:00:18.400+0000] {docker.py:429} INFO - 26/03/15 00:00:18 INFO FileSourceStrategy: Post-Scan Filters:
[2026-03-15T00:00:18.404+0000] {docker.py:429} INFO - 26/03/15 00:00:18 INFO MemoryStore: Block broadcast_5 stored as values in memory (estimated size 206.0 KiB, free 433.9 MiB)
[2026-03-15T00:00:18.414+0000] {docker.py:429} INFO - 26/03/15 00:00:18 INFO BlockManagerInfo: Removed broadcast_2_piece0 on f935036139e4:45033 in memory (size: 36.4 KiB, free: 434.4 MiB)
[2026-03-15T00:00:18.415+0000] {docker.py:429} INFO - 26/03/15 00:00:18 INFO MemoryStore: Block broadcast_5_piece0 stored as bytes in memory (estimated size 36.4 KiB, free 434.1 MiB)
[2026-03-15T00:00:18.415+0000] {docker.py:429} INFO - 26/03/15 00:00:18 INFO BlockManagerInfo: Added broadcast_5_piece0 in memory on f935036139e4:45033 (size: 36.4 KiB, free: 434.4 MiB)
[2026-03-15T00:00:18.415+0000] {docker.py:429} INFO - 26/03/15 00:00:18 INFO SparkContext: Created broadcast 5 from saveAsTable at NativeMethodAccessorImpl.java:0
[2026-03-15T00:00:18.416+0000] {docker.py:429} INFO - 26/03/15 00:00:18 INFO FileSourceScanExec: Planning scan with bin packing, max size: 4194304 bytes, open cost is considered as scanning 4194304 bytes.
[2026-03-15T00:00:18.417+0000] {docker.py:429} INFO - 26/03/15 00:00:18 INFO BlockManagerInfo: Removed broadcast_4_piece0 on f935036139e4:45033 in memory (size: 5.9 KiB, free: 434.4 MiB)
[2026-03-15T00:00:18.425+0000] {docker.py:429} INFO - 26/03/15 00:00:18 INFO MemoryStore: Block broadcast_6 stored as values in memory (estimated size 32.0 KiB, free 434.1 MiB)
[2026-03-15T00:00:18.436+0000] {docker.py:429} INFO - 26/03/15 00:00:18 INFO MemoryStore: Block broadcast_6_piece0 stored as bytes in memory (estimated size 30.6 KiB, free 434.1 MiB)
[2026-03-15T00:00:18.436+0000] {docker.py:429} INFO - 26/03/15 00:00:18 INFO BlockManagerInfo: Added broadcast_6_piece0 in memory on f935036139e4:45033 (size: 30.6 KiB, free: 434.3 MiB)
[2026-03-15T00:00:18.437+0000] {docker.py:429} INFO - 26/03/15 00:00:18 INFO SparkContext: Created broadcast 6 from broadcast at SparkWrite.java:193
[2026-03-15T00:00:18.438+0000] {docker.py:429} INFO - 26/03/15 00:00:18 INFO AppendDataExec: Start processing data source write support: IcebergBatchWrite(table=nessie.gold.sensor_telemetry_historical, format=PARQUET). The input RDD has 9 partitions.
[2026-03-15T00:00:18.445+0000] {docker.py:429} INFO - 26/03/15 00:00:18 INFO SparkContext: Starting job: saveAsTable at NativeMethodAccessorImpl.java:0
[2026-03-15T00:00:18.446+0000] {docker.py:429} INFO - 26/03/15 00:00:18 INFO DAGScheduler: Got job 3 (saveAsTable at NativeMethodAccessorImpl.java:0) with 9 output partitions
[2026-03-15T00:00:18.446+0000] {docker.py:429} INFO - 26/03/15 00:00:18 INFO DAGScheduler: Final stage: ResultStage 4 (saveAsTable at NativeMethodAccessorImpl.java:0)
[2026-03-15T00:00:18.447+0000] {docker.py:429} INFO - 26/03/15 00:00:18 INFO DAGScheduler: Parents of final stage: List()
[2026-03-15T00:00:18.447+0000] {docker.py:429} INFO - 26/03/15 00:00:18 INFO DAGScheduler: Missing parents: List()
[2026-03-15T00:00:18.447+0000] {docker.py:429} INFO - 26/03/15 00:00:18 INFO DAGScheduler: Submitting ResultStage 4 (MapPartitionsRDD[11] at saveAsTable at NativeMethodAccessorImpl.java:0), which has no missing parents
[2026-03-15T00:00:18.449+0000] {docker.py:429} INFO - 26/03/15 00:00:18 INFO MemoryStore: Block broadcast_7 stored as values in memory (estimated size 13.2 KiB, free 434.1 MiB)
[2026-03-15T00:00:18.454+0000] {docker.py:429} INFO - 26/03/15 00:00:18 INFO MemoryStore: Block broadcast_7_piece0 stored as bytes in memory (estimated size 6.9 KiB, free 434.1 MiB)
[2026-03-15T00:00:18.454+0000] {docker.py:429} INFO - 26/03/15 00:00:18 INFO BlockManagerInfo: Added broadcast_7_piece0 in memory on f935036139e4:45033 (size: 6.9 KiB, free: 434.3 MiB)
[2026-03-15T00:00:18.454+0000] {docker.py:429} INFO - 26/03/15 00:00:18 INFO SparkContext: Created broadcast 7 from broadcast at DAGScheduler.scala:1585
[2026-03-15T00:00:18.455+0000] {docker.py:429} INFO - 26/03/15 00:00:18 INFO DAGScheduler: Submitting 9 missing tasks from ResultStage 4 (MapPartitionsRDD[11] at saveAsTable at NativeMethodAccessorImpl.java:0) (first 15 tasks are for partitions Vector(0, 1, 2, 3, 4, 5, 6, 7, 8))
[2026-03-15T00:00:18.455+0000] {docker.py:429} INFO - 26/03/15 00:00:18 INFO TaskSchedulerImpl: Adding task set 4.0 with 9 tasks resource profile 0
[2026-03-15T00:00:18.457+0000] {docker.py:429} INFO - 26/03/15 00:00:18 INFO TaskSetManager: Starting task 0.0 in stage 4.0 (TID 11) (f935036139e4, executor driver, partition 0, PROCESS_LOCAL, 9421 bytes)
[2026-03-15T00:00:18.457+0000] {docker.py:429} INFO - 26/03/15 00:00:18 INFO TaskSetManager: Starting task 1.0 in stage 4.0 (TID 12) (f935036139e4, executor driver, partition 1, PROCESS_LOCAL, 9421 bytes)
[2026-03-15T00:00:18.457+0000] {docker.py:429} INFO - 26/03/15 00:00:18 INFO TaskSetManager: Starting task 2.0 in stage 4.0 (TID 13) (f935036139e4, executor driver, partition 2, PROCESS_LOCAL, 9421 bytes)
[2026-03-15T00:00:18.458+0000] {docker.py:429} INFO - 26/03/15 00:00:18 INFO TaskSetManager: Starting task 3.0 in stage 4.0 (TID 14) (f935036139e4, executor driver, partition 3, PROCESS_LOCAL, 9421 bytes)
[2026-03-15T00:00:18.458+0000] {docker.py:429} INFO - 26/03/15 00:00:18 INFO TaskSetManager: Starting task 4.0 in stage 4.0 (TID 15) (f935036139e4, executor driver, partition 4, PROCESS_LOCAL, 9421 bytes)
[2026-03-15T00:00:18.458+0000] {docker.py:429} INFO - 26/03/15 00:00:18 INFO TaskSetManager: Starting task 5.0 in stage 4.0 (TID 16) (f935036139e4, executor driver, partition 5, PROCESS_LOCAL, 9421 bytes)
[2026-03-15T00:00:18.459+0000] {docker.py:429} INFO - 26/03/15 00:00:18 INFO TaskSetManager: Starting task 6.0 in stage 4.0 (TID 17) (f935036139e4, executor driver, partition 6, PROCESS_LOCAL, 9421 bytes)
[2026-03-15T00:00:18.459+0000] {docker.py:429} INFO - 26/03/15 00:00:18 INFO TaskSetManager: Starting task 7.0 in stage 4.0 (TID 18) (f935036139e4, executor driver, partition 7, PROCESS_LOCAL, 9421 bytes)
[2026-03-15T00:00:18.459+0000] {docker.py:429} INFO - 26/03/15 00:00:18 INFO TaskSetManager: Starting task 8.0 in stage 4.0 (TID 19) (f935036139e4, executor driver, partition 8, PROCESS_LOCAL, 9421 bytes)
[2026-03-15T00:00:18.460+0000] {docker.py:429} INFO - 26/03/15 00:00:18 INFO Executor: Running task 0.0 in stage 4.0 (TID 11)
26/03/15 00:00:18 INFO Executor: Running task 8.0 in stage 4.0 (TID 19)
26/03/15 00:00:18 INFO Executor: Running task 3.0 in stage 4.0 (TID 14)
26/03/15 00:00:18 INFO Executor: Running task 7.0 in stage 4.0 (TID 18)
[2026-03-15T00:00:18.460+0000] {docker.py:429} INFO - 26/03/15 00:00:18 INFO Executor: Running task 4.0 in stage 4.0 (TID 15)
[2026-03-15T00:00:18.460+0000] {docker.py:429} INFO - 26/03/15 00:00:18 INFO Executor: Running task 1.0 in stage 4.0 (TID 12)
[2026-03-15T00:00:18.461+0000] {docker.py:429} INFO - 26/03/15 00:00:18 INFO Executor: Running task 5.0 in stage 4.0 (TID 16)
26/03/15 00:00:18 INFO Executor: Running task 2.0 in stage 4.0 (TID 13)
[2026-03-15T00:00:18.461+0000] {docker.py:429} INFO - 26/03/15 00:00:18 INFO Executor: Running task 6.0 in stage 4.0 (TID 17)
[2026-03-15T00:00:18.519+0000] {docker.py:429} INFO - 26/03/15 00:00:18 INFO CodecPool: Got brand-new compressor [.zstd]
26/03/15 00:00:18 INFO CodecPool: Got brand-new compressor [.zstd]
26/03/15 00:00:18 INFO CodecPool: Got brand-new compressor [.zstd]
26/03/15 00:00:18 INFO CodecPool: Got brand-new compressor [.zstd]
[2026-03-15T00:00:18.523+0000] {docker.py:429} INFO - 26/03/15 00:00:18 INFO CodecPool: Got brand-new compressor [.zstd]
26/03/15 00:00:18 INFO CodecPool: Got brand-new compressor [.zstd]
[2026-03-15T00:00:18.524+0000] {docker.py:429} INFO - 26/03/15 00:00:18 INFO CodecPool: Got brand-new compressor [.zstd]
[2026-03-15T00:00:18.524+0000] {docker.py:429} INFO - 26/03/15 00:00:18 INFO CodecPool: Got brand-new compressor [.zstd]
[2026-03-15T00:00:18.524+0000] {docker.py:429} INFO - 26/03/15 00:00:18 INFO CodecPool: Got brand-new compressor [.zstd]
[2026-03-15T00:00:18.661+0000] {docker.py:429} INFO - 26/03/15 00:00:18 INFO FileScanRDD: Reading File path: s3a://landing-zone/telemetry/2026/03/14/batch_1773532540.json, range: 0-1449, partition values: [empty row]
26/03/15 00:00:18 INFO FileScanRDD: Reading File path: s3a://landing-zone/telemetry/2026/03/14/batch_1773532756.json, range: 0-1450, partition values: [empty row]
26/03/15 00:00:18 INFO FileScanRDD: Reading File path: s3a://landing-zone/telemetry/2026/03/14/batch_1773532664.json, range: 0-1450, partition values: [empty row]
26/03/15 00:00:18 INFO FileScanRDD: Reading File path: s3a://landing-zone/telemetry/2026/03/14/batch_1773532694.json, range: 0-1447, partition values: [empty row]
26/03/15 00:00:18 INFO FileScanRDD: Reading File path: s3a://landing-zone/telemetry/2026/03/14/batch_1773532602.json, range: 0-1690, partition values: [empty row]
26/03/15 00:00:18 INFO FileScanRDD: Reading File path: s3a://landing-zone/telemetry/2026/03/14/batch_1773532633.json, range: 0-1448, partition values: [empty row]
26/03/15 00:00:18 INFO FileScanRDD: Reading File path: s3a://landing-zone/telemetry/2026/03/14/batch_1773532725.json, range: 0-1447, partition values: [empty row]
26/03/15 00:00:18 INFO FileScanRDD: Reading File path: s3a://landing-zone/telemetry/2026/03/14/batch_1773532571.json, range: 0-1448, partition values: [empty row]
[2026-03-15T00:00:18.661+0000] {docker.py:429} INFO - 26/03/15 00:00:18 INFO FileScanRDD: Reading File path: s3a://landing-zone/telemetry/2026/03/14/batch_1773532787.json, range: 0-1690, partition values: [empty row]
[2026-03-15T00:00:18.681+0000] {docker.py:429} INFO - 26/03/15 00:00:18 INFO CodeGenerator: Code generated in 12.434352 ms
[2026-03-15T00:00:18.706+0000] {docker.py:429} INFO - 26/03/15 00:00:18 INFO DataWritingSparkTask: Commit authorized for partition 3 (task 14, attempt 0, stage 4.0)
26/03/15 00:00:18 INFO DataWritingSparkTask: Commit authorized for partition 2 (task 13, attempt 0, stage 4.0)
26/03/15 00:00:18 INFO DataWritingSparkTask: Commit authorized for partition 7 (task 18, attempt 0, stage 4.0)
26/03/15 00:00:18 INFO DataWritingSparkTask: Commit authorized for partition 0 (task 11, attempt 0, stage 4.0)
26/03/15 00:00:18 INFO DataWritingSparkTask: Commit authorized for partition 6 (task 17, attempt 0, stage 4.0)
26/03/15 00:00:18 INFO DataWritingSparkTask: Commit authorized for partition 1 (task 12, attempt 0, stage 4.0)
26/03/15 00:00:18 INFO DataWritingSparkTask: Commit authorized for partition 8 (task 19, attempt 0, stage 4.0)
26/03/15 00:00:18 INFO DataWritingSparkTask: Commit authorized for partition 4 (task 15, attempt 0, stage 4.0)
26/03/15 00:00:18 INFO DataWritingSparkTask: Commit authorized for partition 5 (task 16, attempt 0, stage 4.0)
[2026-03-15T00:00:19.062+0000] {docker.py:429} INFO - 26/03/15 00:00:19 INFO DataWritingSparkTask: Committed partition 6 (task 17, attempt 0, stage 4.0)
26/03/15 00:00:19 INFO DataWritingSparkTask: Committed partition 2 (task 13, attempt 0, stage 4.0)
26/03/15 00:00:19 INFO DataWritingSparkTask: Committed partition 1 (task 12, attempt 0, stage 4.0)
26/03/15 00:00:19 INFO DataWritingSparkTask: Committed partition 4 (task 15, attempt 0, stage 4.0)
26/03/15 00:00:19 INFO DataWritingSparkTask: Committed partition 8 (task 19, attempt 0, stage 4.0)
26/03/15 00:00:19 INFO DataWritingSparkTask: Committed partition 3 (task 14, attempt 0, stage 4.0)
[2026-03-15T00:00:19.068+0000] {docker.py:429} INFO - 26/03/15 00:00:19 INFO DataWritingSparkTask: Committed partition 0 (task 11, attempt 0, stage 4.0)
26/03/15 00:00:19 INFO DataWritingSparkTask: Committed partition 5 (task 16, attempt 0, stage 4.0)
[2026-03-15T00:00:19.071+0000] {docker.py:429} INFO - 26/03/15 00:00:19 INFO Executor: Finished task 6.0 in stage 4.0 (TID 17). 4140 bytes result sent to driver
26/03/15 00:00:19 INFO Executor: Finished task 0.0 in stage 4.0 (TID 11). 4140 bytes result sent to driver
26/03/15 00:00:19 INFO Executor: Finished task 4.0 in stage 4.0 (TID 15). 4140 bytes result sent to driver
26/03/15 00:00:19 INFO Executor: Finished task 2.0 in stage 4.0 (TID 13). 4140 bytes result sent to driver
26/03/15 00:00:19 INFO Executor: Finished task 5.0 in stage 4.0 (TID 16). 4140 bytes result sent to driver
[2026-03-15T00:00:19.072+0000] {docker.py:429} INFO - 26/03/15 00:00:19 INFO Executor: Finished task 8.0 in stage 4.0 (TID 19). 4140 bytes result sent to driver
26/03/15 00:00:19 INFO Executor: Finished task 1.0 in stage 4.0 (TID 12). 4140 bytes result sent to driver
26/03/15 00:00:19 INFO Executor: Finished task 3.0 in stage 4.0 (TID 14). 4140 bytes result sent to driver
[2026-03-15T00:00:19.073+0000] {docker.py:429} INFO - 26/03/15 00:00:19 INFO TaskSetManager: Finished task 8.0 in stage 4.0 (TID 19) in 613 ms on f935036139e4 (executor driver) (1/9)
[2026-03-15T00:00:19.073+0000] {docker.py:429} INFO - 26/03/15 00:00:19 INFO TaskSetManager: Finished task 1.0 in stage 4.0 (TID 12) in 616 ms on f935036139e4 (executor driver) (2/9)
[2026-03-15T00:00:19.073+0000] {docker.py:429} INFO - 26/03/15 00:00:19 INFO TaskSetManager: Finished task 3.0 in stage 4.0 (TID 14) in 616 ms on f935036139e4 (executor driver) (3/9)
[2026-03-15T00:00:19.073+0000] {docker.py:429} INFO - 26/03/15 00:00:19 INFO TaskSetManager: Finished task 2.0 in stage 4.0 (TID 13) in 616 ms on f935036139e4 (executor driver) (4/9)
[2026-03-15T00:00:19.073+0000] {docker.py:429} INFO - 26/03/15 00:00:19 INFO TaskSetManager: Finished task 5.0 in stage 4.0 (TID 16) in 615 ms on f935036139e4 (executor driver) (5/9)
[2026-03-15T00:00:19.074+0000] {docker.py:429} INFO - 26/03/15 00:00:19 INFO TaskSetManager: Finished task 0.0 in stage 4.0 (TID 11) in 617 ms on f935036139e4 (executor driver) (6/9)
[2026-03-15T00:00:19.074+0000] {docker.py:429} INFO - 26/03/15 00:00:19 INFO TaskSetManager: Finished task 4.0 in stage 4.0 (TID 15) in 615 ms on f935036139e4 (executor driver) (7/9)
[2026-03-15T00:00:19.074+0000] {docker.py:429} INFO - 26/03/15 00:00:19 INFO TaskSetManager: Finished task 6.0 in stage 4.0 (TID 17) in 615 ms on f935036139e4 (executor driver) (8/9)
[2026-03-15T00:00:19.109+0000] {docker.py:429} INFO - 26/03/15 00:00:19 INFO DataWritingSparkTask: Committed partition 7 (task 18, attempt 0, stage 4.0)
[2026-03-15T00:00:19.110+0000] {docker.py:429} INFO - 26/03/15 00:00:19 INFO Executor: Finished task 7.0 in stage 4.0 (TID 18). 4097 bytes result sent to driver
[2026-03-15T00:00:19.111+0000] {docker.py:429} INFO - 26/03/15 00:00:19 INFO TaskSetManager: Finished task 7.0 in stage 4.0 (TID 18) in 652 ms on f935036139e4 (executor driver) (9/9)
[2026-03-15T00:00:19.112+0000] {docker.py:429} INFO - 26/03/15 00:00:19 INFO TaskSchedulerImpl: Removed TaskSet 4.0, whose tasks have all completed, from pool
[2026-03-15T00:00:19.112+0000] {docker.py:429} INFO - 26/03/15 00:00:19 INFO DAGScheduler: ResultStage 4 (saveAsTable at NativeMethodAccessorImpl.java:0) finished in 0.665 s
[2026-03-15T00:00:19.112+0000] {docker.py:429} INFO - 26/03/15 00:00:19 INFO DAGScheduler: Job 3 is finished. Cancelling potential speculative or zombie tasks for this job
26/03/15 00:00:19 INFO TaskSchedulerImpl: Killing all running tasks in stage 4: Stage finished
[2026-03-15T00:00:19.113+0000] {docker.py:429} INFO - 26/03/15 00:00:19 INFO DAGScheduler: Job 3 finished: saveAsTable at NativeMethodAccessorImpl.java:0, took 0.667624 s
[2026-03-15T00:00:19.113+0000] {docker.py:429} INFO - 26/03/15 00:00:19 INFO AppendDataExec: Data source write support IcebergBatchWrite(table=nessie.gold.sensor_telemetry_historical, format=PARQUET) is committing.
[2026-03-15T00:00:19.129+0000] {docker.py:429} INFO - 26/03/15 00:00:19 INFO SparkWrite: Committing append with 9 new data files to table nessie.gold.sensor_telemetry_historical
[2026-03-15T00:00:19.382+0000] {docker.py:429} INFO - 26/03/15 00:00:19 INFO NessieIcebergClient: Committed 'gold.sensor_telemetry_historical' against 'Branch{name=main, metadata=null, hash=4d141e04e72ca8ec06deeaef0c1de238042ecf3ff21fd5053624dc79b6510817}', expected commit-id was '20201d43f87adb92ed58ef10a48ca355f0ef5f2b6ea85e24c976359c17258d7c'
[2026-03-15T00:00:19.382+0000] {docker.py:429} INFO - 26/03/15 00:00:19 INFO BaseMetastoreTableOperations: Successfully committed to table gold.sensor_telemetry_historical in 48 ms
26/03/15 00:00:19 INFO SnapshotProducer: Committed snapshot 440278955411743201 (MergeAppend)
[2026-03-15T00:00:19.391+0000] {docker.py:429} INFO - 26/03/15 00:00:19 INFO BaseMetastoreTableOperations: Refreshing table metadata from new version: s3a://warehouse/gold/sensor_telemetry_historical_2d5736bc-ddcb-4955-b7c3-8a46e0b83281/metadata/00004-0a3e001b-7eeb-41d2-8b51-cb60d2e7f7a2.metadata.json
[2026-03-15T00:00:19.397+0000] {docker.py:429} INFO - 26/03/15 00:00:19 INFO NessieUtil: loadTableMetadata for 'gold.sensor_telemetry_historical' from location 's3a://warehouse/gold/sensor_telemetry_historical_2d5736bc-ddcb-4955-b7c3-8a46e0b83281/metadata/00004-0a3e001b-7eeb-41d2-8b51-cb60d2e7f7a2.metadata.json' at 'Branch{name=main, metadata=null, hash=4d141e04e72ca8ec06deeaef0c1de238042ecf3ff21fd5053624dc79b6510817}'
[2026-03-15T00:00:19.420+0000] {docker.py:429} INFO - 26/03/15 00:00:19 INFO LoggingMetricsReporter: Received metrics report: CommitReport{tableName=nessie.gold.sensor_telemetry_historical, snapshotId=440278955411743201, sequenceNumber=5, operation=append, commitMetrics=CommitMetricsResult{totalDuration=TimerResult{timeUnit=NANOSECONDS, totalDuration=PT0.272426254S, count=1}, attempts=CounterResult{unit=COUNT, value=1}, addedDataFiles=CounterResult{unit=COUNT, value=9}, removedDataFiles=null, totalDataFiles=CounterResult{unit=COUNT, value=79}, addedDeleteFiles=null, addedEqualityDeleteFiles=null, addedPositionalDeleteFiles=null, removedDeleteFiles=null, removedEqualityDeleteFiles=null, removedPositionalDeleteFiles=null, totalDeleteFiles=CounterResult{unit=COUNT, value=0}, addedRecords=CounterResult{unit=COUNT, value=168}, removedRecords=null, totalRecords=CounterResult{unit=COUNT, value=24317}, addedFilesSizeInBytes=CounterResult{unit=BYTES, value=14396}, removedFilesSizeInBytes=null, totalFilesSizeInBytes=CounterResult{unit=BYTES, value=282585}, addedPositionalDeletes=null, removedPositionalDeletes=null, totalPositionalDeletes=CounterResult{unit=COUNT, value=0}, addedEqualityDeletes=null, removedEqualityDeletes=null, totalEqualityDeletes=CounterResult{unit=COUNT, value=0}}, metadata={engine-version=3.5.1, app-id=local-1773532814200, engine-name=spark, iceberg-version=Apache Iceberg 1.4.3 (commit 9a5d24fee239352021a9a73f6a4cad8ecf464f01)}}
26/03/15 00:00:19 INFO SparkWrite: Committed in 289 ms
[2026-03-15T00:00:19.420+0000] {docker.py:429} INFO - 26/03/15 00:00:19 INFO AppendDataExec: Data source write support IcebergBatchWrite(table=nessie.gold.sensor_telemetry_historical, format=PARQUET) committed.
[2026-03-15T00:00:19.450+0000] {docker.py:429} INFO - ✅ Batch complete! Appended to Lakehouse and cleared landing zone.
[2026-03-15T00:00:19.477+0000] {docker.py:429} INFO - 26/03/15 00:00:19 INFO SparkContext: Invoking stop() from shutdown hook
[2026-03-15T00:00:19.477+0000] {docker.py:429} INFO - 26/03/15 00:00:19 INFO SparkContext: SparkContext is stopping with exitCode 0.
[2026-03-15T00:00:19.482+0000] {docker.py:429} INFO - 26/03/15 00:00:19 INFO SparkUI: Stopped Spark web UI at http://f935036139e4:4040
[2026-03-15T00:00:19.487+0000] {docker.py:429} INFO - 26/03/15 00:00:19 INFO MapOutputTrackerMasterEndpoint: MapOutputTrackerMasterEndpoint stopped!
[2026-03-15T00:00:19.495+0000] {docker.py:429} INFO - 26/03/15 00:00:19 INFO MemoryStore: MemoryStore cleared
[2026-03-15T00:00:19.496+0000] {docker.py:429} INFO - 26/03/15 00:00:19 INFO BlockManager: BlockManager stopped
[2026-03-15T00:00:19.497+0000] {docker.py:429} INFO - 26/03/15 00:00:19 INFO BlockManagerMaster: BlockManagerMaster stopped
[2026-03-15T00:00:19.497+0000] {docker.py:429} INFO - 26/03/15 00:00:19 INFO OutputCommitCoordinator$OutputCommitCoordinatorEndpoint: OutputCommitCoordinator stopped!
[2026-03-15T00:00:19.502+0000] {docker.py:429} INFO - 26/03/15 00:00:19 INFO SparkContext: Successfully stopped SparkContext
[2026-03-15T00:00:19.503+0000] {docker.py:429} INFO - 26/03/15 00:00:19 INFO ShutdownHookManager: Shutdown hook called
[2026-03-15T00:00:19.503+0000] {docker.py:429} INFO - 26/03/15 00:00:19 INFO ShutdownHookManager: Deleting directory /tmp/spark-e091c871-829c-4252-a90f-9d55dec53919/pyspark-c540d23f-5f8b-43dd-b664-94e5036b1b1f
[2026-03-15T00:00:19.505+0000] {docker.py:429} INFO - 26/03/15 00:00:19 INFO ShutdownHookManager: Deleting directory /tmp/spark-e091c871-829c-4252-a90f-9d55dec53919
[2026-03-15T00:00:19.507+0000] {docker.py:429} INFO - 26/03/15 00:00:19 INFO ShutdownHookManager: Deleting directory /tmp/spark-8ab2f9fe-4d23-4501-aaf1-c2fbe0a16d87
[2026-03-15T00:00:19.513+0000] {docker.py:429} INFO - 26/03/15 00:00:19 INFO MetricsSystemImpl: Stopping s3a-file-system metrics system...
[2026-03-15T00:00:19.513+0000] {docker.py:429} INFO - 26/03/15 00:00:19 INFO MetricsSystemImpl: s3a-file-system metrics system stopped.
[2026-03-15T00:00:19.513+0000] {docker.py:429} INFO - 26/03/15 00:00:19 INFO MetricsSystemImpl: s3a-file-system metrics system shutdown complete.
[2026-03-15T00:00:20.296+0000] {taskinstance.py:1149} INFO - Marking task as SUCCESS. dag_id=lakehouse_telemetry_ingestion, task_id=run_spark_iceberg_ingestion, execution_date=20260314T235500, start_date=20260315T000003, end_date=20260315T000020
[2026-03-15T00:00:20.329+0000] {local_task_job_runner.py:234} INFO - Task exited with return code 0
[2026-03-15T00:00:20.341+0000] {taskinstance.py:3309} INFO - 0 downstream tasks scheduled from follow-on schedule check
