[2026-03-14T23:46:18.519+0000] {taskinstance.py:1979} INFO - Dependencies all met for dep_context=non-requeueable deps ti=<TaskInstance: lakehouse_telemetry_ingestion.run_spark_iceberg_ingestion scheduled__2026-03-14T23:40:00+00:00 [queued]>
[2026-03-14T23:46:18.522+0000] {taskinstance.py:1979} INFO - Dependencies all met for dep_context=requeueable deps ti=<TaskInstance: lakehouse_telemetry_ingestion.run_spark_iceberg_ingestion scheduled__2026-03-14T23:40:00+00:00 [queued]>
[2026-03-14T23:46:18.522+0000] {taskinstance.py:2193} INFO - Starting attempt 1 of 2
[2026-03-14T23:46:18.532+0000] {taskinstance.py:2214} INFO - Executing <Task(DockerOperator): run_spark_iceberg_ingestion> on 2026-03-14 23:40:00+00:00
[2026-03-14T23:46:18.538+0000] {standard_task_runner.py:60} INFO - Started process 957 to run task
[2026-03-14T23:46:18.540+0000] {standard_task_runner.py:87} INFO - Running: ['airflow', 'tasks', 'run', 'lakehouse_telemetry_ingestion', 'run_spark_iceberg_ingestion', 'scheduled__2026-03-14T23:40:00+00:00', '--job-id', '6', '--raw', '--subdir', 'DAGS_FOLDER/telemetry_batch.py', '--cfg-path', '/tmp/tmpvpatjyrt']
[2026-03-14T23:46:18.541+0000] {standard_task_runner.py:88} INFO - Job 6: Subtask run_spark_iceberg_ingestion
[2026-03-14T23:46:18.562+0000] {task_command.py:423} INFO - Running <TaskInstance: lakehouse_telemetry_ingestion.run_spark_iceberg_ingestion scheduled__2026-03-14T23:40:00+00:00 [running]> on host faf6527c0c5a
[2026-03-14T23:46:18.607+0000] {taskinstance.py:2510} INFO - Exporting env vars: AIRFLOW_CTX_DAG_OWNER='enwyse-data-eng' AIRFLOW_CTX_DAG_ID='lakehouse_telemetry_ingestion' AIRFLOW_CTX_TASK_ID='run_spark_iceberg_ingestion' AIRFLOW_CTX_EXECUTION_DATE='2026-03-14T23:40:00+00:00' AIRFLOW_CTX_TRY_NUMBER='1' AIRFLOW_CTX_DAG_RUN_ID='scheduled__2026-03-14T23:40:00+00:00'
[2026-03-14T23:46:18.635+0000] {docker.py:359} INFO - Starting docker container from image bitnamilegacy/spark:3.5.1
[2026-03-14T23:46:18.859+0000] {docker.py:429} INFO - [38;5;6mspark [38;5;5m23:46:18.85 [0m[38;5;2mINFO [0m ==>
[2026-03-14T23:46:18.860+0000] {docker.py:429} INFO - [38;5;6mspark [38;5;5m23:46:18.86 [0m[38;5;2mINFO [0m ==> [1mWelcome to the Bitnami spark container[0m
[2026-03-14T23:46:18.861+0000] {docker.py:429} INFO - [38;5;6mspark [38;5;5m23:46:18.86 [0m[38;5;2mINFO [0m ==> Subscribe to project updates by watching [1mhttps://github.com/bitnami/containers[0m
[2026-03-14T23:46:18.863+0000] {docker.py:429} INFO - [38;5;6mspark [38;5;5m23:46:18.86 [0m[38;5;2mINFO [0m ==> Submit issues and feature requests at [1mhttps://github.com/bitnami/containers/issues[0m
[2026-03-14T23:46:18.867+0000] {docker.py:429} INFO - [38;5;6mspark [38;5;5m23:46:18.86 [0m[38;5;2mINFO [0m ==> Upgrade to Tanzu Application Catalog for production environments to access custom-configured and pre-packaged software components. Gain enhanced features, including Software Bill of Materials (SBOM), CVE scan result reports, and VEX documents. To learn more, visit [1mhttps://bitnami.com/enterprise[0m
[2026-03-14T23:46:18.869+0000] {docker.py:429} INFO - [38;5;6mspark [38;5;5m23:46:18.86 [0m[38;5;2mINFO [0m ==>
[2026-03-14T23:46:18.877+0000] {docker.py:429} INFO - 
[2026-03-14T23:46:19.784+0000] {docker.py:429} INFO - :: loading settings :: url = jar:file:/opt/bitnami/spark/jars/ivy-2.5.1.jar!/org/apache/ivy/core/settings/ivysettings.xml
[2026-03-14T23:46:19.826+0000] {docker.py:429} INFO - Ivy Default Cache set to: /opt/bitnami/spark/.ivy2/cache
The jars for the packages stored in: /opt/bitnami/spark/.ivy2/jars
[2026-03-14T23:46:19.829+0000] {docker.py:429} INFO - org.apache.iceberg#iceberg-spark-runtime-3.5_2.12 added as a dependency
org.projectnessie.nessie-integrations#nessie-spark-extensions-3.5_2.12 added as a dependency
org.apache.hadoop#hadoop-aws added as a dependency
[2026-03-14T23:46:19.830+0000] {docker.py:429} INFO - :: resolving dependencies :: org.apache.spark#spark-submit-parent-5e756466-a373-4344-8aae-0027089989a5;1.0
	confs: [default]
[2026-03-14T23:46:20.267+0000] {docker.py:429} INFO - found org.apache.iceberg#iceberg-spark-runtime-3.5_2.12;1.4.3 in central
[2026-03-14T23:46:21.518+0000] {docker.py:429} INFO - found org.projectnessie.nessie-integrations#nessie-spark-extensions-3.5_2.12;0.77.1 in central
[2026-03-14T23:46:22.626+0000] {docker.py:429} INFO - found org.apache.hadoop#hadoop-aws;3.3.4 in central
[2026-03-14T23:46:23.416+0000] {docker.py:429} INFO - found com.amazonaws#aws-java-sdk-bundle;1.12.262 in central
[2026-03-14T23:46:25.001+0000] {docker.py:429} INFO - found org.wildfly.openssl#wildfly-openssl;1.0.7.Final in central
[2026-03-14T23:46:25.044+0000] {docker.py:429} INFO - downloading https://repo1.maven.org/maven2/org/apache/iceberg/iceberg-spark-runtime-3.5_2.12/1.4.3/iceberg-spark-runtime-3.5_2.12-1.4.3.jar ...
[2026-03-14T23:46:25.696+0000] {docker.py:429} INFO - [SUCCESSFUL ] org.apache.iceberg#iceberg-spark-runtime-3.5_2.12;1.4.3!iceberg-spark-runtime-3.5_2.12.jar (687ms)
[2026-03-14T23:46:25.728+0000] {docker.py:429} INFO - downloading https://repo1.maven.org/maven2/org/projectnessie/nessie-integrations/nessie-spark-extensions-3.5_2.12/0.77.1/nessie-spark-extensions-3.5_2.12-0.77.1.jar ...
[2026-03-14T23:46:25.786+0000] {docker.py:429} INFO - [SUCCESSFUL ] org.projectnessie.nessie-integrations#nessie-spark-extensions-3.5_2.12;0.77.1!nessie-spark-extensions-3.5_2.12.jar (89ms)
[2026-03-14T23:46:25.818+0000] {docker.py:429} INFO - downloading https://repo1.maven.org/maven2/org/apache/hadoop/hadoop-aws/3.3.4/hadoop-aws-3.3.4.jar ...
[2026-03-14T23:46:25.861+0000] {docker.py:429} INFO - [SUCCESSFUL ] org.apache.hadoop#hadoop-aws;3.3.4!hadoop-aws.jar (75ms)
[2026-03-14T23:46:25.894+0000] {docker.py:429} INFO - downloading https://repo1.maven.org/maven2/com/amazonaws/aws-java-sdk-bundle/1.12.262/aws-java-sdk-bundle-1.12.262.jar ...
[2026-03-14T23:46:30.103+0000] {docker.py:429} INFO - [SUCCESSFUL ] com.amazonaws#aws-java-sdk-bundle;1.12.262!aws-java-sdk-bundle.jar (4241ms)
[2026-03-14T23:46:30.137+0000] {docker.py:429} INFO - downloading https://repo1.maven.org/maven2/org/wildfly/openssl/wildfly-openssl/1.0.7.Final/wildfly-openssl-1.0.7.Final.jar ...
[2026-03-14T23:46:30.172+0000] {docker.py:429} INFO - [SUCCESSFUL ] org.wildfly.openssl#wildfly-openssl;1.0.7.Final!wildfly-openssl.jar (69ms)
[2026-03-14T23:46:30.173+0000] {docker.py:429} INFO - :: resolution report :: resolve 5178ms :: artifacts dl 5165ms
[2026-03-14T23:46:30.173+0000] {docker.py:429} INFO - :: modules in use:
[2026-03-14T23:46:30.173+0000] {docker.py:429} INFO - com.amazonaws#aws-java-sdk-bundle;1.12.262 from central in [default]
	org.apache.hadoop#hadoop-aws;3.3.4 from central in [default]
[2026-03-14T23:46:30.173+0000] {docker.py:429} INFO - org.apache.iceberg#iceberg-spark-runtime-3.5_2.12;1.4.3 from central in [default]
[2026-03-14T23:46:30.173+0000] {docker.py:429} INFO - org.projectnessie.nessie-integrations#nessie-spark-extensions-3.5_2.12;0.77.1 from central in [default]
[2026-03-14T23:46:30.173+0000] {docker.py:429} INFO - org.wildfly.openssl#wildfly-openssl;1.0.7.Final from central in [default]
[2026-03-14T23:46:30.173+0000] {docker.py:429} INFO - ---------------------------------------------------------------------
[2026-03-14T23:46:30.173+0000] {docker.py:429} INFO - |                  |            modules            ||   artifacts   |
[2026-03-14T23:46:30.173+0000] {docker.py:429} INFO - |       conf       | number| search|dwnlded|evicted|| number|dwnlded|
	---------------------------------------------------------------------
[2026-03-14T23:46:30.173+0000] {docker.py:429} INFO - |      default     |   5   |   5   |   5   |   0   ||   5   |   5   |
	---------------------------------------------------------------------
[2026-03-14T23:46:30.175+0000] {docker.py:429} INFO - :: retrieving :: org.apache.spark#spark-submit-parent-5e756466-a373-4344-8aae-0027089989a5
[2026-03-14T23:46:30.175+0000] {docker.py:429} INFO - confs: [default]
[2026-03-14T23:46:30.513+0000] {docker.py:429} INFO - 5 artifacts copied, 0 already retrieved (306076kB/338ms)
[2026-03-14T23:46:30.628+0000] {docker.py:429} INFO - 26/03/14 23:46:30 WARN NativeCodeLoader: Unable to load native-hadoop library for your platform... using builtin-java classes where applicable
[2026-03-14T23:46:31.178+0000] {docker.py:429} INFO - 🚀 Initializing Spark Session for Enwyse Lakehouse...
[2026-03-14T23:46:31.255+0000] {docker.py:429} INFO - 26/03/14 23:46:31 INFO SparkContext: Running Spark version 3.5.1
[2026-03-14T23:46:31.255+0000] {docker.py:429} INFO - 26/03/14 23:46:31 INFO SparkContext: OS info Linux, 6.1.0-37-amd64, amd64
[2026-03-14T23:46:31.255+0000] {docker.py:429} INFO - 26/03/14 23:46:31 INFO SparkContext: Java version 17.0.12
[2026-03-14T23:46:31.266+0000] {docker.py:429} INFO - 26/03/14 23:46:31 INFO ResourceUtils: ==============================================================
[2026-03-14T23:46:31.267+0000] {docker.py:429} INFO - 26/03/14 23:46:31 INFO ResourceUtils: No custom resources configured for spark.driver.
[2026-03-14T23:46:31.267+0000] {docker.py:429} INFO - 26/03/14 23:46:31 INFO ResourceUtils: ==============================================================
[2026-03-14T23:46:31.267+0000] {docker.py:429} INFO - 26/03/14 23:46:31 INFO SparkContext: Submitted application: Enwyse-Batch-Ingestion
[2026-03-14T23:46:31.277+0000] {docker.py:429} INFO - 26/03/14 23:46:31 INFO ResourceProfile: Default ResourceProfile created, executor resources: Map(cores -> name: cores, amount: 1, script: , vendor: , memory -> name: memory, amount: 1024, script: , vendor: , offHeap -> name: offHeap, amount: 0, script: , vendor: ), task resources: Map(cpus -> name: cpus, amount: 1.0)
[2026-03-14T23:46:31.281+0000] {docker.py:429} INFO - 26/03/14 23:46:31 INFO ResourceProfile: Limiting resource is cpu
[2026-03-14T23:46:31.281+0000] {docker.py:429} INFO - 26/03/14 23:46:31 INFO ResourceProfileManager: Added ResourceProfile id: 0
[2026-03-14T23:46:31.318+0000] {docker.py:429} INFO - 26/03/14 23:46:31 INFO SecurityManager: Changing view acls to: spark
[2026-03-14T23:46:31.318+0000] {docker.py:429} INFO - 26/03/14 23:46:31 INFO SecurityManager: Changing modify acls to: spark
[2026-03-14T23:46:31.318+0000] {docker.py:429} INFO - 26/03/14 23:46:31 INFO SecurityManager: Changing view acls groups to:
[2026-03-14T23:46:31.319+0000] {docker.py:429} INFO - 26/03/14 23:46:31 INFO SecurityManager: Changing modify acls groups to:
[2026-03-14T23:46:31.319+0000] {docker.py:429} INFO - 26/03/14 23:46:31 INFO SecurityManager: SecurityManager: authentication disabled; ui acls disabled; users with view permissions: spark; groups with view permissions: EMPTY; users with modify permissions: spark; groups with modify permissions: EMPTY
[2026-03-14T23:46:31.427+0000] {docker.py:429} INFO - 26/03/14 23:46:31 INFO Utils: Successfully started service 'sparkDriver' on port 40605.
[2026-03-14T23:46:31.439+0000] {docker.py:429} INFO - 26/03/14 23:46:31 INFO SparkEnv: Registering MapOutputTracker
[2026-03-14T23:46:31.455+0000] {docker.py:429} INFO - 26/03/14 23:46:31 INFO SparkEnv: Registering BlockManagerMaster
[2026-03-14T23:46:31.463+0000] {docker.py:429} INFO - 26/03/14 23:46:31 INFO BlockManagerMasterEndpoint: Using org.apache.spark.storage.DefaultTopologyMapper for getting topology information
[2026-03-14T23:46:31.463+0000] {docker.py:429} INFO - 26/03/14 23:46:31 INFO BlockManagerMasterEndpoint: BlockManagerMasterEndpoint up
[2026-03-14T23:46:31.465+0000] {docker.py:429} INFO - 26/03/14 23:46:31 INFO SparkEnv: Registering BlockManagerMasterHeartbeat
[2026-03-14T23:46:31.476+0000] {docker.py:429} INFO - 26/03/14 23:46:31 INFO DiskBlockManager: Created local directory at /tmp/blockmgr-6acc4682-581d-42ac-b312-7694210552cc
[2026-03-14T23:46:31.483+0000] {docker.py:429} INFO - 26/03/14 23:46:31 INFO MemoryStore: MemoryStore started with capacity 434.4 MiB
[2026-03-14T23:46:31.494+0000] {docker.py:429} INFO - 26/03/14 23:46:31 INFO SparkEnv: Registering OutputCommitCoordinator
[2026-03-14T23:46:31.558+0000] {docker.py:429} INFO - 26/03/14 23:46:31 INFO JettyUtils: Start Jetty 0.0.0.0:4040 for SparkUI
[2026-03-14T23:46:31.585+0000] {docker.py:429} INFO - 26/03/14 23:46:31 INFO Utils: Successfully started service 'SparkUI' on port 4040.
[2026-03-14T23:46:31.604+0000] {docker.py:429} INFO - 26/03/14 23:46:31 INFO SparkContext: Added JAR file:///opt/bitnami/spark/.ivy2/jars/org.apache.iceberg_iceberg-spark-runtime-3.5_2.12-1.4.3.jar at spark://21e4c2b98470:40605/jars/org.apache.iceberg_iceberg-spark-runtime-3.5_2.12-1.4.3.jar with timestamp 1773531991250
[2026-03-14T23:46:31.605+0000] {docker.py:429} INFO - 26/03/14 23:46:31 INFO SparkContext: Added JAR file:///opt/bitnami/spark/.ivy2/jars/org.projectnessie.nessie-integrations_nessie-spark-extensions-3.5_2.12-0.77.1.jar at spark://21e4c2b98470:40605/jars/org.projectnessie.nessie-integrations_nessie-spark-extensions-3.5_2.12-0.77.1.jar with timestamp 1773531991250
[2026-03-14T23:46:31.605+0000] {docker.py:429} INFO - 26/03/14 23:46:31 INFO SparkContext: Added JAR file:///opt/bitnami/spark/.ivy2/jars/org.apache.hadoop_hadoop-aws-3.3.4.jar at spark://21e4c2b98470:40605/jars/org.apache.hadoop_hadoop-aws-3.3.4.jar with timestamp 1773531991250
[2026-03-14T23:46:31.605+0000] {docker.py:429} INFO - 26/03/14 23:46:31 INFO SparkContext: Added JAR file:///opt/bitnami/spark/.ivy2/jars/com.amazonaws_aws-java-sdk-bundle-1.12.262.jar at spark://21e4c2b98470:40605/jars/com.amazonaws_aws-java-sdk-bundle-1.12.262.jar with timestamp 1773531991250
[2026-03-14T23:46:31.605+0000] {docker.py:429} INFO - 26/03/14 23:46:31 INFO SparkContext: Added JAR file:///opt/bitnami/spark/.ivy2/jars/org.wildfly.openssl_wildfly-openssl-1.0.7.Final.jar at spark://21e4c2b98470:40605/jars/org.wildfly.openssl_wildfly-openssl-1.0.7.Final.jar with timestamp 1773531991250
[2026-03-14T23:46:31.606+0000] {docker.py:429} INFO - 26/03/14 23:46:31 INFO SparkContext: Added file file:///opt/bitnami/spark/.ivy2/jars/org.apache.iceberg_iceberg-spark-runtime-3.5_2.12-1.4.3.jar at file:///opt/bitnami/spark/.ivy2/jars/org.apache.iceberg_iceberg-spark-runtime-3.5_2.12-1.4.3.jar with timestamp 1773531991250
[2026-03-14T23:46:31.607+0000] {docker.py:429} INFO - 26/03/14 23:46:31 INFO Utils: Copying /opt/bitnami/spark/.ivy2/jars/org.apache.iceberg_iceberg-spark-runtime-3.5_2.12-1.4.3.jar to /tmp/spark-5a407e80-a78d-4dcf-a3c1-5b285087bcbc/userFiles-296ca15d-e3a5-4881-8192-4c2f33c5e170/org.apache.iceberg_iceberg-spark-runtime-3.5_2.12-1.4.3.jar
[2026-03-14T23:46:31.637+0000] {docker.py:429} INFO - 26/03/14 23:46:31 INFO SparkContext: Added file file:///opt/bitnami/spark/.ivy2/jars/org.projectnessie.nessie-integrations_nessie-spark-extensions-3.5_2.12-0.77.1.jar at file:///opt/bitnami/spark/.ivy2/jars/org.projectnessie.nessie-integrations_nessie-spark-extensions-3.5_2.12-0.77.1.jar with timestamp 1773531991250
[2026-03-14T23:46:31.637+0000] {docker.py:429} INFO - 26/03/14 23:46:31 INFO Utils: Copying /opt/bitnami/spark/.ivy2/jars/org.projectnessie.nessie-integrations_nessie-spark-extensions-3.5_2.12-0.77.1.jar to /tmp/spark-5a407e80-a78d-4dcf-a3c1-5b285087bcbc/userFiles-296ca15d-e3a5-4881-8192-4c2f33c5e170/org.projectnessie.nessie-integrations_nessie-spark-extensions-3.5_2.12-0.77.1.jar
[2026-03-14T23:46:31.642+0000] {docker.py:429} INFO - 26/03/14 23:46:31 INFO SparkContext: Added file file:///opt/bitnami/spark/.ivy2/jars/org.apache.hadoop_hadoop-aws-3.3.4.jar at file:///opt/bitnami/spark/.ivy2/jars/org.apache.hadoop_hadoop-aws-3.3.4.jar with timestamp 1773531991250
[2026-03-14T23:46:31.642+0000] {docker.py:429} INFO - 26/03/14 23:46:31 INFO Utils: Copying /opt/bitnami/spark/.ivy2/jars/org.apache.hadoop_hadoop-aws-3.3.4.jar to /tmp/spark-5a407e80-a78d-4dcf-a3c1-5b285087bcbc/userFiles-296ca15d-e3a5-4881-8192-4c2f33c5e170/org.apache.hadoop_hadoop-aws-3.3.4.jar
[2026-03-14T23:46:31.647+0000] {docker.py:429} INFO - 26/03/14 23:46:31 INFO SparkContext: Added file file:///opt/bitnami/spark/.ivy2/jars/com.amazonaws_aws-java-sdk-bundle-1.12.262.jar at file:///opt/bitnami/spark/.ivy2/jars/com.amazonaws_aws-java-sdk-bundle-1.12.262.jar with timestamp 1773531991250
[2026-03-14T23:46:31.647+0000] {docker.py:429} INFO - 26/03/14 23:46:31 INFO Utils: Copying /opt/bitnami/spark/.ivy2/jars/com.amazonaws_aws-java-sdk-bundle-1.12.262.jar to /tmp/spark-5a407e80-a78d-4dcf-a3c1-5b285087bcbc/userFiles-296ca15d-e3a5-4881-8192-4c2f33c5e170/com.amazonaws_aws-java-sdk-bundle-1.12.262.jar
[2026-03-14T23:46:31.884+0000] {docker.py:429} INFO - 26/03/14 23:46:31 INFO SparkContext: Added file file:///opt/bitnami/spark/.ivy2/jars/org.wildfly.openssl_wildfly-openssl-1.0.7.Final.jar at file:///opt/bitnami/spark/.ivy2/jars/org.wildfly.openssl_wildfly-openssl-1.0.7.Final.jar with timestamp 1773531991250
[2026-03-14T23:46:31.884+0000] {docker.py:429} INFO - 26/03/14 23:46:31 INFO Utils: Copying /opt/bitnami/spark/.ivy2/jars/org.wildfly.openssl_wildfly-openssl-1.0.7.Final.jar to /tmp/spark-5a407e80-a78d-4dcf-a3c1-5b285087bcbc/userFiles-296ca15d-e3a5-4881-8192-4c2f33c5e170/org.wildfly.openssl_wildfly-openssl-1.0.7.Final.jar
[2026-03-14T23:46:31.935+0000] {docker.py:429} INFO - 26/03/14 23:46:31 INFO Executor: Starting executor ID driver on host 21e4c2b98470
[2026-03-14T23:46:31.936+0000] {docker.py:429} INFO - 26/03/14 23:46:31 INFO Executor: OS info Linux, 6.1.0-37-amd64, amd64
[2026-03-14T23:46:31.936+0000] {docker.py:429} INFO - 26/03/14 23:46:31 INFO Executor: Java version 17.0.12
[2026-03-14T23:46:31.940+0000] {docker.py:429} INFO - 26/03/14 23:46:31 INFO Executor: Starting executor with user classpath (userClassPathFirst = false): ''
[2026-03-14T23:46:31.940+0000] {docker.py:429} INFO - 26/03/14 23:46:31 INFO Executor: Created or updated repl class loader org.apache.spark.util.MutableURLClassLoader@758d3963 for default.
[2026-03-14T23:46:31.947+0000] {docker.py:429} INFO - 26/03/14 23:46:31 INFO Executor: Fetching file:///opt/bitnami/spark/.ivy2/jars/org.apache.hadoop_hadoop-aws-3.3.4.jar with timestamp 1773531991250
[2026-03-14T23:46:31.956+0000] {docker.py:429} INFO - 26/03/14 23:46:31 INFO Utils: /opt/bitnami/spark/.ivy2/jars/org.apache.hadoop_hadoop-aws-3.3.4.jar has been previously copied to /tmp/spark-5a407e80-a78d-4dcf-a3c1-5b285087bcbc/userFiles-296ca15d-e3a5-4881-8192-4c2f33c5e170/org.apache.hadoop_hadoop-aws-3.3.4.jar
[2026-03-14T23:46:31.959+0000] {docker.py:429} INFO - 26/03/14 23:46:31 INFO Executor: Fetching file:///opt/bitnami/spark/.ivy2/jars/org.apache.iceberg_iceberg-spark-runtime-3.5_2.12-1.4.3.jar with timestamp 1773531991250
[2026-03-14T23:46:31.979+0000] {docker.py:429} INFO - 26/03/14 23:46:31 INFO Utils: /opt/bitnami/spark/.ivy2/jars/org.apache.iceberg_iceberg-spark-runtime-3.5_2.12-1.4.3.jar has been previously copied to /tmp/spark-5a407e80-a78d-4dcf-a3c1-5b285087bcbc/userFiles-296ca15d-e3a5-4881-8192-4c2f33c5e170/org.apache.iceberg_iceberg-spark-runtime-3.5_2.12-1.4.3.jar
[2026-03-14T23:46:31.982+0000] {docker.py:429} INFO - 26/03/14 23:46:31 INFO Executor: Fetching file:///opt/bitnami/spark/.ivy2/jars/com.amazonaws_aws-java-sdk-bundle-1.12.262.jar with timestamp 1773531991250
[2026-03-14T23:46:32.172+0000] {docker.py:429} INFO - 26/03/14 23:46:32 INFO Utils: /opt/bitnami/spark/.ivy2/jars/com.amazonaws_aws-java-sdk-bundle-1.12.262.jar has been previously copied to /tmp/spark-5a407e80-a78d-4dcf-a3c1-5b285087bcbc/userFiles-296ca15d-e3a5-4881-8192-4c2f33c5e170/com.amazonaws_aws-java-sdk-bundle-1.12.262.jar
[2026-03-14T23:46:32.177+0000] {docker.py:429} INFO - 26/03/14 23:46:32 INFO Executor: Fetching file:///opt/bitnami/spark/.ivy2/jars/org.projectnessie.nessie-integrations_nessie-spark-extensions-3.5_2.12-0.77.1.jar with timestamp 1773531991250
[2026-03-14T23:46:32.179+0000] {docker.py:429} INFO - 26/03/14 23:46:32 INFO Utils: /opt/bitnami/spark/.ivy2/jars/org.projectnessie.nessie-integrations_nessie-spark-extensions-3.5_2.12-0.77.1.jar has been previously copied to /tmp/spark-5a407e80-a78d-4dcf-a3c1-5b285087bcbc/userFiles-296ca15d-e3a5-4881-8192-4c2f33c5e170/org.projectnessie.nessie-integrations_nessie-spark-extensions-3.5_2.12-0.77.1.jar
[2026-03-14T23:46:32.183+0000] {docker.py:429} INFO - 26/03/14 23:46:32 INFO Executor: Fetching file:///opt/bitnami/spark/.ivy2/jars/org.wildfly.openssl_wildfly-openssl-1.0.7.Final.jar with timestamp 1773531991250
[2026-03-14T23:46:32.183+0000] {docker.py:429} INFO - 26/03/14 23:46:32 INFO Utils: /opt/bitnami/spark/.ivy2/jars/org.wildfly.openssl_wildfly-openssl-1.0.7.Final.jar has been previously copied to /tmp/spark-5a407e80-a78d-4dcf-a3c1-5b285087bcbc/userFiles-296ca15d-e3a5-4881-8192-4c2f33c5e170/org.wildfly.openssl_wildfly-openssl-1.0.7.Final.jar
[2026-03-14T23:46:32.190+0000] {docker.py:429} INFO - 26/03/14 23:46:32 INFO Executor: Fetching spark://21e4c2b98470:40605/jars/org.wildfly.openssl_wildfly-openssl-1.0.7.Final.jar with timestamp 1773531991250
[2026-03-14T23:46:32.223+0000] {docker.py:429} INFO - 26/03/14 23:46:32 INFO TransportClientFactory: Successfully created connection to 21e4c2b98470/172.22.0.15:40605 after 24 ms (0 ms spent in bootstraps)
[2026-03-14T23:46:32.229+0000] {docker.py:429} INFO - 26/03/14 23:46:32 INFO Utils: Fetching spark://21e4c2b98470:40605/jars/org.wildfly.openssl_wildfly-openssl-1.0.7.Final.jar to /tmp/spark-5a407e80-a78d-4dcf-a3c1-5b285087bcbc/userFiles-296ca15d-e3a5-4881-8192-4c2f33c5e170/fetchFileTemp7986758448896656385.tmp
[2026-03-14T23:46:32.249+0000] {docker.py:429} INFO - 26/03/14 23:46:32 INFO Utils: /tmp/spark-5a407e80-a78d-4dcf-a3c1-5b285087bcbc/userFiles-296ca15d-e3a5-4881-8192-4c2f33c5e170/fetchFileTemp7986758448896656385.tmp has been previously copied to /tmp/spark-5a407e80-a78d-4dcf-a3c1-5b285087bcbc/userFiles-296ca15d-e3a5-4881-8192-4c2f33c5e170/org.wildfly.openssl_wildfly-openssl-1.0.7.Final.jar
[2026-03-14T23:46:32.252+0000] {docker.py:429} INFO - 26/03/14 23:46:32 INFO Executor: Adding file:/tmp/spark-5a407e80-a78d-4dcf-a3c1-5b285087bcbc/userFiles-296ca15d-e3a5-4881-8192-4c2f33c5e170/org.wildfly.openssl_wildfly-openssl-1.0.7.Final.jar to class loader default
[2026-03-14T23:46:32.253+0000] {docker.py:429} INFO - 26/03/14 23:46:32 INFO Executor: Fetching spark://21e4c2b98470:40605/jars/org.apache.hadoop_hadoop-aws-3.3.4.jar with timestamp 1773531991250
[2026-03-14T23:46:32.253+0000] {docker.py:429} INFO - 26/03/14 23:46:32 INFO Utils: Fetching spark://21e4c2b98470:40605/jars/org.apache.hadoop_hadoop-aws-3.3.4.jar to /tmp/spark-5a407e80-a78d-4dcf-a3c1-5b285087bcbc/userFiles-296ca15d-e3a5-4881-8192-4c2f33c5e170/fetchFileTemp5330160224396703909.tmp
[2026-03-14T23:46:32.260+0000] {docker.py:429} INFO - 26/03/14 23:46:32 INFO Utils: /tmp/spark-5a407e80-a78d-4dcf-a3c1-5b285087bcbc/userFiles-296ca15d-e3a5-4881-8192-4c2f33c5e170/fetchFileTemp5330160224396703909.tmp has been previously copied to /tmp/spark-5a407e80-a78d-4dcf-a3c1-5b285087bcbc/userFiles-296ca15d-e3a5-4881-8192-4c2f33c5e170/org.apache.hadoop_hadoop-aws-3.3.4.jar
[2026-03-14T23:46:32.263+0000] {docker.py:429} INFO - 26/03/14 23:46:32 INFO Executor: Adding file:/tmp/spark-5a407e80-a78d-4dcf-a3c1-5b285087bcbc/userFiles-296ca15d-e3a5-4881-8192-4c2f33c5e170/org.apache.hadoop_hadoop-aws-3.3.4.jar to class loader default
[2026-03-14T23:46:32.263+0000] {docker.py:429} INFO - 26/03/14 23:46:32 INFO Executor: Fetching spark://21e4c2b98470:40605/jars/org.projectnessie.nessie-integrations_nessie-spark-extensions-3.5_2.12-0.77.1.jar with timestamp 1773531991250
[2026-03-14T23:46:32.263+0000] {docker.py:429} INFO - 26/03/14 23:46:32 INFO Utils: Fetching spark://21e4c2b98470:40605/jars/org.projectnessie.nessie-integrations_nessie-spark-extensions-3.5_2.12-0.77.1.jar to /tmp/spark-5a407e80-a78d-4dcf-a3c1-5b285087bcbc/userFiles-296ca15d-e3a5-4881-8192-4c2f33c5e170/fetchFileTemp6667666493403101933.tmp
[2026-03-14T23:46:32.270+0000] {docker.py:429} INFO - 26/03/14 23:46:32 INFO Utils: /tmp/spark-5a407e80-a78d-4dcf-a3c1-5b285087bcbc/userFiles-296ca15d-e3a5-4881-8192-4c2f33c5e170/fetchFileTemp6667666493403101933.tmp has been previously copied to /tmp/spark-5a407e80-a78d-4dcf-a3c1-5b285087bcbc/userFiles-296ca15d-e3a5-4881-8192-4c2f33c5e170/org.projectnessie.nessie-integrations_nessie-spark-extensions-3.5_2.12-0.77.1.jar
[2026-03-14T23:46:32.277+0000] {docker.py:429} INFO - 26/03/14 23:46:32 INFO Executor: Adding file:/tmp/spark-5a407e80-a78d-4dcf-a3c1-5b285087bcbc/userFiles-296ca15d-e3a5-4881-8192-4c2f33c5e170/org.projectnessie.nessie-integrations_nessie-spark-extensions-3.5_2.12-0.77.1.jar to class loader default
[2026-03-14T23:46:32.277+0000] {docker.py:429} INFO - 26/03/14 23:46:32 INFO Executor: Fetching spark://21e4c2b98470:40605/jars/com.amazonaws_aws-java-sdk-bundle-1.12.262.jar with timestamp 1773531991250
[2026-03-14T23:46:32.277+0000] {docker.py:429} INFO - 26/03/14 23:46:32 INFO Utils: Fetching spark://21e4c2b98470:40605/jars/com.amazonaws_aws-java-sdk-bundle-1.12.262.jar to /tmp/spark-5a407e80-a78d-4dcf-a3c1-5b285087bcbc/userFiles-296ca15d-e3a5-4881-8192-4c2f33c5e170/fetchFileTemp10330609115033167209.tmp
[2026-03-14T23:46:33.002+0000] {docker.py:429} INFO - 26/03/14 23:46:33 INFO Utils: /tmp/spark-5a407e80-a78d-4dcf-a3c1-5b285087bcbc/userFiles-296ca15d-e3a5-4881-8192-4c2f33c5e170/fetchFileTemp10330609115033167209.tmp has been previously copied to /tmp/spark-5a407e80-a78d-4dcf-a3c1-5b285087bcbc/userFiles-296ca15d-e3a5-4881-8192-4c2f33c5e170/com.amazonaws_aws-java-sdk-bundle-1.12.262.jar
[2026-03-14T23:46:33.051+0000] {docker.py:429} INFO - 26/03/14 23:46:33 INFO Executor: Adding file:/tmp/spark-5a407e80-a78d-4dcf-a3c1-5b285087bcbc/userFiles-296ca15d-e3a5-4881-8192-4c2f33c5e170/com.amazonaws_aws-java-sdk-bundle-1.12.262.jar to class loader default
[2026-03-14T23:46:33.052+0000] {docker.py:429} INFO - 26/03/14 23:46:33 INFO Executor: Fetching spark://21e4c2b98470:40605/jars/org.apache.iceberg_iceberg-spark-runtime-3.5_2.12-1.4.3.jar with timestamp 1773531991250
[2026-03-14T23:46:33.052+0000] {docker.py:429} INFO - 26/03/14 23:46:33 INFO Utils: Fetching spark://21e4c2b98470:40605/jars/org.apache.iceberg_iceberg-spark-runtime-3.5_2.12-1.4.3.jar to /tmp/spark-5a407e80-a78d-4dcf-a3c1-5b285087bcbc/userFiles-296ca15d-e3a5-4881-8192-4c2f33c5e170/fetchFileTemp2403024710526895766.tmp
[2026-03-14T23:46:33.120+0000] {docker.py:429} INFO - 26/03/14 23:46:33 INFO Utils: /tmp/spark-5a407e80-a78d-4dcf-a3c1-5b285087bcbc/userFiles-296ca15d-e3a5-4881-8192-4c2f33c5e170/fetchFileTemp2403024710526895766.tmp has been previously copied to /tmp/spark-5a407e80-a78d-4dcf-a3c1-5b285087bcbc/userFiles-296ca15d-e3a5-4881-8192-4c2f33c5e170/org.apache.iceberg_iceberg-spark-runtime-3.5_2.12-1.4.3.jar
[2026-03-14T23:46:33.131+0000] {docker.py:429} INFO - 26/03/14 23:46:33 INFO Executor: Adding file:/tmp/spark-5a407e80-a78d-4dcf-a3c1-5b285087bcbc/userFiles-296ca15d-e3a5-4881-8192-4c2f33c5e170/org.apache.iceberg_iceberg-spark-runtime-3.5_2.12-1.4.3.jar to class loader default
[2026-03-14T23:46:33.136+0000] {docker.py:429} INFO - 26/03/14 23:46:33 INFO Utils: Successfully started service 'org.apache.spark.network.netty.NettyBlockTransferService' on port 39617.
26/03/14 23:46:33 INFO NettyBlockTransferService: Server created on 21e4c2b98470:39617
[2026-03-14T23:46:33.137+0000] {docker.py:429} INFO - 26/03/14 23:46:33 INFO BlockManager: Using org.apache.spark.storage.RandomBlockReplicationPolicy for block replication policy
[2026-03-14T23:46:33.140+0000] {docker.py:429} INFO - 26/03/14 23:46:33 INFO BlockManagerMaster: Registering BlockManager BlockManagerId(driver, 21e4c2b98470, 39617, None)
[2026-03-14T23:46:33.145+0000] {docker.py:429} INFO - 26/03/14 23:46:33 INFO BlockManagerMasterEndpoint: Registering block manager 21e4c2b98470:39617 with 434.4 MiB RAM, BlockManagerId(driver, 21e4c2b98470, 39617, None)
[2026-03-14T23:46:33.146+0000] {docker.py:429} INFO - 26/03/14 23:46:33 INFO BlockManagerMaster: Registered BlockManager BlockManagerId(driver, 21e4c2b98470, 39617, None)
[2026-03-14T23:46:33.147+0000] {docker.py:429} INFO - 26/03/14 23:46:33 INFO BlockManager: Initialized BlockManager: BlockManagerId(driver, 21e4c2b98470, 39617, None)
[2026-03-14T23:46:33.359+0000] {docker.py:429} INFO - ✅ Spark Session ready. Starting Airflow-triggered batch run...
[2026-03-14T23:46:33.364+0000] {docker.py:429} INFO - 26/03/14 23:46:33 INFO SharedState: Setting hive.metastore.warehouse.dir ('null') to the value of spark.sql.warehouse.dir.
[2026-03-14T23:46:33.366+0000] {docker.py:429} INFO - 26/03/14 23:46:33 INFO SharedState: Warehouse path is 'file:/opt/bitnami/spark/spark-warehouse'.
[2026-03-14T23:46:33.961+0000] {docker.py:429} INFO - 26/03/14 23:46:33 WARN MetricsConfig: Cannot locate configuration: tried hadoop-metrics2-s3a-file-system.properties,hadoop-metrics2.properties
[2026-03-14T23:46:33.968+0000] {docker.py:429} INFO - 26/03/14 23:46:33 INFO MetricsSystemImpl: Scheduled Metric snapshot period at 10 second(s).
26/03/14 23:46:33 INFO MetricsSystemImpl: s3a-file-system metrics system started
[2026-03-14T23:46:34.454+0000] {docker.py:429} INFO - 26/03/14 23:46:34 INFO InMemoryFileIndex: It took 65 ms to list leaf files for 1 paths.
[2026-03-14T23:46:35.074+0000] {docker.py:429} INFO - 26/03/14 23:46:35 INFO FileSourceStrategy: Pushed Filters:
[2026-03-14T23:46:35.082+0000] {docker.py:429} INFO - 26/03/14 23:46:35 INFO FileSourceStrategy: Post-Scan Filters:
[2026-03-14T23:46:35.237+0000] {docker.py:429} INFO - 26/03/14 23:46:35 INFO MemoryStore: Block broadcast_0 stored as values in memory (estimated size 206.0 KiB, free 434.2 MiB)
[2026-03-14T23:46:35.273+0000] {docker.py:429} INFO - 26/03/14 23:46:35 INFO MemoryStore: Block broadcast_0_piece0 stored as bytes in memory (estimated size 36.4 KiB, free 434.2 MiB)
[2026-03-14T23:46:35.275+0000] {docker.py:429} INFO - 26/03/14 23:46:35 INFO BlockManagerInfo: Added broadcast_0_piece0 in memory on 21e4c2b98470:39617 (size: 36.4 KiB, free: 434.4 MiB)
[2026-03-14T23:46:35.278+0000] {docker.py:429} INFO - 26/03/14 23:46:35 INFO SparkContext: Created broadcast 0 from isEmpty at NativeMethodAccessorImpl.java:0
[2026-03-14T23:46:35.302+0000] {docker.py:429} INFO - 26/03/14 23:46:35 INFO FileSourceScanExec: Planning scan with bin packing, max size: 6555934 bytes, open cost is considered as scanning 4194304 bytes.
[2026-03-14T23:46:35.389+0000] {docker.py:429} INFO - 26/03/14 23:46:35 INFO SparkContext: Starting job: isEmpty at NativeMethodAccessorImpl.java:0
[2026-03-14T23:46:35.401+0000] {docker.py:429} INFO - 26/03/14 23:46:35 INFO DAGScheduler: Got job 0 (isEmpty at NativeMethodAccessorImpl.java:0) with 1 output partitions
[2026-03-14T23:46:35.402+0000] {docker.py:429} INFO - 26/03/14 23:46:35 INFO DAGScheduler: Final stage: ResultStage 0 (isEmpty at NativeMethodAccessorImpl.java:0)
[2026-03-14T23:46:35.402+0000] {docker.py:429} INFO - 26/03/14 23:46:35 INFO DAGScheduler: Parents of final stage: List()
[2026-03-14T23:46:35.402+0000] {docker.py:429} INFO - 26/03/14 23:46:35 INFO DAGScheduler: Missing parents: List()
[2026-03-14T23:46:35.404+0000] {docker.py:429} INFO - 26/03/14 23:46:35 INFO DAGScheduler: Submitting ResultStage 0 (MapPartitionsRDD[2] at isEmpty at NativeMethodAccessorImpl.java:0), which has no missing parents
[2026-03-14T23:46:35.465+0000] {docker.py:429} INFO - 26/03/14 23:46:35 INFO MemoryStore: Block broadcast_1 stored as values in memory (estimated size 10.1 KiB, free 434.2 MiB)
[2026-03-14T23:46:35.470+0000] {docker.py:429} INFO - 26/03/14 23:46:35 INFO MemoryStore: Block broadcast_1_piece0 stored as bytes in memory (estimated size 5.3 KiB, free 434.1 MiB)
[2026-03-14T23:46:35.470+0000] {docker.py:429} INFO - 26/03/14 23:46:35 INFO BlockManagerInfo: Added broadcast_1_piece0 in memory on 21e4c2b98470:39617 (size: 5.3 KiB, free: 434.4 MiB)
[2026-03-14T23:46:35.471+0000] {docker.py:429} INFO - 26/03/14 23:46:35 INFO SparkContext: Created broadcast 1 from broadcast at DAGScheduler.scala:1585
[2026-03-14T23:46:35.483+0000] {docker.py:429} INFO - 26/03/14 23:46:35 INFO DAGScheduler: Submitting 1 missing tasks from ResultStage 0 (MapPartitionsRDD[2] at isEmpty at NativeMethodAccessorImpl.java:0) (first 15 tasks are for partitions Vector(0))
[2026-03-14T23:46:35.483+0000] {docker.py:429} INFO - 26/03/14 23:46:35 INFO TaskSchedulerImpl: Adding task set 0.0 with 1 tasks resource profile 0
[2026-03-14T23:46:35.518+0000] {docker.py:429} INFO - 26/03/14 23:46:35 INFO TaskSetManager: Starting task 0.0 in stage 0.0 (TID 0) (21e4c2b98470, executor driver, partition 0, PROCESS_LOCAL, 9539 bytes)
[2026-03-14T23:46:35.526+0000] {docker.py:429} INFO - 26/03/14 23:46:35 INFO Executor: Running task 0.0 in stage 0.0 (TID 0)
[2026-03-14T23:46:35.584+0000] {docker.py:429} INFO - 26/03/14 23:46:35 INFO FileScanRDD: Reading File path: s3a://landing-zone/telemetry/2026/03/14/batch_1773531797.json, range: 0-1688, partition values: [empty row]
[2026-03-14T23:46:35.748+0000] {docker.py:429} INFO - 26/03/14 23:46:35 INFO CodeGenerator: Code generated in 142.604141 ms
[2026-03-14T23:46:35.820+0000] {docker.py:429} INFO - 26/03/14 23:46:35 INFO Executor: Finished task 0.0 in stage 0.0 (TID 0). 1513 bytes result sent to driver
[2026-03-14T23:46:35.826+0000] {docker.py:429} INFO - 26/03/14 23:46:35 INFO TaskSetManager: Finished task 0.0 in stage 0.0 (TID 0) in 317 ms on 21e4c2b98470 (executor driver) (1/1)
[2026-03-14T23:46:35.832+0000] {docker.py:429} INFO - 26/03/14 23:46:35 INFO TaskSchedulerImpl: Removed TaskSet 0.0, whose tasks have all completed, from pool
[2026-03-14T23:46:35.836+0000] {docker.py:429} INFO - 26/03/14 23:46:35 INFO DAGScheduler: ResultStage 0 (isEmpty at NativeMethodAccessorImpl.java:0) finished in 0.425 s
[2026-03-14T23:46:35.838+0000] {docker.py:429} INFO - 26/03/14 23:46:35 INFO DAGScheduler: Job 0 is finished. Cancelling potential speculative or zombie tasks for this job
[2026-03-14T23:46:35.838+0000] {docker.py:429} INFO - 26/03/14 23:46:35 INFO TaskSchedulerImpl: Killing all running tasks in stage 0: Stage finished
[2026-03-14T23:46:35.839+0000] {docker.py:429} INFO - 26/03/14 23:46:35 INFO DAGScheduler: Job 0 finished: isEmpty at NativeMethodAccessorImpl.java:0, took 0.449930 s
[2026-03-14T23:46:35.918+0000] {docker.py:429} INFO - 26/03/14 23:46:35 INFO FileSourceStrategy: Pushed Filters:
[2026-03-14T23:46:35.919+0000] {docker.py:429} INFO - 26/03/14 23:46:35 INFO FileSourceStrategy: Post-Scan Filters:
[2026-03-14T23:46:36.021+0000] {docker.py:429} INFO - 26/03/14 23:46:36 INFO CodeGenerator: Code generated in 15.883568 ms
[2026-03-14T23:46:36.024+0000] {docker.py:429} INFO - 26/03/14 23:46:36 INFO MemoryStore: Block broadcast_2 stored as values in memory (estimated size 206.0 KiB, free 433.9 MiB)
[2026-03-14T23:46:36.039+0000] {docker.py:429} INFO - 26/03/14 23:46:36 INFO MemoryStore: Block broadcast_2_piece0 stored as bytes in memory (estimated size 36.4 KiB, free 433.9 MiB)
[2026-03-14T23:46:36.041+0000] {docker.py:429} INFO - 26/03/14 23:46:36 INFO BlockManagerInfo: Added broadcast_2_piece0 in memory on 21e4c2b98470:39617 (size: 36.4 KiB, free: 434.3 MiB)
[2026-03-14T23:46:36.042+0000] {docker.py:429} INFO - 26/03/14 23:46:36 INFO SparkContext: Created broadcast 2 from count at NativeMethodAccessorImpl.java:0
[2026-03-14T23:46:36.044+0000] {docker.py:429} INFO - 26/03/14 23:46:36 INFO FileSourceScanExec: Planning scan with bin packing, max size: 6555934 bytes, open cost is considered as scanning 4194304 bytes.
[2026-03-14T23:46:36.051+0000] {docker.py:429} INFO - 26/03/14 23:46:36 INFO BlockManagerInfo: Removed broadcast_1_piece0 on 21e4c2b98470:39617 in memory (size: 5.3 KiB, free: 434.3 MiB)
[2026-03-14T23:46:36.077+0000] {docker.py:429} INFO - 26/03/14 23:46:36 INFO DAGScheduler: Registering RDD 6 (count at NativeMethodAccessorImpl.java:0) as input to shuffle 0
[2026-03-14T23:46:36.082+0000] {docker.py:429} INFO - 26/03/14 23:46:36 INFO DAGScheduler: Got map stage job 1 (count at NativeMethodAccessorImpl.java:0) with 13 output partitions
[2026-03-14T23:46:36.082+0000] {docker.py:429} INFO - 26/03/14 23:46:36 INFO DAGScheduler: Final stage: ShuffleMapStage 1 (count at NativeMethodAccessorImpl.java:0)
[2026-03-14T23:46:36.083+0000] {docker.py:429} INFO - 26/03/14 23:46:36 INFO DAGScheduler: Parents of final stage: List()
[2026-03-14T23:46:36.083+0000] {docker.py:429} INFO - 26/03/14 23:46:36 INFO DAGScheduler: Missing parents: List()
[2026-03-14T23:46:36.084+0000] {docker.py:429} INFO - 26/03/14 23:46:36 INFO DAGScheduler: Submitting ShuffleMapStage 1 (MapPartitionsRDD[6] at count at NativeMethodAccessorImpl.java:0), which has no missing parents
[2026-03-14T23:46:36.102+0000] {docker.py:429} INFO - 26/03/14 23:46:36 INFO MemoryStore: Block broadcast_3 stored as values in memory (estimated size 17.0 KiB, free 433.9 MiB)
[2026-03-14T23:46:36.107+0000] {docker.py:429} INFO - 26/03/14 23:46:36 INFO MemoryStore: Block broadcast_3_piece0 stored as bytes in memory (estimated size 8.3 KiB, free 433.9 MiB)
[2026-03-14T23:46:36.108+0000] {docker.py:429} INFO - 26/03/14 23:46:36 INFO BlockManagerInfo: Added broadcast_3_piece0 in memory on 21e4c2b98470:39617 (size: 8.3 KiB, free: 434.3 MiB)
[2026-03-14T23:46:36.108+0000] {docker.py:429} INFO - 26/03/14 23:46:36 INFO SparkContext: Created broadcast 3 from broadcast at DAGScheduler.scala:1585
[2026-03-14T23:46:36.110+0000] {docker.py:429} INFO - 26/03/14 23:46:36 INFO DAGScheduler: Submitting 13 missing tasks from ShuffleMapStage 1 (MapPartitionsRDD[6] at count at NativeMethodAccessorImpl.java:0) (first 15 tasks are for partitions Vector(0, 1, 2, 3, 4, 5, 6, 7, 8, 9, 10, 11, 12))
[2026-03-14T23:46:36.110+0000] {docker.py:429} INFO - 26/03/14 23:46:36 INFO TaskSchedulerImpl: Adding task set 1.0 with 13 tasks resource profile 0
[2026-03-14T23:46:36.113+0000] {docker.py:429} INFO - 26/03/14 23:46:36 INFO TaskSetManager: Starting task 0.0 in stage 1.0 (TID 1) (21e4c2b98470, executor driver, partition 0, PROCESS_LOCAL, 9528 bytes)
[2026-03-14T23:46:36.115+0000] {docker.py:429} INFO - 26/03/14 23:46:36 INFO TaskSetManager: Starting task 1.0 in stage 1.0 (TID 2) (21e4c2b98470, executor driver, partition 1, PROCESS_LOCAL, 9528 bytes)
[2026-03-14T23:46:36.116+0000] {docker.py:429} INFO - 26/03/14 23:46:36 INFO TaskSetManager: Starting task 2.0 in stage 1.0 (TID 3) (21e4c2b98470, executor driver, partition 2, PROCESS_LOCAL, 9528 bytes)
[2026-03-14T23:46:36.116+0000] {docker.py:429} INFO - 26/03/14 23:46:36 INFO TaskSetManager: Starting task 3.0 in stage 1.0 (TID 4) (21e4c2b98470, executor driver, partition 3, PROCESS_LOCAL, 9528 bytes)
[2026-03-14T23:46:36.117+0000] {docker.py:429} INFO - 26/03/14 23:46:36 INFO TaskSetManager: Starting task 4.0 in stage 1.0 (TID 5) (21e4c2b98470, executor driver, partition 4, PROCESS_LOCAL, 9528 bytes)
[2026-03-14T23:46:36.117+0000] {docker.py:429} INFO - 26/03/14 23:46:36 INFO TaskSetManager: Starting task 5.0 in stage 1.0 (TID 6) (21e4c2b98470, executor driver, partition 5, PROCESS_LOCAL, 9528 bytes)
[2026-03-14T23:46:36.118+0000] {docker.py:429} INFO - 26/03/14 23:46:36 INFO TaskSetManager: Starting task 6.0 in stage 1.0 (TID 7) (21e4c2b98470, executor driver, partition 6, PROCESS_LOCAL, 9528 bytes)
[2026-03-14T23:46:36.118+0000] {docker.py:429} INFO - 26/03/14 23:46:36 INFO TaskSetManager: Starting task 7.0 in stage 1.0 (TID 8) (21e4c2b98470, executor driver, partition 7, PROCESS_LOCAL, 9528 bytes)
[2026-03-14T23:46:36.119+0000] {docker.py:429} INFO - 26/03/14 23:46:36 INFO TaskSetManager: Starting task 8.0 in stage 1.0 (TID 9) (21e4c2b98470, executor driver, partition 8, PROCESS_LOCAL, 9528 bytes)
[2026-03-14T23:46:36.119+0000] {docker.py:429} INFO - 26/03/14 23:46:36 INFO TaskSetManager: Starting task 9.0 in stage 1.0 (TID 10) (21e4c2b98470, executor driver, partition 9, PROCESS_LOCAL, 9528 bytes)
[2026-03-14T23:46:36.119+0000] {docker.py:429} INFO - 26/03/14 23:46:36 INFO TaskSetManager: Starting task 10.0 in stage 1.0 (TID 11) (21e4c2b98470, executor driver, partition 10, PROCESS_LOCAL, 9528 bytes)
[2026-03-14T23:46:36.120+0000] {docker.py:429} INFO - 26/03/14 23:46:36 INFO TaskSetManager: Starting task 11.0 in stage 1.0 (TID 12) (21e4c2b98470, executor driver, partition 11, PROCESS_LOCAL, 9528 bytes)
[2026-03-14T23:46:36.120+0000] {docker.py:429} INFO - 26/03/14 23:46:36 INFO TaskSetManager: Starting task 12.0 in stage 1.0 (TID 13) (21e4c2b98470, executor driver, partition 12, PROCESS_LOCAL, 9410 bytes)
[2026-03-14T23:46:36.121+0000] {docker.py:429} INFO - 26/03/14 23:46:36 INFO Executor: Running task 0.0 in stage 1.0 (TID 1)
[2026-03-14T23:46:36.121+0000] {docker.py:429} INFO - 26/03/14 23:46:36 INFO Executor: Running task 1.0 in stage 1.0 (TID 2)
26/03/14 23:46:36 INFO Executor: Running task 2.0 in stage 1.0 (TID 3)
[2026-03-14T23:46:36.122+0000] {docker.py:429} INFO - 26/03/14 23:46:36 INFO Executor: Running task 3.0 in stage 1.0 (TID 4)
[2026-03-14T23:46:36.122+0000] {docker.py:429} INFO - 26/03/14 23:46:36 INFO Executor: Running task 4.0 in stage 1.0 (TID 5)
[2026-03-14T23:46:36.122+0000] {docker.py:429} INFO - 26/03/14 23:46:36 INFO Executor: Running task 5.0 in stage 1.0 (TID 6)
[2026-03-14T23:46:36.122+0000] {docker.py:429} INFO - 26/03/14 23:46:36 INFO Executor: Running task 6.0 in stage 1.0 (TID 7)
[2026-03-14T23:46:36.123+0000] {docker.py:429} INFO - 26/03/14 23:46:36 INFO Executor: Running task 7.0 in stage 1.0 (TID 8)
[2026-03-14T23:46:36.124+0000] {docker.py:429} INFO - 26/03/14 23:46:36 INFO Executor: Running task 9.0 in stage 1.0 (TID 10)
[2026-03-14T23:46:36.126+0000] {docker.py:429} INFO - 26/03/14 23:46:36 INFO Executor: Running task 8.0 in stage 1.0 (TID 9)
[2026-03-14T23:46:36.126+0000] {docker.py:429} INFO - 26/03/14 23:46:36 INFO Executor: Running task 10.0 in stage 1.0 (TID 11)
[2026-03-14T23:46:36.127+0000] {docker.py:429} INFO - 26/03/14 23:46:36 INFO Executor: Running task 12.0 in stage 1.0 (TID 13)
[2026-03-14T23:46:36.127+0000] {docker.py:429} INFO - 26/03/14 23:46:36 INFO Executor: Running task 11.0 in stage 1.0 (TID 12)
[2026-03-14T23:46:36.143+0000] {docker.py:429} INFO - 26/03/14 23:46:36 INFO BlockManagerInfo: Removed broadcast_0_piece0 on 21e4c2b98470:39617 in memory (size: 36.4 KiB, free: 434.4 MiB)
[2026-03-14T23:46:36.163+0000] {docker.py:429} INFO - 26/03/14 23:46:36 INFO CodeGenerator: Code generated in 10.08705 ms
[2026-03-14T23:46:36.175+0000] {docker.py:429} INFO - 26/03/14 23:46:36 INFO FileScanRDD: Reading File path: s3a://landing-zone/telemetry/2026/03/14/batch_1773531797.json, range: 0-1688, partition values: [empty row]
26/03/14 23:46:36 INFO FileScanRDD: Reading File path: s3a://landing-zone/telemetry/2026/03/14/batch_1773531982.json, range: 0-1687, partition values: [empty row]
26/03/14 23:46:36 INFO FileScanRDD: Reading File path: s3a://landing-zone/telemetry/2026/03/14/batch_1773531549.json, range: 0-1443, partition values: [empty row]
26/03/14 23:46:36 INFO FileScanRDD: Reading File path: s3a://landing-zone/telemetry/2026/03/14/batch_1773531239.json, range: 0-1445, partition values: [empty row]
[2026-03-14T23:46:36.175+0000] {docker.py:429} INFO - 26/03/14 23:46:36 INFO FileScanRDD: Reading File path: s3a://landing-zone/telemetry/2026/03/14/batch_1773531828.json, range: 0-1442, partition values: [empty row]
[2026-03-14T23:46:36.175+0000] {docker.py:429} INFO - 26/03/14 23:46:36 INFO FileScanRDD: Reading File path: s3a://landing-zone/telemetry/2026/03/14/batch_1773531859.json, range: 0-1450, partition values: [empty row]
[2026-03-14T23:46:36.176+0000] {docker.py:429} INFO - 26/03/14 23:46:36 INFO FileScanRDD: Reading File path: s3a://landing-zone/telemetry/2026/03/14/batch_1773531332.json, range: 0-1684, partition values: [empty row]
[2026-03-14T23:46:36.176+0000] {docker.py:429} INFO - 26/03/14 23:46:36 INFO FileScanRDD: Reading File path: s3a://landing-zone/telemetry/2026/03/14/batch_1773531580.json, range: 0-1448, partition values: [empty row]
[2026-03-14T23:46:36.176+0000] {docker.py:429} INFO - 26/03/14 23:46:36 INFO FileScanRDD: Reading File path: s3a://landing-zone/telemetry/2026/03/14/batch_1773531704.json, range: 0-1439, partition values: [empty row]
26/03/14 23:46:36 INFO FileScanRDD: Reading File path: s3a://landing-zone/telemetry/2026/03/14/batch_1773531890.json, range: 0-1449, partition values: [empty row]
26/03/14 23:46:36 INFO FileScanRDD: Reading File path: s3a://landing-zone/telemetry/2026/03/14/batch_1773531611.json, range: 0-1447, partition values: [empty row]
26/03/14 23:46:36 INFO FileScanRDD: Reading File path: s3a://landing-zone/telemetry/2026/03/14/batch_1773531735.json, range: 0-1448, partition values: [empty row]
[2026-03-14T23:46:36.177+0000] {docker.py:429} INFO - 26/03/14 23:46:36 INFO FileScanRDD: Reading File path: s3a://landing-zone/telemetry/2026/03/14/batch_1773531518.json, range: 0-1445, partition values: [empty row]
[2026-03-14T23:46:36.193+0000] {docker.py:429} INFO - 26/03/14 23:46:36 INFO FileScanRDD: Reading File path: s3a://landing-zone/telemetry/2026/03/14/batch_1773531921.json, range: 0-1448, partition values: [empty row]
26/03/14 23:46:36 INFO FileScanRDD: Reading File path: s3a://landing-zone/telemetry/2026/03/14/batch_1773531456.json, range: 0-1445, partition values: [empty row]
[2026-03-14T23:46:36.194+0000] {docker.py:429} INFO - 26/03/14 23:46:36 INFO FileScanRDD: Reading File path: s3a://landing-zone/telemetry/2026/03/14/batch_1773531425.json, range: 0-1448, partition values: [empty row]
[2026-03-14T23:46:36.194+0000] {docker.py:429} INFO - 26/03/14 23:46:36 INFO FileScanRDD: Reading File path: s3a://landing-zone/telemetry/2026/03/14/batch_1773531766.json, range: 0-1450, partition values: [empty row]
[2026-03-14T23:46:36.194+0000] {docker.py:429} INFO - 26/03/14 23:46:36 INFO FileScanRDD: Reading File path: s3a://landing-zone/telemetry/2026/03/14/batch_1773531301.json, range: 0-1446, partition values: [empty row]
[2026-03-14T23:46:36.195+0000] {docker.py:429} INFO - 26/03/14 23:46:36 INFO FileScanRDD: Reading File path: s3a://landing-zone/telemetry/2026/03/14/batch_1773531270.json, range: 0-1449, partition values: [empty row]
[2026-03-14T23:46:36.201+0000] {docker.py:429} INFO - 26/03/14 23:46:36 INFO FileScanRDD: Reading File path: s3a://landing-zone/telemetry/2026/03/14/batch_1773531394.json, range: 0-1442, partition values: [empty row]
[2026-03-14T23:46:36.202+0000] {docker.py:429} INFO - 26/03/14 23:46:36 INFO FileScanRDD: Reading File path: s3a://landing-zone/telemetry/2026/03/14/batch_1773531363.json, range: 0-1441, partition values: [empty row]
26/03/14 23:46:36 INFO FileScanRDD: Reading File path: s3a://landing-zone/telemetry/2026/03/14/batch_1773531673.json, range: 0-1448, partition values: [empty row]
[2026-03-14T23:46:36.203+0000] {docker.py:429} INFO - 26/03/14 23:46:36 INFO FileScanRDD: Reading File path: s3a://landing-zone/telemetry/2026/03/14/batch_1773531487.json, range: 0-1687, partition values: [empty row]
[2026-03-14T23:46:36.207+0000] {docker.py:429} INFO - 26/03/14 23:46:36 INFO FileScanRDD: Reading File path: s3a://landing-zone/telemetry/2026/03/14/batch_1773531951.json, range: 0-1444, partition values: [empty row]
[2026-03-14T23:46:36.209+0000] {docker.py:429} INFO - 26/03/14 23:46:36 INFO FileScanRDD: Reading File path: s3a://landing-zone/telemetry/2026/03/14/batch_1773531642.json, range: 0-1685, partition values: [empty row]
[2026-03-14T23:46:36.241+0000] {docker.py:429} INFO - 26/03/14 23:46:36 INFO Executor: Finished task 9.0 in stage 1.0 (TID 10). 1971 bytes result sent to driver
26/03/14 23:46:36 INFO Executor: Finished task 6.0 in stage 1.0 (TID 7). 1971 bytes result sent to driver
26/03/14 23:46:36 INFO Executor: Finished task 8.0 in stage 1.0 (TID 9). 1971 bytes result sent to driver
26/03/14 23:46:36 INFO Executor: Finished task 1.0 in stage 1.0 (TID 2). 2014 bytes result sent to driver
[2026-03-14T23:46:36.241+0000] {docker.py:429} INFO - 26/03/14 23:46:36 INFO Executor: Finished task 7.0 in stage 1.0 (TID 8). 2014 bytes result sent to driver
[2026-03-14T23:46:36.241+0000] {docker.py:429} INFO - 26/03/14 23:46:36 INFO Executor: Finished task 11.0 in stage 1.0 (TID 12). 2014 bytes result sent to driver
[2026-03-14T23:46:36.242+0000] {docker.py:429} INFO - 26/03/14 23:46:36 INFO Executor: Finished task 5.0 in stage 1.0 (TID 6). 1971 bytes result sent to driver
[2026-03-14T23:46:36.242+0000] {docker.py:429} INFO - 26/03/14 23:46:36 INFO Executor: Finished task 10.0 in stage 1.0 (TID 11). 1971 bytes result sent to driver
26/03/14 23:46:36 INFO Executor: Finished task 12.0 in stage 1.0 (TID 13). 1971 bytes result sent to driver
[2026-03-14T23:46:36.242+0000] {docker.py:429} INFO - 26/03/14 23:46:36 INFO Executor: Finished task 3.0 in stage 1.0 (TID 4). 1971 bytes result sent to driver
26/03/14 23:46:36 INFO Executor: Finished task 4.0 in stage 1.0 (TID 5). 1971 bytes result sent to driver
[2026-03-14T23:46:36.242+0000] {docker.py:429} INFO - 26/03/14 23:46:36 INFO Executor: Finished task 2.0 in stage 1.0 (TID 3). 1971 bytes result sent to driver
[2026-03-14T23:46:36.242+0000] {docker.py:429} INFO - 26/03/14 23:46:36 INFO Executor: Finished task 0.0 in stage 1.0 (TID 1). 1971 bytes result sent to driver
[2026-03-14T23:46:36.244+0000] {docker.py:429} INFO - 26/03/14 23:46:36 INFO TaskSetManager: Finished task 1.0 in stage 1.0 (TID 2) in 131 ms on 21e4c2b98470 (executor driver) (1/13)
[2026-03-14T23:46:36.244+0000] {docker.py:429} INFO - 26/03/14 23:46:36 INFO TaskSetManager: Finished task 9.0 in stage 1.0 (TID 10) in 126 ms on 21e4c2b98470 (executor driver) (2/13)
[2026-03-14T23:46:36.244+0000] {docker.py:429} INFO - 26/03/14 23:46:36 INFO TaskSetManager: Finished task 7.0 in stage 1.0 (TID 8) in 126 ms on 21e4c2b98470 (executor driver) (3/13)
[2026-03-14T23:46:36.245+0000] {docker.py:429} INFO - 26/03/14 23:46:36 INFO TaskSetManager: Finished task 11.0 in stage 1.0 (TID 12) in 125 ms on 21e4c2b98470 (executor driver) (4/13)
[2026-03-14T23:46:36.245+0000] {docker.py:429} INFO - 26/03/14 23:46:36 INFO TaskSetManager: Finished task 10.0 in stage 1.0 (TID 11) in 126 ms on 21e4c2b98470 (executor driver) (5/13)
[2026-03-14T23:46:36.245+0000] {docker.py:429} INFO - 26/03/14 23:46:36 INFO TaskSetManager: Finished task 3.0 in stage 1.0 (TID 4) in 129 ms on 21e4c2b98470 (executor driver) (6/13)
[2026-03-14T23:46:36.246+0000] {docker.py:429} INFO - 26/03/14 23:46:36 INFO TaskSetManager: Finished task 5.0 in stage 1.0 (TID 6) in 128 ms on 21e4c2b98470 (executor driver) (7/13)
[2026-03-14T23:46:36.246+0000] {docker.py:429} INFO - 26/03/14 23:46:36 INFO TaskSetManager: Finished task 12.0 in stage 1.0 (TID 13) in 125 ms on 21e4c2b98470 (executor driver) (8/13)
[2026-03-14T23:46:36.246+0000] {docker.py:429} INFO - 26/03/14 23:46:36 INFO TaskSetManager: Finished task 4.0 in stage 1.0 (TID 5) in 130 ms on 21e4c2b98470 (executor driver) (9/13)
[2026-03-14T23:46:36.247+0000] {docker.py:429} INFO - 26/03/14 23:46:36 INFO TaskSetManager: Finished task 6.0 in stage 1.0 (TID 7) in 129 ms on 21e4c2b98470 (executor driver) (10/13)
[2026-03-14T23:46:36.249+0000] {docker.py:429} INFO - 26/03/14 23:46:36 INFO TaskSetManager: Finished task 2.0 in stage 1.0 (TID 3) in 131 ms on 21e4c2b98470 (executor driver) (11/13)
[2026-03-14T23:46:36.249+0000] {docker.py:429} INFO - 26/03/14 23:46:36 INFO TaskSetManager: Finished task 8.0 in stage 1.0 (TID 9) in 129 ms on 21e4c2b98470 (executor driver) (12/13)
[2026-03-14T23:46:36.250+0000] {docker.py:429} INFO - 26/03/14 23:46:36 INFO TaskSetManager: Finished task 0.0 in stage 1.0 (TID 1) in 138 ms on 21e4c2b98470 (executor driver) (13/13)
[2026-03-14T23:46:36.250+0000] {docker.py:429} INFO - 26/03/14 23:46:36 INFO TaskSchedulerImpl: Removed TaskSet 1.0, whose tasks have all completed, from pool
[2026-03-14T23:46:36.255+0000] {docker.py:429} INFO - 26/03/14 23:46:36 INFO DAGScheduler: ShuffleMapStage 1 (count at NativeMethodAccessorImpl.java:0) finished in 0.169 s
[2026-03-14T23:46:36.256+0000] {docker.py:429} INFO - 26/03/14 23:46:36 INFO DAGScheduler: looking for newly runnable stages
[2026-03-14T23:46:36.256+0000] {docker.py:429} INFO - 26/03/14 23:46:36 INFO DAGScheduler: running: Set()
[2026-03-14T23:46:36.257+0000] {docker.py:429} INFO - 26/03/14 23:46:36 INFO DAGScheduler: waiting: Set()
[2026-03-14T23:46:36.257+0000] {docker.py:429} INFO - 26/03/14 23:46:36 INFO DAGScheduler: failed: Set()
[2026-03-14T23:46:36.305+0000] {docker.py:429} INFO - 26/03/14 23:46:36 INFO CodeGenerator: Code generated in 12.300645 ms
[2026-03-14T23:46:36.324+0000] {docker.py:429} INFO - 26/03/14 23:46:36 INFO SparkContext: Starting job: count at NativeMethodAccessorImpl.java:0
[2026-03-14T23:46:36.326+0000] {docker.py:429} INFO - 26/03/14 23:46:36 INFO DAGScheduler: Got job 2 (count at NativeMethodAccessorImpl.java:0) with 1 output partitions
[2026-03-14T23:46:36.326+0000] {docker.py:429} INFO - 26/03/14 23:46:36 INFO DAGScheduler: Final stage: ResultStage 3 (count at NativeMethodAccessorImpl.java:0)
[2026-03-14T23:46:36.326+0000] {docker.py:429} INFO - 26/03/14 23:46:36 INFO DAGScheduler: Parents of final stage: List(ShuffleMapStage 2)
[2026-03-14T23:46:36.326+0000] {docker.py:429} INFO - 26/03/14 23:46:36 INFO DAGScheduler: Missing parents: List()
[2026-03-14T23:46:36.326+0000] {docker.py:429} INFO - 26/03/14 23:46:36 INFO DAGScheduler: Submitting ResultStage 3 (MapPartitionsRDD[9] at count at NativeMethodAccessorImpl.java:0), which has no missing parents
[2026-03-14T23:46:36.336+0000] {docker.py:429} INFO - 26/03/14 23:46:36 INFO MemoryStore: Block broadcast_4 stored as values in memory (estimated size 12.5 KiB, free 434.1 MiB)
[2026-03-14T23:46:36.340+0000] {docker.py:429} INFO - 26/03/14 23:46:36 INFO MemoryStore: Block broadcast_4_piece0 stored as bytes in memory (estimated size 5.9 KiB, free 434.1 MiB)
[2026-03-14T23:46:36.340+0000] {docker.py:429} INFO - 26/03/14 23:46:36 INFO BlockManagerInfo: Added broadcast_4_piece0 in memory on 21e4c2b98470:39617 (size: 5.9 KiB, free: 434.4 MiB)
[2026-03-14T23:46:36.340+0000] {docker.py:429} INFO - 26/03/14 23:46:36 INFO BlockManagerInfo: Removed broadcast_3_piece0 on 21e4c2b98470:39617 in memory (size: 8.3 KiB, free: 434.4 MiB)
26/03/14 23:46:36 INFO SparkContext: Created broadcast 4 from broadcast at DAGScheduler.scala:1585
[2026-03-14T23:46:36.341+0000] {docker.py:429} INFO - 26/03/14 23:46:36 INFO DAGScheduler: Submitting 1 missing tasks from ResultStage 3 (MapPartitionsRDD[9] at count at NativeMethodAccessorImpl.java:0) (first 15 tasks are for partitions Vector(0))
[2026-03-14T23:46:36.341+0000] {docker.py:429} INFO - 26/03/14 23:46:36 INFO TaskSchedulerImpl: Adding task set 3.0 with 1 tasks resource profile 0
[2026-03-14T23:46:36.345+0000] {docker.py:429} INFO - 26/03/14 23:46:36 INFO TaskSetManager: Starting task 0.0 in stage 3.0 (TID 14) (21e4c2b98470, executor driver, partition 0, NODE_LOCAL, 8797 bytes)
[2026-03-14T23:46:36.346+0000] {docker.py:429} INFO - 26/03/14 23:46:36 INFO Executor: Running task 0.0 in stage 3.0 (TID 14)
[2026-03-14T23:46:36.377+0000] {docker.py:429} INFO - 26/03/14 23:46:36 INFO ShuffleBlockFetcherIterator: Getting 13 (780.0 B) non-empty blocks including 13 (780.0 B) local and 0 (0.0 B) host-local and 0 (0.0 B) push-merged-local and 0 (0.0 B) remote blocks
[2026-03-14T23:46:36.378+0000] {docker.py:429} INFO - 26/03/14 23:46:36 INFO ShuffleBlockFetcherIterator: Started 0 remote fetches in 7 ms
[2026-03-14T23:46:36.393+0000] {docker.py:429} INFO - 26/03/14 23:46:36 INFO CodeGenerator: Code generated in 7.98184 ms
[2026-03-14T23:46:36.406+0000] {docker.py:429} INFO - 26/03/14 23:46:36 INFO Executor: Finished task 0.0 in stage 3.0 (TID 14). 4038 bytes result sent to driver
[2026-03-14T23:46:36.407+0000] {docker.py:429} INFO - 26/03/14 23:46:36 INFO TaskSetManager: Finished task 0.0 in stage 3.0 (TID 14) in 64 ms on 21e4c2b98470 (executor driver) (1/1)
[2026-03-14T23:46:36.407+0000] {docker.py:429} INFO - 26/03/14 23:46:36 INFO TaskSchedulerImpl: Removed TaskSet 3.0, whose tasks have all completed, from pool
[2026-03-14T23:46:36.408+0000] {docker.py:429} INFO - 26/03/14 23:46:36 INFO DAGScheduler: ResultStage 3 (count at NativeMethodAccessorImpl.java:0) finished in 0.074 s
[2026-03-14T23:46:36.409+0000] {docker.py:429} INFO - 26/03/14 23:46:36 INFO DAGScheduler: Job 2 is finished. Cancelling potential speculative or zombie tasks for this job
[2026-03-14T23:46:36.409+0000] {docker.py:429} INFO - 26/03/14 23:46:36 INFO TaskSchedulerImpl: Killing all running tasks in stage 3: Stage finished
[2026-03-14T23:46:36.409+0000] {docker.py:429} INFO - 26/03/14 23:46:36 INFO DAGScheduler: Job 2 finished: count at NativeMethodAccessorImpl.java:0, took 0.084712 s
[2026-03-14T23:46:36.412+0000] {docker.py:429} INFO - Found 465 records. Appending to Iceberg...
[2026-03-14T23:46:36.661+0000] {docker.py:429} INFO - 26/03/14 23:46:36 INFO CatalogUtil: Loading custom FileIO implementation: org.apache.iceberg.hadoop.HadoopFileIO
[2026-03-14T23:46:36.958+0000] {docker.py:429} INFO - 26/03/14 23:46:36 INFO BaseMetastoreTableOperations: Refreshing table metadata from new version: s3a://warehouse/gold/sensor_telemetry_historical_2d5736bc-ddcb-4955-b7c3-8a46e0b83281/metadata/00000-9de05ce7-e891-489f-8a80-d15cb22639da.metadata.json
[2026-03-14T23:46:37.007+0000] {docker.py:429} INFO - 26/03/14 23:46:37 INFO NessieUtil: loadTableMetadata for 'gold.sensor_telemetry_historical' from location 's3a://warehouse/gold/sensor_telemetry_historical_2d5736bc-ddcb-4955-b7c3-8a46e0b83281/metadata/00000-9de05ce7-e891-489f-8a80-d15cb22639da.metadata.json' at 'Branch{name=main, metadata=null, hash=7f6c93851fe00533ac0307b5ce6b15f87ff1821d9be8a8d29a937742f0fd8a7e}'
[2026-03-14T23:46:37.011+0000] {docker.py:429} INFO - 26/03/14 23:46:37 INFO BaseMetastoreCatalog: Table loaded by catalog: nessie.gold.sensor_telemetry_historical
[2026-03-14T23:46:37.056+0000] {docker.py:429} INFO - 26/03/14 23:46:37 INFO SparkWrite: Requesting 0 bytes advisory partition size for table nessie.gold.sensor_telemetry_historical
[2026-03-14T23:46:37.057+0000] {docker.py:429} INFO - 26/03/14 23:46:37 INFO SparkWrite: Requesting UnspecifiedDistribution as write distribution for table nessie.gold.sensor_telemetry_historical
[2026-03-14T23:46:37.057+0000] {docker.py:429} INFO - 26/03/14 23:46:37 INFO SparkWrite: Requesting [] as write ordering for table nessie.gold.sensor_telemetry_historical
[2026-03-14T23:46:37.062+0000] {docker.py:429} INFO - 26/03/14 23:46:37 INFO FileSourceStrategy: Pushed Filters:
[2026-03-14T23:46:37.062+0000] {docker.py:429} INFO - 26/03/14 23:46:37 INFO FileSourceStrategy: Post-Scan Filters:
[2026-03-14T23:46:37.070+0000] {docker.py:429} INFO - 26/03/14 23:46:37 INFO MemoryStore: Block broadcast_5 stored as values in memory (estimated size 206.0 KiB, free 433.9 MiB)
[2026-03-14T23:46:37.079+0000] {docker.py:429} INFO - 26/03/14 23:46:37 INFO MemoryStore: Block broadcast_5_piece0 stored as bytes in memory (estimated size 36.4 KiB, free 433.9 MiB)
[2026-03-14T23:46:37.080+0000] {docker.py:429} INFO - 26/03/14 23:46:37 INFO BlockManagerInfo: Added broadcast_5_piece0 in memory on 21e4c2b98470:39617 (size: 36.4 KiB, free: 434.3 MiB)
[2026-03-14T23:46:37.080+0000] {docker.py:429} INFO - 26/03/14 23:46:37 INFO SparkContext: Created broadcast 5 from saveAsTable at NativeMethodAccessorImpl.java:0
[2026-03-14T23:46:37.080+0000] {docker.py:429} INFO - 26/03/14 23:46:37 INFO BlockManagerInfo: Removed broadcast_4_piece0 on 21e4c2b98470:39617 in memory (size: 5.9 KiB, free: 434.3 MiB)
[2026-03-14T23:46:37.084+0000] {docker.py:429} INFO - 26/03/14 23:46:37 INFO FileSourceScanExec: Planning scan with bin packing, max size: 6555934 bytes, open cost is considered as scanning 4194304 bytes.
[2026-03-14T23:46:37.086+0000] {docker.py:429} INFO - 26/03/14 23:46:37 INFO BlockManagerInfo: Removed broadcast_2_piece0 on 21e4c2b98470:39617 in memory (size: 36.4 KiB, free: 434.4 MiB)
[2026-03-14T23:46:37.105+0000] {docker.py:429} INFO - 26/03/14 23:46:37 INFO MemoryStore: Block broadcast_6 stored as values in memory (estimated size 32.0 KiB, free 434.1 MiB)
[2026-03-14T23:46:37.120+0000] {docker.py:429} INFO - 26/03/14 23:46:37 INFO MemoryStore: Block broadcast_6_piece0 stored as bytes in memory (estimated size 30.6 KiB, free 434.1 MiB)
[2026-03-14T23:46:37.120+0000] {docker.py:429} INFO - 26/03/14 23:46:37 INFO BlockManagerInfo: Added broadcast_6_piece0 in memory on 21e4c2b98470:39617 (size: 30.6 KiB, free: 434.3 MiB)
[2026-03-14T23:46:37.120+0000] {docker.py:429} INFO - 26/03/14 23:46:37 INFO SparkContext: Created broadcast 6 from broadcast at SparkWrite.java:193
[2026-03-14T23:46:37.122+0000] {docker.py:429} INFO - 26/03/14 23:46:37 INFO AppendDataExec: Start processing data source write support: IcebergBatchWrite(table=nessie.gold.sensor_telemetry_historical, format=PARQUET). The input RDD has 13 partitions.
[2026-03-14T23:46:37.130+0000] {docker.py:429} INFO - 26/03/14 23:46:37 INFO SparkContext: Starting job: saveAsTable at NativeMethodAccessorImpl.java:0
[2026-03-14T23:46:37.133+0000] {docker.py:429} INFO - 26/03/14 23:46:37 INFO DAGScheduler: Got job 3 (saveAsTable at NativeMethodAccessorImpl.java:0) with 13 output partitions
[2026-03-14T23:46:37.134+0000] {docker.py:429} INFO - 26/03/14 23:46:37 INFO DAGScheduler: Final stage: ResultStage 4 (saveAsTable at NativeMethodAccessorImpl.java:0)
[2026-03-14T23:46:37.135+0000] {docker.py:429} INFO - 26/03/14 23:46:37 INFO DAGScheduler: Parents of final stage: List()
[2026-03-14T23:46:37.135+0000] {docker.py:429} INFO - 26/03/14 23:46:37 INFO DAGScheduler: Missing parents: List()
[2026-03-14T23:46:37.135+0000] {docker.py:429} INFO - 26/03/14 23:46:37 INFO DAGScheduler: Submitting ResultStage 4 (MapPartitionsRDD[11] at saveAsTable at NativeMethodAccessorImpl.java:0), which has no missing parents
[2026-03-14T23:46:37.142+0000] {docker.py:429} INFO - 26/03/14 23:46:37 INFO MemoryStore: Block broadcast_7 stored as values in memory (estimated size 13.2 KiB, free 434.1 MiB)
[2026-03-14T23:46:37.142+0000] {docker.py:429} INFO - 26/03/14 23:46:37 INFO MemoryStore: Block broadcast_7_piece0 stored as bytes in memory (estimated size 6.9 KiB, free 434.1 MiB)
[2026-03-14T23:46:37.143+0000] {docker.py:429} INFO - 26/03/14 23:46:37 INFO BlockManagerInfo: Added broadcast_7_piece0 in memory on 21e4c2b98470:39617 (size: 6.9 KiB, free: 434.3 MiB)
[2026-03-14T23:46:37.143+0000] {docker.py:429} INFO - 26/03/14 23:46:37 INFO SparkContext: Created broadcast 7 from broadcast at DAGScheduler.scala:1585
[2026-03-14T23:46:37.144+0000] {docker.py:429} INFO - 26/03/14 23:46:37 INFO DAGScheduler: Submitting 13 missing tasks from ResultStage 4 (MapPartitionsRDD[11] at saveAsTable at NativeMethodAccessorImpl.java:0) (first 15 tasks are for partitions Vector(0, 1, 2, 3, 4, 5, 6, 7, 8, 9, 10, 11, 12))
[2026-03-14T23:46:37.144+0000] {docker.py:429} INFO - 26/03/14 23:46:37 INFO TaskSchedulerImpl: Adding task set 4.0 with 13 tasks resource profile 0
[2026-03-14T23:46:37.146+0000] {docker.py:429} INFO - 26/03/14 23:46:37 INFO TaskSetManager: Starting task 0.0 in stage 4.0 (TID 15) (21e4c2b98470, executor driver, partition 0, PROCESS_LOCAL, 9539 bytes)
[2026-03-14T23:46:37.147+0000] {docker.py:429} INFO - 26/03/14 23:46:37 INFO TaskSetManager: Starting task 1.0 in stage 4.0 (TID 16) (21e4c2b98470, executor driver, partition 1, PROCESS_LOCAL, 9539 bytes)
[2026-03-14T23:46:37.147+0000] {docker.py:429} INFO - 26/03/14 23:46:37 INFO TaskSetManager: Starting task 2.0 in stage 4.0 (TID 17) (21e4c2b98470, executor driver, partition 2, PROCESS_LOCAL, 9539 bytes)
[2026-03-14T23:46:37.147+0000] {docker.py:429} INFO - 26/03/14 23:46:37 INFO TaskSetManager: Starting task 3.0 in stage 4.0 (TID 18) (21e4c2b98470, executor driver, partition 3, PROCESS_LOCAL, 9539 bytes)
[2026-03-14T23:46:37.147+0000] {docker.py:429} INFO - 26/03/14 23:46:37 INFO TaskSetManager: Starting task 4.0 in stage 4.0 (TID 19) (21e4c2b98470, executor driver, partition 4, PROCESS_LOCAL, 9539 bytes)
[2026-03-14T23:46:37.147+0000] {docker.py:429} INFO - 26/03/14 23:46:37 INFO TaskSetManager: Starting task 5.0 in stage 4.0 (TID 20) (21e4c2b98470, executor driver, partition 5, PROCESS_LOCAL, 9539 bytes)
[2026-03-14T23:46:37.148+0000] {docker.py:429} INFO - 26/03/14 23:46:37 INFO TaskSetManager: Starting task 6.0 in stage 4.0 (TID 21) (21e4c2b98470, executor driver, partition 6, PROCESS_LOCAL, 9539 bytes)
[2026-03-14T23:46:37.148+0000] {docker.py:429} INFO - 26/03/14 23:46:37 INFO TaskSetManager: Starting task 7.0 in stage 4.0 (TID 22) (21e4c2b98470, executor driver, partition 7, PROCESS_LOCAL, 9539 bytes)
[2026-03-14T23:46:37.150+0000] {docker.py:429} INFO - 26/03/14 23:46:37 INFO TaskSetManager: Starting task 8.0 in stage 4.0 (TID 23) (21e4c2b98470, executor driver, partition 8, PROCESS_LOCAL, 9539 bytes)
[2026-03-14T23:46:37.151+0000] {docker.py:429} INFO - 26/03/14 23:46:37 INFO TaskSetManager: Starting task 9.0 in stage 4.0 (TID 24) (21e4c2b98470, executor driver, partition 9, PROCESS_LOCAL, 9539 bytes)
[2026-03-14T23:46:37.151+0000] {docker.py:429} INFO - 26/03/14 23:46:37 INFO TaskSetManager: Starting task 10.0 in stage 4.0 (TID 25) (21e4c2b98470, executor driver, partition 10, PROCESS_LOCAL, 9539 bytes)
[2026-03-14T23:46:37.151+0000] {docker.py:429} INFO - 26/03/14 23:46:37 INFO TaskSetManager: Starting task 11.0 in stage 4.0 (TID 26) (21e4c2b98470, executor driver, partition 11, PROCESS_LOCAL, 9539 bytes)
[2026-03-14T23:46:37.152+0000] {docker.py:429} INFO - 26/03/14 23:46:37 INFO TaskSetManager: Starting task 12.0 in stage 4.0 (TID 27) (21e4c2b98470, executor driver, partition 12, PROCESS_LOCAL, 9421 bytes)
[2026-03-14T23:46:37.152+0000] {docker.py:429} INFO - 26/03/14 23:46:37 INFO Executor: Running task 3.0 in stage 4.0 (TID 18)
26/03/14 23:46:37 INFO Executor: Running task 5.0 in stage 4.0 (TID 20)
26/03/14 23:46:37 INFO Executor: Running task 4.0 in stage 4.0 (TID 19)
26/03/14 23:46:37 INFO Executor: Running task 7.0 in stage 4.0 (TID 22)
26/03/14 23:46:37 INFO Executor: Running task 0.0 in stage 4.0 (TID 15)
26/03/14 23:46:37 INFO Executor: Running task 2.0 in stage 4.0 (TID 17)
26/03/14 23:46:37 INFO Executor: Running task 8.0 in stage 4.0 (TID 23)
[2026-03-14T23:46:37.153+0000] {docker.py:429} INFO - 26/03/14 23:46:37 INFO Executor: Running task 11.0 in stage 4.0 (TID 26)
26/03/14 23:46:37 INFO Executor: Running task 9.0 in stage 4.0 (TID 24)
[2026-03-14T23:46:37.153+0000] {docker.py:429} INFO - 26/03/14 23:46:37 INFO Executor: Running task 12.0 in stage 4.0 (TID 27)
[2026-03-14T23:46:37.153+0000] {docker.py:429} INFO - 26/03/14 23:46:37 INFO Executor: Running task 10.0 in stage 4.0 (TID 25)
[2026-03-14T23:46:37.153+0000] {docker.py:429} INFO - 26/03/14 23:46:37 INFO Executor: Running task 1.0 in stage 4.0 (TID 16)
[2026-03-14T23:46:37.154+0000] {docker.py:429} INFO - 26/03/14 23:46:37 INFO Executor: Running task 6.0 in stage 4.0 (TID 21)
[2026-03-14T23:46:37.231+0000] {docker.py:429} INFO - 26/03/14 23:46:37 INFO CodecPool: Got brand-new compressor [.zstd]
26/03/14 23:46:37 INFO CodecPool: Got brand-new compressor [.zstd]
26/03/14 23:46:37 INFO CodecPool: Got brand-new compressor [.zstd]
26/03/14 23:46:37 INFO CodecPool: Got brand-new compressor [.zstd]
26/03/14 23:46:37 INFO CodecPool: Got brand-new compressor [.zstd]
26/03/14 23:46:37 INFO CodecPool: Got brand-new compressor [.zstd]
26/03/14 23:46:37 INFO CodecPool: Got brand-new compressor [.zstd]
[2026-03-14T23:46:37.238+0000] {docker.py:429} INFO - 26/03/14 23:46:37 INFO CodecPool: Got brand-new compressor [.zstd]
26/03/14 23:46:37 INFO CodecPool: Got brand-new compressor [.zstd]
[2026-03-14T23:46:37.239+0000] {docker.py:429} INFO - 26/03/14 23:46:37 INFO CodecPool: Got brand-new compressor [.zstd]
26/03/14 23:46:37 INFO CodecPool: Got brand-new compressor [.zstd]
[2026-03-14T23:46:37.239+0000] {docker.py:429} INFO - 26/03/14 23:46:37 INFO CodecPool: Got brand-new compressor [.zstd]
[2026-03-14T23:46:37.239+0000] {docker.py:429} INFO - 26/03/14 23:46:37 INFO CodecPool: Got brand-new compressor [.zstd]
[2026-03-14T23:46:37.419+0000] {docker.py:429} INFO - 26/03/14 23:46:37 INFO FileScanRDD: Reading File path: s3a://landing-zone/telemetry/2026/03/14/batch_1773531859.json, range: 0-1450, partition values: [empty row]
26/03/14 23:46:37 INFO FileScanRDD: Reading File path: s3a://landing-zone/telemetry/2026/03/14/batch_1773531239.json, range: 0-1445, partition values: [empty row]
26/03/14 23:46:37 INFO FileScanRDD: Reading File path: s3a://landing-zone/telemetry/2026/03/14/batch_1773531549.json, range: 0-1443, partition values: [empty row]
26/03/14 23:46:37 INFO FileScanRDD: Reading File path: s3a://landing-zone/telemetry/2026/03/14/batch_1773531332.json, range: 0-1684, partition values: [empty row]
26/03/14 23:46:37 INFO FileScanRDD: Reading File path: s3a://landing-zone/telemetry/2026/03/14/batch_1773531797.json, range: 0-1688, partition values: [empty row]
26/03/14 23:46:37 INFO FileScanRDD: Reading File path: s3a://landing-zone/telemetry/2026/03/14/batch_1773531982.json, range: 0-1687, partition values: [empty row]
[2026-03-14T23:46:37.419+0000] {docker.py:429} INFO - 26/03/14 23:46:37 INFO FileScanRDD: Reading File path: s3a://landing-zone/telemetry/2026/03/14/batch_1773531735.json, range: 0-1448, partition values: [empty row]
26/03/14 23:46:37 INFO FileScanRDD: Reading File path: s3a://landing-zone/telemetry/2026/03/14/batch_1773531704.json, range: 0-1439, partition values: [empty row]
[2026-03-14T23:46:37.420+0000] {docker.py:429} INFO - 26/03/14 23:46:37 INFO FileScanRDD: Reading File path: s3a://landing-zone/telemetry/2026/03/14/batch_1773531890.json, range: 0-1449, partition values: [empty row]
[2026-03-14T23:46:37.420+0000] {docker.py:429} INFO - 26/03/14 23:46:37 INFO FileScanRDD: Reading File path: s3a://landing-zone/telemetry/2026/03/14/batch_1773531580.json, range: 0-1448, partition values: [empty row]
[2026-03-14T23:46:37.420+0000] {docker.py:429} INFO - 26/03/14 23:46:37 INFO FileScanRDD: Reading File path: s3a://landing-zone/telemetry/2026/03/14/batch_1773531611.json, range: 0-1447, partition values: [empty row]
26/03/14 23:46:37 INFO FileScanRDD: Reading File path: s3a://landing-zone/telemetry/2026/03/14/batch_1773531518.json, range: 0-1445, partition values: [empty row]
[2026-03-14T23:46:37.420+0000] {docker.py:429} INFO - 26/03/14 23:46:37 INFO FileScanRDD: Reading File path: s3a://landing-zone/telemetry/2026/03/14/batch_1773531828.json, range: 0-1442, partition values: [empty row]
[2026-03-14T23:46:37.441+0000] {docker.py:429} INFO - 26/03/14 23:46:37 INFO CodeGenerator: Code generated in 15.274816 ms
[2026-03-14T23:46:37.466+0000] {docker.py:429} INFO - 26/03/14 23:46:37 INFO FileScanRDD: Reading File path: s3a://landing-zone/telemetry/2026/03/14/batch_1773531363.json, range: 0-1441, partition values: [empty row]
[2026-03-14T23:46:37.468+0000] {docker.py:429} INFO - 26/03/14 23:46:37 INFO FileScanRDD: Reading File path: s3a://landing-zone/telemetry/2026/03/14/batch_1773531270.json, range: 0-1449, partition values: [empty row]
[2026-03-14T23:46:37.468+0000] {docker.py:429} INFO - 26/03/14 23:46:37 INFO FileScanRDD: Reading File path: s3a://landing-zone/telemetry/2026/03/14/batch_1773531921.json, range: 0-1448, partition values: [empty row]
[2026-03-14T23:46:37.468+0000] {docker.py:429} INFO - 26/03/14 23:46:37 INFO FileScanRDD: Reading File path: s3a://landing-zone/telemetry/2026/03/14/batch_1773531766.json, range: 0-1450, partition values: [empty row]
[2026-03-14T23:46:37.470+0000] {docker.py:429} INFO - 26/03/14 23:46:37 INFO FileScanRDD: Reading File path: s3a://landing-zone/telemetry/2026/03/14/batch_1773531487.json, range: 0-1687, partition values: [empty row]
26/03/14 23:46:37 INFO FileScanRDD: Reading File path: s3a://landing-zone/telemetry/2026/03/14/batch_1773531301.json, range: 0-1446, partition values: [empty row]
[2026-03-14T23:46:37.471+0000] {docker.py:429} INFO - 26/03/14 23:46:37 INFO FileScanRDD: Reading File path: s3a://landing-zone/telemetry/2026/03/14/batch_1773531394.json, range: 0-1442, partition values: [empty row]
[2026-03-14T23:46:37.471+0000] {docker.py:429} INFO - 26/03/14 23:46:37 INFO FileScanRDD: Reading File path: s3a://landing-zone/telemetry/2026/03/14/batch_1773531456.json, range: 0-1445, partition values: [empty row]
26/03/14 23:46:37 INFO FileScanRDD: Reading File path: s3a://landing-zone/telemetry/2026/03/14/batch_1773531425.json, range: 0-1448, partition values: [empty row]
[2026-03-14T23:46:37.471+0000] {docker.py:429} INFO - 26/03/14 23:46:37 INFO FileScanRDD: Reading File path: s3a://landing-zone/telemetry/2026/03/14/batch_1773531673.json, range: 0-1448, partition values: [empty row]
[2026-03-14T23:46:37.473+0000] {docker.py:429} INFO - 26/03/14 23:46:37 INFO FileScanRDD: Reading File path: s3a://landing-zone/telemetry/2026/03/14/batch_1773531951.json, range: 0-1444, partition values: [empty row]
[2026-03-14T23:46:37.476+0000] {docker.py:429} INFO - 26/03/14 23:46:37 INFO DataWritingSparkTask: Commit authorized for partition 12 (task 27, attempt 0, stage 4.0)
[2026-03-14T23:46:37.476+0000] {docker.py:429} INFO - 26/03/14 23:46:37 INFO FileScanRDD: Reading File path: s3a://landing-zone/telemetry/2026/03/14/batch_1773531642.json, range: 0-1685, partition values: [empty row]
[2026-03-14T23:46:37.485+0000] {docker.py:429} INFO - 26/03/14 23:46:37 INFO DataWritingSparkTask: Commit authorized for partition 2 (task 17, attempt 0, stage 4.0)
[2026-03-14T23:46:37.487+0000] {docker.py:429} INFO - 26/03/14 23:46:37 INFO DataWritingSparkTask: Commit authorized for partition 4 (task 19, attempt 0, stage 4.0)
26/03/14 23:46:37 INFO DataWritingSparkTask: Commit authorized for partition 10 (task 25, attempt 0, stage 4.0)
26/03/14 23:46:37 INFO DataWritingSparkTask: Commit authorized for partition 6 (task 21, attempt 0, stage 4.0)
[2026-03-14T23:46:37.487+0000] {docker.py:429} INFO - 26/03/14 23:46:37 INFO DataWritingSparkTask: Commit authorized for partition 9 (task 24, attempt 0, stage 4.0)
[2026-03-14T23:46:37.488+0000] {docker.py:429} INFO - 26/03/14 23:46:37 INFO DataWritingSparkTask: Commit authorized for partition 0 (task 15, attempt 0, stage 4.0)
[2026-03-14T23:46:37.488+0000] {docker.py:429} INFO - 26/03/14 23:46:37 INFO DataWritingSparkTask: Commit authorized for partition 3 (task 18, attempt 0, stage 4.0)
[2026-03-14T23:46:37.489+0000] {docker.py:429} INFO - 26/03/14 23:46:37 INFO DataWritingSparkTask: Commit authorized for partition 7 (task 22, attempt 0, stage 4.0)
[2026-03-14T23:46:37.489+0000] {docker.py:429} INFO - 26/03/14 23:46:37 INFO DataWritingSparkTask: Commit authorized for partition 5 (task 20, attempt 0, stage 4.0)
[2026-03-14T23:46:37.491+0000] {docker.py:429} INFO - 26/03/14 23:46:37 INFO DataWritingSparkTask: Commit authorized for partition 11 (task 26, attempt 0, stage 4.0)
26/03/14 23:46:37 INFO DataWritingSparkTask: Commit authorized for partition 8 (task 23, attempt 0, stage 4.0)
[2026-03-14T23:46:37.491+0000] {docker.py:429} INFO - 26/03/14 23:46:37 INFO DataWritingSparkTask: Commit authorized for partition 1 (task 16, attempt 0, stage 4.0)
[2026-03-14T23:46:37.925+0000] {docker.py:429} INFO - 26/03/14 23:46:37 INFO DataWritingSparkTask: Committed partition 7 (task 22, attempt 0, stage 4.0)
26/03/14 23:46:37 INFO DataWritingSparkTask: Committed partition 3 (task 18, attempt 0, stage 4.0)
26/03/14 23:46:37 INFO DataWritingSparkTask: Committed partition 0 (task 15, attempt 0, stage 4.0)
26/03/14 23:46:37 INFO DataWritingSparkTask: Committed partition 12 (task 27, attempt 0, stage 4.0)
26/03/14 23:46:37 INFO DataWritingSparkTask: Committed partition 11 (task 26, attempt 0, stage 4.0)
26/03/14 23:46:37 INFO DataWritingSparkTask: Committed partition 2 (task 17, attempt 0, stage 4.0)
26/03/14 23:46:37 INFO DataWritingSparkTask: Committed partition 10 (task 25, attempt 0, stage 4.0)
26/03/14 23:46:37 INFO DataWritingSparkTask: Committed partition 1 (task 16, attempt 0, stage 4.0)
[2026-03-14T23:46:37.925+0000] {docker.py:429} INFO - 26/03/14 23:46:37 INFO DataWritingSparkTask: Committed partition 5 (task 20, attempt 0, stage 4.0)
26/03/14 23:46:37 INFO DataWritingSparkTask: Committed partition 4 (task 19, attempt 0, stage 4.0)
[2026-03-14T23:46:37.932+0000] {docker.py:429} INFO - 26/03/14 23:46:37 INFO DataWritingSparkTask: Committed partition 9 (task 24, attempt 0, stage 4.0)
[2026-03-14T23:46:37.939+0000] {docker.py:429} INFO - 26/03/14 23:46:37 INFO Executor: Finished task 7.0 in stage 4.0 (TID 22). 4140 bytes result sent to driver
26/03/14 23:46:37 INFO Executor: Finished task 5.0 in stage 4.0 (TID 20). 4140 bytes result sent to driver
26/03/14 23:46:37 INFO Executor: Finished task 0.0 in stage 4.0 (TID 15). 4140 bytes result sent to driver
26/03/14 23:46:37 INFO Executor: Finished task 12.0 in stage 4.0 (TID 27). 4140 bytes result sent to driver
26/03/14 23:46:37 INFO Executor: Finished task 11.0 in stage 4.0 (TID 26). 4140 bytes result sent to driver
[2026-03-14T23:46:37.939+0000] {docker.py:429} INFO - 26/03/14 23:46:37 INFO Executor: Finished task 1.0 in stage 4.0 (TID 16). 4140 bytes result sent to driver
[2026-03-14T23:46:37.940+0000] {docker.py:429} INFO - 26/03/14 23:46:37 INFO Executor: Finished task 10.0 in stage 4.0 (TID 25). 4140 bytes result sent to driver
[2026-03-14T23:46:37.940+0000] {docker.py:429} INFO - 26/03/14 23:46:37 INFO Executor: Finished task 9.0 in stage 4.0 (TID 24). 4140 bytes result sent to driver
[2026-03-14T23:46:37.940+0000] {docker.py:429} INFO - 26/03/14 23:46:37 INFO Executor: Finished task 4.0 in stage 4.0 (TID 19). 4140 bytes result sent to driver
[2026-03-14T23:46:37.940+0000] {docker.py:429} INFO - 26/03/14 23:46:37 INFO Executor: Finished task 2.0 in stage 4.0 (TID 17). 4140 bytes result sent to driver
[2026-03-14T23:46:37.940+0000] {docker.py:429} INFO - 26/03/14 23:46:37 INFO Executor: Finished task 3.0 in stage 4.0 (TID 18). 4140 bytes result sent to driver
[2026-03-14T23:46:37.941+0000] {docker.py:429} INFO - 26/03/14 23:46:37 INFO DataWritingSparkTask: Committed partition 6 (task 21, attempt 0, stage 4.0)
[2026-03-14T23:46:37.941+0000] {docker.py:429} INFO - 26/03/14 23:46:37 INFO TaskSetManager: Finished task 0.0 in stage 4.0 (TID 15) in 796 ms on 21e4c2b98470 (executor driver) (1/13)
[2026-03-14T23:46:37.942+0000] {docker.py:429} INFO - 26/03/14 23:46:37 INFO TaskSetManager: Finished task 7.0 in stage 4.0 (TID 22) in 793 ms on 21e4c2b98470 (executor driver) (2/13)
26/03/14 23:46:37 INFO Executor: Finished task 6.0 in stage 4.0 (TID 21). 4097 bytes result sent to driver
26/03/14 23:46:37 INFO TaskSetManager: Finished task 5.0 in stage 4.0 (TID 20) in 795 ms on 21e4c2b98470 (executor driver) (3/13)
[2026-03-14T23:46:37.942+0000] {docker.py:429} INFO - 26/03/14 23:46:37 INFO TaskSetManager: Finished task 11.0 in stage 4.0 (TID 26) in 791 ms on 21e4c2b98470 (executor driver) (4/13)
[2026-03-14T23:46:37.943+0000] {docker.py:429} INFO - 26/03/14 23:46:37 INFO TaskSetManager: Finished task 1.0 in stage 4.0 (TID 16) in 796 ms on 21e4c2b98470 (executor driver) (5/13)
[2026-03-14T23:46:37.943+0000] {docker.py:429} INFO - 26/03/14 23:46:37 INFO TaskSetManager: Finished task 12.0 in stage 4.0 (TID 27) in 791 ms on 21e4c2b98470 (executor driver) (6/13)
[2026-03-14T23:46:37.943+0000] {docker.py:429} INFO - 26/03/14 23:46:37 INFO TaskSetManager: Finished task 10.0 in stage 4.0 (TID 25) in 792 ms on 21e4c2b98470 (executor driver) (7/13)
[2026-03-14T23:46:37.944+0000] {docker.py:429} INFO - 26/03/14 23:46:37 INFO TaskSetManager: Finished task 9.0 in stage 4.0 (TID 24) in 794 ms on 21e4c2b98470 (executor driver) (8/13)
26/03/14 23:46:37 INFO TaskSetManager: Finished task 4.0 in stage 4.0 (TID 19) in 796 ms on 21e4c2b98470 (executor driver) (9/13)
[2026-03-14T23:46:37.944+0000] {docker.py:429} INFO - 26/03/14 23:46:37 INFO TaskSetManager: Finished task 2.0 in stage 4.0 (TID 17) in 798 ms on 21e4c2b98470 (executor driver) (10/13)
[2026-03-14T23:46:37.944+0000] {docker.py:429} INFO - 26/03/14 23:46:37 INFO TaskSetManager: Finished task 6.0 in stage 4.0 (TID 21) in 797 ms on 21e4c2b98470 (executor driver) (11/13)
[2026-03-14T23:46:37.944+0000] {docker.py:429} INFO - 26/03/14 23:46:37 INFO TaskSetManager: Finished task 3.0 in stage 4.0 (TID 18) in 797 ms on 21e4c2b98470 (executor driver) (12/13)
[2026-03-14T23:46:37.959+0000] {docker.py:429} INFO - 26/03/14 23:46:37 INFO DataWritingSparkTask: Committed partition 8 (task 23, attempt 0, stage 4.0)
[2026-03-14T23:46:37.973+0000] {docker.py:429} INFO - 26/03/14 23:46:37 INFO Executor: Finished task 8.0 in stage 4.0 (TID 23). 4097 bytes result sent to driver
[2026-03-14T23:46:37.974+0000] {docker.py:429} INFO - 26/03/14 23:46:37 INFO TaskSetManager: Finished task 8.0 in stage 4.0 (TID 23) in 826 ms on 21e4c2b98470 (executor driver) (13/13)
[2026-03-14T23:46:37.975+0000] {docker.py:429} INFO - 26/03/14 23:46:37 INFO TaskSchedulerImpl: Removed TaskSet 4.0, whose tasks have all completed, from pool
[2026-03-14T23:46:37.975+0000] {docker.py:429} INFO - 26/03/14 23:46:37 INFO DAGScheduler: ResultStage 4 (saveAsTable at NativeMethodAccessorImpl.java:0) finished in 0.834 s
[2026-03-14T23:46:37.975+0000] {docker.py:429} INFO - 26/03/14 23:46:37 INFO DAGScheduler: Job 3 is finished. Cancelling potential speculative or zombie tasks for this job
[2026-03-14T23:46:37.976+0000] {docker.py:429} INFO - 26/03/14 23:46:37 INFO TaskSchedulerImpl: Killing all running tasks in stage 4: Stage finished
[2026-03-14T23:46:37.976+0000] {docker.py:429} INFO - 26/03/14 23:46:37 INFO DAGScheduler: Job 3 finished: saveAsTable at NativeMethodAccessorImpl.java:0, took 0.845862 s
[2026-03-14T23:46:37.977+0000] {docker.py:429} INFO - 26/03/14 23:46:37 INFO AppendDataExec: Data source write support IcebergBatchWrite(table=nessie.gold.sensor_telemetry_historical, format=PARQUET) is committing.
[2026-03-14T23:46:38.010+0000] {docker.py:429} INFO - 26/03/14 23:46:38 INFO SparkWrite: Committing append with 13 new data files to table nessie.gold.sensor_telemetry_historical
[2026-03-14T23:46:38.332+0000] {docker.py:429} INFO - 26/03/14 23:46:38 INFO NessieIcebergClient: Committed 'gold.sensor_telemetry_historical' against 'Branch{name=main, metadata=null, hash=e2f9b0d53a163dd3ecda4fbf7ff06fde59a4dc68d7af24eb9f4bf74db01190ec}', expected commit-id was '7f6c93851fe00533ac0307b5ce6b15f87ff1821d9be8a8d29a937742f0fd8a7e'
[2026-03-14T23:46:38.333+0000] {docker.py:429} INFO - 26/03/14 23:46:38 INFO BaseMetastoreTableOperations: Successfully committed to table gold.sensor_telemetry_historical in 50 ms
[2026-03-14T23:46:38.333+0000] {docker.py:429} INFO - 26/03/14 23:46:38 INFO SnapshotProducer: Committed snapshot 2592074685011494478 (MergeAppend)
[2026-03-14T23:46:38.347+0000] {docker.py:429} INFO - 26/03/14 23:46:38 INFO BaseMetastoreTableOperations: Refreshing table metadata from new version: s3a://warehouse/gold/sensor_telemetry_historical_2d5736bc-ddcb-4955-b7c3-8a46e0b83281/metadata/00001-3ad07bb2-f950-4012-bf7b-cfc35032a7ef.metadata.json
[2026-03-14T23:46:38.356+0000] {docker.py:429} INFO - 26/03/14 23:46:38 INFO NessieUtil: loadTableMetadata for 'gold.sensor_telemetry_historical' from location 's3a://warehouse/gold/sensor_telemetry_historical_2d5736bc-ddcb-4955-b7c3-8a46e0b83281/metadata/00001-3ad07bb2-f950-4012-bf7b-cfc35032a7ef.metadata.json' at 'Branch{name=main, metadata=null, hash=e2f9b0d53a163dd3ecda4fbf7ff06fde59a4dc68d7af24eb9f4bf74db01190ec}'
[2026-03-14T23:46:38.388+0000] {docker.py:429} INFO - 26/03/14 23:46:38 INFO LoggingMetricsReporter: Received metrics report: CommitReport{tableName=nessie.gold.sensor_telemetry_historical, snapshotId=2592074685011494478, sequenceNumber=2, operation=append, commitMetrics=CommitMetricsResult{totalDuration=TimerResult{timeUnit=NANOSECONDS, totalDuration=PT0.344273807S, count=1}, attempts=CounterResult{unit=COUNT, value=1}, addedDataFiles=CounterResult{unit=COUNT, value=13}, removedDataFiles=null, totalDataFiles=CounterResult{unit=COUNT, value=53}, addedDeleteFiles=null, addedEqualityDeleteFiles=null, addedPositionalDeleteFiles=null, removedDeleteFiles=null, removedEqualityDeleteFiles=null, removedPositionalDeleteFiles=null, totalDeleteFiles=CounterResult{unit=COUNT, value=0}, addedRecords=CounterResult{unit=COUNT, value=465}, removedRecords=null, totalRecords=CounterResult{unit=COUNT, value=23834}, addedFilesSizeInBytes=CounterResult{unit=BYTES, value=23282}, removedFilesSizeInBytes=null, totalFilesSizeInBytes=CounterResult{unit=BYTES, value=240996}, addedPositionalDeletes=null, removedPositionalDeletes=null, totalPositionalDeletes=CounterResult{unit=COUNT, value=0}, addedEqualityDeletes=null, removedEqualityDeletes=null, totalEqualityDeletes=CounterResult{unit=COUNT, value=0}}, metadata={engine-version=3.5.1, app-id=local-1773531991904, engine-name=spark, iceberg-version=Apache Iceberg 1.4.3 (commit 9a5d24fee239352021a9a73f6a4cad8ecf464f01)}}
26/03/14 23:46:38 INFO SparkWrite: Committed in 377 ms
[2026-03-14T23:46:38.388+0000] {docker.py:429} INFO - 26/03/14 23:46:38 INFO AppendDataExec: Data source write support IcebergBatchWrite(table=nessie.gold.sensor_telemetry_historical, format=PARQUET) committed.
[2026-03-14T23:46:38.427+0000] {docker.py:429} INFO - ✅ Batch complete! Appended to Lakehouse and cleared landing zone.
[2026-03-14T23:46:38.462+0000] {docker.py:429} INFO - 26/03/14 23:46:38 INFO SparkContext: Invoking stop() from shutdown hook
[2026-03-14T23:46:38.462+0000] {docker.py:429} INFO - 26/03/14 23:46:38 INFO SparkContext: SparkContext is stopping with exitCode 0.
[2026-03-14T23:46:38.471+0000] {docker.py:429} INFO - 26/03/14 23:46:38 INFO SparkUI: Stopped Spark web UI at http://21e4c2b98470:4040
[2026-03-14T23:46:38.476+0000] {docker.py:429} INFO - 26/03/14 23:46:38 INFO MapOutputTrackerMasterEndpoint: MapOutputTrackerMasterEndpoint stopped!
[2026-03-14T23:46:38.483+0000] {docker.py:429} INFO - 26/03/14 23:46:38 INFO MemoryStore: MemoryStore cleared
[2026-03-14T23:46:38.483+0000] {docker.py:429} INFO - 26/03/14 23:46:38 INFO BlockManager: BlockManager stopped
[2026-03-14T23:46:38.488+0000] {docker.py:429} INFO - 26/03/14 23:46:38 INFO BlockManagerMaster: BlockManagerMaster stopped
[2026-03-14T23:46:38.488+0000] {docker.py:429} INFO - 26/03/14 23:46:38 INFO OutputCommitCoordinator$OutputCommitCoordinatorEndpoint: OutputCommitCoordinator stopped!
[2026-03-14T23:46:38.493+0000] {docker.py:429} INFO - 26/03/14 23:46:38 INFO SparkContext: Successfully stopped SparkContext
[2026-03-14T23:46:38.494+0000] {docker.py:429} INFO - 26/03/14 23:46:38 INFO ShutdownHookManager: Shutdown hook called
[2026-03-14T23:46:38.494+0000] {docker.py:429} INFO - 26/03/14 23:46:38 INFO ShutdownHookManager: Deleting directory /tmp/spark-5a407e80-a78d-4dcf-a3c1-5b285087bcbc
[2026-03-14T23:46:38.497+0000] {docker.py:429} INFO - 26/03/14 23:46:38 INFO ShutdownHookManager: Deleting directory /tmp/spark-5a407e80-a78d-4dcf-a3c1-5b285087bcbc/pyspark-558b5dcf-28f1-4c2c-9af7-e69d0e8a9362
[2026-03-14T23:46:38.500+0000] {docker.py:429} INFO - 26/03/14 23:46:38 INFO ShutdownHookManager: Deleting directory /tmp/spark-86280e90-0c5d-4381-9547-f70870e0d815
[2026-03-14T23:46:38.510+0000] {docker.py:429} INFO - 26/03/14 23:46:38 INFO MetricsSystemImpl: Stopping s3a-file-system metrics system...
[2026-03-14T23:46:38.511+0000] {docker.py:429} INFO - 26/03/14 23:46:38 INFO MetricsSystemImpl: s3a-file-system metrics system stopped.
[2026-03-14T23:46:38.511+0000] {docker.py:429} INFO - 26/03/14 23:46:38 INFO MetricsSystemImpl: s3a-file-system metrics system shutdown complete.
[2026-03-14T23:46:39.452+0000] {taskinstance.py:1149} INFO - Marking task as SUCCESS. dag_id=lakehouse_telemetry_ingestion, task_id=run_spark_iceberg_ingestion, execution_date=20260314T234000, start_date=20260314T234618, end_date=20260314T234639
[2026-03-14T23:46:39.485+0000] {local_task_job_runner.py:234} INFO - Task exited with return code 0
[2026-03-14T23:46:39.494+0000] {taskinstance.py:3309} INFO - 0 downstream tasks scheduled from follow-on schedule check
