[2026-03-14T23:55:02.441+0000] {taskinstance.py:1979} INFO - Dependencies all met for dep_context=non-requeueable deps ti=<TaskInstance: lakehouse_telemetry_ingestion.run_spark_iceberg_ingestion scheduled__2026-03-14T23:50:00+00:00 [queued]>
[2026-03-14T23:55:02.444+0000] {taskinstance.py:1979} INFO - Dependencies all met for dep_context=requeueable deps ti=<TaskInstance: lakehouse_telemetry_ingestion.run_spark_iceberg_ingestion scheduled__2026-03-14T23:50:00+00:00 [queued]>
[2026-03-14T23:55:02.444+0000] {taskinstance.py:2193} INFO - Starting attempt 1 of 2
[2026-03-14T23:55:02.456+0000] {taskinstance.py:2214} INFO - Executing <Task(DockerOperator): run_spark_iceberg_ingestion> on 2026-03-14 23:50:00+00:00
[2026-03-14T23:55:02.461+0000] {standard_task_runner.py:60} INFO - Started process 1010 to run task
[2026-03-14T23:55:02.463+0000] {standard_task_runner.py:87} INFO - Running: ['airflow', 'tasks', 'run', 'lakehouse_telemetry_ingestion', 'run_spark_iceberg_ingestion', 'scheduled__2026-03-14T23:50:00+00:00', '--job-id', '8', '--raw', '--subdir', 'DAGS_FOLDER/telemetry_batch.py', '--cfg-path', '/tmp/tmp02aql4b_']
[2026-03-14T23:55:02.464+0000] {standard_task_runner.py:88} INFO - Job 8: Subtask run_spark_iceberg_ingestion
[2026-03-14T23:55:02.488+0000] {task_command.py:423} INFO - Running <TaskInstance: lakehouse_telemetry_ingestion.run_spark_iceberg_ingestion scheduled__2026-03-14T23:50:00+00:00 [running]> on host faf6527c0c5a
[2026-03-14T23:55:02.529+0000] {taskinstance.py:2510} INFO - Exporting env vars: AIRFLOW_CTX_DAG_OWNER='enwyse-data-eng' AIRFLOW_CTX_DAG_ID='lakehouse_telemetry_ingestion' AIRFLOW_CTX_TASK_ID='run_spark_iceberg_ingestion' AIRFLOW_CTX_EXECUTION_DATE='2026-03-14T23:50:00+00:00' AIRFLOW_CTX_TRY_NUMBER='1' AIRFLOW_CTX_DAG_RUN_ID='scheduled__2026-03-14T23:50:00+00:00'
[2026-03-14T23:55:02.553+0000] {docker.py:359} INFO - Starting docker container from image bitnamilegacy/spark:3.5.1
[2026-03-14T23:55:02.745+0000] {docker.py:429} INFO - [38;5;6mspark [38;5;5m23:55:02.74 [0m[38;5;2mINFO [0m ==>
[2026-03-14T23:55:02.745+0000] {docker.py:429} INFO - [38;5;6mspark [38;5;5m23:55:02.74 [0m[38;5;2mINFO [0m ==> [1mWelcome to the Bitnami spark container[0m
[2026-03-14T23:55:02.746+0000] {docker.py:429} INFO - [38;5;6mspark [38;5;5m23:55:02.74 [0m[38;5;2mINFO [0m ==> Subscribe to project updates by watching [1mhttps://github.com/bitnami/containers[0m
[2026-03-14T23:55:02.748+0000] {docker.py:429} INFO - [38;5;6mspark [38;5;5m23:55:02.74 [0m[38;5;2mINFO [0m ==> Submit issues and feature requests at [1mhttps://github.com/bitnami/containers/issues[0m
[2026-03-14T23:55:02.749+0000] {docker.py:429} INFO - [38;5;6mspark [38;5;5m23:55:02.74 [0m[38;5;2mINFO [0m ==> Upgrade to Tanzu Application Catalog for production environments to access custom-configured and pre-packaged software components. Gain enhanced features, including Software Bill of Materials (SBOM), CVE scan result reports, and VEX documents. To learn more, visit [1mhttps://bitnami.com/enterprise[0m
[2026-03-14T23:55:02.750+0000] {docker.py:429} INFO - [38;5;6mspark [38;5;5m23:55:02.75 [0m[38;5;2mINFO [0m ==>
[2026-03-14T23:55:02.757+0000] {docker.py:429} INFO - 
[2026-03-14T23:55:03.622+0000] {docker.py:429} INFO - :: loading settings :: url = jar:file:/opt/bitnami/spark/jars/ivy-2.5.1.jar!/org/apache/ivy/core/settings/ivysettings.xml
[2026-03-14T23:55:03.664+0000] {docker.py:429} INFO - Ivy Default Cache set to: /opt/bitnami/spark/.ivy2/cache
The jars for the packages stored in: /opt/bitnami/spark/.ivy2/jars
[2026-03-14T23:55:03.669+0000] {docker.py:429} INFO - org.apache.iceberg#iceberg-spark-runtime-3.5_2.12 added as a dependency
[2026-03-14T23:55:03.670+0000] {docker.py:429} INFO - org.projectnessie.nessie-integrations#nessie-spark-extensions-3.5_2.12 added as a dependency
[2026-03-14T23:55:03.670+0000] {docker.py:429} INFO - org.apache.hadoop#hadoop-aws added as a dependency
[2026-03-14T23:55:03.671+0000] {docker.py:429} INFO - :: resolving dependencies :: org.apache.spark#spark-submit-parent-07795526-ec1b-44d3-a63f-f35aa51335dc;1.0
	confs: [default]
[2026-03-14T23:55:04.286+0000] {docker.py:429} INFO - found org.apache.iceberg#iceberg-spark-runtime-3.5_2.12;1.4.3 in central
[2026-03-14T23:55:05.500+0000] {docker.py:429} INFO - found org.projectnessie.nessie-integrations#nessie-spark-extensions-3.5_2.12;0.77.1 in central
[2026-03-14T23:55:06.789+0000] {docker.py:429} INFO - found org.apache.hadoop#hadoop-aws;3.3.4 in central
[2026-03-14T23:55:07.663+0000] {docker.py:429} INFO - found com.amazonaws#aws-java-sdk-bundle;1.12.262 in central
[2026-03-14T23:55:08.220+0000] {docker.py:429} INFO - found org.wildfly.openssl#wildfly-openssl;1.0.7.Final in central
[2026-03-14T23:55:08.264+0000] {docker.py:429} INFO - downloading https://repo1.maven.org/maven2/org/apache/iceberg/iceberg-spark-runtime-3.5_2.12/1.4.3/iceberg-spark-runtime-3.5_2.12-1.4.3.jar ...
[2026-03-14T23:55:08.873+0000] {docker.py:429} INFO - [SUCCESSFUL ] org.apache.iceberg#iceberg-spark-runtime-3.5_2.12;1.4.3!iceberg-spark-runtime-3.5_2.12.jar (643ms)
[2026-03-14T23:55:08.912+0000] {docker.py:429} INFO - downloading https://repo1.maven.org/maven2/org/projectnessie/nessie-integrations/nessie-spark-extensions-3.5_2.12/0.77.1/nessie-spark-extensions-3.5_2.12-0.77.1.jar ...
[2026-03-14T23:55:08.975+0000] {docker.py:429} INFO - [SUCCESSFUL ] org.projectnessie.nessie-integrations#nessie-spark-extensions-3.5_2.12;0.77.1!nessie-spark-extensions-3.5_2.12.jar (102ms)
[2026-03-14T23:55:09.013+0000] {docker.py:429} INFO - downloading https://repo1.maven.org/maven2/org/apache/hadoop/hadoop-aws/3.3.4/hadoop-aws-3.3.4.jar ...
[2026-03-14T23:55:09.061+0000] {docker.py:429} INFO - [SUCCESSFUL ] org.apache.hadoop#hadoop-aws;3.3.4!hadoop-aws.jar (84ms)
[2026-03-14T23:55:09.100+0000] {docker.py:429} INFO - downloading https://repo1.maven.org/maven2/com/amazonaws/aws-java-sdk-bundle/1.12.262/aws-java-sdk-bundle-1.12.262.jar ...
[2026-03-14T23:55:13.388+0000] {docker.py:429} INFO - [SUCCESSFUL ] com.amazonaws#aws-java-sdk-bundle;1.12.262!aws-java-sdk-bundle.jar (4326ms)
[2026-03-14T23:55:13.429+0000] {docker.py:429} INFO - downloading https://repo1.maven.org/maven2/org/wildfly/openssl/wildfly-openssl/1.0.7.Final/wildfly-openssl-1.0.7.Final.jar ...
[2026-03-14T23:55:13.475+0000] {docker.py:429} INFO - [SUCCESSFUL ] org.wildfly.openssl#wildfly-openssl;1.0.7.Final!wildfly-openssl.jar (85ms)
[2026-03-14T23:55:13.475+0000] {docker.py:429} INFO - :: resolution report :: resolve 4559ms :: artifacts dl 5246ms
[2026-03-14T23:55:13.475+0000] {docker.py:429} INFO - :: modules in use:
[2026-03-14T23:55:13.476+0000] {docker.py:429} INFO - com.amazonaws#aws-java-sdk-bundle;1.12.262 from central in [default]
[2026-03-14T23:55:13.476+0000] {docker.py:429} INFO - org.apache.hadoop#hadoop-aws;3.3.4 from central in [default]
[2026-03-14T23:55:13.476+0000] {docker.py:429} INFO - org.apache.iceberg#iceberg-spark-runtime-3.5_2.12;1.4.3 from central in [default]
[2026-03-14T23:55:13.476+0000] {docker.py:429} INFO - org.projectnessie.nessie-integrations#nessie-spark-extensions-3.5_2.12;0.77.1 from central in [default]
[2026-03-14T23:55:13.476+0000] {docker.py:429} INFO - org.wildfly.openssl#wildfly-openssl;1.0.7.Final from central in [default]
[2026-03-14T23:55:13.476+0000] {docker.py:429} INFO - ---------------------------------------------------------------------
[2026-03-14T23:55:13.477+0000] {docker.py:429} INFO - |                  |            modules            ||   artifacts   |
[2026-03-14T23:55:13.477+0000] {docker.py:429} INFO - |       conf       | number| search|dwnlded|evicted|| number|dwnlded|
	---------------------------------------------------------------------
[2026-03-14T23:55:13.477+0000] {docker.py:429} INFO - |      default     |   5   |   5   |   5   |   0   ||   5   |   5   |
	---------------------------------------------------------------------
[2026-03-14T23:55:13.480+0000] {docker.py:429} INFO - :: retrieving :: org.apache.spark#spark-submit-parent-07795526-ec1b-44d3-a63f-f35aa51335dc
[2026-03-14T23:55:13.480+0000] {docker.py:429} INFO - confs: [default]
[2026-03-14T23:55:13.858+0000] {docker.py:429} INFO - 5 artifacts copied, 0 already retrieved (306076kB/378ms)
[2026-03-14T23:55:13.985+0000] {docker.py:429} INFO - 26/03/14 23:55:13 WARN NativeCodeLoader: Unable to load native-hadoop library for your platform... using builtin-java classes where applicable
[2026-03-14T23:55:14.513+0000] {docker.py:429} INFO - 🚀 Initializing Spark Session for Enwyse Lakehouse...
[2026-03-14T23:55:14.600+0000] {docker.py:429} INFO - 26/03/14 23:55:14 INFO SparkContext: Running Spark version 3.5.1
[2026-03-14T23:55:14.600+0000] {docker.py:429} INFO - 26/03/14 23:55:14 INFO SparkContext: OS info Linux, 6.1.0-37-amd64, amd64
[2026-03-14T23:55:14.600+0000] {docker.py:429} INFO - 26/03/14 23:55:14 INFO SparkContext: Java version 17.0.12
[2026-03-14T23:55:14.613+0000] {docker.py:429} INFO - 26/03/14 23:55:14 INFO ResourceUtils: ==============================================================
[2026-03-14T23:55:14.614+0000] {docker.py:429} INFO - 26/03/14 23:55:14 INFO ResourceUtils: No custom resources configured for spark.driver.
[2026-03-14T23:55:14.615+0000] {docker.py:429} INFO - 26/03/14 23:55:14 INFO ResourceUtils: ==============================================================
[2026-03-14T23:55:14.615+0000] {docker.py:429} INFO - 26/03/14 23:55:14 INFO SparkContext: Submitted application: Enwyse-Batch-Ingestion
[2026-03-14T23:55:14.627+0000] {docker.py:429} INFO - 26/03/14 23:55:14 INFO ResourceProfile: Default ResourceProfile created, executor resources: Map(cores -> name: cores, amount: 1, script: , vendor: , memory -> name: memory, amount: 1024, script: , vendor: , offHeap -> name: offHeap, amount: 0, script: , vendor: ), task resources: Map(cpus -> name: cpus, amount: 1.0)
[2026-03-14T23:55:14.642+0000] {docker.py:429} INFO - 26/03/14 23:55:14 INFO ResourceProfile: Limiting resource is cpu
[2026-03-14T23:55:14.643+0000] {docker.py:429} INFO - 26/03/14 23:55:14 INFO ResourceProfileManager: Added ResourceProfile id: 0
[2026-03-14T23:55:14.680+0000] {docker.py:429} INFO - 26/03/14 23:55:14 INFO SecurityManager: Changing view acls to: spark
[2026-03-14T23:55:14.681+0000] {docker.py:429} INFO - 26/03/14 23:55:14 INFO SecurityManager: Changing modify acls to: spark
[2026-03-14T23:55:14.682+0000] {docker.py:429} INFO - 26/03/14 23:55:14 INFO SecurityManager: Changing view acls groups to:
[2026-03-14T23:55:14.682+0000] {docker.py:429} INFO - 26/03/14 23:55:14 INFO SecurityManager: Changing modify acls groups to:
[2026-03-14T23:55:14.683+0000] {docker.py:429} INFO - 26/03/14 23:55:14 INFO SecurityManager: SecurityManager: authentication disabled; ui acls disabled; users with view permissions: spark; groups with view permissions: EMPTY; users with modify permissions: spark; groups with modify permissions: EMPTY
[2026-03-14T23:55:14.831+0000] {docker.py:429} INFO - 26/03/14 23:55:14 INFO Utils: Successfully started service 'sparkDriver' on port 43093.
[2026-03-14T23:55:14.845+0000] {docker.py:429} INFO - 26/03/14 23:55:14 INFO SparkEnv: Registering MapOutputTracker
[2026-03-14T23:55:14.862+0000] {docker.py:429} INFO - 26/03/14 23:55:14 INFO SparkEnv: Registering BlockManagerMaster
[2026-03-14T23:55:14.871+0000] {docker.py:429} INFO - 26/03/14 23:55:14 INFO BlockManagerMasterEndpoint: Using org.apache.spark.storage.DefaultTopologyMapper for getting topology information
[2026-03-14T23:55:14.871+0000] {docker.py:429} INFO - 26/03/14 23:55:14 INFO BlockManagerMasterEndpoint: BlockManagerMasterEndpoint up
[2026-03-14T23:55:14.873+0000] {docker.py:429} INFO - 26/03/14 23:55:14 INFO SparkEnv: Registering BlockManagerMasterHeartbeat
[2026-03-14T23:55:14.891+0000] {docker.py:429} INFO - 26/03/14 23:55:14 INFO DiskBlockManager: Created local directory at /tmp/blockmgr-3072ae2e-2616-4472-abd0-23f0a8aecaa7
[2026-03-14T23:55:14.900+0000] {docker.py:429} INFO - 26/03/14 23:55:14 INFO MemoryStore: MemoryStore started with capacity 434.4 MiB
[2026-03-14T23:55:14.908+0000] {docker.py:429} INFO - 26/03/14 23:55:14 INFO SparkEnv: Registering OutputCommitCoordinator
[2026-03-14T23:55:14.984+0000] {docker.py:429} INFO - 26/03/14 23:55:14 INFO JettyUtils: Start Jetty 0.0.0.0:4040 for SparkUI
[2026-03-14T23:55:15.022+0000] {docker.py:429} INFO - 26/03/14 23:55:15 INFO Utils: Successfully started service 'SparkUI' on port 4040.
[2026-03-14T23:55:15.050+0000] {docker.py:429} INFO - 26/03/14 23:55:15 INFO SparkContext: Added JAR file:///opt/bitnami/spark/.ivy2/jars/org.apache.iceberg_iceberg-spark-runtime-3.5_2.12-1.4.3.jar at spark://13ed432a88b5:43093/jars/org.apache.iceberg_iceberg-spark-runtime-3.5_2.12-1.4.3.jar with timestamp 1773532514594
[2026-03-14T23:55:15.050+0000] {docker.py:429} INFO - 26/03/14 23:55:15 INFO SparkContext: Added JAR file:///opt/bitnami/spark/.ivy2/jars/org.projectnessie.nessie-integrations_nessie-spark-extensions-3.5_2.12-0.77.1.jar at spark://13ed432a88b5:43093/jars/org.projectnessie.nessie-integrations_nessie-spark-extensions-3.5_2.12-0.77.1.jar with timestamp 1773532514594
[2026-03-14T23:55:15.051+0000] {docker.py:429} INFO - 26/03/14 23:55:15 INFO SparkContext: Added JAR file:///opt/bitnami/spark/.ivy2/jars/org.apache.hadoop_hadoop-aws-3.3.4.jar at spark://13ed432a88b5:43093/jars/org.apache.hadoop_hadoop-aws-3.3.4.jar with timestamp 1773532514594
[2026-03-14T23:55:15.051+0000] {docker.py:429} INFO - 26/03/14 23:55:15 INFO SparkContext: Added JAR file:///opt/bitnami/spark/.ivy2/jars/com.amazonaws_aws-java-sdk-bundle-1.12.262.jar at spark://13ed432a88b5:43093/jars/com.amazonaws_aws-java-sdk-bundle-1.12.262.jar with timestamp 1773532514594
[2026-03-14T23:55:15.051+0000] {docker.py:429} INFO - 26/03/14 23:55:15 INFO SparkContext: Added JAR file:///opt/bitnami/spark/.ivy2/jars/org.wildfly.openssl_wildfly-openssl-1.0.7.Final.jar at spark://13ed432a88b5:43093/jars/org.wildfly.openssl_wildfly-openssl-1.0.7.Final.jar with timestamp 1773532514594
[2026-03-14T23:55:15.053+0000] {docker.py:429} INFO - 26/03/14 23:55:15 INFO SparkContext: Added file file:///opt/bitnami/spark/.ivy2/jars/org.apache.iceberg_iceberg-spark-runtime-3.5_2.12-1.4.3.jar at file:///opt/bitnami/spark/.ivy2/jars/org.apache.iceberg_iceberg-spark-runtime-3.5_2.12-1.4.3.jar with timestamp 1773532514594
[2026-03-14T23:55:15.054+0000] {docker.py:429} INFO - 26/03/14 23:55:15 INFO Utils: Copying /opt/bitnami/spark/.ivy2/jars/org.apache.iceberg_iceberg-spark-runtime-3.5_2.12-1.4.3.jar to /tmp/spark-8fbe72c3-149f-44d3-b02d-764937cbce62/userFiles-e6e76ebb-6d36-443f-8520-a4aee3ad17be/org.apache.iceberg_iceberg-spark-runtime-3.5_2.12-1.4.3.jar
[2026-03-14T23:55:15.089+0000] {docker.py:429} INFO - 26/03/14 23:55:15 INFO SparkContext: Added file file:///opt/bitnami/spark/.ivy2/jars/org.projectnessie.nessie-integrations_nessie-spark-extensions-3.5_2.12-0.77.1.jar at file:///opt/bitnami/spark/.ivy2/jars/org.projectnessie.nessie-integrations_nessie-spark-extensions-3.5_2.12-0.77.1.jar with timestamp 1773532514594
[2026-03-14T23:55:15.090+0000] {docker.py:429} INFO - 26/03/14 23:55:15 INFO Utils: Copying /opt/bitnami/spark/.ivy2/jars/org.projectnessie.nessie-integrations_nessie-spark-extensions-3.5_2.12-0.77.1.jar to /tmp/spark-8fbe72c3-149f-44d3-b02d-764937cbce62/userFiles-e6e76ebb-6d36-443f-8520-a4aee3ad17be/org.projectnessie.nessie-integrations_nessie-spark-extensions-3.5_2.12-0.77.1.jar
[2026-03-14T23:55:15.097+0000] {docker.py:429} INFO - 26/03/14 23:55:15 INFO SparkContext: Added file file:///opt/bitnami/spark/.ivy2/jars/org.apache.hadoop_hadoop-aws-3.3.4.jar at file:///opt/bitnami/spark/.ivy2/jars/org.apache.hadoop_hadoop-aws-3.3.4.jar with timestamp 1773532514594
[2026-03-14T23:55:15.098+0000] {docker.py:429} INFO - 26/03/14 23:55:15 INFO Utils: Copying /opt/bitnami/spark/.ivy2/jars/org.apache.hadoop_hadoop-aws-3.3.4.jar to /tmp/spark-8fbe72c3-149f-44d3-b02d-764937cbce62/userFiles-e6e76ebb-6d36-443f-8520-a4aee3ad17be/org.apache.hadoop_hadoop-aws-3.3.4.jar
[2026-03-14T23:55:15.105+0000] {docker.py:429} INFO - 26/03/14 23:55:15 INFO SparkContext: Added file file:///opt/bitnami/spark/.ivy2/jars/com.amazonaws_aws-java-sdk-bundle-1.12.262.jar at file:///opt/bitnami/spark/.ivy2/jars/com.amazonaws_aws-java-sdk-bundle-1.12.262.jar with timestamp 1773532514594
[2026-03-14T23:55:15.105+0000] {docker.py:429} INFO - 26/03/14 23:55:15 INFO Utils: Copying /opt/bitnami/spark/.ivy2/jars/com.amazonaws_aws-java-sdk-bundle-1.12.262.jar to /tmp/spark-8fbe72c3-149f-44d3-b02d-764937cbce62/userFiles-e6e76ebb-6d36-443f-8520-a4aee3ad17be/com.amazonaws_aws-java-sdk-bundle-1.12.262.jar
[2026-03-14T23:55:15.374+0000] {docker.py:429} INFO - 26/03/14 23:55:15 INFO SparkContext: Added file file:///opt/bitnami/spark/.ivy2/jars/org.wildfly.openssl_wildfly-openssl-1.0.7.Final.jar at file:///opt/bitnami/spark/.ivy2/jars/org.wildfly.openssl_wildfly-openssl-1.0.7.Final.jar with timestamp 1773532514594
[2026-03-14T23:55:15.374+0000] {docker.py:429} INFO - 26/03/14 23:55:15 INFO Utils: Copying /opt/bitnami/spark/.ivy2/jars/org.wildfly.openssl_wildfly-openssl-1.0.7.Final.jar to /tmp/spark-8fbe72c3-149f-44d3-b02d-764937cbce62/userFiles-e6e76ebb-6d36-443f-8520-a4aee3ad17be/org.wildfly.openssl_wildfly-openssl-1.0.7.Final.jar
[2026-03-14T23:55:15.409+0000] {docker.py:429} INFO - 26/03/14 23:55:15 INFO Executor: Starting executor ID driver on host 13ed432a88b5
[2026-03-14T23:55:15.409+0000] {docker.py:429} INFO - 26/03/14 23:55:15 INFO Executor: OS info Linux, 6.1.0-37-amd64, amd64
[2026-03-14T23:55:15.409+0000] {docker.py:429} INFO - 26/03/14 23:55:15 INFO Executor: Java version 17.0.12
[2026-03-14T23:55:15.412+0000] {docker.py:429} INFO - 26/03/14 23:55:15 INFO Executor: Starting executor with user classpath (userClassPathFirst = false): ''
[2026-03-14T23:55:15.412+0000] {docker.py:429} INFO - 26/03/14 23:55:15 INFO Executor: Created or updated repl class loader org.apache.spark.util.MutableURLClassLoader@30e61b94 for default.
[2026-03-14T23:55:15.418+0000] {docker.py:429} INFO - 26/03/14 23:55:15 INFO Executor: Fetching file:///opt/bitnami/spark/.ivy2/jars/org.apache.hadoop_hadoop-aws-3.3.4.jar with timestamp 1773532514594
[2026-03-14T23:55:15.430+0000] {docker.py:429} INFO - 26/03/14 23:55:15 INFO Utils: /opt/bitnami/spark/.ivy2/jars/org.apache.hadoop_hadoop-aws-3.3.4.jar has been previously copied to /tmp/spark-8fbe72c3-149f-44d3-b02d-764937cbce62/userFiles-e6e76ebb-6d36-443f-8520-a4aee3ad17be/org.apache.hadoop_hadoop-aws-3.3.4.jar
[2026-03-14T23:55:15.435+0000] {docker.py:429} INFO - 26/03/14 23:55:15 INFO Executor: Fetching file:///opt/bitnami/spark/.ivy2/jars/org.apache.iceberg_iceberg-spark-runtime-3.5_2.12-1.4.3.jar with timestamp 1773532514594
[2026-03-14T23:55:15.454+0000] {docker.py:429} INFO - 26/03/14 23:55:15 INFO Utils: /opt/bitnami/spark/.ivy2/jars/org.apache.iceberg_iceberg-spark-runtime-3.5_2.12-1.4.3.jar has been previously copied to /tmp/spark-8fbe72c3-149f-44d3-b02d-764937cbce62/userFiles-e6e76ebb-6d36-443f-8520-a4aee3ad17be/org.apache.iceberg_iceberg-spark-runtime-3.5_2.12-1.4.3.jar
[2026-03-14T23:55:15.458+0000] {docker.py:429} INFO - 26/03/14 23:55:15 INFO Executor: Fetching file:///opt/bitnami/spark/.ivy2/jars/com.amazonaws_aws-java-sdk-bundle-1.12.262.jar with timestamp 1773532514594
[2026-03-14T23:55:15.637+0000] {docker.py:429} INFO - 26/03/14 23:55:15 INFO Utils: /opt/bitnami/spark/.ivy2/jars/com.amazonaws_aws-java-sdk-bundle-1.12.262.jar has been previously copied to /tmp/spark-8fbe72c3-149f-44d3-b02d-764937cbce62/userFiles-e6e76ebb-6d36-443f-8520-a4aee3ad17be/com.amazonaws_aws-java-sdk-bundle-1.12.262.jar
[2026-03-14T23:55:15.642+0000] {docker.py:429} INFO - 26/03/14 23:55:15 INFO Executor: Fetching file:///opt/bitnami/spark/.ivy2/jars/org.projectnessie.nessie-integrations_nessie-spark-extensions-3.5_2.12-0.77.1.jar with timestamp 1773532514594
[2026-03-14T23:55:15.644+0000] {docker.py:429} INFO - 26/03/14 23:55:15 INFO Utils: /opt/bitnami/spark/.ivy2/jars/org.projectnessie.nessie-integrations_nessie-spark-extensions-3.5_2.12-0.77.1.jar has been previously copied to /tmp/spark-8fbe72c3-149f-44d3-b02d-764937cbce62/userFiles-e6e76ebb-6d36-443f-8520-a4aee3ad17be/org.projectnessie.nessie-integrations_nessie-spark-extensions-3.5_2.12-0.77.1.jar
[2026-03-14T23:55:15.647+0000] {docker.py:429} INFO - 26/03/14 23:55:15 INFO Executor: Fetching file:///opt/bitnami/spark/.ivy2/jars/org.wildfly.openssl_wildfly-openssl-1.0.7.Final.jar with timestamp 1773532514594
[2026-03-14T23:55:15.648+0000] {docker.py:429} INFO - 26/03/14 23:55:15 INFO Utils: /opt/bitnami/spark/.ivy2/jars/org.wildfly.openssl_wildfly-openssl-1.0.7.Final.jar has been previously copied to /tmp/spark-8fbe72c3-149f-44d3-b02d-764937cbce62/userFiles-e6e76ebb-6d36-443f-8520-a4aee3ad17be/org.wildfly.openssl_wildfly-openssl-1.0.7.Final.jar
[2026-03-14T23:55:15.655+0000] {docker.py:429} INFO - 26/03/14 23:55:15 INFO Executor: Fetching spark://13ed432a88b5:43093/jars/org.wildfly.openssl_wildfly-openssl-1.0.7.Final.jar with timestamp 1773532514594
[2026-03-14T23:55:15.681+0000] {docker.py:429} INFO - 26/03/14 23:55:15 INFO TransportClientFactory: Successfully created connection to 13ed432a88b5/172.22.0.15:43093 after 21 ms (0 ms spent in bootstraps)
[2026-03-14T23:55:15.687+0000] {docker.py:429} INFO - 26/03/14 23:55:15 INFO Utils: Fetching spark://13ed432a88b5:43093/jars/org.wildfly.openssl_wildfly-openssl-1.0.7.Final.jar to /tmp/spark-8fbe72c3-149f-44d3-b02d-764937cbce62/userFiles-e6e76ebb-6d36-443f-8520-a4aee3ad17be/fetchFileTemp5276930275244512858.tmp
[2026-03-14T23:55:15.704+0000] {docker.py:429} INFO - 26/03/14 23:55:15 INFO Utils: /tmp/spark-8fbe72c3-149f-44d3-b02d-764937cbce62/userFiles-e6e76ebb-6d36-443f-8520-a4aee3ad17be/fetchFileTemp5276930275244512858.tmp has been previously copied to /tmp/spark-8fbe72c3-149f-44d3-b02d-764937cbce62/userFiles-e6e76ebb-6d36-443f-8520-a4aee3ad17be/org.wildfly.openssl_wildfly-openssl-1.0.7.Final.jar
[2026-03-14T23:55:15.709+0000] {docker.py:429} INFO - 26/03/14 23:55:15 INFO Executor: Adding file:/tmp/spark-8fbe72c3-149f-44d3-b02d-764937cbce62/userFiles-e6e76ebb-6d36-443f-8520-a4aee3ad17be/org.wildfly.openssl_wildfly-openssl-1.0.7.Final.jar to class loader default
[2026-03-14T23:55:15.710+0000] {docker.py:429} INFO - 26/03/14 23:55:15 INFO Executor: Fetching spark://13ed432a88b5:43093/jars/com.amazonaws_aws-java-sdk-bundle-1.12.262.jar with timestamp 1773532514594
[2026-03-14T23:55:15.710+0000] {docker.py:429} INFO - 26/03/14 23:55:15 INFO Utils: Fetching spark://13ed432a88b5:43093/jars/com.amazonaws_aws-java-sdk-bundle-1.12.262.jar to /tmp/spark-8fbe72c3-149f-44d3-b02d-764937cbce62/userFiles-e6e76ebb-6d36-443f-8520-a4aee3ad17be/fetchFileTemp14554913961996349296.tmp
[2026-03-14T23:55:16.272+0000] {docker.py:429} INFO - 26/03/14 23:55:16 INFO Utils: /tmp/spark-8fbe72c3-149f-44d3-b02d-764937cbce62/userFiles-e6e76ebb-6d36-443f-8520-a4aee3ad17be/fetchFileTemp14554913961996349296.tmp has been previously copied to /tmp/spark-8fbe72c3-149f-44d3-b02d-764937cbce62/userFiles-e6e76ebb-6d36-443f-8520-a4aee3ad17be/com.amazonaws_aws-java-sdk-bundle-1.12.262.jar
[2026-03-14T23:55:16.311+0000] {docker.py:429} INFO - 26/03/14 23:55:16 INFO Executor: Adding file:/tmp/spark-8fbe72c3-149f-44d3-b02d-764937cbce62/userFiles-e6e76ebb-6d36-443f-8520-a4aee3ad17be/com.amazonaws_aws-java-sdk-bundle-1.12.262.jar to class loader default
[2026-03-14T23:55:16.311+0000] {docker.py:429} INFO - 26/03/14 23:55:16 INFO Executor: Fetching spark://13ed432a88b5:43093/jars/org.apache.iceberg_iceberg-spark-runtime-3.5_2.12-1.4.3.jar with timestamp 1773532514594
[2026-03-14T23:55:16.311+0000] {docker.py:429} INFO - 26/03/14 23:55:16 INFO Utils: Fetching spark://13ed432a88b5:43093/jars/org.apache.iceberg_iceberg-spark-runtime-3.5_2.12-1.4.3.jar to /tmp/spark-8fbe72c3-149f-44d3-b02d-764937cbce62/userFiles-e6e76ebb-6d36-443f-8520-a4aee3ad17be/fetchFileTemp15899113591645190544.tmp
[2026-03-14T23:55:16.363+0000] {docker.py:429} INFO - 26/03/14 23:55:16 INFO Utils: /tmp/spark-8fbe72c3-149f-44d3-b02d-764937cbce62/userFiles-e6e76ebb-6d36-443f-8520-a4aee3ad17be/fetchFileTemp15899113591645190544.tmp has been previously copied to /tmp/spark-8fbe72c3-149f-44d3-b02d-764937cbce62/userFiles-e6e76ebb-6d36-443f-8520-a4aee3ad17be/org.apache.iceberg_iceberg-spark-runtime-3.5_2.12-1.4.3.jar
[2026-03-14T23:55:16.371+0000] {docker.py:429} INFO - 26/03/14 23:55:16 INFO Executor: Adding file:/tmp/spark-8fbe72c3-149f-44d3-b02d-764937cbce62/userFiles-e6e76ebb-6d36-443f-8520-a4aee3ad17be/org.apache.iceberg_iceberg-spark-runtime-3.5_2.12-1.4.3.jar to class loader default
[2026-03-14T23:55:16.371+0000] {docker.py:429} INFO - 26/03/14 23:55:16 INFO Executor: Fetching spark://13ed432a88b5:43093/jars/org.apache.hadoop_hadoop-aws-3.3.4.jar with timestamp 1773532514594
[2026-03-14T23:55:16.372+0000] {docker.py:429} INFO - 26/03/14 23:55:16 INFO Utils: Fetching spark://13ed432a88b5:43093/jars/org.apache.hadoop_hadoop-aws-3.3.4.jar to /tmp/spark-8fbe72c3-149f-44d3-b02d-764937cbce62/userFiles-e6e76ebb-6d36-443f-8520-a4aee3ad17be/fetchFileTemp4832135594794695163.tmp
[2026-03-14T23:55:16.375+0000] {docker.py:429} INFO - 26/03/14 23:55:16 INFO Utils: /tmp/spark-8fbe72c3-149f-44d3-b02d-764937cbce62/userFiles-e6e76ebb-6d36-443f-8520-a4aee3ad17be/fetchFileTemp4832135594794695163.tmp has been previously copied to /tmp/spark-8fbe72c3-149f-44d3-b02d-764937cbce62/userFiles-e6e76ebb-6d36-443f-8520-a4aee3ad17be/org.apache.hadoop_hadoop-aws-3.3.4.jar
[2026-03-14T23:55:16.379+0000] {docker.py:429} INFO - 26/03/14 23:55:16 INFO Executor: Adding file:/tmp/spark-8fbe72c3-149f-44d3-b02d-764937cbce62/userFiles-e6e76ebb-6d36-443f-8520-a4aee3ad17be/org.apache.hadoop_hadoop-aws-3.3.4.jar to class loader default
[2026-03-14T23:55:16.380+0000] {docker.py:429} INFO - 26/03/14 23:55:16 INFO Executor: Fetching spark://13ed432a88b5:43093/jars/org.projectnessie.nessie-integrations_nessie-spark-extensions-3.5_2.12-0.77.1.jar with timestamp 1773532514594
[2026-03-14T23:55:16.380+0000] {docker.py:429} INFO - 26/03/14 23:55:16 INFO Utils: Fetching spark://13ed432a88b5:43093/jars/org.projectnessie.nessie-integrations_nessie-spark-extensions-3.5_2.12-0.77.1.jar to /tmp/spark-8fbe72c3-149f-44d3-b02d-764937cbce62/userFiles-e6e76ebb-6d36-443f-8520-a4aee3ad17be/fetchFileTemp10660866147731169101.tmp
[2026-03-14T23:55:16.385+0000] {docker.py:429} INFO - 26/03/14 23:55:16 INFO Utils: /tmp/spark-8fbe72c3-149f-44d3-b02d-764937cbce62/userFiles-e6e76ebb-6d36-443f-8520-a4aee3ad17be/fetchFileTemp10660866147731169101.tmp has been previously copied to /tmp/spark-8fbe72c3-149f-44d3-b02d-764937cbce62/userFiles-e6e76ebb-6d36-443f-8520-a4aee3ad17be/org.projectnessie.nessie-integrations_nessie-spark-extensions-3.5_2.12-0.77.1.jar
[2026-03-14T23:55:16.389+0000] {docker.py:429} INFO - 26/03/14 23:55:16 INFO Executor: Adding file:/tmp/spark-8fbe72c3-149f-44d3-b02d-764937cbce62/userFiles-e6e76ebb-6d36-443f-8520-a4aee3ad17be/org.projectnessie.nessie-integrations_nessie-spark-extensions-3.5_2.12-0.77.1.jar to class loader default
[2026-03-14T23:55:16.394+0000] {docker.py:429} INFO - 26/03/14 23:55:16 INFO Utils: Successfully started service 'org.apache.spark.network.netty.NettyBlockTransferService' on port 38971.
26/03/14 23:55:16 INFO NettyBlockTransferService: Server created on 13ed432a88b5:38971
[2026-03-14T23:55:16.395+0000] {docker.py:429} INFO - 26/03/14 23:55:16 INFO BlockManager: Using org.apache.spark.storage.RandomBlockReplicationPolicy for block replication policy
[2026-03-14T23:55:16.398+0000] {docker.py:429} INFO - 26/03/14 23:55:16 INFO BlockManagerMaster: Registering BlockManager BlockManagerId(driver, 13ed432a88b5, 38971, None)
[2026-03-14T23:55:16.400+0000] {docker.py:429} INFO - 26/03/14 23:55:16 INFO BlockManagerMasterEndpoint: Registering block manager 13ed432a88b5:38971 with 434.4 MiB RAM, BlockManagerId(driver, 13ed432a88b5, 38971, None)
[2026-03-14T23:55:16.402+0000] {docker.py:429} INFO - 26/03/14 23:55:16 INFO BlockManagerMaster: Registered BlockManager BlockManagerId(driver, 13ed432a88b5, 38971, None)
[2026-03-14T23:55:16.403+0000] {docker.py:429} INFO - 26/03/14 23:55:16 INFO BlockManager: Initialized BlockManager: BlockManagerId(driver, 13ed432a88b5, 38971, None)
[2026-03-14T23:55:16.585+0000] {docker.py:429} INFO - ✅ Spark Session ready. Starting Airflow-triggered batch run...
[2026-03-14T23:55:16.589+0000] {docker.py:429} INFO - 26/03/14 23:55:16 INFO SharedState: Setting hive.metastore.warehouse.dir ('null') to the value of spark.sql.warehouse.dir.
[2026-03-14T23:55:16.591+0000] {docker.py:429} INFO - 26/03/14 23:55:16 INFO SharedState: Warehouse path is 'file:/opt/bitnami/spark/spark-warehouse'.
[2026-03-14T23:55:17.039+0000] {docker.py:429} INFO - 26/03/14 23:55:17 WARN MetricsConfig: Cannot locate configuration: tried hadoop-metrics2-s3a-file-system.properties,hadoop-metrics2.properties
[2026-03-14T23:55:17.045+0000] {docker.py:429} INFO - 26/03/14 23:55:17 INFO MetricsSystemImpl: Scheduled Metric snapshot period at 10 second(s).
26/03/14 23:55:17 INFO MetricsSystemImpl: s3a-file-system metrics system started
[2026-03-14T23:55:17.430+0000] {docker.py:429} INFO - 26/03/14 23:55:17 INFO InMemoryFileIndex: It took 47 ms to list leaf files for 1 paths.
[2026-03-14T23:55:17.930+0000] {docker.py:429} INFO - 26/03/14 23:55:17 INFO FileSourceStrategy: Pushed Filters:
[2026-03-14T23:55:17.935+0000] {docker.py:429} INFO - 26/03/14 23:55:17 INFO FileSourceStrategy: Post-Scan Filters:
[2026-03-14T23:55:18.067+0000] {docker.py:429} INFO - 26/03/14 23:55:18 INFO MemoryStore: Block broadcast_0 stored as values in memory (estimated size 206.0 KiB, free 434.2 MiB)
[2026-03-14T23:55:18.098+0000] {docker.py:429} INFO - 26/03/14 23:55:18 INFO MemoryStore: Block broadcast_0_piece0 stored as bytes in memory (estimated size 36.4 KiB, free 434.2 MiB)
[2026-03-14T23:55:18.103+0000] {docker.py:429} INFO - 26/03/14 23:55:18 INFO BlockManagerInfo: Added broadcast_0_piece0 in memory on 13ed432a88b5:38971 (size: 36.4 KiB, free: 434.4 MiB)
[2026-03-14T23:55:18.107+0000] {docker.py:429} INFO - 26/03/14 23:55:18 INFO SparkContext: Created broadcast 0 from isEmpty at NativeMethodAccessorImpl.java:0
[2026-03-14T23:55:18.118+0000] {docker.py:429} INFO - 26/03/14 23:55:18 INFO FileSourceScanExec: Planning scan with bin packing, max size: 4194304 bytes, open cost is considered as scanning 4194304 bytes.
[2026-03-14T23:55:18.180+0000] {docker.py:429} INFO - 26/03/14 23:55:18 INFO SparkContext: Starting job: isEmpty at NativeMethodAccessorImpl.java:0
[2026-03-14T23:55:18.193+0000] {docker.py:429} INFO - 26/03/14 23:55:18 INFO DAGScheduler: Got job 0 (isEmpty at NativeMethodAccessorImpl.java:0) with 1 output partitions
[2026-03-14T23:55:18.193+0000] {docker.py:429} INFO - 26/03/14 23:55:18 INFO DAGScheduler: Final stage: ResultStage 0 (isEmpty at NativeMethodAccessorImpl.java:0)
[2026-03-14T23:55:18.194+0000] {docker.py:429} INFO - 26/03/14 23:55:18 INFO DAGScheduler: Parents of final stage: List()
[2026-03-14T23:55:18.194+0000] {docker.py:429} INFO - 26/03/14 23:55:18 INFO DAGScheduler: Missing parents: List()
[2026-03-14T23:55:18.198+0000] {docker.py:429} INFO - 26/03/14 23:55:18 INFO DAGScheduler: Submitting ResultStage 0 (MapPartitionsRDD[2] at isEmpty at NativeMethodAccessorImpl.java:0), which has no missing parents
[2026-03-14T23:55:18.284+0000] {docker.py:429} INFO - 26/03/14 23:55:18 INFO MemoryStore: Block broadcast_1 stored as values in memory (estimated size 10.1 KiB, free 434.2 MiB)
[2026-03-14T23:55:18.289+0000] {docker.py:429} INFO - 26/03/14 23:55:18 INFO MemoryStore: Block broadcast_1_piece0 stored as bytes in memory (estimated size 5.3 KiB, free 434.1 MiB)
[2026-03-14T23:55:18.290+0000] {docker.py:429} INFO - 26/03/14 23:55:18 INFO BlockManagerInfo: Added broadcast_1_piece0 in memory on 13ed432a88b5:38971 (size: 5.3 KiB, free: 434.4 MiB)
[2026-03-14T23:55:18.291+0000] {docker.py:429} INFO - 26/03/14 23:55:18 INFO SparkContext: Created broadcast 1 from broadcast at DAGScheduler.scala:1585
[2026-03-14T23:55:18.310+0000] {docker.py:429} INFO - 26/03/14 23:55:18 INFO DAGScheduler: Submitting 1 missing tasks from ResultStage 0 (MapPartitionsRDD[2] at isEmpty at NativeMethodAccessorImpl.java:0) (first 15 tasks are for partitions Vector(0))
[2026-03-14T23:55:18.311+0000] {docker.py:429} INFO - 26/03/14 23:55:18 INFO TaskSchedulerImpl: Adding task set 0.0 with 1 tasks resource profile 0
[2026-03-14T23:55:18.343+0000] {docker.py:429} INFO - 26/03/14 23:55:18 INFO TaskSetManager: Starting task 0.0 in stage 0.0 (TID 0) (13ed432a88b5, executor driver, partition 0, PROCESS_LOCAL, 9421 bytes)
[2026-03-14T23:55:18.351+0000] {docker.py:429} INFO - 26/03/14 23:55:18 INFO Executor: Running task 0.0 in stage 0.0 (TID 0)
[2026-03-14T23:55:18.399+0000] {docker.py:429} INFO - 26/03/14 23:55:18 INFO FileScanRDD: Reading File path: s3a://landing-zone/telemetry/2026/03/14/batch_1773532447.json, range: 0-1691, partition values: [empty row]
[2026-03-14T23:55:18.522+0000] {docker.py:429} INFO - 26/03/14 23:55:18 INFO CodeGenerator: Code generated in 104.383896 ms
[2026-03-14T23:55:18.580+0000] {docker.py:429} INFO - 26/03/14 23:55:18 INFO Executor: Finished task 0.0 in stage 0.0 (TID 0). 1513 bytes result sent to driver
[2026-03-14T23:55:18.586+0000] {docker.py:429} INFO - 26/03/14 23:55:18 INFO TaskSetManager: Finished task 0.0 in stage 0.0 (TID 0) in 253 ms on 13ed432a88b5 (executor driver) (1/1)
[2026-03-14T23:55:18.587+0000] {docker.py:429} INFO - 26/03/14 23:55:18 INFO TaskSchedulerImpl: Removed TaskSet 0.0, whose tasks have all completed, from pool
[2026-03-14T23:55:18.589+0000] {docker.py:429} INFO - 26/03/14 23:55:18 INFO DAGScheduler: ResultStage 0 (isEmpty at NativeMethodAccessorImpl.java:0) finished in 0.380 s
[2026-03-14T23:55:18.591+0000] {docker.py:429} INFO - 26/03/14 23:55:18 INFO DAGScheduler: Job 0 is finished. Cancelling potential speculative or zombie tasks for this job
[2026-03-14T23:55:18.591+0000] {docker.py:429} INFO - 26/03/14 23:55:18 INFO TaskSchedulerImpl: Killing all running tasks in stage 0: Stage finished
[2026-03-14T23:55:18.592+0000] {docker.py:429} INFO - 26/03/14 23:55:18 INFO DAGScheduler: Job 0 finished: isEmpty at NativeMethodAccessorImpl.java:0, took 0.411857 s
[2026-03-14T23:55:18.647+0000] {docker.py:429} INFO - 26/03/14 23:55:18 INFO FileSourceStrategy: Pushed Filters:
[2026-03-14T23:55:18.648+0000] {docker.py:429} INFO - 26/03/14 23:55:18 INFO FileSourceStrategy: Post-Scan Filters:
[2026-03-14T23:55:18.748+0000] {docker.py:429} INFO - 26/03/14 23:55:18 INFO CodeGenerator: Code generated in 11.154062 ms
[2026-03-14T23:55:18.750+0000] {docker.py:429} INFO - 26/03/14 23:55:18 INFO MemoryStore: Block broadcast_2 stored as values in memory (estimated size 206.0 KiB, free 433.9 MiB)
[2026-03-14T23:55:18.759+0000] {docker.py:429} INFO - 26/03/14 23:55:18 INFO MemoryStore: Block broadcast_2_piece0 stored as bytes in memory (estimated size 36.4 KiB, free 433.9 MiB)
[2026-03-14T23:55:18.760+0000] {docker.py:429} INFO - 26/03/14 23:55:18 INFO BlockManagerInfo: Added broadcast_2_piece0 in memory on 13ed432a88b5:38971 (size: 36.4 KiB, free: 434.3 MiB)
[2026-03-14T23:55:18.761+0000] {docker.py:429} INFO - 26/03/14 23:55:18 INFO SparkContext: Created broadcast 2 from count at NativeMethodAccessorImpl.java:0
[2026-03-14T23:55:18.762+0000] {docker.py:429} INFO - 26/03/14 23:55:18 INFO FileSourceScanExec: Planning scan with bin packing, max size: 4194304 bytes, open cost is considered as scanning 4194304 bytes.
[2026-03-14T23:55:18.785+0000] {docker.py:429} INFO - 26/03/14 23:55:18 INFO DAGScheduler: Registering RDD 6 (count at NativeMethodAccessorImpl.java:0) as input to shuffle 0
[2026-03-14T23:55:18.788+0000] {docker.py:429} INFO - 26/03/14 23:55:18 INFO DAGScheduler: Got map stage job 1 (count at NativeMethodAccessorImpl.java:0) with 10 output partitions
[2026-03-14T23:55:18.789+0000] {docker.py:429} INFO - 26/03/14 23:55:18 INFO DAGScheduler: Final stage: ShuffleMapStage 1 (count at NativeMethodAccessorImpl.java:0)
[2026-03-14T23:55:18.789+0000] {docker.py:429} INFO - 26/03/14 23:55:18 INFO DAGScheduler: Parents of final stage: List()
[2026-03-14T23:55:18.790+0000] {docker.py:429} INFO - 26/03/14 23:55:18 INFO DAGScheduler: Missing parents: List()
[2026-03-14T23:55:18.791+0000] {docker.py:429} INFO - 26/03/14 23:55:18 INFO DAGScheduler: Submitting ShuffleMapStage 1 (MapPartitionsRDD[6] at count at NativeMethodAccessorImpl.java:0), which has no missing parents
[2026-03-14T23:55:18.820+0000] {docker.py:429} INFO - 26/03/14 23:55:18 INFO MemoryStore: Block broadcast_3 stored as values in memory (estimated size 17.0 KiB, free 433.9 MiB)
[2026-03-14T23:55:18.826+0000] {docker.py:429} INFO - 26/03/14 23:55:18 INFO MemoryStore: Block broadcast_3_piece0 stored as bytes in memory (estimated size 8.3 KiB, free 433.9 MiB)
[2026-03-14T23:55:18.826+0000] {docker.py:429} INFO - 26/03/14 23:55:18 INFO BlockManagerInfo: Added broadcast_3_piece0 in memory on 13ed432a88b5:38971 (size: 8.3 KiB, free: 434.3 MiB)
[2026-03-14T23:55:18.827+0000] {docker.py:429} INFO - 26/03/14 23:55:18 INFO SparkContext: Created broadcast 3 from broadcast at DAGScheduler.scala:1585
[2026-03-14T23:55:18.831+0000] {docker.py:429} INFO - 26/03/14 23:55:18 INFO DAGScheduler: Submitting 10 missing tasks from ShuffleMapStage 1 (MapPartitionsRDD[6] at count at NativeMethodAccessorImpl.java:0) (first 15 tasks are for partitions Vector(0, 1, 2, 3, 4, 5, 6, 7, 8, 9))
[2026-03-14T23:55:18.831+0000] {docker.py:429} INFO - 26/03/14 23:55:18 INFO TaskSchedulerImpl: Adding task set 1.0 with 10 tasks resource profile 0
[2026-03-14T23:55:18.834+0000] {docker.py:429} INFO - 26/03/14 23:55:18 INFO TaskSetManager: Starting task 0.0 in stage 1.0 (TID 1) (13ed432a88b5, executor driver, partition 0, PROCESS_LOCAL, 9410 bytes)
[2026-03-14T23:55:18.835+0000] {docker.py:429} INFO - 26/03/14 23:55:18 INFO TaskSetManager: Starting task 1.0 in stage 1.0 (TID 2) (13ed432a88b5, executor driver, partition 1, PROCESS_LOCAL, 9410 bytes)
[2026-03-14T23:55:18.835+0000] {docker.py:429} INFO - 26/03/14 23:55:18 INFO TaskSetManager: Starting task 2.0 in stage 1.0 (TID 3) (13ed432a88b5, executor driver, partition 2, PROCESS_LOCAL, 9410 bytes)
[2026-03-14T23:55:18.836+0000] {docker.py:429} INFO - 26/03/14 23:55:18 INFO TaskSetManager: Starting task 3.0 in stage 1.0 (TID 4) (13ed432a88b5, executor driver, partition 3, PROCESS_LOCAL, 9410 bytes)
[2026-03-14T23:55:18.836+0000] {docker.py:429} INFO - 26/03/14 23:55:18 INFO TaskSetManager: Starting task 4.0 in stage 1.0 (TID 5) (13ed432a88b5, executor driver, partition 4, PROCESS_LOCAL, 9410 bytes)
[2026-03-14T23:55:18.837+0000] {docker.py:429} INFO - 26/03/14 23:55:18 INFO TaskSetManager: Starting task 5.0 in stage 1.0 (TID 6) (13ed432a88b5, executor driver, partition 5, PROCESS_LOCAL, 9410 bytes)
[2026-03-14T23:55:18.838+0000] {docker.py:429} INFO - 26/03/14 23:55:18 INFO TaskSetManager: Starting task 6.0 in stage 1.0 (TID 7) (13ed432a88b5, executor driver, partition 6, PROCESS_LOCAL, 9410 bytes)
[2026-03-14T23:55:18.838+0000] {docker.py:429} INFO - 26/03/14 23:55:18 INFO TaskSetManager: Starting task 7.0 in stage 1.0 (TID 8) (13ed432a88b5, executor driver, partition 7, PROCESS_LOCAL, 9410 bytes)
[2026-03-14T23:55:18.839+0000] {docker.py:429} INFO - 26/03/14 23:55:18 INFO TaskSetManager: Starting task 8.0 in stage 1.0 (TID 9) (13ed432a88b5, executor driver, partition 8, PROCESS_LOCAL, 9410 bytes)
[2026-03-14T23:55:18.839+0000] {docker.py:429} INFO - 26/03/14 23:55:18 INFO TaskSetManager: Starting task 9.0 in stage 1.0 (TID 10) (13ed432a88b5, executor driver, partition 9, PROCESS_LOCAL, 9410 bytes)
[2026-03-14T23:55:18.840+0000] {docker.py:429} INFO - 26/03/14 23:55:18 INFO Executor: Running task 0.0 in stage 1.0 (TID 1)
[2026-03-14T23:55:18.841+0000] {docker.py:429} INFO - 26/03/14 23:55:18 INFO Executor: Running task 1.0 in stage 1.0 (TID 2)
[2026-03-14T23:55:18.841+0000] {docker.py:429} INFO - 26/03/14 23:55:18 INFO Executor: Running task 2.0 in stage 1.0 (TID 3)
[2026-03-14T23:55:18.841+0000] {docker.py:429} INFO - 26/03/14 23:55:18 INFO Executor: Running task 3.0 in stage 1.0 (TID 4)
[2026-03-14T23:55:18.842+0000] {docker.py:429} INFO - 26/03/14 23:55:18 INFO Executor: Running task 4.0 in stage 1.0 (TID 5)
[2026-03-14T23:55:18.842+0000] {docker.py:429} INFO - 26/03/14 23:55:18 INFO Executor: Running task 5.0 in stage 1.0 (TID 6)
[2026-03-14T23:55:18.843+0000] {docker.py:429} INFO - 26/03/14 23:55:18 INFO Executor: Running task 6.0 in stage 1.0 (TID 7)
[2026-03-14T23:55:18.846+0000] {docker.py:429} INFO - 26/03/14 23:55:18 INFO Executor: Running task 8.0 in stage 1.0 (TID 9)
[2026-03-14T23:55:18.846+0000] {docker.py:429} INFO - 26/03/14 23:55:18 INFO Executor: Running task 7.0 in stage 1.0 (TID 8)
[2026-03-14T23:55:18.846+0000] {docker.py:429} INFO - 26/03/14 23:55:18 INFO Executor: Running task 9.0 in stage 1.0 (TID 10)
[2026-03-14T23:55:18.860+0000] {docker.py:429} INFO - 26/03/14 23:55:18 INFO BlockManagerInfo: Removed broadcast_0_piece0 on 13ed432a88b5:38971 in memory (size: 36.4 KiB, free: 434.4 MiB)
[2026-03-14T23:55:18.863+0000] {docker.py:429} INFO - 26/03/14 23:55:18 INFO BlockManagerInfo: Removed broadcast_1_piece0 on 13ed432a88b5:38971 in memory (size: 5.3 KiB, free: 434.4 MiB)
[2026-03-14T23:55:18.869+0000] {docker.py:429} INFO - 26/03/14 23:55:18 INFO CodeGenerator: Code generated in 8.217992 ms
[2026-03-14T23:55:18.877+0000] {docker.py:429} INFO - 26/03/14 23:55:18 INFO FileScanRDD: Reading File path: s3a://landing-zone/telemetry/2026/03/14/batch_1773532354.json, range: 0-1448, partition values: [empty row]
26/03/14 23:55:18 INFO FileScanRDD: Reading File path: s3a://landing-zone/telemetry/2026/03/14/batch_1773532416.json, range: 0-1445, partition values: [empty row]
26/03/14 23:55:18 INFO FileScanRDD: Reading File path: s3a://landing-zone/telemetry/2026/03/14/batch_1773532385.json, range: 0-1449, partition values: [empty row]
[2026-03-14T23:55:18.877+0000] {docker.py:429} INFO - 26/03/14 23:55:18 INFO FileScanRDD: Reading File path: s3a://landing-zone/telemetry/2026/03/14/batch_1773532292.json, range: 0-1688, partition values: [empty row]
[2026-03-14T23:55:18.877+0000] {docker.py:429} INFO - 26/03/14 23:55:18 INFO FileScanRDD: Reading File path: s3a://landing-zone/telemetry/2026/03/14/batch_1773532261.json, range: 0-1443, partition values: [empty row]
[2026-03-14T23:55:18.877+0000] {docker.py:429} INFO - 26/03/14 23:55:18 INFO FileScanRDD: Reading File path: s3a://landing-zone/telemetry/2026/03/14/batch_1773532478.json, range: 0-1448, partition values: [empty row]
[2026-03-14T23:55:18.877+0000] {docker.py:429} INFO - 26/03/14 23:55:18 INFO FileScanRDD: Reading File path: s3a://landing-zone/telemetry/2026/03/14/batch_1773532230.json, range: 0-1449, partition values: [empty row]
[2026-03-14T23:55:18.877+0000] {docker.py:429} INFO - 26/03/14 23:55:18 INFO FileScanRDD: Reading File path: s3a://landing-zone/telemetry/2026/03/14/batch_1773532323.json, range: 0-1449, partition values: [empty row]
[2026-03-14T23:55:18.878+0000] {docker.py:429} INFO - 26/03/14 23:55:18 INFO FileScanRDD: Reading File path: s3a://landing-zone/telemetry/2026/03/14/batch_1773532447.json, range: 0-1691, partition values: [empty row]
[2026-03-14T23:55:18.878+0000] {docker.py:429} INFO - 26/03/14 23:55:18 INFO FileScanRDD: Reading File path: s3a://landing-zone/telemetry/2026/03/14/batch_1773532509.json, range: 0-1448, partition values: [empty row]
[2026-03-14T23:55:18.913+0000] {docker.py:429} INFO - 26/03/14 23:55:18 INFO Executor: Finished task 3.0 in stage 1.0 (TID 4). 1971 bytes result sent to driver
26/03/14 23:55:18 INFO Executor: Finished task 0.0 in stage 1.0 (TID 1). 1971 bytes result sent to driver
26/03/14 23:55:18 INFO Executor: Finished task 2.0 in stage 1.0 (TID 3). 1971 bytes result sent to driver
26/03/14 23:55:18 INFO Executor: Finished task 6.0 in stage 1.0 (TID 7). 1971 bytes result sent to driver
26/03/14 23:55:18 INFO Executor: Finished task 1.0 in stage 1.0 (TID 2). 1971 bytes result sent to driver
26/03/14 23:55:18 INFO Executor: Finished task 4.0 in stage 1.0 (TID 5). 2014 bytes result sent to driver
[2026-03-14T23:55:18.914+0000] {docker.py:429} INFO - 26/03/14 23:55:18 INFO Executor: Finished task 9.0 in stage 1.0 (TID 10). 2014 bytes result sent to driver
[2026-03-14T23:55:18.914+0000] {docker.py:429} INFO - 26/03/14 23:55:18 INFO Executor: Finished task 8.0 in stage 1.0 (TID 9). 1971 bytes result sent to driver
[2026-03-14T23:55:18.914+0000] {docker.py:429} INFO - 26/03/14 23:55:18 INFO Executor: Finished task 7.0 in stage 1.0 (TID 8). 2014 bytes result sent to driver
[2026-03-14T23:55:18.914+0000] {docker.py:429} INFO - 26/03/14 23:55:18 INFO Executor: Finished task 5.0 in stage 1.0 (TID 6). 1971 bytes result sent to driver
[2026-03-14T23:55:18.916+0000] {docker.py:429} INFO - 26/03/14 23:55:18 INFO TaskSetManager: Finished task 4.0 in stage 1.0 (TID 5) in 79 ms on 13ed432a88b5 (executor driver) (1/10)
[2026-03-14T23:55:18.916+0000] {docker.py:429} INFO - 26/03/14 23:55:18 INFO TaskSetManager: Finished task 6.0 in stage 1.0 (TID 7) in 79 ms on 13ed432a88b5 (executor driver) (2/10)
[2026-03-14T23:55:18.916+0000] {docker.py:429} INFO - 26/03/14 23:55:18 INFO TaskSetManager: Finished task 7.0 in stage 1.0 (TID 8) in 78 ms on 13ed432a88b5 (executor driver) (3/10)
26/03/14 23:55:18 INFO TaskSetManager: Finished task 8.0 in stage 1.0 (TID 9) in 78 ms on 13ed432a88b5 (executor driver) (4/10)
26/03/14 23:55:18 INFO TaskSetManager: Finished task 5.0 in stage 1.0 (TID 6) in 80 ms on 13ed432a88b5 (executor driver) (5/10)
[2026-03-14T23:55:18.917+0000] {docker.py:429} INFO - 26/03/14 23:55:18 INFO TaskSetManager: Finished task 3.0 in stage 1.0 (TID 4) in 81 ms on 13ed432a88b5 (executor driver) (6/10)
[2026-03-14T23:55:18.917+0000] {docker.py:429} INFO - 26/03/14 23:55:18 INFO TaskSetManager: Finished task 9.0 in stage 1.0 (TID 10) in 78 ms on 13ed432a88b5 (executor driver) (7/10)
[2026-03-14T23:55:18.917+0000] {docker.py:429} INFO - 26/03/14 23:55:18 INFO TaskSetManager: Finished task 2.0 in stage 1.0 (TID 3) in 82 ms on 13ed432a88b5 (executor driver) (8/10)
[2026-03-14T23:55:18.917+0000] {docker.py:429} INFO - 26/03/14 23:55:18 INFO TaskSetManager: Finished task 1.0 in stage 1.0 (TID 2) in 83 ms on 13ed432a88b5 (executor driver) (9/10)
[2026-03-14T23:55:18.917+0000] {docker.py:429} INFO - 26/03/14 23:55:18 INFO TaskSetManager: Finished task 0.0 in stage 1.0 (TID 1) in 85 ms on 13ed432a88b5 (executor driver) (10/10)
[2026-03-14T23:55:18.917+0000] {docker.py:429} INFO - 26/03/14 23:55:18 INFO TaskSchedulerImpl: Removed TaskSet 1.0, whose tasks have all completed, from pool
[2026-03-14T23:55:18.921+0000] {docker.py:429} INFO - 26/03/14 23:55:18 INFO DAGScheduler: ShuffleMapStage 1 (count at NativeMethodAccessorImpl.java:0) finished in 0.126 s
[2026-03-14T23:55:18.921+0000] {docker.py:429} INFO - 26/03/14 23:55:18 INFO DAGScheduler: looking for newly runnable stages
[2026-03-14T23:55:18.922+0000] {docker.py:429} INFO - 26/03/14 23:55:18 INFO DAGScheduler: running: Set()
[2026-03-14T23:55:18.922+0000] {docker.py:429} INFO - 26/03/14 23:55:18 INFO DAGScheduler: waiting: Set()
[2026-03-14T23:55:18.922+0000] {docker.py:429} INFO - 26/03/14 23:55:18 INFO DAGScheduler: failed: Set()
[2026-03-14T23:55:18.949+0000] {docker.py:429} INFO - 26/03/14 23:55:18 INFO CodeGenerator: Code generated in 6.557095 ms
[2026-03-14T23:55:18.961+0000] {docker.py:429} INFO - 26/03/14 23:55:18 INFO SparkContext: Starting job: count at NativeMethodAccessorImpl.java:0
[2026-03-14T23:55:18.963+0000] {docker.py:429} INFO - 26/03/14 23:55:18 INFO DAGScheduler: Got job 2 (count at NativeMethodAccessorImpl.java:0) with 1 output partitions
26/03/14 23:55:18 INFO DAGScheduler: Final stage: ResultStage 3 (count at NativeMethodAccessorImpl.java:0)
[2026-03-14T23:55:18.963+0000] {docker.py:429} INFO - 26/03/14 23:55:18 INFO DAGScheduler: Parents of final stage: List(ShuffleMapStage 2)
[2026-03-14T23:55:18.963+0000] {docker.py:429} INFO - 26/03/14 23:55:18 INFO DAGScheduler: Missing parents: List()
[2026-03-14T23:55:18.963+0000] {docker.py:429} INFO - 26/03/14 23:55:18 INFO DAGScheduler: Submitting ResultStage 3 (MapPartitionsRDD[9] at count at NativeMethodAccessorImpl.java:0), which has no missing parents
[2026-03-14T23:55:18.968+0000] {docker.py:429} INFO - 26/03/14 23:55:18 INFO MemoryStore: Block broadcast_4 stored as values in memory (estimated size 12.5 KiB, free 434.1 MiB)
[2026-03-14T23:55:18.975+0000] {docker.py:429} INFO - 26/03/14 23:55:18 INFO MemoryStore: Block broadcast_4_piece0 stored as bytes in memory (estimated size 5.9 KiB, free 434.1 MiB)
[2026-03-14T23:55:18.975+0000] {docker.py:429} INFO - 26/03/14 23:55:18 INFO BlockManagerInfo: Added broadcast_4_piece0 in memory on 13ed432a88b5:38971 (size: 5.9 KiB, free: 434.4 MiB)
[2026-03-14T23:55:18.975+0000] {docker.py:429} INFO - 26/03/14 23:55:18 INFO BlockManagerInfo: Removed broadcast_3_piece0 on 13ed432a88b5:38971 in memory (size: 8.3 KiB, free: 434.4 MiB)
[2026-03-14T23:55:18.975+0000] {docker.py:429} INFO - 26/03/14 23:55:18 INFO SparkContext: Created broadcast 4 from broadcast at DAGScheduler.scala:1585
[2026-03-14T23:55:18.976+0000] {docker.py:429} INFO - 26/03/14 23:55:18 INFO DAGScheduler: Submitting 1 missing tasks from ResultStage 3 (MapPartitionsRDD[9] at count at NativeMethodAccessorImpl.java:0) (first 15 tasks are for partitions Vector(0))
[2026-03-14T23:55:18.976+0000] {docker.py:429} INFO - 26/03/14 23:55:18 INFO TaskSchedulerImpl: Adding task set 3.0 with 1 tasks resource profile 0
[2026-03-14T23:55:18.980+0000] {docker.py:429} INFO - 26/03/14 23:55:18 INFO TaskSetManager: Starting task 0.0 in stage 3.0 (TID 11) (13ed432a88b5, executor driver, partition 0, NODE_LOCAL, 8797 bytes)
[2026-03-14T23:55:18.980+0000] {docker.py:429} INFO - 26/03/14 23:55:18 INFO Executor: Running task 0.0 in stage 3.0 (TID 11)
[2026-03-14T23:55:19.006+0000] {docker.py:429} INFO - 26/03/14 23:55:19 INFO ShuffleBlockFetcherIterator: Getting 10 (600.0 B) non-empty blocks including 10 (600.0 B) local and 0 (0.0 B) host-local and 0 (0.0 B) push-merged-local and 0 (0.0 B) remote blocks
[2026-03-14T23:55:19.010+0000] {docker.py:429} INFO - 26/03/14 23:55:19 INFO ShuffleBlockFetcherIterator: Started 0 remote fetches in 10 ms
[2026-03-14T23:55:19.025+0000] {docker.py:429} INFO - 26/03/14 23:55:19 INFO CodeGenerator: Code generated in 10.047475 ms
[2026-03-14T23:55:19.035+0000] {docker.py:429} INFO - 26/03/14 23:55:19 INFO Executor: Finished task 0.0 in stage 3.0 (TID 11). 4038 bytes result sent to driver
[2026-03-14T23:55:19.036+0000] {docker.py:429} INFO - 26/03/14 23:55:19 INFO TaskSetManager: Finished task 0.0 in stage 3.0 (TID 11) in 58 ms on 13ed432a88b5 (executor driver) (1/1)
[2026-03-14T23:55:19.036+0000] {docker.py:429} INFO - 26/03/14 23:55:19 INFO TaskSchedulerImpl: Removed TaskSet 3.0, whose tasks have all completed, from pool
[2026-03-14T23:55:19.037+0000] {docker.py:429} INFO - 26/03/14 23:55:19 INFO DAGScheduler: ResultStage 3 (count at NativeMethodAccessorImpl.java:0) finished in 0.071 s
[2026-03-14T23:55:19.037+0000] {docker.py:429} INFO - 26/03/14 23:55:19 INFO DAGScheduler: Job 2 is finished. Cancelling potential speculative or zombie tasks for this job
[2026-03-14T23:55:19.038+0000] {docker.py:429} INFO - 26/03/14 23:55:19 INFO TaskSchedulerImpl: Killing all running tasks in stage 3: Stage finished
[2026-03-14T23:55:19.038+0000] {docker.py:429} INFO - 26/03/14 23:55:19 INFO DAGScheduler: Job 2 finished: count at NativeMethodAccessorImpl.java:0, took 0.076908 s
[2026-03-14T23:55:19.041+0000] {docker.py:429} INFO - Found 186 records. Appending to Iceberg...
[2026-03-14T23:55:19.244+0000] {docker.py:429} INFO - 26/03/14 23:55:19 INFO CatalogUtil: Loading custom FileIO implementation: org.apache.iceberg.hadoop.HadoopFileIO
[2026-03-14T23:55:19.495+0000] {docker.py:429} INFO - 26/03/14 23:55:19 INFO BaseMetastoreTableOperations: Refreshing table metadata from new version: s3a://warehouse/gold/sensor_telemetry_historical_2d5736bc-ddcb-4955-b7c3-8a46e0b83281/metadata/00002-1a2f450b-e137-41b6-b4db-52d40654755b.metadata.json
[2026-03-14T23:55:19.536+0000] {docker.py:429} INFO - 26/03/14 23:55:19 INFO NessieUtil: loadTableMetadata for 'gold.sensor_telemetry_historical' from location 's3a://warehouse/gold/sensor_telemetry_historical_2d5736bc-ddcb-4955-b7c3-8a46e0b83281/metadata/00002-1a2f450b-e137-41b6-b4db-52d40654755b.metadata.json' at 'Branch{name=main, metadata=null, hash=c10ed5616a46c0a1340a2e30e6458a6f4e1dc670bbd3af6367ff3c289a6f3bc8}'
[2026-03-14T23:55:19.540+0000] {docker.py:429} INFO - 26/03/14 23:55:19 INFO BaseMetastoreCatalog: Table loaded by catalog: nessie.gold.sensor_telemetry_historical
[2026-03-14T23:55:19.577+0000] {docker.py:429} INFO - 26/03/14 23:55:19 INFO SparkWrite: Requesting 0 bytes advisory partition size for table nessie.gold.sensor_telemetry_historical
26/03/14 23:55:19 INFO SparkWrite: Requesting UnspecifiedDistribution as write distribution for table nessie.gold.sensor_telemetry_historical
[2026-03-14T23:55:19.578+0000] {docker.py:429} INFO - 26/03/14 23:55:19 INFO SparkWrite: Requesting [] as write ordering for table nessie.gold.sensor_telemetry_historical
[2026-03-14T23:55:19.582+0000] {docker.py:429} INFO - 26/03/14 23:55:19 INFO FileSourceStrategy: Pushed Filters:
[2026-03-14T23:55:19.583+0000] {docker.py:429} INFO - 26/03/14 23:55:19 INFO FileSourceStrategy: Post-Scan Filters:
[2026-03-14T23:55:19.587+0000] {docker.py:429} INFO - 26/03/14 23:55:19 INFO MemoryStore: Block broadcast_5 stored as values in memory (estimated size 206.0 KiB, free 433.9 MiB)
[2026-03-14T23:55:19.598+0000] {docker.py:429} INFO - 26/03/14 23:55:19 INFO BlockManagerInfo: Removed broadcast_2_piece0 on 13ed432a88b5:38971 in memory (size: 36.4 KiB, free: 434.4 MiB)
[2026-03-14T23:55:19.601+0000] {docker.py:429} INFO - 26/03/14 23:55:19 INFO MemoryStore: Block broadcast_5_piece0 stored as bytes in memory (estimated size 36.4 KiB, free 434.1 MiB)
[2026-03-14T23:55:19.602+0000] {docker.py:429} INFO - 26/03/14 23:55:19 INFO BlockManagerInfo: Added broadcast_5_piece0 in memory on 13ed432a88b5:38971 (size: 36.4 KiB, free: 434.4 MiB)
[2026-03-14T23:55:19.602+0000] {docker.py:429} INFO - 26/03/14 23:55:19 INFO BlockManagerInfo: Removed broadcast_4_piece0 on 13ed432a88b5:38971 in memory (size: 5.9 KiB, free: 434.4 MiB)
[2026-03-14T23:55:19.602+0000] {docker.py:429} INFO - 26/03/14 23:55:19 INFO SparkContext: Created broadcast 5 from saveAsTable at NativeMethodAccessorImpl.java:0
[2026-03-14T23:55:19.603+0000] {docker.py:429} INFO - 26/03/14 23:55:19 INFO FileSourceScanExec: Planning scan with bin packing, max size: 4194304 bytes, open cost is considered as scanning 4194304 bytes.
[2026-03-14T23:55:19.616+0000] {docker.py:429} INFO - 26/03/14 23:55:19 INFO MemoryStore: Block broadcast_6 stored as values in memory (estimated size 32.0 KiB, free 434.1 MiB)
[2026-03-14T23:55:19.627+0000] {docker.py:429} INFO - 26/03/14 23:55:19 INFO MemoryStore: Block broadcast_6_piece0 stored as bytes in memory (estimated size 30.6 KiB, free 434.1 MiB)
[2026-03-14T23:55:19.627+0000] {docker.py:429} INFO - 26/03/14 23:55:19 INFO BlockManagerInfo: Added broadcast_6_piece0 in memory on 13ed432a88b5:38971 (size: 30.6 KiB, free: 434.3 MiB)
[2026-03-14T23:55:19.627+0000] {docker.py:429} INFO - 26/03/14 23:55:19 INFO SparkContext: Created broadcast 6 from broadcast at SparkWrite.java:193
[2026-03-14T23:55:19.629+0000] {docker.py:429} INFO - 26/03/14 23:55:19 INFO AppendDataExec: Start processing data source write support: IcebergBatchWrite(table=nessie.gold.sensor_telemetry_historical, format=PARQUET). The input RDD has 10 partitions.
[2026-03-14T23:55:19.638+0000] {docker.py:429} INFO - 26/03/14 23:55:19 INFO SparkContext: Starting job: saveAsTable at NativeMethodAccessorImpl.java:0
[2026-03-14T23:55:19.641+0000] {docker.py:429} INFO - 26/03/14 23:55:19 INFO DAGScheduler: Got job 3 (saveAsTable at NativeMethodAccessorImpl.java:0) with 10 output partitions
[2026-03-14T23:55:19.642+0000] {docker.py:429} INFO - 26/03/14 23:55:19 INFO DAGScheduler: Final stage: ResultStage 4 (saveAsTable at NativeMethodAccessorImpl.java:0)
[2026-03-14T23:55:19.642+0000] {docker.py:429} INFO - 26/03/14 23:55:19 INFO DAGScheduler: Parents of final stage: List()
[2026-03-14T23:55:19.642+0000] {docker.py:429} INFO - 26/03/14 23:55:19 INFO DAGScheduler: Missing parents: List()
[2026-03-14T23:55:19.643+0000] {docker.py:429} INFO - 26/03/14 23:55:19 INFO DAGScheduler: Submitting ResultStage 4 (MapPartitionsRDD[11] at saveAsTable at NativeMethodAccessorImpl.java:0), which has no missing parents
[2026-03-14T23:55:19.645+0000] {docker.py:429} INFO - 26/03/14 23:55:19 INFO MemoryStore: Block broadcast_7 stored as values in memory (estimated size 13.2 KiB, free 434.1 MiB)
[2026-03-14T23:55:19.647+0000] {docker.py:429} INFO - 26/03/14 23:55:19 INFO MemoryStore: Block broadcast_7_piece0 stored as bytes in memory (estimated size 6.9 KiB, free 434.1 MiB)
[2026-03-14T23:55:19.647+0000] {docker.py:429} INFO - 26/03/14 23:55:19 INFO BlockManagerInfo: Added broadcast_7_piece0 in memory on 13ed432a88b5:38971 (size: 6.9 KiB, free: 434.3 MiB)
[2026-03-14T23:55:19.648+0000] {docker.py:429} INFO - 26/03/14 23:55:19 INFO SparkContext: Created broadcast 7 from broadcast at DAGScheduler.scala:1585
[2026-03-14T23:55:19.648+0000] {docker.py:429} INFO - 26/03/14 23:55:19 INFO DAGScheduler: Submitting 10 missing tasks from ResultStage 4 (MapPartitionsRDD[11] at saveAsTable at NativeMethodAccessorImpl.java:0) (first 15 tasks are for partitions Vector(0, 1, 2, 3, 4, 5, 6, 7, 8, 9))
[2026-03-14T23:55:19.649+0000] {docker.py:429} INFO - 26/03/14 23:55:19 INFO TaskSchedulerImpl: Adding task set 4.0 with 10 tasks resource profile 0
[2026-03-14T23:55:19.650+0000] {docker.py:429} INFO - 26/03/14 23:55:19 INFO TaskSetManager: Starting task 0.0 in stage 4.0 (TID 12) (13ed432a88b5, executor driver, partition 0, PROCESS_LOCAL, 9421 bytes)
[2026-03-14T23:55:19.650+0000] {docker.py:429} INFO - 26/03/14 23:55:19 INFO TaskSetManager: Starting task 1.0 in stage 4.0 (TID 13) (13ed432a88b5, executor driver, partition 1, PROCESS_LOCAL, 9421 bytes)
[2026-03-14T23:55:19.650+0000] {docker.py:429} INFO - 26/03/14 23:55:19 INFO TaskSetManager: Starting task 2.0 in stage 4.0 (TID 14) (13ed432a88b5, executor driver, partition 2, PROCESS_LOCAL, 9421 bytes)
[2026-03-14T23:55:19.650+0000] {docker.py:429} INFO - 26/03/14 23:55:19 INFO TaskSetManager: Starting task 3.0 in stage 4.0 (TID 15) (13ed432a88b5, executor driver, partition 3, PROCESS_LOCAL, 9421 bytes)
[2026-03-14T23:55:19.650+0000] {docker.py:429} INFO - 26/03/14 23:55:19 INFO TaskSetManager: Starting task 4.0 in stage 4.0 (TID 16) (13ed432a88b5, executor driver, partition 4, PROCESS_LOCAL, 9421 bytes)
[2026-03-14T23:55:19.651+0000] {docker.py:429} INFO - 26/03/14 23:55:19 INFO TaskSetManager: Starting task 5.0 in stage 4.0 (TID 17) (13ed432a88b5, executor driver, partition 5, PROCESS_LOCAL, 9421 bytes)
[2026-03-14T23:55:19.651+0000] {docker.py:429} INFO - 26/03/14 23:55:19 INFO TaskSetManager: Starting task 6.0 in stage 4.0 (TID 18) (13ed432a88b5, executor driver, partition 6, PROCESS_LOCAL, 9421 bytes)
[2026-03-14T23:55:19.651+0000] {docker.py:429} INFO - 26/03/14 23:55:19 INFO TaskSetManager: Starting task 7.0 in stage 4.0 (TID 19) (13ed432a88b5, executor driver, partition 7, PROCESS_LOCAL, 9421 bytes)
[2026-03-14T23:55:19.651+0000] {docker.py:429} INFO - 26/03/14 23:55:19 INFO TaskSetManager: Starting task 8.0 in stage 4.0 (TID 20) (13ed432a88b5, executor driver, partition 8, PROCESS_LOCAL, 9421 bytes)
[2026-03-14T23:55:19.652+0000] {docker.py:429} INFO - 26/03/14 23:55:19 INFO TaskSetManager: Starting task 9.0 in stage 4.0 (TID 21) (13ed432a88b5, executor driver, partition 9, PROCESS_LOCAL, 9421 bytes)
[2026-03-14T23:55:19.652+0000] {docker.py:429} INFO - 26/03/14 23:55:19 INFO Executor: Running task 0.0 in stage 4.0 (TID 12)
26/03/14 23:55:19 INFO Executor: Running task 2.0 in stage 4.0 (TID 14)
26/03/14 23:55:19 INFO Executor: Running task 6.0 in stage 4.0 (TID 18)
26/03/14 23:55:19 INFO Executor: Running task 5.0 in stage 4.0 (TID 17)
26/03/14 23:55:19 INFO Executor: Running task 4.0 in stage 4.0 (TID 16)
[2026-03-14T23:55:19.652+0000] {docker.py:429} INFO - 26/03/14 23:55:19 INFO Executor: Running task 8.0 in stage 4.0 (TID 20)
26/03/14 23:55:19 INFO Executor: Running task 3.0 in stage 4.0 (TID 15)
[2026-03-14T23:55:19.653+0000] {docker.py:429} INFO - 26/03/14 23:55:19 INFO Executor: Running task 7.0 in stage 4.0 (TID 19)
[2026-03-14T23:55:19.653+0000] {docker.py:429} INFO - 26/03/14 23:55:19 INFO Executor: Running task 9.0 in stage 4.0 (TID 21)
[2026-03-14T23:55:19.653+0000] {docker.py:429} INFO - 26/03/14 23:55:19 INFO Executor: Running task 1.0 in stage 4.0 (TID 13)
[2026-03-14T23:55:19.725+0000] {docker.py:429} INFO - 26/03/14 23:55:19 INFO CodecPool: Got brand-new compressor [.zstd]
26/03/14 23:55:19 INFO CodecPool: Got brand-new compressor [.zstd]
26/03/14 23:55:19 INFO CodecPool: Got brand-new compressor [.zstd]
26/03/14 23:55:19 INFO CodecPool: Got brand-new compressor [.zstd]
26/03/14 23:55:19 INFO CodecPool: Got brand-new compressor [.zstd]
[2026-03-14T23:55:19.729+0000] {docker.py:429} INFO - 26/03/14 23:55:19 INFO CodecPool: Got brand-new compressor [.zstd]
[2026-03-14T23:55:19.730+0000] {docker.py:429} INFO - 26/03/14 23:55:19 INFO CodecPool: Got brand-new compressor [.zstd]
[2026-03-14T23:55:19.730+0000] {docker.py:429} INFO - 26/03/14 23:55:19 INFO CodecPool: Got brand-new compressor [.zstd]
[2026-03-14T23:55:19.730+0000] {docker.py:429} INFO - 26/03/14 23:55:19 INFO CodecPool: Got brand-new compressor [.zstd]
[2026-03-14T23:55:19.730+0000] {docker.py:429} INFO - 26/03/14 23:55:19 INFO CodecPool: Got brand-new compressor [.zstd]
[2026-03-14T23:55:19.897+0000] {docker.py:429} INFO - 26/03/14 23:55:19 INFO FileScanRDD: Reading File path: s3a://landing-zone/telemetry/2026/03/14/batch_1773532292.json, range: 0-1688, partition values: [empty row]
26/03/14 23:55:19 INFO FileScanRDD: Reading File path: s3a://landing-zone/telemetry/2026/03/14/batch_1773532230.json, range: 0-1449, partition values: [empty row]
26/03/14 23:55:19 INFO FileScanRDD: Reading File path: s3a://landing-zone/telemetry/2026/03/14/batch_1773532323.json, range: 0-1449, partition values: [empty row]
26/03/14 23:55:19 INFO FileScanRDD: Reading File path: s3a://landing-zone/telemetry/2026/03/14/batch_1773532261.json, range: 0-1443, partition values: [empty row]
26/03/14 23:55:19 INFO FileScanRDD: Reading File path: s3a://landing-zone/telemetry/2026/03/14/batch_1773532447.json, range: 0-1691, partition values: [empty row]
26/03/14 23:55:19 INFO FileScanRDD: Reading File path: s3a://landing-zone/telemetry/2026/03/14/batch_1773532509.json, range: 0-1448, partition values: [empty row]
26/03/14 23:55:19 INFO FileScanRDD: Reading File path: s3a://landing-zone/telemetry/2026/03/14/batch_1773532385.json, range: 0-1449, partition values: [empty row]
26/03/14 23:55:19 INFO FileScanRDD: Reading File path: s3a://landing-zone/telemetry/2026/03/14/batch_1773532416.json, range: 0-1445, partition values: [empty row]
26/03/14 23:55:19 INFO FileScanRDD: Reading File path: s3a://landing-zone/telemetry/2026/03/14/batch_1773532478.json, range: 0-1448, partition values: [empty row]
26/03/14 23:55:19 INFO FileScanRDD: Reading File path: s3a://landing-zone/telemetry/2026/03/14/batch_1773532354.json, range: 0-1448, partition values: [empty row]
[2026-03-14T23:55:19.914+0000] {docker.py:429} INFO - 26/03/14 23:55:19 INFO CodeGenerator: Code generated in 10.061942 ms
[2026-03-14T23:55:19.941+0000] {docker.py:429} INFO - 26/03/14 23:55:19 INFO DataWritingSparkTask: Commit authorized for partition 6 (task 18, attempt 0, stage 4.0)
26/03/14 23:55:19 INFO DataWritingSparkTask: Commit authorized for partition 9 (task 21, attempt 0, stage 4.0)
[2026-03-14T23:55:19.942+0000] {docker.py:429} INFO - 26/03/14 23:55:19 INFO DataWritingSparkTask: Commit authorized for partition 3 (task 15, attempt 0, stage 4.0)
26/03/14 23:55:19 INFO DataWritingSparkTask: Commit authorized for partition 1 (task 13, attempt 0, stage 4.0)
[2026-03-14T23:55:19.942+0000] {docker.py:429} INFO - 26/03/14 23:55:19 INFO DataWritingSparkTask: Commit authorized for partition 4 (task 16, attempt 0, stage 4.0)
26/03/14 23:55:19 INFO DataWritingSparkTask: Commit authorized for partition 5 (task 17, attempt 0, stage 4.0)
26/03/14 23:55:19 INFO DataWritingSparkTask: Commit authorized for partition 8 (task 20, attempt 0, stage 4.0)
[2026-03-14T23:55:19.942+0000] {docker.py:429} INFO - 26/03/14 23:55:19 INFO DataWritingSparkTask: Commit authorized for partition 0 (task 12, attempt 0, stage 4.0)
[2026-03-14T23:55:19.942+0000] {docker.py:429} INFO - 26/03/14 23:55:19 INFO DataWritingSparkTask: Commit authorized for partition 2 (task 14, attempt 0, stage 4.0)
[2026-03-14T23:55:19.943+0000] {docker.py:429} INFO - 26/03/14 23:55:19 INFO DataWritingSparkTask: Commit authorized for partition 7 (task 19, attempt 0, stage 4.0)
[2026-03-14T23:55:20.348+0000] {docker.py:429} INFO - 26/03/14 23:55:20 INFO DataWritingSparkTask: Committed partition 3 (task 15, attempt 0, stage 4.0)
26/03/14 23:55:20 INFO DataWritingSparkTask: Committed partition 0 (task 12, attempt 0, stage 4.0)
26/03/14 23:55:20 INFO DataWritingSparkTask: Committed partition 4 (task 16, attempt 0, stage 4.0)
26/03/14 23:55:20 INFO DataWritingSparkTask: Committed partition 9 (task 21, attempt 0, stage 4.0)
26/03/14 23:55:20 INFO DataWritingSparkTask: Committed partition 5 (task 17, attempt 0, stage 4.0)
26/03/14 23:55:20 INFO DataWritingSparkTask: Committed partition 2 (task 14, attempt 0, stage 4.0)
26/03/14 23:55:20 INFO DataWritingSparkTask: Committed partition 6 (task 18, attempt 0, stage 4.0)
26/03/14 23:55:20 INFO DataWritingSparkTask: Committed partition 7 (task 19, attempt 0, stage 4.0)
[2026-03-14T23:55:20.362+0000] {docker.py:429} INFO - 26/03/14 23:55:20 INFO Executor: Finished task 7.0 in stage 4.0 (TID 19). 4140 bytes result sent to driver
26/03/14 23:55:20 INFO Executor: Finished task 0.0 in stage 4.0 (TID 12). 4140 bytes result sent to driver
26/03/14 23:55:20 INFO Executor: Finished task 5.0 in stage 4.0 (TID 17). 4140 bytes result sent to driver
[2026-03-14T23:55:20.363+0000] {docker.py:429} INFO - 26/03/14 23:55:20 INFO Executor: Finished task 4.0 in stage 4.0 (TID 16). 4140 bytes result sent to driver
[2026-03-14T23:55:20.363+0000] {docker.py:429} INFO - 26/03/14 23:55:20 INFO Executor: Finished task 2.0 in stage 4.0 (TID 14). 4140 bytes result sent to driver
[2026-03-14T23:55:20.363+0000] {docker.py:429} INFO - 26/03/14 23:55:20 INFO Executor: Finished task 9.0 in stage 4.0 (TID 21). 4140 bytes result sent to driver
26/03/14 23:55:20 INFO Executor: Finished task 3.0 in stage 4.0 (TID 15). 4140 bytes result sent to driver
[2026-03-14T23:55:20.363+0000] {docker.py:429} INFO - 26/03/14 23:55:20 INFO Executor: Finished task 6.0 in stage 4.0 (TID 18). 4140 bytes result sent to driver
[2026-03-14T23:55:20.363+0000] {docker.py:429} INFO - 26/03/14 23:55:20 INFO DataWritingSparkTask: Committed partition 1 (task 13, attempt 0, stage 4.0)
[2026-03-14T23:55:20.364+0000] {docker.py:429} INFO - 26/03/14 23:55:20 INFO TaskSetManager: Finished task 5.0 in stage 4.0 (TID 17) in 714 ms on 13ed432a88b5 (executor driver) (1/10)
[2026-03-14T23:55:20.365+0000] {docker.py:429} INFO - 26/03/14 23:55:20 INFO TaskSetManager: Finished task 4.0 in stage 4.0 (TID 16) in 714 ms on 13ed432a88b5 (executor driver) (2/10)
[2026-03-14T23:55:20.365+0000] {docker.py:429} INFO - 26/03/14 23:55:20 INFO TaskSetManager: Finished task 0.0 in stage 4.0 (TID 12) in 715 ms on 13ed432a88b5 (executor driver) (3/10)
[2026-03-14T23:55:20.365+0000] {docker.py:429} INFO - 26/03/14 23:55:20 INFO TaskSetManager: Finished task 7.0 in stage 4.0 (TID 19) in 714 ms on 13ed432a88b5 (executor driver) (4/10)
[2026-03-14T23:55:20.365+0000] {docker.py:429} INFO - 26/03/14 23:55:20 INFO Executor: Finished task 1.0 in stage 4.0 (TID 13). 4097 bytes result sent to driver
[2026-03-14T23:55:20.366+0000] {docker.py:429} INFO - 26/03/14 23:55:20 INFO TaskSetManager: Finished task 9.0 in stage 4.0 (TID 21) in 714 ms on 13ed432a88b5 (executor driver) (5/10)
[2026-03-14T23:55:20.366+0000] {docker.py:429} INFO - 26/03/14 23:55:20 INFO TaskSetManager: Finished task 6.0 in stage 4.0 (TID 18) in 715 ms on 13ed432a88b5 (executor driver) (6/10)
[2026-03-14T23:55:20.366+0000] {docker.py:429} INFO - 26/03/14 23:55:20 INFO TaskSetManager: Finished task 2.0 in stage 4.0 (TID 14) in 716 ms on 13ed432a88b5 (executor driver) (7/10)
[2026-03-14T23:55:20.367+0000] {docker.py:429} INFO - 26/03/14 23:55:20 INFO TaskSetManager: Finished task 3.0 in stage 4.0 (TID 15) in 716 ms on 13ed432a88b5 (executor driver) (8/10)
[2026-03-14T23:55:20.367+0000] {docker.py:429} INFO - 26/03/14 23:55:20 INFO TaskSetManager: Finished task 1.0 in stage 4.0 (TID 13) in 716 ms on 13ed432a88b5 (executor driver) (9/10)
[2026-03-14T23:55:20.367+0000] {docker.py:429} INFO - 26/03/14 23:55:20 INFO DataWritingSparkTask: Committed partition 8 (task 20, attempt 0, stage 4.0)
[2026-03-14T23:55:20.369+0000] {docker.py:429} INFO - 26/03/14 23:55:20 INFO Executor: Finished task 8.0 in stage 4.0 (TID 20). 4097 bytes result sent to driver
[2026-03-14T23:55:20.370+0000] {docker.py:429} INFO - 26/03/14 23:55:20 INFO TaskSetManager: Finished task 8.0 in stage 4.0 (TID 20) in 718 ms on 13ed432a88b5 (executor driver) (10/10)
[2026-03-14T23:55:20.370+0000] {docker.py:429} INFO - 26/03/14 23:55:20 INFO TaskSchedulerImpl: Removed TaskSet 4.0, whose tasks have all completed, from pool
[2026-03-14T23:55:20.371+0000] {docker.py:429} INFO - 26/03/14 23:55:20 INFO DAGScheduler: ResultStage 4 (saveAsTable at NativeMethodAccessorImpl.java:0) finished in 0.727 s
[2026-03-14T23:55:20.371+0000] {docker.py:429} INFO - 26/03/14 23:55:20 INFO DAGScheduler: Job 3 is finished. Cancelling potential speculative or zombie tasks for this job
[2026-03-14T23:55:20.372+0000] {docker.py:429} INFO - 26/03/14 23:55:20 INFO TaskSchedulerImpl: Killing all running tasks in stage 4: Stage finished
[2026-03-14T23:55:20.372+0000] {docker.py:429} INFO - 26/03/14 23:55:20 INFO DAGScheduler: Job 3 finished: saveAsTable at NativeMethodAccessorImpl.java:0, took 0.733956 s
[2026-03-14T23:55:20.372+0000] {docker.py:429} INFO - 26/03/14 23:55:20 INFO AppendDataExec: Data source write support IcebergBatchWrite(table=nessie.gold.sensor_telemetry_historical, format=PARQUET) is committing.
[2026-03-14T23:55:20.417+0000] {docker.py:429} INFO - 26/03/14 23:55:20 INFO SparkWrite: Committing append with 10 new data files to table nessie.gold.sensor_telemetry_historical
[2026-03-14T23:55:20.727+0000] {docker.py:429} INFO - 26/03/14 23:55:20 INFO NessieIcebergClient: Committed 'gold.sensor_telemetry_historical' against 'Branch{name=main, metadata=null, hash=20201d43f87adb92ed58ef10a48ca355f0ef5f2b6ea85e24c976359c17258d7c}', expected commit-id was 'c10ed5616a46c0a1340a2e30e6458a6f4e1dc670bbd3af6367ff3c289a6f3bc8'
26/03/14 23:55:20 INFO BaseMetastoreTableOperations: Successfully committed to table gold.sensor_telemetry_historical in 48 ms
[2026-03-14T23:55:20.728+0000] {docker.py:429} INFO - 26/03/14 23:55:20 INFO SnapshotProducer: Committed snapshot 285799808857780430 (MergeAppend)
[2026-03-14T23:55:20.738+0000] {docker.py:429} INFO - 26/03/14 23:55:20 INFO BaseMetastoreTableOperations: Refreshing table metadata from new version: s3a://warehouse/gold/sensor_telemetry_historical_2d5736bc-ddcb-4955-b7c3-8a46e0b83281/metadata/00003-41e8f594-ca8e-4be2-8701-04ec0f3c5e02.metadata.json
[2026-03-14T23:55:20.747+0000] {docker.py:429} INFO - 26/03/14 23:55:20 INFO NessieUtil: loadTableMetadata for 'gold.sensor_telemetry_historical' from location 's3a://warehouse/gold/sensor_telemetry_historical_2d5736bc-ddcb-4955-b7c3-8a46e0b83281/metadata/00003-41e8f594-ca8e-4be2-8701-04ec0f3c5e02.metadata.json' at 'Branch{name=main, metadata=null, hash=20201d43f87adb92ed58ef10a48ca355f0ef5f2b6ea85e24c976359c17258d7c}'
[2026-03-14T23:55:20.772+0000] {docker.py:429} INFO - 26/03/14 23:55:20 INFO LoggingMetricsReporter: Received metrics report: CommitReport{tableName=nessie.gold.sensor_telemetry_historical, snapshotId=285799808857780430, sequenceNumber=4, operation=append, commitMetrics=CommitMetricsResult{totalDuration=TimerResult{timeUnit=NANOSECONDS, totalDuration=PT0.331525829S, count=1}, attempts=CounterResult{unit=COUNT, value=1}, addedDataFiles=CounterResult{unit=COUNT, value=10}, removedDataFiles=null, totalDataFiles=CounterResult{unit=COUNT, value=70}, addedDeleteFiles=null, addedEqualityDeleteFiles=null, addedPositionalDeleteFiles=null, removedDeleteFiles=null, removedEqualityDeleteFiles=null, removedPositionalDeleteFiles=null, totalDeleteFiles=CounterResult{unit=COUNT, value=0}, addedRecords=CounterResult{unit=COUNT, value=186}, removedRecords=null, totalRecords=CounterResult{unit=COUNT, value=24149}, addedFilesSizeInBytes=CounterResult{unit=BYTES, value=15997}, removedFilesSizeInBytes=null, totalFilesSizeInBytes=CounterResult{unit=BYTES, value=268189}, addedPositionalDeletes=null, removedPositionalDeletes=null, totalPositionalDeletes=CounterResult{unit=COUNT, value=0}, addedEqualityDeletes=null, removedEqualityDeletes=null, totalEqualityDeletes=CounterResult{unit=COUNT, value=0}}, metadata={engine-version=3.5.1, app-id=local-1773532515388, engine-name=spark, iceberg-version=Apache Iceberg 1.4.3 (commit 9a5d24fee239352021a9a73f6a4cad8ecf464f01)}}
26/03/14 23:55:20 INFO SparkWrite: Committed in 355 ms
[2026-03-14T23:55:20.773+0000] {docker.py:429} INFO - 26/03/14 23:55:20 INFO AppendDataExec: Data source write support IcebergBatchWrite(table=nessie.gold.sensor_telemetry_historical, format=PARQUET) committed.
[2026-03-14T23:55:20.806+0000] {docker.py:429} INFO - ✅ Batch complete! Appended to Lakehouse and cleared landing zone.
[2026-03-14T23:55:20.838+0000] {docker.py:429} INFO - 26/03/14 23:55:20 INFO SparkContext: Invoking stop() from shutdown hook
[2026-03-14T23:55:20.838+0000] {docker.py:429} INFO - 26/03/14 23:55:20 INFO SparkContext: SparkContext is stopping with exitCode 0.
[2026-03-14T23:55:20.847+0000] {docker.py:429} INFO - 26/03/14 23:55:20 INFO SparkUI: Stopped Spark web UI at http://13ed432a88b5:4040
[2026-03-14T23:55:20.852+0000] {docker.py:429} INFO - 26/03/14 23:55:20 INFO MapOutputTrackerMasterEndpoint: MapOutputTrackerMasterEndpoint stopped!
[2026-03-14T23:55:20.863+0000] {docker.py:429} INFO - 26/03/14 23:55:20 INFO MemoryStore: MemoryStore cleared
[2026-03-14T23:55:20.863+0000] {docker.py:429} INFO - 26/03/14 23:55:20 INFO BlockManager: BlockManager stopped
[2026-03-14T23:55:20.864+0000] {docker.py:429} INFO - 26/03/14 23:55:20 INFO BlockManagerMaster: BlockManagerMaster stopped
[2026-03-14T23:55:20.865+0000] {docker.py:429} INFO - 26/03/14 23:55:20 INFO OutputCommitCoordinator$OutputCommitCoordinatorEndpoint: OutputCommitCoordinator stopped!
[2026-03-14T23:55:20.870+0000] {docker.py:429} INFO - 26/03/14 23:55:20 INFO SparkContext: Successfully stopped SparkContext
[2026-03-14T23:55:20.871+0000] {docker.py:429} INFO - 26/03/14 23:55:20 INFO ShutdownHookManager: Shutdown hook called
[2026-03-14T23:55:20.871+0000] {docker.py:429} INFO - 26/03/14 23:55:20 INFO ShutdownHookManager: Deleting directory /tmp/spark-ea114f79-70dd-4236-a207-5d35c3d37edc
[2026-03-14T23:55:20.874+0000] {docker.py:429} INFO - 26/03/14 23:55:20 INFO ShutdownHookManager: Deleting directory /tmp/spark-8fbe72c3-149f-44d3-b02d-764937cbce62
[2026-03-14T23:55:20.880+0000] {docker.py:429} INFO - 26/03/14 23:55:20 INFO ShutdownHookManager: Deleting directory /tmp/spark-8fbe72c3-149f-44d3-b02d-764937cbce62/pyspark-0e6b8304-3859-4f99-a069-f3f479933873
[2026-03-14T23:55:20.887+0000] {docker.py:429} INFO - 26/03/14 23:55:20 INFO MetricsSystemImpl: Stopping s3a-file-system metrics system...
[2026-03-14T23:55:20.887+0000] {docker.py:429} INFO - 26/03/14 23:55:20 INFO MetricsSystemImpl: s3a-file-system metrics system stopped.
[2026-03-14T23:55:20.887+0000] {docker.py:429} INFO - 26/03/14 23:55:20 INFO MetricsSystemImpl: s3a-file-system metrics system shutdown complete.
[2026-03-14T23:55:21.805+0000] {taskinstance.py:1149} INFO - Marking task as SUCCESS. dag_id=lakehouse_telemetry_ingestion, task_id=run_spark_iceberg_ingestion, execution_date=20260314T235000, start_date=20260314T235502, end_date=20260314T235521
[2026-03-14T23:55:21.825+0000] {local_task_job_runner.py:234} INFO - Task exited with return code 0
[2026-03-14T23:55:21.838+0000] {taskinstance.py:3309} INFO - 0 downstream tasks scheduled from follow-on schedule check
