[2026-03-15T00:05:02.818+0000] {taskinstance.py:1979} INFO - Dependencies all met for dep_context=non-requeueable deps ti=<TaskInstance: lakehouse_telemetry_ingestion.run_spark_iceberg_ingestion scheduled__2026-03-15T00:00:00+00:00 [queued]>
[2026-03-15T00:05:02.821+0000] {taskinstance.py:1979} INFO - Dependencies all met for dep_context=requeueable deps ti=<TaskInstance: lakehouse_telemetry_ingestion.run_spark_iceberg_ingestion scheduled__2026-03-15T00:00:00+00:00 [queued]>
[2026-03-15T00:05:02.821+0000] {taskinstance.py:2193} INFO - Starting attempt 1 of 2
[2026-03-15T00:05:02.829+0000] {taskinstance.py:2214} INFO - Executing <Task(DockerOperator): run_spark_iceberg_ingestion> on 2026-03-15 00:00:00+00:00
[2026-03-15T00:05:02.832+0000] {standard_task_runner.py:60} INFO - Started process 1067 to run task
[2026-03-15T00:05:02.836+0000] {standard_task_runner.py:87} INFO - Running: ['airflow', 'tasks', 'run', 'lakehouse_telemetry_ingestion', 'run_spark_iceberg_ingestion', 'scheduled__2026-03-15T00:00:00+00:00', '--job-id', '10', '--raw', '--subdir', 'DAGS_FOLDER/telemetry_batch.py', '--cfg-path', '/tmp/tmphdao088e']
[2026-03-15T00:05:02.838+0000] {standard_task_runner.py:88} INFO - Job 10: Subtask run_spark_iceberg_ingestion
[2026-03-15T00:05:02.870+0000] {task_command.py:423} INFO - Running <TaskInstance: lakehouse_telemetry_ingestion.run_spark_iceberg_ingestion scheduled__2026-03-15T00:00:00+00:00 [running]> on host faf6527c0c5a
[2026-03-15T00:05:02.907+0000] {taskinstance.py:2510} INFO - Exporting env vars: AIRFLOW_CTX_DAG_OWNER='enwyse-data-eng' AIRFLOW_CTX_DAG_ID='lakehouse_telemetry_ingestion' AIRFLOW_CTX_TASK_ID='run_spark_iceberg_ingestion' AIRFLOW_CTX_EXECUTION_DATE='2026-03-15T00:00:00+00:00' AIRFLOW_CTX_TRY_NUMBER='1' AIRFLOW_CTX_DAG_RUN_ID='scheduled__2026-03-15T00:00:00+00:00'
[2026-03-15T00:05:02.934+0000] {docker.py:359} INFO - Starting docker container from image bitnamilegacy/spark:3.5.1
[2026-03-15T00:05:03.183+0000] {docker.py:429} INFO - [38;5;6mspark [38;5;5m00:05:03.18 [0m[38;5;2mINFO [0m ==>
[2026-03-15T00:05:03.184+0000] {docker.py:429} INFO - [38;5;6mspark [38;5;5m00:05:03.18 [0m[38;5;2mINFO [0m ==> [1mWelcome to the Bitnami spark container[0m
[2026-03-15T00:05:03.185+0000] {docker.py:429} INFO - [38;5;6mspark [38;5;5m00:05:03.18 [0m[38;5;2mINFO [0m ==> Subscribe to project updates by watching [1mhttps://github.com/bitnami/containers[0m
[2026-03-15T00:05:03.187+0000] {docker.py:429} INFO - [38;5;6mspark [38;5;5m00:05:03.18 [0m[38;5;2mINFO [0m ==> Submit issues and feature requests at [1mhttps://github.com/bitnami/containers/issues[0m
[2026-03-15T00:05:03.188+0000] {docker.py:429} INFO - [38;5;6mspark [38;5;5m00:05:03.18 [0m[38;5;2mINFO [0m ==> Upgrade to Tanzu Application Catalog for production environments to access custom-configured and pre-packaged software components. Gain enhanced features, including Software Bill of Materials (SBOM), CVE scan result reports, and VEX documents. To learn more, visit [1mhttps://bitnami.com/enterprise[0m
[2026-03-15T00:05:03.192+0000] {docker.py:429} INFO - [38;5;6mspark [38;5;5m00:05:03.19 [0m[38;5;2mINFO [0m ==>
[2026-03-15T00:05:03.203+0000] {docker.py:429} INFO - 
[2026-03-15T00:05:04.125+0000] {docker.py:429} INFO - :: loading settings :: url = jar:file:/opt/bitnami/spark/jars/ivy-2.5.1.jar!/org/apache/ivy/core/settings/ivysettings.xml
[2026-03-15T00:05:04.163+0000] {docker.py:429} INFO - Ivy Default Cache set to: /opt/bitnami/spark/.ivy2/cache
The jars for the packages stored in: /opt/bitnami/spark/.ivy2/jars
[2026-03-15T00:05:04.166+0000] {docker.py:429} INFO - org.apache.iceberg#iceberg-spark-runtime-3.5_2.12 added as a dependency
[2026-03-15T00:05:04.166+0000] {docker.py:429} INFO - org.projectnessie.nessie-integrations#nessie-spark-extensions-3.5_2.12 added as a dependency
[2026-03-15T00:05:04.166+0000] {docker.py:429} INFO - org.apache.hadoop#hadoop-aws added as a dependency
[2026-03-15T00:05:04.166+0000] {docker.py:429} INFO - :: resolving dependencies :: org.apache.spark#spark-submit-parent-faec477c-4c87-420c-92d5-7d28c453343d;1.0
	confs: [default]
[2026-03-15T00:05:04.631+0000] {docker.py:429} INFO - found org.apache.iceberg#iceberg-spark-runtime-3.5_2.12;1.4.3 in central
[2026-03-15T00:05:05.415+0000] {docker.py:429} INFO - found org.projectnessie.nessie-integrations#nessie-spark-extensions-3.5_2.12;0.77.1 in central
[2026-03-15T00:05:06.011+0000] {docker.py:429} INFO - found org.apache.hadoop#hadoop-aws;3.3.4 in central
[2026-03-15T00:05:06.813+0000] {docker.py:429} INFO - found com.amazonaws#aws-java-sdk-bundle;1.12.262 in central
[2026-03-15T00:05:07.336+0000] {docker.py:429} INFO - found org.wildfly.openssl#wildfly-openssl;1.0.7.Final in central
[2026-03-15T00:05:07.381+0000] {docker.py:429} INFO - downloading https://repo1.maven.org/maven2/org/apache/iceberg/iceberg-spark-runtime-3.5_2.12/1.4.3/iceberg-spark-runtime-3.5_2.12-1.4.3.jar ...
[2026-03-15T00:05:07.978+0000] {docker.py:429} INFO - [SUCCESSFUL ] org.apache.iceberg#iceberg-spark-runtime-3.5_2.12;1.4.3!iceberg-spark-runtime-3.5_2.12.jar (631ms)
[2026-03-15T00:05:08.012+0000] {docker.py:429} INFO - downloading https://repo1.maven.org/maven2/org/projectnessie/nessie-integrations/nessie-spark-extensions-3.5_2.12/0.77.1/nessie-spark-extensions-3.5_2.12-0.77.1.jar ...
[2026-03-15T00:05:08.071+0000] {docker.py:429} INFO - [SUCCESSFUL ] org.projectnessie.nessie-integrations#nessie-spark-extensions-3.5_2.12;0.77.1!nessie-spark-extensions-3.5_2.12.jar (92ms)
[2026-03-15T00:05:08.106+0000] {docker.py:429} INFO - downloading https://repo1.maven.org/maven2/org/apache/hadoop/hadoop-aws/3.3.4/hadoop-aws-3.3.4.jar ...
[2026-03-15T00:05:08.151+0000] {docker.py:429} INFO - [SUCCESSFUL ] org.apache.hadoop#hadoop-aws;3.3.4!hadoop-aws.jar (79ms)
[2026-03-15T00:05:08.183+0000] {docker.py:429} INFO - downloading https://repo1.maven.org/maven2/com/amazonaws/aws-java-sdk-bundle/1.12.262/aws-java-sdk-bundle-1.12.262.jar ...
[2026-03-15T00:05:12.396+0000] {docker.py:429} INFO - [SUCCESSFUL ] com.amazonaws#aws-java-sdk-bundle;1.12.262!aws-java-sdk-bundle.jar (4243ms)
[2026-03-15T00:05:12.429+0000] {docker.py:429} INFO - downloading https://repo1.maven.org/maven2/org/wildfly/openssl/wildfly-openssl/1.0.7.Final/wildfly-openssl-1.0.7.Final.jar ...
[2026-03-15T00:05:12.472+0000] {docker.py:429} INFO - [SUCCESSFUL ] org.wildfly.openssl#wildfly-openssl;1.0.7.Final!wildfly-openssl.jar (75ms)
[2026-03-15T00:05:12.473+0000] {docker.py:429} INFO - :: resolution report :: resolve 3179ms :: artifacts dl 5128ms
	:: modules in use:
[2026-03-15T00:05:12.473+0000] {docker.py:429} INFO - com.amazonaws#aws-java-sdk-bundle;1.12.262 from central in [default]
	org.apache.hadoop#hadoop-aws;3.3.4 from central in [default]
[2026-03-15T00:05:12.474+0000] {docker.py:429} INFO - org.apache.iceberg#iceberg-spark-runtime-3.5_2.12;1.4.3 from central in [default]
[2026-03-15T00:05:12.474+0000] {docker.py:429} INFO - org.projectnessie.nessie-integrations#nessie-spark-extensions-3.5_2.12;0.77.1 from central in [default]
[2026-03-15T00:05:12.474+0000] {docker.py:429} INFO - org.wildfly.openssl#wildfly-openssl;1.0.7.Final from central in [default]
[2026-03-15T00:05:12.474+0000] {docker.py:429} INFO - ---------------------------------------------------------------------
[2026-03-15T00:05:12.474+0000] {docker.py:429} INFO - |                  |            modules            ||   artifacts   |
[2026-03-15T00:05:12.474+0000] {docker.py:429} INFO - |       conf       | number| search|dwnlded|evicted|| number|dwnlded|
	---------------------------------------------------------------------
[2026-03-15T00:05:12.474+0000] {docker.py:429} INFO - |      default     |   5   |   5   |   5   |   0   ||   5   |   5   |
	---------------------------------------------------------------------
[2026-03-15T00:05:12.478+0000] {docker.py:429} INFO - :: retrieving :: org.apache.spark#spark-submit-parent-faec477c-4c87-420c-92d5-7d28c453343d
	confs: [default]
[2026-03-15T00:05:12.825+0000] {docker.py:429} INFO - 5 artifacts copied, 0 already retrieved (306076kB/347ms)
[2026-03-15T00:05:12.933+0000] {docker.py:429} INFO - 26/03/15 00:05:12 WARN NativeCodeLoader: Unable to load native-hadoop library for your platform... using builtin-java classes where applicable
[2026-03-15T00:05:13.429+0000] {docker.py:429} INFO - 🚀 Initializing Spark Session for Enwyse Lakehouse...
[2026-03-15T00:05:13.490+0000] {docker.py:429} INFO - 26/03/15 00:05:13 INFO SparkContext: Running Spark version 3.5.1
[2026-03-15T00:05:13.490+0000] {docker.py:429} INFO - 26/03/15 00:05:13 INFO SparkContext: OS info Linux, 6.1.0-37-amd64, amd64
[2026-03-15T00:05:13.490+0000] {docker.py:429} INFO - 26/03/15 00:05:13 INFO SparkContext: Java version 17.0.12
[2026-03-15T00:05:13.503+0000] {docker.py:429} INFO - 26/03/15 00:05:13 INFO ResourceUtils: ==============================================================
[2026-03-15T00:05:13.503+0000] {docker.py:429} INFO - 26/03/15 00:05:13 INFO ResourceUtils: No custom resources configured for spark.driver.
[2026-03-15T00:05:13.503+0000] {docker.py:429} INFO - 26/03/15 00:05:13 INFO ResourceUtils: ==============================================================
[2026-03-15T00:05:13.504+0000] {docker.py:429} INFO - 26/03/15 00:05:13 INFO SparkContext: Submitted application: Enwyse-Batch-Ingestion
[2026-03-15T00:05:13.513+0000] {docker.py:429} INFO - 26/03/15 00:05:13 INFO ResourceProfile: Default ResourceProfile created, executor resources: Map(cores -> name: cores, amount: 1, script: , vendor: , memory -> name: memory, amount: 1024, script: , vendor: , offHeap -> name: offHeap, amount: 0, script: , vendor: ), task resources: Map(cpus -> name: cpus, amount: 1.0)
[2026-03-15T00:05:13.525+0000] {docker.py:429} INFO - 26/03/15 00:05:13 INFO ResourceProfile: Limiting resource is cpu
[2026-03-15T00:05:13.526+0000] {docker.py:429} INFO - 26/03/15 00:05:13 INFO ResourceProfileManager: Added ResourceProfile id: 0
[2026-03-15T00:05:13.551+0000] {docker.py:429} INFO - 26/03/15 00:05:13 INFO SecurityManager: Changing view acls to: spark
[2026-03-15T00:05:13.551+0000] {docker.py:429} INFO - 26/03/15 00:05:13 INFO SecurityManager: Changing modify acls to: spark
[2026-03-15T00:05:13.551+0000] {docker.py:429} INFO - 26/03/15 00:05:13 INFO SecurityManager: Changing view acls groups to:
[2026-03-15T00:05:13.551+0000] {docker.py:429} INFO - 26/03/15 00:05:13 INFO SecurityManager: Changing modify acls groups to:
[2026-03-15T00:05:13.552+0000] {docker.py:429} INFO - 26/03/15 00:05:13 INFO SecurityManager: SecurityManager: authentication disabled; ui acls disabled; users with view permissions: spark; groups with view permissions: EMPTY; users with modify permissions: spark; groups with modify permissions: EMPTY
[2026-03-15T00:05:13.678+0000] {docker.py:429} INFO - 26/03/15 00:05:13 INFO Utils: Successfully started service 'sparkDriver' on port 35675.
[2026-03-15T00:05:13.695+0000] {docker.py:429} INFO - 26/03/15 00:05:13 INFO SparkEnv: Registering MapOutputTracker
[2026-03-15T00:05:13.715+0000] {docker.py:429} INFO - 26/03/15 00:05:13 INFO SparkEnv: Registering BlockManagerMaster
[2026-03-15T00:05:13.724+0000] {docker.py:429} INFO - 26/03/15 00:05:13 INFO BlockManagerMasterEndpoint: Using org.apache.spark.storage.DefaultTopologyMapper for getting topology information
[2026-03-15T00:05:13.725+0000] {docker.py:429} INFO - 26/03/15 00:05:13 INFO BlockManagerMasterEndpoint: BlockManagerMasterEndpoint up
[2026-03-15T00:05:13.727+0000] {docker.py:429} INFO - 26/03/15 00:05:13 INFO SparkEnv: Registering BlockManagerMasterHeartbeat
[2026-03-15T00:05:13.741+0000] {docker.py:429} INFO - 26/03/15 00:05:13 INFO DiskBlockManager: Created local directory at /tmp/blockmgr-dbc392f9-8979-4426-a0aa-24329f3f2b1a
[2026-03-15T00:05:13.749+0000] {docker.py:429} INFO - 26/03/15 00:05:13 INFO MemoryStore: MemoryStore started with capacity 434.4 MiB
[2026-03-15T00:05:13.759+0000] {docker.py:429} INFO - 26/03/15 00:05:13 INFO SparkEnv: Registering OutputCommitCoordinator
[2026-03-15T00:05:13.825+0000] {docker.py:429} INFO - 26/03/15 00:05:13 INFO JettyUtils: Start Jetty 0.0.0.0:4040 for SparkUI
[2026-03-15T00:05:13.854+0000] {docker.py:429} INFO - 26/03/15 00:05:13 INFO Utils: Successfully started service 'SparkUI' on port 4040.
[2026-03-15T00:05:13.875+0000] {docker.py:429} INFO - 26/03/15 00:05:13 INFO SparkContext: Added JAR file:///opt/bitnami/spark/.ivy2/jars/org.apache.iceberg_iceberg-spark-runtime-3.5_2.12-1.4.3.jar at spark://9c0bd10bb80c:35675/jars/org.apache.iceberg_iceberg-spark-runtime-3.5_2.12-1.4.3.jar with timestamp 1773533113486
[2026-03-15T00:05:13.876+0000] {docker.py:429} INFO - 26/03/15 00:05:13 INFO SparkContext: Added JAR file:///opt/bitnami/spark/.ivy2/jars/org.projectnessie.nessie-integrations_nessie-spark-extensions-3.5_2.12-0.77.1.jar at spark://9c0bd10bb80c:35675/jars/org.projectnessie.nessie-integrations_nessie-spark-extensions-3.5_2.12-0.77.1.jar with timestamp 1773533113486
[2026-03-15T00:05:13.876+0000] {docker.py:429} INFO - 26/03/15 00:05:13 INFO SparkContext: Added JAR file:///opt/bitnami/spark/.ivy2/jars/org.apache.hadoop_hadoop-aws-3.3.4.jar at spark://9c0bd10bb80c:35675/jars/org.apache.hadoop_hadoop-aws-3.3.4.jar with timestamp 1773533113486
[2026-03-15T00:05:13.876+0000] {docker.py:429} INFO - 26/03/15 00:05:13 INFO SparkContext: Added JAR file:///opt/bitnami/spark/.ivy2/jars/com.amazonaws_aws-java-sdk-bundle-1.12.262.jar at spark://9c0bd10bb80c:35675/jars/com.amazonaws_aws-java-sdk-bundle-1.12.262.jar with timestamp 1773533113486
[2026-03-15T00:05:13.876+0000] {docker.py:429} INFO - 26/03/15 00:05:13 INFO SparkContext: Added JAR file:///opt/bitnami/spark/.ivy2/jars/org.wildfly.openssl_wildfly-openssl-1.0.7.Final.jar at spark://9c0bd10bb80c:35675/jars/org.wildfly.openssl_wildfly-openssl-1.0.7.Final.jar with timestamp 1773533113486
[2026-03-15T00:05:13.877+0000] {docker.py:429} INFO - 26/03/15 00:05:13 INFO SparkContext: Added file file:///opt/bitnami/spark/.ivy2/jars/org.apache.iceberg_iceberg-spark-runtime-3.5_2.12-1.4.3.jar at file:///opt/bitnami/spark/.ivy2/jars/org.apache.iceberg_iceberg-spark-runtime-3.5_2.12-1.4.3.jar with timestamp 1773533113486
[2026-03-15T00:05:13.878+0000] {docker.py:429} INFO - 26/03/15 00:05:13 INFO Utils: Copying /opt/bitnami/spark/.ivy2/jars/org.apache.iceberg_iceberg-spark-runtime-3.5_2.12-1.4.3.jar to /tmp/spark-1e853884-9358-4448-825b-eebd3b3f3363/userFiles-20a8528c-b6d2-46e1-94c7-e333346368ff/org.apache.iceberg_iceberg-spark-runtime-3.5_2.12-1.4.3.jar
[2026-03-15T00:05:13.911+0000] {docker.py:429} INFO - 26/03/15 00:05:13 INFO SparkContext: Added file file:///opt/bitnami/spark/.ivy2/jars/org.projectnessie.nessie-integrations_nessie-spark-extensions-3.5_2.12-0.77.1.jar at file:///opt/bitnami/spark/.ivy2/jars/org.projectnessie.nessie-integrations_nessie-spark-extensions-3.5_2.12-0.77.1.jar with timestamp 1773533113486
[2026-03-15T00:05:13.911+0000] {docker.py:429} INFO - 26/03/15 00:05:13 INFO Utils: Copying /opt/bitnami/spark/.ivy2/jars/org.projectnessie.nessie-integrations_nessie-spark-extensions-3.5_2.12-0.77.1.jar to /tmp/spark-1e853884-9358-4448-825b-eebd3b3f3363/userFiles-20a8528c-b6d2-46e1-94c7-e333346368ff/org.projectnessie.nessie-integrations_nessie-spark-extensions-3.5_2.12-0.77.1.jar
[2026-03-15T00:05:13.916+0000] {docker.py:429} INFO - 26/03/15 00:05:13 INFO SparkContext: Added file file:///opt/bitnami/spark/.ivy2/jars/org.apache.hadoop_hadoop-aws-3.3.4.jar at file:///opt/bitnami/spark/.ivy2/jars/org.apache.hadoop_hadoop-aws-3.3.4.jar with timestamp 1773533113486
[2026-03-15T00:05:13.916+0000] {docker.py:429} INFO - 26/03/15 00:05:13 INFO Utils: Copying /opt/bitnami/spark/.ivy2/jars/org.apache.hadoop_hadoop-aws-3.3.4.jar to /tmp/spark-1e853884-9358-4448-825b-eebd3b3f3363/userFiles-20a8528c-b6d2-46e1-94c7-e333346368ff/org.apache.hadoop_hadoop-aws-3.3.4.jar
[2026-03-15T00:05:13.919+0000] {docker.py:429} INFO - 26/03/15 00:05:13 INFO SparkContext: Added file file:///opt/bitnami/spark/.ivy2/jars/com.amazonaws_aws-java-sdk-bundle-1.12.262.jar at file:///opt/bitnami/spark/.ivy2/jars/com.amazonaws_aws-java-sdk-bundle-1.12.262.jar with timestamp 1773533113486
[2026-03-15T00:05:13.919+0000] {docker.py:429} INFO - 26/03/15 00:05:13 INFO Utils: Copying /opt/bitnami/spark/.ivy2/jars/com.amazonaws_aws-java-sdk-bundle-1.12.262.jar to /tmp/spark-1e853884-9358-4448-825b-eebd3b3f3363/userFiles-20a8528c-b6d2-46e1-94c7-e333346368ff/com.amazonaws_aws-java-sdk-bundle-1.12.262.jar
[2026-03-15T00:05:14.148+0000] {docker.py:429} INFO - 26/03/15 00:05:14 INFO SparkContext: Added file file:///opt/bitnami/spark/.ivy2/jars/org.wildfly.openssl_wildfly-openssl-1.0.7.Final.jar at file:///opt/bitnami/spark/.ivy2/jars/org.wildfly.openssl_wildfly-openssl-1.0.7.Final.jar with timestamp 1773533113486
[2026-03-15T00:05:14.148+0000] {docker.py:429} INFO - 26/03/15 00:05:14 INFO Utils: Copying /opt/bitnami/spark/.ivy2/jars/org.wildfly.openssl_wildfly-openssl-1.0.7.Final.jar to /tmp/spark-1e853884-9358-4448-825b-eebd3b3f3363/userFiles-20a8528c-b6d2-46e1-94c7-e333346368ff/org.wildfly.openssl_wildfly-openssl-1.0.7.Final.jar
[2026-03-15T00:05:14.185+0000] {docker.py:429} INFO - 26/03/15 00:05:14 INFO Executor: Starting executor ID driver on host 9c0bd10bb80c
[2026-03-15T00:05:14.185+0000] {docker.py:429} INFO - 26/03/15 00:05:14 INFO Executor: OS info Linux, 6.1.0-37-amd64, amd64
[2026-03-15T00:05:14.185+0000] {docker.py:429} INFO - 26/03/15 00:05:14 INFO Executor: Java version 17.0.12
[2026-03-15T00:05:14.188+0000] {docker.py:429} INFO - 26/03/15 00:05:14 INFO Executor: Starting executor with user classpath (userClassPathFirst = false): ''
[2026-03-15T00:05:14.188+0000] {docker.py:429} INFO - 26/03/15 00:05:14 INFO Executor: Created or updated repl class loader org.apache.spark.util.MutableURLClassLoader@3da30ff7 for default.
[2026-03-15T00:05:14.195+0000] {docker.py:429} INFO - 26/03/15 00:05:14 INFO Executor: Fetching file:///opt/bitnami/spark/.ivy2/jars/org.apache.hadoop_hadoop-aws-3.3.4.jar with timestamp 1773533113486
[2026-03-15T00:05:14.204+0000] {docker.py:429} INFO - 26/03/15 00:05:14 INFO Utils: /opt/bitnami/spark/.ivy2/jars/org.apache.hadoop_hadoop-aws-3.3.4.jar has been previously copied to /tmp/spark-1e853884-9358-4448-825b-eebd3b3f3363/userFiles-20a8528c-b6d2-46e1-94c7-e333346368ff/org.apache.hadoop_hadoop-aws-3.3.4.jar
[2026-03-15T00:05:14.207+0000] {docker.py:429} INFO - 26/03/15 00:05:14 INFO Executor: Fetching file:///opt/bitnami/spark/.ivy2/jars/org.apache.iceberg_iceberg-spark-runtime-3.5_2.12-1.4.3.jar with timestamp 1773533113486
[2026-03-15T00:05:14.224+0000] {docker.py:429} INFO - 26/03/15 00:05:14 INFO Utils: /opt/bitnami/spark/.ivy2/jars/org.apache.iceberg_iceberg-spark-runtime-3.5_2.12-1.4.3.jar has been previously copied to /tmp/spark-1e853884-9358-4448-825b-eebd3b3f3363/userFiles-20a8528c-b6d2-46e1-94c7-e333346368ff/org.apache.iceberg_iceberg-spark-runtime-3.5_2.12-1.4.3.jar
[2026-03-15T00:05:14.228+0000] {docker.py:429} INFO - 26/03/15 00:05:14 INFO Executor: Fetching file:///opt/bitnami/spark/.ivy2/jars/com.amazonaws_aws-java-sdk-bundle-1.12.262.jar with timestamp 1773533113486
[2026-03-15T00:05:14.383+0000] {docker.py:429} INFO - 26/03/15 00:05:14 INFO Utils: /opt/bitnami/spark/.ivy2/jars/com.amazonaws_aws-java-sdk-bundle-1.12.262.jar has been previously copied to /tmp/spark-1e853884-9358-4448-825b-eebd3b3f3363/userFiles-20a8528c-b6d2-46e1-94c7-e333346368ff/com.amazonaws_aws-java-sdk-bundle-1.12.262.jar
[2026-03-15T00:05:14.393+0000] {docker.py:429} INFO - 26/03/15 00:05:14 INFO Executor: Fetching file:///opt/bitnami/spark/.ivy2/jars/org.projectnessie.nessie-integrations_nessie-spark-extensions-3.5_2.12-0.77.1.jar with timestamp 1773533113486
[2026-03-15T00:05:14.395+0000] {docker.py:429} INFO - 26/03/15 00:05:14 INFO Utils: /opt/bitnami/spark/.ivy2/jars/org.projectnessie.nessie-integrations_nessie-spark-extensions-3.5_2.12-0.77.1.jar has been previously copied to /tmp/spark-1e853884-9358-4448-825b-eebd3b3f3363/userFiles-20a8528c-b6d2-46e1-94c7-e333346368ff/org.projectnessie.nessie-integrations_nessie-spark-extensions-3.5_2.12-0.77.1.jar
[2026-03-15T00:05:14.399+0000] {docker.py:429} INFO - 26/03/15 00:05:14 INFO Executor: Fetching file:///opt/bitnami/spark/.ivy2/jars/org.wildfly.openssl_wildfly-openssl-1.0.7.Final.jar with timestamp 1773533113486
[2026-03-15T00:05:14.399+0000] {docker.py:429} INFO - 26/03/15 00:05:14 INFO Utils: /opt/bitnami/spark/.ivy2/jars/org.wildfly.openssl_wildfly-openssl-1.0.7.Final.jar has been previously copied to /tmp/spark-1e853884-9358-4448-825b-eebd3b3f3363/userFiles-20a8528c-b6d2-46e1-94c7-e333346368ff/org.wildfly.openssl_wildfly-openssl-1.0.7.Final.jar
[2026-03-15T00:05:14.405+0000] {docker.py:429} INFO - 26/03/15 00:05:14 INFO Executor: Fetching spark://9c0bd10bb80c:35675/jars/org.apache.iceberg_iceberg-spark-runtime-3.5_2.12-1.4.3.jar with timestamp 1773533113486
[2026-03-15T00:05:14.431+0000] {docker.py:429} INFO - 26/03/15 00:05:14 INFO TransportClientFactory: Successfully created connection to 9c0bd10bb80c/172.22.0.16:35675 after 19 ms (0 ms spent in bootstraps)
[2026-03-15T00:05:14.435+0000] {docker.py:429} INFO - 26/03/15 00:05:14 INFO Utils: Fetching spark://9c0bd10bb80c:35675/jars/org.apache.iceberg_iceberg-spark-runtime-3.5_2.12-1.4.3.jar to /tmp/spark-1e853884-9358-4448-825b-eebd3b3f3363/userFiles-20a8528c-b6d2-46e1-94c7-e333346368ff/fetchFileTemp8359753853516654599.tmp
[2026-03-15T00:05:14.509+0000] {docker.py:429} INFO - 26/03/15 00:05:14 INFO Utils: /tmp/spark-1e853884-9358-4448-825b-eebd3b3f3363/userFiles-20a8528c-b6d2-46e1-94c7-e333346368ff/fetchFileTemp8359753853516654599.tmp has been previously copied to /tmp/spark-1e853884-9358-4448-825b-eebd3b3f3363/userFiles-20a8528c-b6d2-46e1-94c7-e333346368ff/org.apache.iceberg_iceberg-spark-runtime-3.5_2.12-1.4.3.jar
[2026-03-15T00:05:14.518+0000] {docker.py:429} INFO - 26/03/15 00:05:14 INFO Executor: Adding file:/tmp/spark-1e853884-9358-4448-825b-eebd3b3f3363/userFiles-20a8528c-b6d2-46e1-94c7-e333346368ff/org.apache.iceberg_iceberg-spark-runtime-3.5_2.12-1.4.3.jar to class loader default
[2026-03-15T00:05:14.518+0000] {docker.py:429} INFO - 26/03/15 00:05:14 INFO Executor: Fetching spark://9c0bd10bb80c:35675/jars/org.wildfly.openssl_wildfly-openssl-1.0.7.Final.jar with timestamp 1773533113486
[2026-03-15T00:05:14.518+0000] {docker.py:429} INFO - 26/03/15 00:05:14 INFO Utils: Fetching spark://9c0bd10bb80c:35675/jars/org.wildfly.openssl_wildfly-openssl-1.0.7.Final.jar to /tmp/spark-1e853884-9358-4448-825b-eebd3b3f3363/userFiles-20a8528c-b6d2-46e1-94c7-e333346368ff/fetchFileTemp13117124471686694439.tmp
[2026-03-15T00:05:14.521+0000] {docker.py:429} INFO - 26/03/15 00:05:14 INFO Utils: /tmp/spark-1e853884-9358-4448-825b-eebd3b3f3363/userFiles-20a8528c-b6d2-46e1-94c7-e333346368ff/fetchFileTemp13117124471686694439.tmp has been previously copied to /tmp/spark-1e853884-9358-4448-825b-eebd3b3f3363/userFiles-20a8528c-b6d2-46e1-94c7-e333346368ff/org.wildfly.openssl_wildfly-openssl-1.0.7.Final.jar
[2026-03-15T00:05:14.526+0000] {docker.py:429} INFO - 26/03/15 00:05:14 INFO Executor: Adding file:/tmp/spark-1e853884-9358-4448-825b-eebd3b3f3363/userFiles-20a8528c-b6d2-46e1-94c7-e333346368ff/org.wildfly.openssl_wildfly-openssl-1.0.7.Final.jar to class loader default
[2026-03-15T00:05:14.526+0000] {docker.py:429} INFO - 26/03/15 00:05:14 INFO Executor: Fetching spark://9c0bd10bb80c:35675/jars/org.projectnessie.nessie-integrations_nessie-spark-extensions-3.5_2.12-0.77.1.jar with timestamp 1773533113486
[2026-03-15T00:05:14.526+0000] {docker.py:429} INFO - 26/03/15 00:05:14 INFO Utils: Fetching spark://9c0bd10bb80c:35675/jars/org.projectnessie.nessie-integrations_nessie-spark-extensions-3.5_2.12-0.77.1.jar to /tmp/spark-1e853884-9358-4448-825b-eebd3b3f3363/userFiles-20a8528c-b6d2-46e1-94c7-e333346368ff/fetchFileTemp12472956451095518562.tmp
[2026-03-15T00:05:14.532+0000] {docker.py:429} INFO - 26/03/15 00:05:14 INFO Utils: /tmp/spark-1e853884-9358-4448-825b-eebd3b3f3363/userFiles-20a8528c-b6d2-46e1-94c7-e333346368ff/fetchFileTemp12472956451095518562.tmp has been previously copied to /tmp/spark-1e853884-9358-4448-825b-eebd3b3f3363/userFiles-20a8528c-b6d2-46e1-94c7-e333346368ff/org.projectnessie.nessie-integrations_nessie-spark-extensions-3.5_2.12-0.77.1.jar
[2026-03-15T00:05:14.536+0000] {docker.py:429} INFO - 26/03/15 00:05:14 INFO Executor: Adding file:/tmp/spark-1e853884-9358-4448-825b-eebd3b3f3363/userFiles-20a8528c-b6d2-46e1-94c7-e333346368ff/org.projectnessie.nessie-integrations_nessie-spark-extensions-3.5_2.12-0.77.1.jar to class loader default
[2026-03-15T00:05:14.537+0000] {docker.py:429} INFO - 26/03/15 00:05:14 INFO Executor: Fetching spark://9c0bd10bb80c:35675/jars/org.apache.hadoop_hadoop-aws-3.3.4.jar with timestamp 1773533113486
[2026-03-15T00:05:14.537+0000] {docker.py:429} INFO - 26/03/15 00:05:14 INFO Utils: Fetching spark://9c0bd10bb80c:35675/jars/org.apache.hadoop_hadoop-aws-3.3.4.jar to /tmp/spark-1e853884-9358-4448-825b-eebd3b3f3363/userFiles-20a8528c-b6d2-46e1-94c7-e333346368ff/fetchFileTemp15325721419219511492.tmp
[2026-03-15T00:05:14.540+0000] {docker.py:429} INFO - 26/03/15 00:05:14 INFO Utils: /tmp/spark-1e853884-9358-4448-825b-eebd3b3f3363/userFiles-20a8528c-b6d2-46e1-94c7-e333346368ff/fetchFileTemp15325721419219511492.tmp has been previously copied to /tmp/spark-1e853884-9358-4448-825b-eebd3b3f3363/userFiles-20a8528c-b6d2-46e1-94c7-e333346368ff/org.apache.hadoop_hadoop-aws-3.3.4.jar
[2026-03-15T00:05:14.545+0000] {docker.py:429} INFO - 26/03/15 00:05:14 INFO Executor: Adding file:/tmp/spark-1e853884-9358-4448-825b-eebd3b3f3363/userFiles-20a8528c-b6d2-46e1-94c7-e333346368ff/org.apache.hadoop_hadoop-aws-3.3.4.jar to class loader default
[2026-03-15T00:05:14.545+0000] {docker.py:429} INFO - 26/03/15 00:05:14 INFO Executor: Fetching spark://9c0bd10bb80c:35675/jars/com.amazonaws_aws-java-sdk-bundle-1.12.262.jar with timestamp 1773533113486
[2026-03-15T00:05:14.545+0000] {docker.py:429} INFO - 26/03/15 00:05:14 INFO Utils: Fetching spark://9c0bd10bb80c:35675/jars/com.amazonaws_aws-java-sdk-bundle-1.12.262.jar to /tmp/spark-1e853884-9358-4448-825b-eebd3b3f3363/userFiles-20a8528c-b6d2-46e1-94c7-e333346368ff/fetchFileTemp18002197132791952879.tmp
[2026-03-15T00:05:15.120+0000] {docker.py:429} INFO - 26/03/15 00:05:15 INFO Utils: /tmp/spark-1e853884-9358-4448-825b-eebd3b3f3363/userFiles-20a8528c-b6d2-46e1-94c7-e333346368ff/fetchFileTemp18002197132791952879.tmp has been previously copied to /tmp/spark-1e853884-9358-4448-825b-eebd3b3f3363/userFiles-20a8528c-b6d2-46e1-94c7-e333346368ff/com.amazonaws_aws-java-sdk-bundle-1.12.262.jar
[2026-03-15T00:05:15.161+0000] {docker.py:429} INFO - 26/03/15 00:05:15 INFO Executor: Adding file:/tmp/spark-1e853884-9358-4448-825b-eebd3b3f3363/userFiles-20a8528c-b6d2-46e1-94c7-e333346368ff/com.amazonaws_aws-java-sdk-bundle-1.12.262.jar to class loader default
[2026-03-15T00:05:15.166+0000] {docker.py:429} INFO - 26/03/15 00:05:15 INFO Utils: Successfully started service 'org.apache.spark.network.netty.NettyBlockTransferService' on port 37025.
26/03/15 00:05:15 INFO NettyBlockTransferService: Server created on 9c0bd10bb80c:37025
[2026-03-15T00:05:15.167+0000] {docker.py:429} INFO - 26/03/15 00:05:15 INFO BlockManager: Using org.apache.spark.storage.RandomBlockReplicationPolicy for block replication policy
[2026-03-15T00:05:15.169+0000] {docker.py:429} INFO - 26/03/15 00:05:15 INFO BlockManagerMaster: Registering BlockManager BlockManagerId(driver, 9c0bd10bb80c, 37025, None)
[2026-03-15T00:05:15.172+0000] {docker.py:429} INFO - 26/03/15 00:05:15 INFO BlockManagerMasterEndpoint: Registering block manager 9c0bd10bb80c:37025 with 434.4 MiB RAM, BlockManagerId(driver, 9c0bd10bb80c, 37025, None)
[2026-03-15T00:05:15.174+0000] {docker.py:429} INFO - 26/03/15 00:05:15 INFO BlockManagerMaster: Registered BlockManager BlockManagerId(driver, 9c0bd10bb80c, 37025, None)
[2026-03-15T00:05:15.175+0000] {docker.py:429} INFO - 26/03/15 00:05:15 INFO BlockManager: Initialized BlockManager: BlockManagerId(driver, 9c0bd10bb80c, 37025, None)
[2026-03-15T00:05:15.362+0000] {docker.py:429} INFO - ✅ Spark Session ready. Starting Airflow-triggered batch run...
[2026-03-15T00:05:15.366+0000] {docker.py:429} INFO - 26/03/15 00:05:15 INFO SharedState: Setting hive.metastore.warehouse.dir ('null') to the value of spark.sql.warehouse.dir.
[2026-03-15T00:05:15.368+0000] {docker.py:429} INFO - 26/03/15 00:05:15 INFO SharedState: Warehouse path is 'file:/opt/bitnami/spark/spark-warehouse'.
[2026-03-15T00:05:15.798+0000] {docker.py:429} INFO - 26/03/15 00:05:15 WARN MetricsConfig: Cannot locate configuration: tried hadoop-metrics2-s3a-file-system.properties,hadoop-metrics2.properties
[2026-03-15T00:05:15.805+0000] {docker.py:429} INFO - 26/03/15 00:05:15 INFO MetricsSystemImpl: Scheduled Metric snapshot period at 10 second(s).
26/03/15 00:05:15 INFO MetricsSystemImpl: s3a-file-system metrics system started
[2026-03-15T00:05:16.241+0000] {docker.py:429} INFO - 26/03/15 00:05:16 INFO InMemoryFileIndex: It took 44 ms to list leaf files for 1 paths.
[2026-03-15T00:05:16.752+0000] {docker.py:429} INFO - 26/03/15 00:05:16 INFO FileSourceStrategy: Pushed Filters:
[2026-03-15T00:05:16.757+0000] {docker.py:429} INFO - 26/03/15 00:05:16 INFO FileSourceStrategy: Post-Scan Filters:
[2026-03-15T00:05:16.877+0000] {docker.py:429} INFO - 26/03/15 00:05:16 INFO MemoryStore: Block broadcast_0 stored as values in memory (estimated size 206.0 KiB, free 434.2 MiB)
[2026-03-15T00:05:16.908+0000] {docker.py:429} INFO - 26/03/15 00:05:16 INFO MemoryStore: Block broadcast_0_piece0 stored as bytes in memory (estimated size 36.4 KiB, free 434.2 MiB)
[2026-03-15T00:05:16.910+0000] {docker.py:429} INFO - 26/03/15 00:05:16 INFO BlockManagerInfo: Added broadcast_0_piece0 in memory on 9c0bd10bb80c:37025 (size: 36.4 KiB, free: 434.4 MiB)
[2026-03-15T00:05:16.916+0000] {docker.py:429} INFO - 26/03/15 00:05:16 INFO SparkContext: Created broadcast 0 from isEmpty at NativeMethodAccessorImpl.java:0
[2026-03-15T00:05:16.929+0000] {docker.py:429} INFO - 26/03/15 00:05:16 INFO FileSourceScanExec: Planning scan with bin packing, max size: 4194304 bytes, open cost is considered as scanning 4194304 bytes.
[2026-03-15T00:05:16.991+0000] {docker.py:429} INFO - 26/03/15 00:05:16 INFO SparkContext: Starting job: isEmpty at NativeMethodAccessorImpl.java:0
[2026-03-15T00:05:17.009+0000] {docker.py:429} INFO - 26/03/15 00:05:17 INFO DAGScheduler: Got job 0 (isEmpty at NativeMethodAccessorImpl.java:0) with 1 output partitions
[2026-03-15T00:05:17.009+0000] {docker.py:429} INFO - 26/03/15 00:05:17 INFO DAGScheduler: Final stage: ResultStage 0 (isEmpty at NativeMethodAccessorImpl.java:0)
[2026-03-15T00:05:17.010+0000] {docker.py:429} INFO - 26/03/15 00:05:17 INFO DAGScheduler: Parents of final stage: List()
[2026-03-15T00:05:17.010+0000] {docker.py:429} INFO - 26/03/15 00:05:17 INFO DAGScheduler: Missing parents: List()
[2026-03-15T00:05:17.014+0000] {docker.py:429} INFO - 26/03/15 00:05:17 INFO DAGScheduler: Submitting ResultStage 0 (MapPartitionsRDD[2] at isEmpty at NativeMethodAccessorImpl.java:0), which has no missing parents
[2026-03-15T00:05:17.115+0000] {docker.py:429} INFO - 26/03/15 00:05:17 INFO MemoryStore: Block broadcast_1 stored as values in memory (estimated size 10.1 KiB, free 434.2 MiB)
[2026-03-15T00:05:17.121+0000] {docker.py:429} INFO - 26/03/15 00:05:17 INFO MemoryStore: Block broadcast_1_piece0 stored as bytes in memory (estimated size 5.3 KiB, free 434.1 MiB)
[2026-03-15T00:05:17.121+0000] {docker.py:429} INFO - 26/03/15 00:05:17 INFO BlockManagerInfo: Added broadcast_1_piece0 in memory on 9c0bd10bb80c:37025 (size: 5.3 KiB, free: 434.4 MiB)
[2026-03-15T00:05:17.122+0000] {docker.py:429} INFO - 26/03/15 00:05:17 INFO SparkContext: Created broadcast 1 from broadcast at DAGScheduler.scala:1585
[2026-03-15T00:05:17.140+0000] {docker.py:429} INFO - 26/03/15 00:05:17 INFO DAGScheduler: Submitting 1 missing tasks from ResultStage 0 (MapPartitionsRDD[2] at isEmpty at NativeMethodAccessorImpl.java:0) (first 15 tasks are for partitions Vector(0))
[2026-03-15T00:05:17.140+0000] {docker.py:429} INFO - 26/03/15 00:05:17 INFO TaskSchedulerImpl: Adding task set 0.0 with 1 tasks resource profile 0
[2026-03-15T00:05:17.190+0000] {docker.py:429} INFO - 26/03/15 00:05:17 INFO TaskSetManager: Starting task 0.0 in stage 0.0 (TID 0) (9c0bd10bb80c, executor driver, partition 0, PROCESS_LOCAL, 9421 bytes)
[2026-03-15T00:05:17.205+0000] {docker.py:429} INFO - 26/03/15 00:05:17 INFO Executor: Running task 0.0 in stage 0.0 (TID 0)
[2026-03-15T00:05:17.271+0000] {docker.py:429} INFO - 26/03/15 00:05:17 INFO FileScanRDD: Reading File path: s3a://landing-zone/telemetry/2026/03/15/batch_1773532972.json, range: 0-1691, partition values: [empty row]
[2026-03-15T00:05:17.400+0000] {docker.py:429} INFO - 26/03/15 00:05:17 INFO CodeGenerator: Code generated in 112.32787 ms
[2026-03-15T00:05:17.470+0000] {docker.py:429} INFO - 26/03/15 00:05:17 INFO Executor: Finished task 0.0 in stage 0.0 (TID 0). 1513 bytes result sent to driver
[2026-03-15T00:05:17.477+0000] {docker.py:429} INFO - 26/03/15 00:05:17 INFO TaskSetManager: Finished task 0.0 in stage 0.0 (TID 0) in 299 ms on 9c0bd10bb80c (executor driver) (1/1)
[2026-03-15T00:05:17.478+0000] {docker.py:429} INFO - 26/03/15 00:05:17 INFO TaskSchedulerImpl: Removed TaskSet 0.0, whose tasks have all completed, from pool
[2026-03-15T00:05:17.481+0000] {docker.py:429} INFO - 26/03/15 00:05:17 INFO DAGScheduler: ResultStage 0 (isEmpty at NativeMethodAccessorImpl.java:0) finished in 0.451 s
[2026-03-15T00:05:17.482+0000] {docker.py:429} INFO - 26/03/15 00:05:17 INFO DAGScheduler: Job 0 is finished. Cancelling potential speculative or zombie tasks for this job
[2026-03-15T00:05:17.482+0000] {docker.py:429} INFO - 26/03/15 00:05:17 INFO TaskSchedulerImpl: Killing all running tasks in stage 0: Stage finished
[2026-03-15T00:05:17.484+0000] {docker.py:429} INFO - 26/03/15 00:05:17 INFO DAGScheduler: Job 0 finished: isEmpty at NativeMethodAccessorImpl.java:0, took 0.492345 s
[2026-03-15T00:05:17.547+0000] {docker.py:429} INFO - 26/03/15 00:05:17 INFO FileSourceStrategy: Pushed Filters: 
26/03/15 00:05:17 INFO FileSourceStrategy: Post-Scan Filters:
[2026-03-15T00:05:17.624+0000] {docker.py:429} INFO - 26/03/15 00:05:17 INFO CodeGenerator: Code generated in 10.613031 ms
[2026-03-15T00:05:17.627+0000] {docker.py:429} INFO - 26/03/15 00:05:17 INFO MemoryStore: Block broadcast_2 stored as values in memory (estimated size 206.0 KiB, free 433.9 MiB)
[2026-03-15T00:05:17.635+0000] {docker.py:429} INFO - 26/03/15 00:05:17 INFO MemoryStore: Block broadcast_2_piece0 stored as bytes in memory (estimated size 36.4 KiB, free 433.9 MiB)
[2026-03-15T00:05:17.636+0000] {docker.py:429} INFO - 26/03/15 00:05:17 INFO BlockManagerInfo: Added broadcast_2_piece0 in memory on 9c0bd10bb80c:37025 (size: 36.4 KiB, free: 434.3 MiB)
[2026-03-15T00:05:17.637+0000] {docker.py:429} INFO - 26/03/15 00:05:17 INFO SparkContext: Created broadcast 2 from count at NativeMethodAccessorImpl.java:0
[2026-03-15T00:05:17.637+0000] {docker.py:429} INFO - 26/03/15 00:05:17 INFO FileSourceScanExec: Planning scan with bin packing, max size: 4194304 bytes, open cost is considered as scanning 4194304 bytes.
[2026-03-15T00:05:17.660+0000] {docker.py:429} INFO - 26/03/15 00:05:17 INFO DAGScheduler: Registering RDD 6 (count at NativeMethodAccessorImpl.java:0) as input to shuffle 0
[2026-03-15T00:05:17.664+0000] {docker.py:429} INFO - 26/03/15 00:05:17 INFO DAGScheduler: Got map stage job 1 (count at NativeMethodAccessorImpl.java:0) with 9 output partitions
[2026-03-15T00:05:17.664+0000] {docker.py:429} INFO - 26/03/15 00:05:17 INFO DAGScheduler: Final stage: ShuffleMapStage 1 (count at NativeMethodAccessorImpl.java:0)
[2026-03-15T00:05:17.665+0000] {docker.py:429} INFO - 26/03/15 00:05:17 INFO DAGScheduler: Parents of final stage: List()
[2026-03-15T00:05:17.665+0000] {docker.py:429} INFO - 26/03/15 00:05:17 INFO DAGScheduler: Missing parents: List()
[2026-03-15T00:05:17.666+0000] {docker.py:429} INFO - 26/03/15 00:05:17 INFO DAGScheduler: Submitting ShuffleMapStage 1 (MapPartitionsRDD[6] at count at NativeMethodAccessorImpl.java:0), which has no missing parents
[2026-03-15T00:05:17.696+0000] {docker.py:429} INFO - 26/03/15 00:05:17 INFO MemoryStore: Block broadcast_3 stored as values in memory (estimated size 17.0 KiB, free 433.9 MiB)
[2026-03-15T00:05:17.700+0000] {docker.py:429} INFO - 26/03/15 00:05:17 INFO MemoryStore: Block broadcast_3_piece0 stored as bytes in memory (estimated size 8.3 KiB, free 433.9 MiB)
[2026-03-15T00:05:17.701+0000] {docker.py:429} INFO - 26/03/15 00:05:17 INFO BlockManagerInfo: Added broadcast_3_piece0 in memory on 9c0bd10bb80c:37025 (size: 8.3 KiB, free: 434.3 MiB)
[2026-03-15T00:05:17.701+0000] {docker.py:429} INFO - 26/03/15 00:05:17 INFO SparkContext: Created broadcast 3 from broadcast at DAGScheduler.scala:1585
[2026-03-15T00:05:17.704+0000] {docker.py:429} INFO - 26/03/15 00:05:17 INFO DAGScheduler: Submitting 9 missing tasks from ShuffleMapStage 1 (MapPartitionsRDD[6] at count at NativeMethodAccessorImpl.java:0) (first 15 tasks are for partitions Vector(0, 1, 2, 3, 4, 5, 6, 7, 8))
[2026-03-15T00:05:17.704+0000] {docker.py:429} INFO - 26/03/15 00:05:17 INFO TaskSchedulerImpl: Adding task set 1.0 with 9 tasks resource profile 0
[2026-03-15T00:05:17.707+0000] {docker.py:429} INFO - 26/03/15 00:05:17 INFO TaskSetManager: Starting task 0.0 in stage 1.0 (TID 1) (9c0bd10bb80c, executor driver, partition 0, PROCESS_LOCAL, 9410 bytes)
[2026-03-15T00:05:17.708+0000] {docker.py:429} INFO - 26/03/15 00:05:17 INFO TaskSetManager: Starting task 1.0 in stage 1.0 (TID 2) (9c0bd10bb80c, executor driver, partition 1, PROCESS_LOCAL, 9410 bytes)
[2026-03-15T00:05:17.708+0000] {docker.py:429} INFO - 26/03/15 00:05:17 INFO TaskSetManager: Starting task 2.0 in stage 1.0 (TID 3) (9c0bd10bb80c, executor driver, partition 2, PROCESS_LOCAL, 9410 bytes)
[2026-03-15T00:05:17.709+0000] {docker.py:429} INFO - 26/03/15 00:05:17 INFO TaskSetManager: Starting task 3.0 in stage 1.0 (TID 4) (9c0bd10bb80c, executor driver, partition 3, PROCESS_LOCAL, 9410 bytes)
[2026-03-15T00:05:17.709+0000] {docker.py:429} INFO - 26/03/15 00:05:17 INFO TaskSetManager: Starting task 4.0 in stage 1.0 (TID 5) (9c0bd10bb80c, executor driver, partition 4, PROCESS_LOCAL, 9410 bytes)
[2026-03-15T00:05:17.711+0000] {docker.py:429} INFO - 26/03/15 00:05:17 INFO TaskSetManager: Starting task 5.0 in stage 1.0 (TID 6) (9c0bd10bb80c, executor driver, partition 5, PROCESS_LOCAL, 9410 bytes)
[2026-03-15T00:05:17.711+0000] {docker.py:429} INFO - 26/03/15 00:05:17 INFO TaskSetManager: Starting task 6.0 in stage 1.0 (TID 7) (9c0bd10bb80c, executor driver, partition 6, PROCESS_LOCAL, 9410 bytes)
[2026-03-15T00:05:17.712+0000] {docker.py:429} INFO - 26/03/15 00:05:17 INFO TaskSetManager: Starting task 7.0 in stage 1.0 (TID 8) (9c0bd10bb80c, executor driver, partition 7, PROCESS_LOCAL, 9410 bytes)
[2026-03-15T00:05:17.712+0000] {docker.py:429} INFO - 26/03/15 00:05:17 INFO TaskSetManager: Starting task 8.0 in stage 1.0 (TID 9) (9c0bd10bb80c, executor driver, partition 8, PROCESS_LOCAL, 9410 bytes)
[2026-03-15T00:05:17.713+0000] {docker.py:429} INFO - 26/03/15 00:05:17 INFO Executor: Running task 0.0 in stage 1.0 (TID 1)
[2026-03-15T00:05:17.714+0000] {docker.py:429} INFO - 26/03/15 00:05:17 INFO Executor: Running task 1.0 in stage 1.0 (TID 2)
[2026-03-15T00:05:17.714+0000] {docker.py:429} INFO - 26/03/15 00:05:17 INFO Executor: Running task 2.0 in stage 1.0 (TID 3)
[2026-03-15T00:05:17.715+0000] {docker.py:429} INFO - 26/03/15 00:05:17 INFO Executor: Running task 3.0 in stage 1.0 (TID 4)
[2026-03-15T00:05:17.715+0000] {docker.py:429} INFO - 26/03/15 00:05:17 INFO Executor: Running task 4.0 in stage 1.0 (TID 5)
[2026-03-15T00:05:17.715+0000] {docker.py:429} INFO - 26/03/15 00:05:17 INFO Executor: Running task 5.0 in stage 1.0 (TID 6)
[2026-03-15T00:05:17.715+0000] {docker.py:429} INFO - 26/03/15 00:05:17 INFO Executor: Running task 6.0 in stage 1.0 (TID 7)
[2026-03-15T00:05:17.716+0000] {docker.py:429} INFO - 26/03/15 00:05:17 INFO Executor: Running task 7.0 in stage 1.0 (TID 8)
26/03/15 00:05:17 INFO Executor: Running task 8.0 in stage 1.0 (TID 9)
[2026-03-15T00:05:17.734+0000] {docker.py:429} INFO - 26/03/15 00:05:17 INFO BlockManagerInfo: Removed broadcast_1_piece0 on 9c0bd10bb80c:37025 in memory (size: 5.3 KiB, free: 434.3 MiB)
[2026-03-15T00:05:17.737+0000] {docker.py:429} INFO - 26/03/15 00:05:17 INFO BlockManagerInfo: Removed broadcast_0_piece0 on 9c0bd10bb80c:37025 in memory (size: 36.4 KiB, free: 434.4 MiB)
[2026-03-15T00:05:17.743+0000] {docker.py:429} INFO - 26/03/15 00:05:17 INFO CodeGenerator: Code generated in 6.912161 ms
[2026-03-15T00:05:17.750+0000] {docker.py:429} INFO - 26/03/15 00:05:17 INFO FileScanRDD: Reading File path: s3a://landing-zone/telemetry/2026/03/15/batch_1773532941.json, range: 0-1448, partition values: [empty row]
26/03/15 00:05:17 INFO FileScanRDD: Reading File path: s3a://landing-zone/telemetry/2026/03/15/batch_1773532910.json, range: 0-1447, partition values: [empty row]
26/03/15 00:05:17 INFO FileScanRDD: Reading File path: s3a://landing-zone/telemetry/2026/03/15/batch_1773533002.json, range: 0-1447, partition values: [empty row]
26/03/15 00:05:17 INFO FileScanRDD: Reading File path: s3a://landing-zone/telemetry/2026/03/15/batch_1773533095.json, range: 0-1450, partition values: [empty row]
[2026-03-15T00:05:17.750+0000] {docker.py:429} INFO - 26/03/15 00:05:17 INFO FileScanRDD: Reading File path: s3a://landing-zone/telemetry/2026/03/15/batch_1773532848.json, range: 0-1451, partition values: [empty row]
[2026-03-15T00:05:17.751+0000] {docker.py:429} INFO - 26/03/15 00:05:17 INFO FileScanRDD: Reading File path: s3a://landing-zone/telemetry/2026/03/15/batch_1773533033.json, range: 0-1447, partition values: [empty row]
[2026-03-15T00:05:17.751+0000] {docker.py:429} INFO - 26/03/15 00:05:17 INFO FileScanRDD: Reading File path: s3a://landing-zone/telemetry/2026/03/15/batch_1773533064.json, range: 0-1447, partition values: [empty row]
[2026-03-15T00:05:17.751+0000] {docker.py:429} INFO - 26/03/15 00:05:17 INFO FileScanRDD: Reading File path: s3a://landing-zone/telemetry/2026/03/15/batch_1773532879.json, range: 0-1447, partition values: [empty row]
[2026-03-15T00:05:17.751+0000] {docker.py:429} INFO - 26/03/15 00:05:17 INFO FileScanRDD: Reading File path: s3a://landing-zone/telemetry/2026/03/15/batch_1773532972.json, range: 0-1691, partition values: [empty row]
[2026-03-15T00:05:17.783+0000] {docker.py:429} INFO - 26/03/15 00:05:17 INFO Executor: Finished task 8.0 in stage 1.0 (TID 9). 1971 bytes result sent to driver
26/03/15 00:05:17 INFO Executor: Finished task 2.0 in stage 1.0 (TID 3). 1971 bytes result sent to driver
26/03/15 00:05:17 INFO Executor: Finished task 0.0 in stage 1.0 (TID 1). 1971 bytes result sent to driver
26/03/15 00:05:17 INFO Executor: Finished task 6.0 in stage 1.0 (TID 7). 2014 bytes result sent to driver
[2026-03-15T00:05:17.783+0000] {docker.py:429} INFO - 26/03/15 00:05:17 INFO Executor: Finished task 4.0 in stage 1.0 (TID 5). 1971 bytes result sent to driver
26/03/15 00:05:17 INFO Executor: Finished task 5.0 in stage 1.0 (TID 6). 1971 bytes result sent to driver
26/03/15 00:05:17 INFO Executor: Finished task 7.0 in stage 1.0 (TID 8). 1971 bytes result sent to driver
[2026-03-15T00:05:17.783+0000] {docker.py:429} INFO - 26/03/15 00:05:17 INFO Executor: Finished task 1.0 in stage 1.0 (TID 2). 1971 bytes result sent to driver
[2026-03-15T00:05:17.783+0000] {docker.py:429} INFO - 26/03/15 00:05:17 INFO Executor: Finished task 3.0 in stage 1.0 (TID 4). 1971 bytes result sent to driver
[2026-03-15T00:05:17.785+0000] {docker.py:429} INFO - 26/03/15 00:05:17 INFO TaskSetManager: Finished task 0.0 in stage 1.0 (TID 1) in 79 ms on 9c0bd10bb80c (executor driver) (1/9)
[2026-03-15T00:05:17.785+0000] {docker.py:429} INFO - 26/03/15 00:05:17 INFO TaskSetManager: Finished task 7.0 in stage 1.0 (TID 8) in 74 ms on 9c0bd10bb80c (executor driver) (2/9)
[2026-03-15T00:05:17.785+0000] {docker.py:429} INFO - 26/03/15 00:05:17 INFO TaskSetManager: Finished task 2.0 in stage 1.0 (TID 3) in 77 ms on 9c0bd10bb80c (executor driver) (3/9)
[2026-03-15T00:05:17.786+0000] {docker.py:429} INFO - 26/03/15 00:05:17 INFO TaskSetManager: Finished task 8.0 in stage 1.0 (TID 9) in 73 ms on 9c0bd10bb80c (executor driver) (4/9)
[2026-03-15T00:05:17.786+0000] {docker.py:429} INFO - 26/03/15 00:05:17 INFO TaskSetManager: Finished task 6.0 in stage 1.0 (TID 7) in 74 ms on 9c0bd10bb80c (executor driver) (5/9)
[2026-03-15T00:05:17.786+0000] {docker.py:429} INFO - 26/03/15 00:05:17 INFO TaskSetManager: Finished task 4.0 in stage 1.0 (TID 5) in 76 ms on 9c0bd10bb80c (executor driver) (6/9)
[2026-03-15T00:05:17.786+0000] {docker.py:429} INFO - 26/03/15 00:05:17 INFO TaskSetManager: Finished task 5.0 in stage 1.0 (TID 6) in 76 ms on 9c0bd10bb80c (executor driver) (7/9)
[2026-03-15T00:05:17.786+0000] {docker.py:429} INFO - 26/03/15 00:05:17 INFO TaskSetManager: Finished task 1.0 in stage 1.0 (TID 2) in 79 ms on 9c0bd10bb80c (executor driver) (8/9)
26/03/15 00:05:17 INFO TaskSetManager: Finished task 3.0 in stage 1.0 (TID 4) in 78 ms on 9c0bd10bb80c (executor driver) (9/9)
[2026-03-15T00:05:17.787+0000] {docker.py:429} INFO - 26/03/15 00:05:17 INFO TaskSchedulerImpl: Removed TaskSet 1.0, whose tasks have all completed, from pool
[2026-03-15T00:05:17.790+0000] {docker.py:429} INFO - 26/03/15 00:05:17 INFO DAGScheduler: ShuffleMapStage 1 (count at NativeMethodAccessorImpl.java:0) finished in 0.118 s
[2026-03-15T00:05:17.790+0000] {docker.py:429} INFO - 26/03/15 00:05:17 INFO DAGScheduler: looking for newly runnable stages
[2026-03-15T00:05:17.790+0000] {docker.py:429} INFO - 26/03/15 00:05:17 INFO DAGScheduler: running: Set()
[2026-03-15T00:05:17.790+0000] {docker.py:429} INFO - 26/03/15 00:05:17 INFO DAGScheduler: waiting: Set()
[2026-03-15T00:05:17.791+0000] {docker.py:429} INFO - 26/03/15 00:05:17 INFO DAGScheduler: failed: Set()
[2026-03-15T00:05:17.820+0000] {docker.py:429} INFO - 26/03/15 00:05:17 INFO CodeGenerator: Code generated in 7.892603 ms
[2026-03-15T00:05:17.833+0000] {docker.py:429} INFO - 26/03/15 00:05:17 INFO SparkContext: Starting job: count at NativeMethodAccessorImpl.java:0
[2026-03-15T00:05:17.835+0000] {docker.py:429} INFO - 26/03/15 00:05:17 INFO DAGScheduler: Got job 2 (count at NativeMethodAccessorImpl.java:0) with 1 output partitions
[2026-03-15T00:05:17.835+0000] {docker.py:429} INFO - 26/03/15 00:05:17 INFO DAGScheduler: Final stage: ResultStage 3 (count at NativeMethodAccessorImpl.java:0)
[2026-03-15T00:05:17.835+0000] {docker.py:429} INFO - 26/03/15 00:05:17 INFO DAGScheduler: Parents of final stage: List(ShuffleMapStage 2)
[2026-03-15T00:05:17.835+0000] {docker.py:429} INFO - 26/03/15 00:05:17 INFO DAGScheduler: Missing parents: List()
[2026-03-15T00:05:17.835+0000] {docker.py:429} INFO - 26/03/15 00:05:17 INFO DAGScheduler: Submitting ResultStage 3 (MapPartitionsRDD[9] at count at NativeMethodAccessorImpl.java:0), which has no missing parents
[2026-03-15T00:05:17.840+0000] {docker.py:429} INFO - 26/03/15 00:05:17 INFO MemoryStore: Block broadcast_4 stored as values in memory (estimated size 12.5 KiB, free 434.1 MiB)
[2026-03-15T00:05:17.844+0000] {docker.py:429} INFO - 26/03/15 00:05:17 INFO MemoryStore: Block broadcast_4_piece0 stored as bytes in memory (estimated size 5.9 KiB, free 434.1 MiB)
[2026-03-15T00:05:17.844+0000] {docker.py:429} INFO - 26/03/15 00:05:17 INFO BlockManagerInfo: Added broadcast_4_piece0 in memory on 9c0bd10bb80c:37025 (size: 5.9 KiB, free: 434.4 MiB)
[2026-03-15T00:05:17.844+0000] {docker.py:429} INFO - 26/03/15 00:05:17 INFO BlockManagerInfo: Removed broadcast_3_piece0 on 9c0bd10bb80c:37025 in memory (size: 8.3 KiB, free: 434.4 MiB)
[2026-03-15T00:05:17.845+0000] {docker.py:429} INFO - 26/03/15 00:05:17 INFO SparkContext: Created broadcast 4 from broadcast at DAGScheduler.scala:1585
[2026-03-15T00:05:17.845+0000] {docker.py:429} INFO - 26/03/15 00:05:17 INFO DAGScheduler: Submitting 1 missing tasks from ResultStage 3 (MapPartitionsRDD[9] at count at NativeMethodAccessorImpl.java:0) (first 15 tasks are for partitions Vector(0))
[2026-03-15T00:05:17.845+0000] {docker.py:429} INFO - 26/03/15 00:05:17 INFO TaskSchedulerImpl: Adding task set 3.0 with 1 tasks resource profile 0
[2026-03-15T00:05:17.849+0000] {docker.py:429} INFO - 26/03/15 00:05:17 INFO TaskSetManager: Starting task 0.0 in stage 3.0 (TID 10) (9c0bd10bb80c, executor driver, partition 0, NODE_LOCAL, 8797 bytes)
[2026-03-15T00:05:17.850+0000] {docker.py:429} INFO - 26/03/15 00:05:17 INFO Executor: Running task 0.0 in stage 3.0 (TID 10)
[2026-03-15T00:05:17.872+0000] {docker.py:429} INFO - 26/03/15 00:05:17 INFO ShuffleBlockFetcherIterator: Getting 9 (540.0 B) non-empty blocks including 9 (540.0 B) local and 0 (0.0 B) host-local and 0 (0.0 B) push-merged-local and 0 (0.0 B) remote blocks
[2026-03-15T00:05:17.873+0000] {docker.py:429} INFO - 26/03/15 00:05:17 INFO ShuffleBlockFetcherIterator: Started 0 remote fetches in 5 ms
[2026-03-15T00:05:17.883+0000] {docker.py:429} INFO - 26/03/15 00:05:17 INFO CodeGenerator: Code generated in 6.309522 ms
[2026-03-15T00:05:17.892+0000] {docker.py:429} INFO - 26/03/15 00:05:17 INFO Executor: Finished task 0.0 in stage 3.0 (TID 10). 4038 bytes result sent to driver
[2026-03-15T00:05:17.894+0000] {docker.py:429} INFO - 26/03/15 00:05:17 INFO TaskSetManager: Finished task 0.0 in stage 3.0 (TID 10) in 45 ms on 9c0bd10bb80c (executor driver) (1/1)
[2026-03-15T00:05:17.894+0000] {docker.py:429} INFO - 26/03/15 00:05:17 INFO TaskSchedulerImpl: Removed TaskSet 3.0, whose tasks have all completed, from pool
[2026-03-15T00:05:17.895+0000] {docker.py:429} INFO - 26/03/15 00:05:17 INFO DAGScheduler: ResultStage 3 (count at NativeMethodAccessorImpl.java:0) finished in 0.055 s
[2026-03-15T00:05:17.895+0000] {docker.py:429} INFO - 26/03/15 00:05:17 INFO DAGScheduler: Job 2 is finished. Cancelling potential speculative or zombie tasks for this job
[2026-03-15T00:05:17.895+0000] {docker.py:429} INFO - 26/03/15 00:05:17 INFO TaskSchedulerImpl: Killing all running tasks in stage 3: Stage finished
[2026-03-15T00:05:17.895+0000] {docker.py:429} INFO - 26/03/15 00:05:17 INFO DAGScheduler: Job 2 finished: count at NativeMethodAccessorImpl.java:0, took 0.062174 s
[2026-03-15T00:05:17.899+0000] {docker.py:429} INFO - Found 165 records. Appending to Iceberg...
[2026-03-15T00:05:18.080+0000] {docker.py:429} INFO - 26/03/15 00:05:18 INFO CatalogUtil: Loading custom FileIO implementation: org.apache.iceberg.hadoop.HadoopFileIO
[2026-03-15T00:05:18.309+0000] {docker.py:429} INFO - 26/03/15 00:05:18 INFO BaseMetastoreTableOperations: Refreshing table metadata from new version: s3a://warehouse/gold/sensor_telemetry_historical_2d5736bc-ddcb-4955-b7c3-8a46e0b83281/metadata/00004-0a3e001b-7eeb-41d2-8b51-cb60d2e7f7a2.metadata.json
[2026-03-15T00:05:18.345+0000] {docker.py:429} INFO - 26/03/15 00:05:18 INFO NessieUtil: loadTableMetadata for 'gold.sensor_telemetry_historical' from location 's3a://warehouse/gold/sensor_telemetry_historical_2d5736bc-ddcb-4955-b7c3-8a46e0b83281/metadata/00004-0a3e001b-7eeb-41d2-8b51-cb60d2e7f7a2.metadata.json' at 'Branch{name=main, metadata=null, hash=4d141e04e72ca8ec06deeaef0c1de238042ecf3ff21fd5053624dc79b6510817}'
[2026-03-15T00:05:18.349+0000] {docker.py:429} INFO - 26/03/15 00:05:18 INFO BaseMetastoreCatalog: Table loaded by catalog: nessie.gold.sensor_telemetry_historical
[2026-03-15T00:05:18.388+0000] {docker.py:429} INFO - 26/03/15 00:05:18 INFO SparkWrite: Requesting 0 bytes advisory partition size for table nessie.gold.sensor_telemetry_historical
26/03/15 00:05:18 INFO SparkWrite: Requesting UnspecifiedDistribution as write distribution for table nessie.gold.sensor_telemetry_historical
[2026-03-15T00:05:18.390+0000] {docker.py:429} INFO - 26/03/15 00:05:18 INFO SparkWrite: Requesting [] as write ordering for table nessie.gold.sensor_telemetry_historical
[2026-03-15T00:05:18.396+0000] {docker.py:429} INFO - 26/03/15 00:05:18 INFO FileSourceStrategy: Pushed Filters:
[2026-03-15T00:05:18.396+0000] {docker.py:429} INFO - 26/03/15 00:05:18 INFO FileSourceStrategy: Post-Scan Filters:
[2026-03-15T00:05:18.401+0000] {docker.py:429} INFO - 26/03/15 00:05:18 INFO MemoryStore: Block broadcast_5 stored as values in memory (estimated size 206.0 KiB, free 433.9 MiB)
[2026-03-15T00:05:18.409+0000] {docker.py:429} INFO - 26/03/15 00:05:18 INFO BlockManagerInfo: Removed broadcast_4_piece0 on 9c0bd10bb80c:37025 in memory (size: 5.9 KiB, free: 434.4 MiB)
[2026-03-15T00:05:18.410+0000] {docker.py:429} INFO - 26/03/15 00:05:18 INFO MemoryStore: Block broadcast_5_piece0 stored as bytes in memory (estimated size 36.4 KiB, free 433.9 MiB)
[2026-03-15T00:05:18.411+0000] {docker.py:429} INFO - 26/03/15 00:05:18 INFO BlockManagerInfo: Added broadcast_5_piece0 in memory on 9c0bd10bb80c:37025 (size: 36.4 KiB, free: 434.3 MiB)
[2026-03-15T00:05:18.411+0000] {docker.py:429} INFO - 26/03/15 00:05:18 INFO SparkContext: Created broadcast 5 from saveAsTable at NativeMethodAccessorImpl.java:0
[2026-03-15T00:05:18.412+0000] {docker.py:429} INFO - 26/03/15 00:05:18 INFO BlockManagerInfo: Removed broadcast_2_piece0 on 9c0bd10bb80c:37025 in memory (size: 36.4 KiB, free: 434.4 MiB)
[2026-03-15T00:05:18.412+0000] {docker.py:429} INFO - 26/03/15 00:05:18 INFO FileSourceScanExec: Planning scan with bin packing, max size: 4194304 bytes, open cost is considered as scanning 4194304 bytes.
[2026-03-15T00:05:18.422+0000] {docker.py:429} INFO - 26/03/15 00:05:18 INFO MemoryStore: Block broadcast_6 stored as values in memory (estimated size 32.0 KiB, free 434.1 MiB)
[2026-03-15T00:05:18.433+0000] {docker.py:429} INFO - 26/03/15 00:05:18 INFO MemoryStore: Block broadcast_6_piece0 stored as bytes in memory (estimated size 30.6 KiB, free 434.1 MiB)
[2026-03-15T00:05:18.434+0000] {docker.py:429} INFO - 26/03/15 00:05:18 INFO BlockManagerInfo: Added broadcast_6_piece0 in memory on 9c0bd10bb80c:37025 (size: 30.6 KiB, free: 434.3 MiB)
[2026-03-15T00:05:18.434+0000] {docker.py:429} INFO - 26/03/15 00:05:18 INFO SparkContext: Created broadcast 6 from broadcast at SparkWrite.java:193
[2026-03-15T00:05:18.436+0000] {docker.py:429} INFO - 26/03/15 00:05:18 INFO AppendDataExec: Start processing data source write support: IcebergBatchWrite(table=nessie.gold.sensor_telemetry_historical, format=PARQUET). The input RDD has 9 partitions.
[2026-03-15T00:05:18.443+0000] {docker.py:429} INFO - 26/03/15 00:05:18 INFO SparkContext: Starting job: saveAsTable at NativeMethodAccessorImpl.java:0
[2026-03-15T00:05:18.444+0000] {docker.py:429} INFO - 26/03/15 00:05:18 INFO DAGScheduler: Got job 3 (saveAsTable at NativeMethodAccessorImpl.java:0) with 9 output partitions
[2026-03-15T00:05:18.444+0000] {docker.py:429} INFO - 26/03/15 00:05:18 INFO DAGScheduler: Final stage: ResultStage 4 (saveAsTable at NativeMethodAccessorImpl.java:0)
[2026-03-15T00:05:18.444+0000] {docker.py:429} INFO - 26/03/15 00:05:18 INFO DAGScheduler: Parents of final stage: List()
[2026-03-15T00:05:18.445+0000] {docker.py:429} INFO - 26/03/15 00:05:18 INFO DAGScheduler: Missing parents: List()
[2026-03-15T00:05:18.445+0000] {docker.py:429} INFO - 26/03/15 00:05:18 INFO DAGScheduler: Submitting ResultStage 4 (MapPartitionsRDD[11] at saveAsTable at NativeMethodAccessorImpl.java:0), which has no missing parents
[2026-03-15T00:05:18.448+0000] {docker.py:429} INFO - 26/03/15 00:05:18 INFO MemoryStore: Block broadcast_7 stored as values in memory (estimated size 13.2 KiB, free 434.1 MiB)
[2026-03-15T00:05:18.453+0000] {docker.py:429} INFO - 26/03/15 00:05:18 INFO MemoryStore: Block broadcast_7_piece0 stored as bytes in memory (estimated size 6.9 KiB, free 434.1 MiB)
[2026-03-15T00:05:18.453+0000] {docker.py:429} INFO - 26/03/15 00:05:18 INFO BlockManagerInfo: Added broadcast_7_piece0 in memory on 9c0bd10bb80c:37025 (size: 6.9 KiB, free: 434.3 MiB)
[2026-03-15T00:05:18.453+0000] {docker.py:429} INFO - 26/03/15 00:05:18 INFO SparkContext: Created broadcast 7 from broadcast at DAGScheduler.scala:1585
[2026-03-15T00:05:18.454+0000] {docker.py:429} INFO - 26/03/15 00:05:18 INFO DAGScheduler: Submitting 9 missing tasks from ResultStage 4 (MapPartitionsRDD[11] at saveAsTable at NativeMethodAccessorImpl.java:0) (first 15 tasks are for partitions Vector(0, 1, 2, 3, 4, 5, 6, 7, 8))
[2026-03-15T00:05:18.454+0000] {docker.py:429} INFO - 26/03/15 00:05:18 INFO TaskSchedulerImpl: Adding task set 4.0 with 9 tasks resource profile 0
[2026-03-15T00:05:18.456+0000] {docker.py:429} INFO - 26/03/15 00:05:18 INFO TaskSetManager: Starting task 0.0 in stage 4.0 (TID 11) (9c0bd10bb80c, executor driver, partition 0, PROCESS_LOCAL, 9421 bytes)
[2026-03-15T00:05:18.457+0000] {docker.py:429} INFO - 26/03/15 00:05:18 INFO TaskSetManager: Starting task 1.0 in stage 4.0 (TID 12) (9c0bd10bb80c, executor driver, partition 1, PROCESS_LOCAL, 9421 bytes)
[2026-03-15T00:05:18.457+0000] {docker.py:429} INFO - 26/03/15 00:05:18 INFO TaskSetManager: Starting task 2.0 in stage 4.0 (TID 13) (9c0bd10bb80c, executor driver, partition 2, PROCESS_LOCAL, 9421 bytes)
[2026-03-15T00:05:18.457+0000] {docker.py:429} INFO - 26/03/15 00:05:18 INFO TaskSetManager: Starting task 3.0 in stage 4.0 (TID 14) (9c0bd10bb80c, executor driver, partition 3, PROCESS_LOCAL, 9421 bytes)
[2026-03-15T00:05:18.457+0000] {docker.py:429} INFO - 26/03/15 00:05:18 INFO TaskSetManager: Starting task 4.0 in stage 4.0 (TID 15) (9c0bd10bb80c, executor driver, partition 4, PROCESS_LOCAL, 9421 bytes)
[2026-03-15T00:05:18.458+0000] {docker.py:429} INFO - 26/03/15 00:05:18 INFO TaskSetManager: Starting task 5.0 in stage 4.0 (TID 16) (9c0bd10bb80c, executor driver, partition 5, PROCESS_LOCAL, 9421 bytes)
[2026-03-15T00:05:18.458+0000] {docker.py:429} INFO - 26/03/15 00:05:18 INFO TaskSetManager: Starting task 6.0 in stage 4.0 (TID 17) (9c0bd10bb80c, executor driver, partition 6, PROCESS_LOCAL, 9421 bytes)
[2026-03-15T00:05:18.458+0000] {docker.py:429} INFO - 26/03/15 00:05:18 INFO TaskSetManager: Starting task 7.0 in stage 4.0 (TID 18) (9c0bd10bb80c, executor driver, partition 7, PROCESS_LOCAL, 9421 bytes)
[2026-03-15T00:05:18.458+0000] {docker.py:429} INFO - 26/03/15 00:05:18 INFO TaskSetManager: Starting task 8.0 in stage 4.0 (TID 19) (9c0bd10bb80c, executor driver, partition 8, PROCESS_LOCAL, 9421 bytes)
[2026-03-15T00:05:18.459+0000] {docker.py:429} INFO - 26/03/15 00:05:18 INFO Executor: Running task 2.0 in stage 4.0 (TID 13)
26/03/15 00:05:18 INFO Executor: Running task 1.0 in stage 4.0 (TID 12)
26/03/15 00:05:18 INFO Executor: Running task 6.0 in stage 4.0 (TID 17)
26/03/15 00:05:18 INFO Executor: Running task 5.0 in stage 4.0 (TID 16)
26/03/15 00:05:18 INFO Executor: Running task 4.0 in stage 4.0 (TID 15)
26/03/15 00:05:18 INFO Executor: Running task 7.0 in stage 4.0 (TID 18)
[2026-03-15T00:05:18.459+0000] {docker.py:429} INFO - 26/03/15 00:05:18 INFO Executor: Running task 0.0 in stage 4.0 (TID 11)
26/03/15 00:05:18 INFO Executor: Running task 3.0 in stage 4.0 (TID 14)
26/03/15 00:05:18 INFO Executor: Running task 8.0 in stage 4.0 (TID 19)
[2026-03-15T00:05:18.518+0000] {docker.py:429} INFO - 26/03/15 00:05:18 INFO CodecPool: Got brand-new compressor [.zstd]
26/03/15 00:05:18 INFO CodecPool: Got brand-new compressor [.zstd]
26/03/15 00:05:18 INFO CodecPool: Got brand-new compressor [.zstd]
26/03/15 00:05:18 INFO CodecPool: Got brand-new compressor [.zstd]
[2026-03-15T00:05:18.522+0000] {docker.py:429} INFO - 26/03/15 00:05:18 INFO CodecPool: Got brand-new compressor [.zstd]
[2026-03-15T00:05:18.523+0000] {docker.py:429} INFO - 26/03/15 00:05:18 INFO CodecPool: Got brand-new compressor [.zstd]
[2026-03-15T00:05:18.523+0000] {docker.py:429} INFO - 26/03/15 00:05:18 INFO CodecPool: Got brand-new compressor [.zstd]
[2026-03-15T00:05:18.523+0000] {docker.py:429} INFO - 26/03/15 00:05:18 INFO CodecPool: Got brand-new compressor [.zstd]
[2026-03-15T00:05:18.523+0000] {docker.py:429} INFO - 26/03/15 00:05:18 INFO CodecPool: Got brand-new compressor [.zstd]
[2026-03-15T00:05:18.691+0000] {docker.py:429} INFO - 26/03/15 00:05:18 INFO FileScanRDD: Reading File path: s3a://landing-zone/telemetry/2026/03/15/batch_1773532941.json, range: 0-1448, partition values: [empty row]
26/03/15 00:05:18 INFO FileScanRDD: Reading File path: s3a://landing-zone/telemetry/2026/03/15/batch_1773532910.json, range: 0-1447, partition values: [empty row]
26/03/15 00:05:18 INFO FileScanRDD: Reading File path: s3a://landing-zone/telemetry/2026/03/15/batch_1773533033.json, range: 0-1447, partition values: [empty row]
26/03/15 00:05:18 INFO FileScanRDD: Reading File path: s3a://landing-zone/telemetry/2026/03/15/batch_1773533002.json, range: 0-1447, partition values: [empty row]
[2026-03-15T00:05:18.691+0000] {docker.py:429} INFO - 26/03/15 00:05:18 INFO FileScanRDD: Reading File path: s3a://landing-zone/telemetry/2026/03/15/batch_1773532972.json, range: 0-1691, partition values: [empty row]
26/03/15 00:05:18 INFO FileScanRDD: Reading File path: s3a://landing-zone/telemetry/2026/03/15/batch_1773532848.json, range: 0-1451, partition values: [empty row]
[2026-03-15T00:05:18.692+0000] {docker.py:429} INFO - 26/03/15 00:05:18 INFO FileScanRDD: Reading File path: s3a://landing-zone/telemetry/2026/03/15/batch_1773533064.json, range: 0-1447, partition values: [empty row]
[2026-03-15T00:05:18.692+0000] {docker.py:429} INFO - 26/03/15 00:05:18 INFO FileScanRDD: Reading File path: s3a://landing-zone/telemetry/2026/03/15/batch_1773533095.json, range: 0-1450, partition values: [empty row]
26/03/15 00:05:18 INFO FileScanRDD: Reading File path: s3a://landing-zone/telemetry/2026/03/15/batch_1773532879.json, range: 0-1447, partition values: [empty row]
[2026-03-15T00:05:18.708+0000] {docker.py:429} INFO - 26/03/15 00:05:18 INFO CodeGenerator: Code generated in 7.861775 ms
[2026-03-15T00:05:18.729+0000] {docker.py:429} INFO - 26/03/15 00:05:18 INFO DataWritingSparkTask: Commit authorized for partition 8 (task 19, attempt 0, stage 4.0)
26/03/15 00:05:18 INFO DataWritingSparkTask: Commit authorized for partition 3 (task 14, attempt 0, stage 4.0)
26/03/15 00:05:18 INFO DataWritingSparkTask: Commit authorized for partition 6 (task 17, attempt 0, stage 4.0)
26/03/15 00:05:18 INFO DataWritingSparkTask: Commit authorized for partition 5 (task 16, attempt 0, stage 4.0)
26/03/15 00:05:18 INFO DataWritingSparkTask: Commit authorized for partition 2 (task 13, attempt 0, stage 4.0)
26/03/15 00:05:18 INFO DataWritingSparkTask: Commit authorized for partition 7 (task 18, attempt 0, stage 4.0)
26/03/15 00:05:18 INFO DataWritingSparkTask: Commit authorized for partition 0 (task 11, attempt 0, stage 4.0)
[2026-03-15T00:05:18.730+0000] {docker.py:429} INFO - 26/03/15 00:05:18 INFO DataWritingSparkTask: Commit authorized for partition 1 (task 12, attempt 0, stage 4.0)
[2026-03-15T00:05:18.730+0000] {docker.py:429} INFO - 26/03/15 00:05:18 INFO DataWritingSparkTask: Commit authorized for partition 4 (task 15, attempt 0, stage 4.0)
[2026-03-15T00:05:19.018+0000] {docker.py:429} INFO - 26/03/15 00:05:19 INFO DataWritingSparkTask: Committed partition 1 (task 12, attempt 0, stage 4.0)
26/03/15 00:05:19 INFO DataWritingSparkTask: Committed partition 4 (task 15, attempt 0, stage 4.0)
26/03/15 00:05:19 INFO DataWritingSparkTask: Committed partition 5 (task 16, attempt 0, stage 4.0)
26/03/15 00:05:19 INFO DataWritingSparkTask: Committed partition 3 (task 14, attempt 0, stage 4.0)
26/03/15 00:05:19 INFO DataWritingSparkTask: Committed partition 7 (task 18, attempt 0, stage 4.0)
26/03/15 00:05:19 INFO DataWritingSparkTask: Committed partition 2 (task 13, attempt 0, stage 4.0)
26/03/15 00:05:19 INFO DataWritingSparkTask: Committed partition 8 (task 19, attempt 0, stage 4.0)
[2026-03-15T00:05:19.019+0000] {docker.py:429} INFO - 26/03/15 00:05:19 INFO DataWritingSparkTask: Committed partition 6 (task 17, attempt 0, stage 4.0)
[2026-03-15T00:05:19.028+0000] {docker.py:429} INFO - 26/03/15 00:05:19 INFO Executor: Finished task 4.0 in stage 4.0 (TID 15). 4140 bytes result sent to driver
26/03/15 00:05:19 INFO Executor: Finished task 3.0 in stage 4.0 (TID 14). 4140 bytes result sent to driver
26/03/15 00:05:19 INFO Executor: Finished task 7.0 in stage 4.0 (TID 18). 4140 bytes result sent to driver
26/03/15 00:05:19 INFO Executor: Finished task 5.0 in stage 4.0 (TID 16). 4140 bytes result sent to driver
[2026-03-15T00:05:19.029+0000] {docker.py:429} INFO - 26/03/15 00:05:19 INFO Executor: Finished task 1.0 in stage 4.0 (TID 12). 4140 bytes result sent to driver
[2026-03-15T00:05:19.029+0000] {docker.py:429} INFO - 26/03/15 00:05:19 INFO Executor: Finished task 2.0 in stage 4.0 (TID 13). 4140 bytes result sent to driver
26/03/15 00:05:19 INFO Executor: Finished task 8.0 in stage 4.0 (TID 19). 4140 bytes result sent to driver
[2026-03-15T00:05:19.029+0000] {docker.py:429} INFO - 26/03/15 00:05:19 INFO Executor: Finished task 6.0 in stage 4.0 (TID 17). 4140 bytes result sent to driver
[2026-03-15T00:05:19.030+0000] {docker.py:429} INFO - 26/03/15 00:05:19 INFO TaskSetManager: Finished task 7.0 in stage 4.0 (TID 18) in 572 ms on 9c0bd10bb80c (executor driver) (1/9)
[2026-03-15T00:05:19.031+0000] {docker.py:429} INFO - 26/03/15 00:05:19 INFO TaskSetManager: Finished task 3.0 in stage 4.0 (TID 14) in 573 ms on 9c0bd10bb80c (executor driver) (2/9)
[2026-03-15T00:05:19.031+0000] {docker.py:429} INFO - 26/03/15 00:05:19 INFO TaskSetManager: Finished task 5.0 in stage 4.0 (TID 16) in 573 ms on 9c0bd10bb80c (executor driver) (3/9)
[2026-03-15T00:05:19.031+0000] {docker.py:429} INFO - 26/03/15 00:05:19 INFO TaskSetManager: Finished task 4.0 in stage 4.0 (TID 15) in 573 ms on 9c0bd10bb80c (executor driver) (4/9)
[2026-03-15T00:05:19.031+0000] {docker.py:429} INFO - 26/03/15 00:05:19 INFO TaskSetManager: Finished task 8.0 in stage 4.0 (TID 19) in 573 ms on 9c0bd10bb80c (executor driver) (5/9)
[2026-03-15T00:05:19.031+0000] {docker.py:429} INFO - 26/03/15 00:05:19 INFO TaskSetManager: Finished task 1.0 in stage 4.0 (TID 12) in 575 ms on 9c0bd10bb80c (executor driver) (6/9)
[2026-03-15T00:05:19.031+0000] {docker.py:429} INFO - 26/03/15 00:05:19 INFO TaskSetManager: Finished task 2.0 in stage 4.0 (TID 13) in 575 ms on 9c0bd10bb80c (executor driver) (7/9)
[2026-03-15T00:05:19.032+0000] {docker.py:429} INFO - 26/03/15 00:05:19 INFO TaskSetManager: Finished task 6.0 in stage 4.0 (TID 17) in 574 ms on 9c0bd10bb80c (executor driver) (8/9)
[2026-03-15T00:05:19.034+0000] {docker.py:429} INFO - 26/03/15 00:05:19 INFO DataWritingSparkTask: Committed partition 0 (task 11, attempt 0, stage 4.0)
[2026-03-15T00:05:19.035+0000] {docker.py:429} INFO - 26/03/15 00:05:19 INFO Executor: Finished task 0.0 in stage 4.0 (TID 11). 4097 bytes result sent to driver
[2026-03-15T00:05:19.036+0000] {docker.py:429} INFO - 26/03/15 00:05:19 INFO TaskSetManager: Finished task 0.0 in stage 4.0 (TID 11) in 581 ms on 9c0bd10bb80c (executor driver) (9/9)
[2026-03-15T00:05:19.037+0000] {docker.py:429} INFO - 26/03/15 00:05:19 INFO TaskSchedulerImpl: Removed TaskSet 4.0, whose tasks have all completed, from pool
[2026-03-15T00:05:19.037+0000] {docker.py:429} INFO - 26/03/15 00:05:19 INFO DAGScheduler: ResultStage 4 (saveAsTable at NativeMethodAccessorImpl.java:0) finished in 0.591 s
[2026-03-15T00:05:19.037+0000] {docker.py:429} INFO - 26/03/15 00:05:19 INFO DAGScheduler: Job 3 is finished. Cancelling potential speculative or zombie tasks for this job
[2026-03-15T00:05:19.037+0000] {docker.py:429} INFO - 26/03/15 00:05:19 INFO TaskSchedulerImpl: Killing all running tasks in stage 4: Stage finished
[2026-03-15T00:05:19.037+0000] {docker.py:429} INFO - 26/03/15 00:05:19 INFO DAGScheduler: Job 3 finished: saveAsTable at NativeMethodAccessorImpl.java:0, took 0.594301 s
[2026-03-15T00:05:19.038+0000] {docker.py:429} INFO - 26/03/15 00:05:19 INFO AppendDataExec: Data source write support IcebergBatchWrite(table=nessie.gold.sensor_telemetry_historical, format=PARQUET) is committing.
[2026-03-15T00:05:19.065+0000] {docker.py:429} INFO - 26/03/15 00:05:19 INFO SparkWrite: Committing append with 9 new data files to table nessie.gold.sensor_telemetry_historical
[2026-03-15T00:05:19.294+0000] {docker.py:429} INFO - 26/03/15 00:05:19 INFO NessieIcebergClient: Committed 'gold.sensor_telemetry_historical' against 'Branch{name=main, metadata=null, hash=eba272769790a8d1ec31478ac4f3ef8e4aa8a5680d383b676876d4e6fcdadac6}', expected commit-id was '4d141e04e72ca8ec06deeaef0c1de238042ecf3ff21fd5053624dc79b6510817'
[2026-03-15T00:05:19.295+0000] {docker.py:429} INFO - 26/03/15 00:05:19 INFO BaseMetastoreTableOperations: Successfully committed to table gold.sensor_telemetry_historical in 42 ms
[2026-03-15T00:05:19.295+0000] {docker.py:429} INFO - 26/03/15 00:05:19 INFO SnapshotProducer: Committed snapshot 6232482396270592673 (MergeAppend)
[2026-03-15T00:05:19.305+0000] {docker.py:429} INFO - 26/03/15 00:05:19 INFO BaseMetastoreTableOperations: Refreshing table metadata from new version: s3a://warehouse/gold/sensor_telemetry_historical_2d5736bc-ddcb-4955-b7c3-8a46e0b83281/metadata/00005-3d106521-525a-49db-8724-4b7fbd71130e.metadata.json
[2026-03-15T00:05:19.311+0000] {docker.py:429} INFO - 26/03/15 00:05:19 INFO NessieUtil: loadTableMetadata for 'gold.sensor_telemetry_historical' from location 's3a://warehouse/gold/sensor_telemetry_historical_2d5736bc-ddcb-4955-b7c3-8a46e0b83281/metadata/00005-3d106521-525a-49db-8724-4b7fbd71130e.metadata.json' at 'Branch{name=main, metadata=null, hash=eba272769790a8d1ec31478ac4f3ef8e4aa8a5680d383b676876d4e6fcdadac6}'
[2026-03-15T00:05:19.333+0000] {docker.py:429} INFO - 26/03/15 00:05:19 INFO LoggingMetricsReporter: Received metrics report: CommitReport{tableName=nessie.gold.sensor_telemetry_historical, snapshotId=6232482396270592673, sequenceNumber=6, operation=append, commitMetrics=CommitMetricsResult{totalDuration=TimerResult{timeUnit=NANOSECONDS, totalDuration=PT0.247897437S, count=1}, attempts=CounterResult{unit=COUNT, value=1}, addedDataFiles=CounterResult{unit=COUNT, value=9}, removedDataFiles=null, totalDataFiles=CounterResult{unit=COUNT, value=88}, addedDeleteFiles=null, addedEqualityDeleteFiles=null, addedPositionalDeleteFiles=null, removedDeleteFiles=null, removedEqualityDeleteFiles=null, removedPositionalDeleteFiles=null, totalDeleteFiles=CounterResult{unit=COUNT, value=0}, addedRecords=CounterResult{unit=COUNT, value=165}, removedRecords=null, totalRecords=CounterResult{unit=COUNT, value=24482}, addedFilesSizeInBytes=CounterResult{unit=BYTES, value=14369}, removedFilesSizeInBytes=null, totalFilesSizeInBytes=CounterResult{unit=BYTES, value=296954}, addedPositionalDeletes=null, removedPositionalDeletes=null, totalPositionalDeletes=CounterResult{unit=COUNT, value=0}, addedEqualityDeletes=null, removedEqualityDeletes=null, totalEqualityDeletes=CounterResult{unit=COUNT, value=0}}, metadata={engine-version=3.5.1, app-id=local-1773533114165, engine-name=spark, iceberg-version=Apache Iceberg 1.4.3 (commit 9a5d24fee239352021a9a73f6a4cad8ecf464f01)}}
26/03/15 00:05:19 INFO SparkWrite: Committed in 268 ms
[2026-03-15T00:05:19.333+0000] {docker.py:429} INFO - 26/03/15 00:05:19 INFO AppendDataExec: Data source write support IcebergBatchWrite(table=nessie.gold.sensor_telemetry_historical, format=PARQUET) committed.
[2026-03-15T00:05:19.359+0000] {docker.py:429} INFO - ✅ Batch complete! Appended to Lakehouse and cleared landing zone.
[2026-03-15T00:05:19.396+0000] {docker.py:429} INFO - 26/03/15 00:05:19 INFO SparkContext: Invoking stop() from shutdown hook
[2026-03-15T00:05:19.396+0000] {docker.py:429} INFO - 26/03/15 00:05:19 INFO SparkContext: SparkContext is stopping with exitCode 0.
[2026-03-15T00:05:19.402+0000] {docker.py:429} INFO - 26/03/15 00:05:19 INFO SparkUI: Stopped Spark web UI at http://9c0bd10bb80c:4040
[2026-03-15T00:05:19.406+0000] {docker.py:429} INFO - 26/03/15 00:05:19 INFO MapOutputTrackerMasterEndpoint: MapOutputTrackerMasterEndpoint stopped!
[2026-03-15T00:05:19.414+0000] {docker.py:429} INFO - 26/03/15 00:05:19 INFO MemoryStore: MemoryStore cleared
[2026-03-15T00:05:19.414+0000] {docker.py:429} INFO - 26/03/15 00:05:19 INFO BlockManager: BlockManager stopped
[2026-03-15T00:05:19.416+0000] {docker.py:429} INFO - 26/03/15 00:05:19 INFO BlockManagerMaster: BlockManagerMaster stopped
[2026-03-15T00:05:19.416+0000] {docker.py:429} INFO - 26/03/15 00:05:19 INFO OutputCommitCoordinator$OutputCommitCoordinatorEndpoint: OutputCommitCoordinator stopped!
[2026-03-15T00:05:19.421+0000] {docker.py:429} INFO - 26/03/15 00:05:19 INFO SparkContext: Successfully stopped SparkContext
[2026-03-15T00:05:19.422+0000] {docker.py:429} INFO - 26/03/15 00:05:19 INFO ShutdownHookManager: Shutdown hook called
[2026-03-15T00:05:19.422+0000] {docker.py:429} INFO - 26/03/15 00:05:19 INFO ShutdownHookManager: Deleting directory /tmp/spark-1e853884-9358-4448-825b-eebd3b3f3363
[2026-03-15T00:05:19.424+0000] {docker.py:429} INFO - 26/03/15 00:05:19 INFO ShutdownHookManager: Deleting directory /tmp/spark-436283db-983e-499f-9b57-3b91e98d7707
[2026-03-15T00:05:19.427+0000] {docker.py:429} INFO - 26/03/15 00:05:19 INFO ShutdownHookManager: Deleting directory /tmp/spark-1e853884-9358-4448-825b-eebd3b3f3363/pyspark-2c455c34-f1c1-43ac-ab0d-f0af84372c71
[2026-03-15T00:05:19.432+0000] {docker.py:429} INFO - 26/03/15 00:05:19 INFO MetricsSystemImpl: Stopping s3a-file-system metrics system...
[2026-03-15T00:05:19.432+0000] {docker.py:429} INFO - 26/03/15 00:05:19 INFO MetricsSystemImpl: s3a-file-system metrics system stopped.
[2026-03-15T00:05:19.432+0000] {docker.py:429} INFO - 26/03/15 00:05:19 INFO MetricsSystemImpl: s3a-file-system metrics system shutdown complete.
[2026-03-15T00:05:20.250+0000] {taskinstance.py:1149} INFO - Marking task as SUCCESS. dag_id=lakehouse_telemetry_ingestion, task_id=run_spark_iceberg_ingestion, execution_date=20260315T000000, start_date=20260315T000502, end_date=20260315T000520
[2026-03-15T00:05:20.295+0000] {local_task_job_runner.py:234} INFO - Task exited with return code 0
[2026-03-15T00:05:20.301+0000] {taskinstance.py:3309} INFO - 0 downstream tasks scheduled from follow-on schedule check
